PRT1
125
359
4 0 14 (-512 3072 1536 ) (-512 3072 3584 ) (-1024 3072 3584 ) (-1024 3072 1536 ) 
4 0 1 (-1024 3072 1536 ) (-1024 3072 3584 ) (-1024 3584 3584 ) (-1024 3584 1536 ) 
4 1 28 (-1024 3072 1536 ) (-1024 3072 3584 ) (-1920 3072 3584 ) (-1920 3072 1536 ) 
4 1 2 (-1920 3584 3584 ) (-1920 3584 1536 ) (-1920 3072 1536 ) (-1920 3072 3584 ) 
4 2 51 (-1920 3072 560 ) (-1920 3072 1088 ) (-2048 3072 1088 ) (-2048 3072 560 ) 
4 2 32 (-1920 3072 1088 ) (-1920 3072 1280 ) (-2048 3072 1280 ) (-2048 3072 1088 ) 
4 2 31 (-1920 3072 1280 ) (-1920 3072 3584 ) (-2048 3072 3584 ) (-2048 3072 1280 ) 
4 2 5 (-2048 3072 560 ) (-2048 3072 3584 ) (-2048 3584 3584 ) (-2048 3584 560 ) 
4 2 4 (-2048 3072 560 ) (-2048 3583 560 ) (-1920 3583 560 ) (-1920 3072 560 ) 
4 2 3 (-2048 3583 560 ) (-2048 3584 560 ) (-1920 3584 560 ) (-1920 3583 560 ) 
4 3 6 (-2048 3584 544 ) (-2048 3584 528 ) (-2048 3583 528 ) (-2048 3583 544 ) 
4 3 5 (-2048 3583 560 ) (-2048 3584 560 ) (-2048 3584 544 ) (-2048 3583 544 ) 
4 3 4 (-2048 3583 528 ) (-1920 3583 528 ) (-1920 3583 560 ) (-2048 3583 560 ) 
4 4 51 (-1920 3072 528 ) (-1920 3072 560 ) (-2048 3072 560 ) (-2048 3072 528 ) 
4 4 7 (-2048 3072 528 ) (-2048 3072 544 ) (-2048 3583 544 ) (-2048 3583 528 ) 
4 4 5 (-2048 3072 544 ) (-2048 3072 560 ) (-2048 3583 560 ) (-2048 3583 544 ) 
4 5 54 (-2048 3072 544 ) (-2048 3072 3584 ) (-2560 3072 3584 ) (-2560 3072 544 ) 
4 5 10 (-2560 3583 544 ) (-2560 3072 544 ) (-2560 3072 560 ) (-2560 3583 560 ) 
4 5 9 (-2560 3584 560 ) (-2560 3584 544 ) (-2560 3583 544 ) (-2560 3583 560 ) 
4 5 8 (-2560 3584 3584 ) (-2560 3584 560 ) (-2560 3072 560 ) (-2560 3072 3584 ) 
4 5 7 (-2048 3072 544 ) (-2560 3072 544 ) (-2560 3583 544 ) (-2048 3583 544 ) 
4 5 6 (-2560 3583 544 ) (-2560 3584 544 ) (-2048 3584 544 ) (-2048 3583 544 ) 
4 6 9 (-2560 3584 544 ) (-2560 3584 528 ) (-2560 3583 528 ) (-2560 3583 544 ) 
4 6 7 (-2048 3583 544 ) (-2560 3583 544 ) (-2560 3583 512 ) (-2048 3583 512 ) 
4 7 63 (-2304 3072 528 ) (-2560 3072 528 ) (-2560 3072 512 ) (-2304 3072 512 ) 
4 7 58 (-2048 3072 512 ) (-2048 3072 528 ) (-2304 3072 528 ) (-2304 3072 512 ) 
4 7 54 (-2048 3072 528 ) (-2048 3072 544 ) (-2560 3072 544 ) (-2560 3072 528 ) 
4 7 10 (-2560 3072 528 ) (-2560 3072 544 ) (-2560 3583 544 ) (-2560 3583 528 ) 
4 8 55 (-2688 3072 3584 ) (-2688 3072 560 ) (-2672 3072 560 ) (-2672 3072 3584 ) 
4 8 54 (-2672 3072 560 ) (-2560 3072 560 ) (-2560 3072 3584 ) (-2672 3072 3584 ) 
4 8 11 (-2688 3584 3584 ) (-2688 3584 928 ) (-2688 3072 928 ) (-2688 3072 3584 ) 
4 8 10 (-2688 3072 560 ) (-2688 3583 560 ) (-2560 3583 560 ) (-2560 3072 560 ) 
4 8 9 (-2688 3583 560 ) (-2688 3584 560 ) (-2560 3584 560 ) (-2560 3583 560 ) 
4 9 10 (-2688 3583 528 ) (-2560 3583 528 ) (-2560 3583 560 ) (-2688 3583 560 ) 
4 10 57 (-2688 3072 536 ) (-2688 3072 528 ) (-2672 3072 528 ) (-2672 3072 536 ) 
4 10 55 (-2688 3072 560 ) (-2688 3072 536 ) (-2672 3072 536 ) (-2672 3072 560 ) 
4 10 54 (-2672 3072 528 ) (-2560 3072 528 ) (-2560 3072 560 ) (-2672 3072 560 ) 
4 11 66 (-2688 3072 928 ) (-2688 3072 3584 ) (-3072 3072 3584 ) (-3072 3072 1120 ) 
4 11 13 (-3072 3072 1120 ) (-3072 3072 1152 ) (-3072 3584 1152 ) (-3072 3584 1120 ) 
4 11 12 (-3072 3072 1152 ) (-3072 3072 3584 ) (-3072 3584 3584 ) (-3072 3584 1152 ) 
4 12 98 (-3072 3072 1152 ) (-3072 3072 3584 ) (-3584 3072 3584 ) (-3584 3072 1152 ) 
4 12 13 (-3136 3584 1152 ) (-3072 3584 1152 ) (-3072 3072 1152 ) (-3136 3072 1152 ) 
3 13 99 (-3072 3072 1120 ) (-3072 3072 1152 ) (-3136 3072 1152 ) 
4 14 28 (-1024 3072 3584 ) (-1024 3072 1536 ) (-1024 2176 1536 ) (-1024 2176 3584 ) 
4 14 17 (-1024 2176 3584 ) (-1024 2176 1536 ) (-512 2176 1536 ) (-512 2176 3584 ) 
4 15 16 (-832 2816 1280 ) (-832 2816 1088 ) (-832 2240 1088 ) (-832 2240 1280 ) 
4 16 36 (-1024 2240 1088 ) (-1024 2176 1088 ) (-1024 2176 1280 ) (-1024 2240 1280 ) 
4 16 33 (-1024 2816 1088 ) (-1024 2240 1088 ) (-1024 2240 1280 ) (-1024 2816 1280 ) 
4 16 17 (-1024 2176 1280 ) (-1024 2176 1088 ) (-832 2176 1088 ) (-832 2176 1280 ) 
4 17 48 (-1024 2048 560 ) (-1024 2048 1088 ) (-1024 2176 1088 ) (-1024 2176 560 ) 
4 17 45 (-1024 2048 1088 ) (-1024 2048 1280 ) (-1024 2176 1280 ) (-1024 2176 1088 ) 
4 17 30 (-1024 2048 1280 ) (-1024 2048 3584 ) (-1024 2176 3584 ) (-1024 2176 1280 ) 
4 17 20 (-512 2048 560 ) (-512 2048 3584 ) (-1024 2048 3584 ) (-1024 2048 560 ) 
4 17 19 (-1024 2048 560 ) (-1024 2176 560 ) (-513 2176 560 ) (-513 2048 560 ) 
4 17 18 (-513 2176 560 ) (-512 2176 560 ) (-512 2048 560 ) (-513 2048 560 ) 
4 18 21 (-512 2048 528 ) (-512 2048 544 ) (-513 2048 544 ) (-513 2048 528 ) 
4 18 20 (-512 2048 544 ) (-512 2048 560 ) (-513 2048 560 ) (-513 2048 544 ) 
4 18 19 (-513 2176 528 ) (-513 2048 528 ) (-513 2048 560 ) (-513 2176 560 ) 
4 19 48 (-1024 2048 528 ) (-1024 2048 560 ) (-1024 2176 560 ) (-1024 2176 528 ) 
4 19 22 (-1024 2048 544 ) (-1024 2048 528 ) (-513 2048 528 ) (-513 2048 544 ) 
4 19 20 (-513 2048 560 ) (-1024 2048 560 ) (-1024 2048 544 ) (-513 2048 544 ) 
4 20 78 (-1024 2048 3584 ) (-1024 2048 544 ) (-1024 1536 544 ) (-1024 1536 3584 ) 
4 20 25 (-1024 1536 560 ) (-1024 1536 544 ) (-513 1536 544 ) (-513 1536 560 ) 
4 20 24 (-513 1536 544 ) (-512 1536 544 ) (-512 1536 560 ) (-513 1536 560 ) 
4 20 23 (-1024 1536 3584 ) (-1024 1536 560 ) (-512 1536 560 ) (-512 1536 3584 ) 
4 20 22 (-513 1536 544 ) (-1024 1536 544 ) (-1024 2048 544 ) (-513 2048 544 ) 
4 20 21 (-512 1536 544 ) (-513 1536 544 ) (-513 2048 544 ) (-512 2048 544 ) 
4 21 24 (-512 1536 528 ) (-512 1536 544 ) (-513 1536 544 ) (-513 1536 528 ) 
4 21 22 (-513 2048 512 ) (-513 1536 512 ) (-513 1536 544 ) (-513 2048 544 ) 
4 22 83 (-1024 1792 512 ) (-1024 1536 512 ) (-1024 1536 528 ) (-1024 1792 528 ) 
4 22 79 (-1024 2048 528 ) (-1024 2048 512 ) (-1024 1792 512 ) (-1024 1792 528 ) 
4 22 78 (-1024 2048 544 ) (-1024 2048 528 ) (-1024 1536 528 ) (-1024 1536 544 ) 
4 22 25 (-1024 1536 544 ) (-1024 1536 528 ) (-513 1536 528 ) (-513 1536 544 ) 
4 23 78 (-1024 1408 560 ) (-1024 1408 3584 ) (-1024 1536 3584 ) (-1024 1536 560 ) 
4 23 26 (-1024 1408 3584 ) (-1024 1408 1280 ) (-512 1408 1280 ) (-512 1408 3584 ) 
4 23 25 (-513 1408 560 ) (-1024 1408 560 ) (-1024 1536 560 ) (-513 1536 560 ) 
4 23 24 (-512 1408 560 ) (-513 1408 560 ) (-513 1536 560 ) (-512 1536 560 ) 
4 24 25 (-513 1536 528 ) (-513 1408 528 ) (-513 1408 560 ) (-513 1536 560 ) 
4 25 78 (-1024 1408 528 ) (-1024 1408 560 ) (-1024 1536 560 ) (-1024 1536 528 ) 
4 26 86 (-1024 1024 1280 ) (-1024 1024 3584 ) (-1024 1408 3584 ) (-1024 1408 1280 ) 
4 26 27 (-512 1024 1280 ) (-512 1024 3584 ) (-1024 1024 3584 ) (-1024 1024 1280 ) 
4 27 112 (-1024 1024 3584 ) (-1024 1024 1280 ) (-1024 512 1280 ) (-1024 512 3584 ) 
4 28 29 (-1920 2560 3584 ) (-1920 2560 1536 ) (-1536 2176 1536 ) (-1536 2176 3584 ) 
4 28 31 (-1920 2560 1536 ) (-1920 2560 3584 ) (-1920 3072 3584 ) (-1920 3072 1536 ) 
4 28 30 (-1024 2176 1536 ) (-1024 2176 3584 ) (-1536 2176 3584 ) (-1536 2176 1536 ) 
4 29 44 (-1536 2176 1280 ) (-1920 2176 1280 ) (-1920 2240 1280 ) (-1600 2240 1280 ) 
4 29 34 (-1920 2240 1280 ) (-1920 2560 1280 ) (-1856 2496 1280 ) (-1856 2240 1280 ) 
3 29 33 (-1856 2496 1280 ) (-1600 2240 1280 ) (-1856 2240 1280 ) 
4 29 30 (-1920 2176 3584 ) (-1920 2176 1280 ) (-1536 2176 1280 ) (-1536 2176 3584 ) 
4 29 31 (-1920 2560 1280 ) (-1920 2176 1280 ) (-1920 2176 3584 ) (-1920 2560 3584 ) 
4 30 78 (-1024 2048 1280 ) (-1024 2048 3584 ) (-1920 2048 3584 ) (-1920 2048 1280 ) 
4 30 45 (-1024 2176 1280 ) (-1024 2048 1280 ) (-1920 2048 1280 ) (-1920 2176 1280 ) 
4 30 31 (-1920 2176 1280 ) (-1920 2048 1280 ) (-1920 2048 3584 ) (-1920 2176 3584 ) 
4 31 78 (-1920 2048 3584 ) (-2048 2048 3584 ) (-2048 2048 1280 ) (-1920 2048 1280 ) 
4 31 54 (-2048 3072 3584 ) (-2048 3072 1280 ) (-2048 2048 1280 ) (-2048 2048 3584 ) 
4 31 44 (-2048 2176 1280 ) (-2048 2240 1280 ) (-1920 2240 1280 ) (-1920 2176 1280 ) 
4 31 45 (-2048 2048 1280 ) (-2048 2176 1280 ) (-1920 2176 1280 ) (-1920 2048 1280 ) 
4 31 35 (-2048 2240 1280 ) (-2048 2816 1280 ) (-1920 2816 1280 ) (-1920 2240 1280 ) 
4 31 32 (-2048 2816 1280 ) (-2048 3072 1280 ) (-1920 3072 1280 ) (-1920 2816 1280 ) 
4 32 54 (-2048 3072 1280 ) (-2048 3072 1088 ) (-2048 2816 1088 ) (-2048 2816 1280 ) 
4 32 51 (-2048 2816 1088 ) (-2048 3072 1088 ) (-1920 3072 1088 ) (-1920 2816 1088 ) 
4 32 35 (-2048 2816 1088 ) (-1920 2816 1088 ) (-1920 2816 1280 ) (-2048 2816 1280 ) 
3 33 46 (-1600 2240 1088 ) (-1856 2240 1088 ) (-1856 2496 1088 ) 
4 33 44 (-1856 2240 1088 ) (-1600 2240 1088 ) (-1600 2240 1280 ) (-1856 2240 1280 ) 
4 33 38 (-1440 2240 1088 ) (-1312 2240 1088 ) (-1312 2240 1280 ) (-1440 2240 1280 ) 
4 33 37 (-1312 2240 1088 ) (-1280 2240 1088 ) (-1280 2240 1280 ) (-1312 2240 1280 ) 
4 33 43 (-1472 2240 1088 ) (-1440 2240 1088 ) (-1440 2240 1280 ) (-1472 2240 1280 ) 
4 33 36 (-1152 2240 1088 ) (-1024 2240 1088 ) (-1024 2240 1280 ) (-1152 2240 1280 ) 
4 33 34 (-1856 2496 1088 ) (-1856 2240 1088 ) (-1856 2240 1280 ) (-1856 2496 1280 ) 
4 34 46 (-1856 2496 1088 ) (-1856 2240 1088 ) (-1920 2240 1088 ) (-1920 2560 1088 ) 
4 34 44 (-1920 2240 1088 ) (-1856 2240 1088 ) (-1856 2240 1280 ) (-1920 2240 1280 ) 
4 34 35 (-1920 2560 1088 ) (-1920 2240 1088 ) (-1920 2240 1280 ) (-1920 2560 1280 ) 
4 35 54 (-2048 2816 1088 ) (-2048 2240 1088 ) (-2048 2240 1280 ) (-2048 2816 1280 ) 
4 35 51 (-2048 2240 1088 ) (-2048 2816 1088 ) (-1920 2816 1088 ) (-1920 2240 1088 ) 
4 35 44 (-2048 2240 1088 ) (-1920 2240 1088 ) (-1920 2240 1280 ) (-2048 2240 1280 ) 
4 36 45 (-1152 2176 1088 ) (-1024 2176 1088 ) (-1024 2176 1280 ) (-1152 2176 1280 ) 
4 37 40 (-1312 2192 1120 ) (-1312 2192 1248 ) (-1312 2224 1248 ) (-1312 2224 1120 ) 
4 37 39 (-1312 2192 1248 ) (-1312 2192 1280 ) (-1312 2224 1280 ) (-1312 2224 1248 ) 
4 37 41 (-1312 2224 1088 ) (-1312 2192 1088 ) (-1312 2192 1120 ) (-1312 2224 1120 ) 
4 37 38 (-1312 2240 1280 ) (-1312 2240 1088 ) (-1312 2224 1088 ) (-1312 2224 1280 ) 
4 37 42 (-1312 2192 1088 ) (-1312 2176 1088 ) (-1312 2176 1280 ) (-1312 2192 1280 ) 
4 37 45 (-1312 2176 1088 ) (-1280 2176 1088 ) (-1280 2176 1280 ) (-1312 2176 1280 ) 
4 38 40 (-1440 2224 1248 ) (-1440 2224 1120 ) (-1312 2224 1120 ) (-1312 2224 1248 ) 
4 38 39 (-1440 2224 1280 ) (-1440 2224 1248 ) (-1312 2224 1248 ) (-1312 2224 1280 ) 
4 38 41 (-1440 2224 1120 ) (-1440 2224 1088 ) (-1312 2224 1088 ) (-1312 2224 1120 ) 
4 38 43 (-1440 2240 1280 ) (-1440 2240 1088 ) (-1440 2224 1088 ) (-1440 2224 1280 ) 
4 39 42 (-1440 2192 1280 ) (-1440 2192 1248 ) (-1312 2192 1248 ) (-1312 2192 1280 ) 
4 39 43 (-1440 2192 1248 ) (-1440 2192 1280 ) (-1440 2224 1280 ) (-1440 2224 1248 ) 
4 39 40 (-1312 2192 1248 ) (-1440 2192 1248 ) (-1440 2224 1248 ) (-1312 2224 1248 ) 
4 40 41 (-1312 2192 1120 ) (-1440 2192 1120 ) (-1440 2224 1120 ) (-1312 2224 1120 ) 
4 40 42 (-1440 2192 1248 ) (-1440 2192 1120 ) (-1312 2192 1120 ) (-1312 2192 1248 ) 
4 40 43 (-1440 2192 1120 ) (-1440 2192 1248 ) (-1440 2224 1248 ) (-1440 2224 1120 ) 
4 41 43 (-1440 2224 1088 ) (-1440 2192 1088 ) (-1440 2192 1120 ) (-1440 2224 1120 ) 
4 41 42 (-1440 2192 1120 ) (-1440 2192 1088 ) (-1312 2192 1088 ) (-1312 2192 1120 ) 
4 42 45 (-1440 2176 1088 ) (-1312 2176 1088 ) (-1312 2176 1280 ) (-1440 2176 1280 ) 
4 42 43 (-1440 2192 1088 ) (-1440 2176 1088 ) (-1440 2176 1280 ) (-1440 2192 1280 ) 
4 43 45 (-1472 2176 1088 ) (-1440 2176 1088 ) (-1440 2176 1280 ) (-1472 2176 1280 ) 
4 44 54 (-2048 2240 1088 ) (-2048 2176 1088 ) (-2048 2176 1280 ) (-2048 2240 1280 ) 
4 44 51 (-2048 2176 1088 ) (-2048 2240 1088 ) (-1920 2240 1088 ) (-1920 2176 1088 ) 
4 44 46 (-1920 2240 1088 ) (-1600 2240 1088 ) (-1536 2176 1088 ) (-1920 2176 1088 ) 
4 44 45 (-2048 2176 1088 ) (-1536 2176 1088 ) (-1536 2176 1280 ) (-2048 2176 1280 ) 
4 45 78 (-1024 2048 1088 ) (-1024 2048 1280 ) (-2048 2048 1280 ) (-2048 2048 1088 ) 
4 45 54 (-2048 2176 1088 ) (-2048 2048 1088 ) (-2048 2048 1280 ) (-2048 2176 1280 ) 
4 45 51 (-1920 2048 1088 ) (-2048 2048 1088 ) (-2048 2176 1088 ) (-1920 2176 1088 ) 
4 45 48 (-1024 2048 1088 ) (-1920 2048 1088 ) (-1920 2176 1088 ) (-1024 2176 1088 ) 
4 46 51 (-1920 2176 528 ) (-1920 2176 1088 ) (-1920 2560 1088 ) (-1920 2560 528 ) 
4 46 48 (-1920 2176 1088 ) (-1920 2176 528 ) (-1536 2176 528 ) (-1536 2176 1088 ) 
3 46 47 (-1664 2176 528 ) (-1920 2176 528 ) (-1920 2432 528 ) 
4 47 53 (-1920 2432 512 ) (-1920 2336 512 ) (-1920 2336 528 ) (-1920 2432 528 ) 
4 47 52 (-1920 2336 512 ) (-1920 2176 512 ) (-1920 2176 528 ) (-1920 2336 528 ) 
4 47 50 (-1760 2176 512 ) (-1664 2176 512 ) (-1664 2176 528 ) (-1760 2176 528 ) 
4 47 49 (-1920 2176 528 ) (-1920 2176 512 ) (-1760 2176 512 ) (-1760 2176 528 ) 
4 48 78 (-1024 2048 528 ) (-1024 2048 1088 ) (-1920 2048 1088 ) (-1920 2048 528 ) 
4 48 51 (-1920 2048 528 ) (-1920 2048 1088 ) (-1920 2176 1088 ) (-1920 2176 528 ) 
3 48 50 (-1568 2080 528 ) (-1760 2176 528 ) (-1664 2176 528 ) 
4 48 49 (-1504 2048 528 ) (-1920 2048 528 ) (-1920 2176 528 ) (-1760 2176 528 ) 
4 49 81 (-1808 2048 528 ) (-1920 2048 528 ) (-1920 2048 512 ) (-1808 2048 512 ) 
4 49 79 (-1504 2048 528 ) (-1808 2048 528 ) (-1808 2048 512 ) (-1504 2048 512 ) 
4 49 52 (-1920 2176 512 ) (-1920 2048 512 ) (-1920 2048 528 ) (-1920 2176 528 ) 
4 49 50 (-1568 2080 512 ) (-1760 2176 512 ) (-1760 2176 528 ) (-1568 2080 528 ) 
4 51 78 (-1920 2048 1088 ) (-2048 2048 1088 ) (-2048 2048 528 ) (-1920 2048 528 ) 
4 51 54 (-2048 3072 1088 ) (-2048 3072 528 ) (-2048 2048 528 ) (-2048 2048 1088 ) 
3 51 53 (-1920 2432 528 ) (-1920 2336 528 ) (-2016 2528 528 ) 
4 51 52 (-2048 2176 528 ) (-2048 2592 528 ) (-1920 2336 528 ) (-1920 2048 528 ) 
4 52 62 (-2048 2207.998047 512 ) (-2048 2176 512 ) (-2048 2176 528 ) (-2048 2207.998047 528 ) 
4 52 61 (-2048 2272 512 ) (-2048 2207.998047 512 ) (-2048 2207.998047 528 ) (-2048 2272 528 ) 
4 52 58 (-2048 2592 512 ) (-2048 2272 512 ) (-2048 2272 528 ) (-2048 2592 528 ) 
4 52 53 (-2016 2528 528 ) (-1920 2336 528 ) (-1920 2336 512 ) (-2016 2528 512 ) 
4 54 88 (-2048 2048 528 ) (-2048 2048 3584 ) (-2672 2048 3584 ) (-2672 2048 528 ) 
3 54 65 (-2560 2176 528 ) (-2560 2112.007324 528 ) (-2602.669678 2090.669922 528 ) 
4 54 64 (-2560 2048 528 ) (-2672 2048 528 ) (-2672 2056 528 ) (-2560 2112.007324 528 ) 
4 54 63 (-2304 2048 528 ) (-2560 2048 528 ) (-2560 3072 528 ) (-2304 3072 528 ) 
3 54 62 (-2111.996338 2239.996094 528 ) (-2048 2207.998047 528 ) (-2048 2176 528 ) 
3 54 61 (-2176.003906 2272 528 ) (-2048 2272 528 ) (-2048 2207.998047 528 ) 
3 54 60 (-2261.330322 2261.339844 528 ) (-2256 2272 528 ) (-2240 2272 528 ) 
3 54 59 (-2304 2176 528 ) (-2304 2272 528 ) (-2256 2272 528 ) 
4 54 58 (-2304 2272 528 ) (-2304 3072 528 ) (-2048 3072 528 ) (-2048 2272 528 ) 
4 54 57 (-2672 3072 528 ) (-2672 2416 528 ) (-2672 2416 536 ) (-2672 3072 536 ) 
4 54 56 (-2672 2256 528 ) (-2672 2048 528 ) (-2672 2048 536 ) (-2672 2256 536 ) 
4 54 55 (-2672 2048 536 ) (-2672 2048 3584 ) (-2672 3072 3584 ) (-2672 3072 536 ) 
4 55 88 (-2672 2048 3584 ) (-2688 2048 3584 ) (-2688 2048 536 ) (-2672 2048 536 ) 
4 55 74 (-2688 2160 544 ) (-2688 2176 544 ) (-2688 2176 536 ) (-2688 2160 536 ) 
4 55 77 (-2688 2048 536 ) (-2688 2048 544 ) (-2688 2160 544 ) (-2688 2160 536 ) 
4 55 70 (-2688 2048 544 ) (-2688 2048 704 ) (-2688 2176 704 ) (-2688 2176 544 ) 
4 55 69 (-2688 2240 704 ) (-2688 2432 704 ) (-2688 2432 544 ) (-2688 2240 544 ) 
4 55 68 (-2688 2880 672 ) (-2688 2880 544 ) (-2688 2816 544 ) (-2688 2816 672 ) 
4 55 67 (-2688 2048 704 ) (-2688 2048 3584 ) (-2688 2176 3584 ) (-2688 2176 704 ) 
4 55 66 (-2688 2176 3584 ) (-2688 3072 3584 ) (-2688 3072 928 ) (-2688 2176 928 ) 
4 55 57 (-2688 2432 536 ) (-2688 3072 536 ) (-2672 3072 536 ) (-2672 2416 536 ) 
4 55 56 (-2688 2048 536 ) (-2688 2240 536 ) (-2672 2256 536 ) (-2672 2048 536 ) 
4 56 88 (-2688 2048 536 ) (-2688 2048 528 ) (-2672 2048 528 ) (-2672 2048 536 ) 
4 56 76 (-2688 2160 536 ) (-2688 2176 536 ) (-2688 2176 528 ) (-2688 2160 528 ) 
4 56 77 (-2688 2048 528 ) (-2688 2048 536 ) (-2688 2160 536 ) (-2688 2160 528 ) 
3 56 64 (-2672 2048 528 ) (-2688 2048 528 ) (-2672 2056 528 ) 
4 58 63 (-2304 3072 512 ) (-2304 2272 512 ) (-2304 2272 528 ) (-2304 3072 528 ) 
4 58 61 (-2176.003906 2272 512 ) (-2048 2272 512 ) (-2048 2272 528 ) (-2176.003906 2272 528 ) 
4 58 60 (-2256 2272 512 ) (-2240 2272 512 ) (-2240 2272 528 ) (-2256 2272 528 ) 
4 58 59 (-2304 2272 528 ) (-2304 2272 512 ) (-2256 2272 512 ) (-2256 2272 528 ) 
4 59 63 (-2304 2272 512 ) (-2304 2176 512 ) (-2304 2176 528 ) (-2304 2272 528 ) 
4 59 60 (-2261.329834 2261.340332 512 ) (-2256 2272 512 ) (-2256 2272 528 ) (-2261.329834 2261.340332 528 ) 
4 61 62 (-2111.996338 2239.996094 512 ) (-2048 2207.998047 512 ) (-2048 2207.998047 528 ) (-2111.996338 2239.996094 528 ) 
4 63 93 (-2304 2048 528 ) (-2560 2048 528 ) (-2560 2048 512 ) (-2304 2048 512 ) 
4 63 65 (-2560 2176 512 ) (-2560 2112.007324 512 ) (-2560 2112.007324 528 ) (-2560 2176 528 ) 
4 63 64 (-2560 2112.007324 512 ) (-2560 2048 512 ) (-2560 2048 528 ) (-2560 2112.007324 528 ) 
4 64 93 (-2560 2048 528 ) (-2688 2048 528 ) (-2688 2048 512 ) (-2560 2048 512 ) 
4 64 65 (-2560 2112.007813 528 ) (-2560 2112.007813 512 ) (-2602.669678 2090.670410 512 ) (-2602.669922 2090.670410 528 ) 
4 66 99 (-3072 3072 1152 ) (-3072 3072 1120 ) (-3072 2176 1120 ) (-3072 2176 1152 ) 
4 66 98 (-3072 3072 3584 ) (-3072 3072 1152 ) (-3072 2176 1152 ) (-3072 2176 3584 ) 
4 66 67 (-2688 2176 928 ) (-2688 2176 3584 ) (-3072 2176 3584 ) (-3072 2176 1120 ) 
4 67 101 (-3072 2176 704 ) (-3072 2048 704 ) (-3072 2048 3584 ) (-3072 2176 3584 ) 
4 67 88 (-2688 2048 704 ) (-2688 2048 3584 ) (-3072 2048 3584 ) (-3072 2048 704 ) 
4 67 73 (-3072 2048 704 ) (-3072 2176 704 ) (-2944 2176 704 ) (-2944 2048 704 ) 
4 67 71 (-2944 2176 704 ) (-2752 2176 704 ) (-2752 2048 704 ) (-2944 2048 704 ) 
4 67 70 (-2752 2176 704 ) (-2688 2176 704 ) (-2688 2048 704 ) (-2752 2048 704 ) 
4 68 71 (-2752 2880 544 ) (-2752 2816 544 ) (-2752 2816 672 ) (-2752 2880 672 ) 
4 69 71 (-2752 2432 544 ) (-2752 2240 544 ) (-2752 2240 704 ) (-2752 2432 704 ) 
4 70 88 (-2688 2048 544 ) (-2688 2048 704 ) (-2752 2048 704 ) (-2752 2048 544 ) 
4 70 74 (-2688 2176 544 ) (-2688 2160 544 ) (-2752 2160 544 ) (-2752 2176 544 ) 
4 70 77 (-2688 2160 544 ) (-2688 2048 544 ) (-2752 2048 544 ) (-2752 2160 544 ) 
4 70 71 (-2752 2176 544 ) (-2752 2048 544 ) (-2752 2048 704 ) (-2752 2176 704 ) 
4 71 88 (-2752 2048 704 ) (-2944 2048 704 ) (-2944 2048 544 ) (-2752 2048 544 ) 
4 71 74 (-2752 2176 544 ) (-2752 2160 544 ) (-2944 2160 544 ) (-2944 2176 544 ) 
4 71 77 (-2752 2160 544 ) (-2752 2048 544 ) (-2944 2048 544 ) (-2944 2160 544 ) 
4 71 72 (-2944 2944 704 ) (-2944 2944 544 ) (-2944 2240 544 ) (-2944 2240 704 ) 
4 71 73 (-2944 2176 544 ) (-2944 2048 544 ) (-2944 2048 704 ) (-2944 2176 704 ) 
4 72 100 (-3072 2944 544 ) (-3072 2240 544 ) (-3072 2240 704 ) (-3072 2944 704 ) 
4 73 102 (-3072 2176 544 ) (-3072 2048 544 ) (-3072 2048 560 ) (-3072 2176 560 ) 
4 73 101 (-3072 2048 560 ) (-3072 2048 704 ) (-3072 2176 704 ) (-3072 2176 560 ) 
4 73 88 (-2944 2048 704 ) (-3072 2048 704 ) (-3072 2048 544 ) (-2944 2048 544 ) 
4 73 74 (-3072 2160 544 ) (-3072 2176 544 ) (-2944 2176 544 ) (-2944 2160 544 ) 
4 73 77 (-2944 2048 544 ) (-3072 2048 544 ) (-3072 2160 544 ) (-2944 2160 544 ) 
4 74 102 (-3072 2160 544 ) (-3072 2176 544 ) (-3072 2176 536 ) (-3072 2160 536 ) 
4 74 76 (-2688 2160 536 ) (-2768 2160 536 ) (-2752 2176 536 ) (-2688 2176 536 ) 
4 74 75 (-2928 2160 536 ) (-3072 2160 536 ) (-3072 2176 536 ) (-2944 2176 536 ) 
4 74 77 (-2688 2160 536 ) (-2688 2160 544 ) (-3072 2160 544 ) (-3072 2160 536 ) 
4 75 102 (-3072 2176 536 ) (-3072 2176 528 ) (-3072 2160 528 ) (-3072 2160 536 ) 
4 75 77 (-3072 2160 528 ) (-2928 2160 528 ) (-2928 2160 536 ) (-3072 2160 536 ) 
4 76 77 (-2768 2160 528 ) (-2688 2160 528 ) (-2688 2160 536 ) (-2768 2160 536 ) 
4 77 102 (-3072 2048 528 ) (-3072 2048 544 ) (-3072 2160 544 ) (-3072 2160 528 ) 
4 77 88 (-2688 2048 528 ) (-2688 2048 544 ) (-3072 2048 544 ) (-3072 2048 528 ) 
4 78 88 (-2048 2048 3584 ) (-2048 2048 528 ) (-2048 1408 528 ) (-2048 1408 3584 ) 
4 78 87 (-2048 1408 3584 ) (-2048 1408 528 ) (-1920 1408 528 ) (-1920 1408 3584 ) 
4 78 86 (-1024 1408 1280 ) (-1024 1408 3584 ) (-1920 1408 3584 ) (-1920 1408 1280 ) 
3 78 85 (-2005.330078 1493.329834 528 ) (-1983.992432 1536 528 ) (-1920 1536 528 ) 
3 78 84 (-2048 1408 528 ) (-2048 1536 528 ) (-1983.992432 1536 528 ) 
4 78 83 (-2048 1536 528 ) (-2048 1792 528 ) (-1024 1792 528 ) (-1024 1536 528 ) 
3 78 82 (-1834.670410 1834.669678 528 ) (-1856.009277 1792 528 ) (-1920 1792 528 ) 
3 78 81 (-1920 2048 528 ) (-1808 2048 528 ) (-1808 1936 528 ) 
3 78 80 (-1808 1888 528 ) (-1808 1792 528 ) (-1856.009277 1792 528 ) 
4 78 79 (-1808 2048 528 ) (-1024 2048 528 ) (-1024 1792 528 ) (-1808 1792 528 ) 
4 79 83 (-1808 1792 512 ) (-1024 1792 512 ) (-1024 1792 528 ) (-1808 1792 528 ) 
4 79 81 (-1808 2048 512 ) (-1808 1936 512 ) (-1808 1936 528 ) (-1808 2048 528 ) 
4 79 80 (-1808 1888 512 ) (-1808 1792 512 ) (-1808 1792 528 ) (-1808 1888 528 ) 
4 80 83 (-1856.009277 1792 512 ) (-1808 1792 512 ) (-1808 1792 528 ) (-1856.009277 1792 528 ) 
4 80 82 (-1834.670410 1834.669678 512 ) (-1856.009521 1792 512 ) (-1856.009521 1792 528 ) (-1834.670410 1834.669678 528 ) 
4 82 83 (-1920 1792 512 ) (-1856.009277 1792 512 ) (-1856.009277 1792 528 ) (-1920 1792 528 ) 
4 83 92 (-2048 1792 512 ) (-2048 1536 512 ) (-2048 1536 528 ) (-2048 1792 528 ) 
4 83 85 (-1983.992432 1536 512 ) (-1920 1536 512 ) (-1920 1536 528 ) (-1983.992432 1536 528 ) 
4 83 84 (-2048 1536 512 ) (-1983.992432 1536 512 ) (-1983.992432 1536 528 ) (-2048 1536 528 ) 
4 84 92 (-2048 1536 512 ) (-2048 1408 512 ) (-2048 1408 528 ) (-2048 1536 528 ) 
4 84 85 (-1983.993164 1536 512 ) (-1983.993164 1536 528 ) (-2005.330933 1493.329468 528 ) (-2005.330933 1493.329468 512 ) 
4 86 112 (-1024 1024 1280 ) (-1024 1024 3584 ) (-1920 1024 3584 ) (-1920 1024 1280 ) 
4 86 87 (-1920 1408 3584 ) (-1920 1408 1280 ) (-1920 1024 1280 ) (-1920 1024 3584 ) 
4 87 114 (-2048 1024 560 ) (-2048 1024 528 ) (-1920 1024 528 ) (-1920 1024 560 ) 
4 87 113 (-2048 1024 3584 ) (-2048 1024 560 ) (-1920 1024 560 ) (-1920 1024 3584 ) 
4 87 88 (-2048 1024 528 ) (-2048 1024 3584 ) (-2048 1408 3584 ) (-2048 1408 528 ) 
4 88 120 (-2688 1024 528 ) (-2560 1024 528 ) (-2560 1024 560 ) (-2688 1024 560 ) 
4 88 122 (-3072 1024 560 ) (-3072 1024 528 ) (-2688 1024 528 ) (-2688 1024 560 ) 
4 88 119 (-2560 1024 3584 ) (-3072 1024 3584 ) (-3072 1024 560 ) (-2560 1024 560 ) 
4 88 117 (-2048 1024 528 ) (-2048 1024 544 ) (-2560 1024 544 ) (-2560 1024 528 ) 
4 88 116 (-2048 1024 544 ) (-2048 1024 3584 ) (-2560 1024 3584 ) (-2560 1024 544 ) 
4 88 108 (-3072 1024 528 ) (-3072 1024 560 ) (-3072 1536 560 ) (-3072 1536 528 ) 
4 88 107 (-3072 1024 560 ) (-3072 1024 3584 ) (-3072 1536 3584 ) (-3072 1536 560 ) 
4 88 105 (-3072 2048 544 ) (-3072 2048 528 ) (-3072 1536 528 ) (-3072 1536 544 ) 
4 88 104 (-3072 1536 3584 ) (-3072 2048 3584 ) (-3072 2048 544 ) (-3072 1536 544 ) 
4 88 96 (-2048 1024 528 ) (-2560 1024 528 ) (-2560 1408 528 ) (-2048 1408 528 ) 
4 88 97 (-2688 1024 528 ) (-3072 1024 528 ) (-3072 1408 528 ) (-2688 1408 528 ) 
3 88 95 (-2688 1536 528 ) (-2624.007324 1536 528 ) (-2602.669922 1493.329834 528 ) 
4 88 94 (-2624.007324 1536 528 ) (-2304 1536 528 ) (-2304 1408 528 ) (-2560 1408 528 ) 
4 88 93 (-3072 1536 528 ) (-3072 2048 528 ) (-2304 2048 528 ) (-2304 1536 528 ) 
3 88 91 (-2144 1792 528 ) (-2176 1792 528 ) (-2208 1824 528 ) 
3 88 90 (-2176 1792 528 ) (-2224 1792 528 ) (-2272 1888 528 ) 
3 88 89 (-2224 1792 528 ) (-2304 1792 528 ) (-2304 1952 528 ) 
4 88 92 (-2048 1792 528 ) (-2048 1408 528 ) (-2304 1408 528 ) (-2304 1792 528 ) 
4 89 93 (-2304 1952 512 ) (-2304 1792 512 ) (-2304 1792 528 ) (-2304 1952 528 ) 
4 89 90 (-2224 1792 528 ) (-2224 1792 512 ) (-2272 1888 512 ) (-2272 1888 528 ) 
4 89 92 (-2304 1792 528 ) (-2304 1792 512 ) (-2224 1792 512 ) (-2224 1792 528 ) 
4 90 91 (-2176 1792 528 ) (-2176 1792 512 ) (-2208 1824 512 ) (-2208 1824 528 ) 
4 90 92 (-2224 1792 512 ) (-2176 1792 512 ) (-2176 1792 528 ) (-2224 1792 528 ) 
4 91 92 (-2176 1792 512 ) (-2144 1792 512 ) (-2144 1792 528 ) (-2176 1792 528 ) 
4 92 96 (-2304 1408 512 ) (-2048 1408 512 ) (-2048 1408 528 ) (-2304 1408 528 ) 
4 92 94 (-2304 1536 512 ) (-2304 1408 512 ) (-2304 1408 528 ) (-2304 1536 528 ) 
4 92 93 (-2304 1792 512 ) (-2304 1536 512 ) (-2304 1536 528 ) (-2304 1792 528 ) 
4 93 105 (-3072 1536 528 ) (-3072 2048 528 ) (-3072 2048 512 ) (-3072 1536 512 ) 
4 93 95 (-2688 1536 512 ) (-2624.007324 1536 512 ) (-2624.007324 1536 528 ) (-2688 1536 528 ) 
4 93 94 (-2624.007324 1536 512 ) (-2304 1536 512 ) (-2304 1536 528 ) (-2624.007324 1536 528 ) 
4 94 96 (-2560 1408 512 ) (-2304 1408 512 ) (-2304 1408 528 ) (-2560 1408 528 ) 
4 94 95 (-2624.005859 1536 528 ) (-2624.005859 1536 512 ) (-2602.667725 1493.328857 512 ) (-2602.667725 1493.328857 528 ) 
4 96 117 (-2048 1024 512 ) (-2048 1024 528 ) (-2560 1024 528 ) (-2560 1024 512 ) 
4 97 123 (-2688 1024 528 ) (-3072 1024 528 ) (-3072 1024 512 ) (-2688 1024 512 ) 
4 97 111 (-3072 1024 512 ) (-3072 1024 528 ) (-3072 1408 528 ) (-3072 1408 512 ) 
4 98 101 (-3584 2176 3584 ) (-3584 2176 1152 ) (-3072 2176 1152 ) (-3072 2176 3584 ) 
4 98 99 (-3072 2176 1152 ) (-3136 2176 1152 ) (-3136 3072 1152 ) (-3072 3072 1152 ) 
3 99 101 (-3072 2176 1120 ) (-3072 2176 1152 ) (-3136 2176 1152 ) 
4 101 104 (-3072 2048 560 ) (-3072 2048 3584 ) (-3584 2048 3584 ) (-3584 2048 560 ) 
4 101 103 (-3584 2048 560 ) (-3584 2176 560 ) (-3583 2176 560 ) (-3583 2048 560 ) 
4 101 102 (-3583 2176 560 ) (-3072 2176 560 ) (-3072 2048 560 ) (-3583 2048 560 ) 
4 102 105 (-3072 2048 528 ) (-3072 2048 544 ) (-3583 2048 544 ) (-3583 2048 528 ) 
4 102 104 (-3072 2048 544 ) (-3072 2048 560 ) (-3583 2048 560 ) (-3583 2048 544 ) 
4 102 103 (-3583 2176 528 ) (-3583 2048 528 ) (-3583 2048 560 ) (-3583 2176 560 ) 
4 103 106 (-3584 2048 544 ) (-3584 2048 528 ) (-3583 2048 528 ) (-3583 2048 544 ) 
4 103 104 (-3583 2048 560 ) (-3584 2048 560 ) (-3584 2048 544 ) (-3583 2048 544 ) 
4 104 109 (-3584 1536 560 ) (-3584 1536 544 ) (-3583 1536 544 ) (-3583 1536 560 ) 
4 104 108 (-3583 1536 544 ) (-3072 1536 544 ) (-3072 1536 560 ) (-3583 1536 560 ) 
4 104 107 (-3584 1536 3584 ) (-3584 1536 560 ) (-3072 1536 560 ) (-3072 1536 3584 ) 
4 104 106 (-3583 1536 544 ) (-3584 1536 544 ) (-3584 2048 544 ) (-3583 2048 544 ) 
4 104 105 (-3072 1536 544 ) (-3583 1536 544 ) (-3583 2048 544 ) (-3072 2048 544 ) 
4 105 108 (-3072 1536 528 ) (-3072 1536 544 ) (-3583 1536 544 ) (-3583 1536 528 ) 
4 105 106 (-3583 2048 512 ) (-3583 1536 512 ) (-3583 1536 544 ) (-3583 2048 544 ) 
4 106 109 (-3584 1536 544 ) (-3584 1536 528 ) (-3583 1536 528 ) (-3583 1536 544 ) 
4 107 124 (-3072 1024 560 ) (-3072 1024 3584 ) (-3584 1024 3584 ) (-3584 1024 560 ) 
4 107 110 (-3583 1024 560 ) (-3584 1024 560 ) (-3584 1408 560 ) (-3583 1408 560 ) 
4 107 109 (-3584 1408 560 ) (-3584 1536 560 ) (-3583 1536 560 ) (-3583 1408 560 ) 
4 107 108 (-3072 1024 560 ) (-3583 1024 560 ) (-3583 1536 560 ) (-3072 1536 560 ) 
4 108 124 (-3072 1024 528 ) (-3072 1024 560 ) (-3583 1024 560 ) (-3583 1024 528 ) 
4 108 111 (-3072 1024 528 ) (-3583 1024 528 ) (-3583 1408 528 ) (-3072 1408 528 ) 
4 108 110 (-3583 1408 528 ) (-3583 1024 528 ) (-3583 1024 560 ) (-3583 1408 560 ) 
4 108 109 (-3583 1536 528 ) (-3583 1408 528 ) (-3583 1408 560 ) (-3583 1536 560 ) 
4 109 110 (-3584 1408 528 ) (-3583 1408 528 ) (-3583 1408 560 ) (-3584 1408 560 ) 
4 110 124 (-3583 1024 560 ) (-3584 1024 560 ) (-3584 1024 528 ) (-3583 1024 528 ) 
4 110 111 (-3583 1024 528 ) (-3584 1024 528 ) (-3584 1408 528 ) (-3583 1408 528 ) 
4 111 124 (-3072 1024 512 ) (-3072 1024 528 ) (-3584 1024 528 ) (-3584 1024 512 ) 
4 112 113 (-1920 1024 3584 ) (-1920 1024 1280 ) (-1920 512 1280 ) (-1920 512 3584 ) 
4 113 116 (-2048 1024 3584 ) (-2048 1024 560 ) (-2048 512 560 ) (-2048 512 3584 ) 
4 113 115 (-1920 513 560 ) (-1920 512 560 ) (-2048 512 560 ) (-2048 513 560 ) 
4 113 114 (-1920 1024 560 ) (-1920 513 560 ) (-2048 513 560 ) (-2048 1024 560 ) 
4 114 117 (-2048 1024 544 ) (-2048 1024 528 ) (-2048 513 528 ) (-2048 513 544 ) 
4 114 116 (-2048 1024 560 ) (-2048 1024 544 ) (-2048 513 544 ) (-2048 513 560 ) 
4 114 115 (-2048 513 528 ) (-1920 513 528 ) (-1920 513 560 ) (-2048 513 560 ) 
4 115 118 (-2048 513 528 ) (-2048 512 528 ) (-2048 512 544 ) (-2048 513 544 ) 
4 115 116 (-2048 512 544 ) (-2048 512 560 ) (-2048 513 560 ) (-2048 513 544 ) 
4 116 121 (-2560 512 544 ) (-2560 512 560 ) (-2560 513 560 ) (-2560 513 544 ) 
4 116 120 (-2560 513 560 ) (-2560 1024 560 ) (-2560 1024 544 ) (-2560 513 544 ) 
4 116 119 (-2560 512 560 ) (-2560 512 3584 ) (-2560 1024 3584 ) (-2560 1024 560 ) 
4 116 118 (-2048 512 544 ) (-2560 512 544 ) (-2560 513 544 ) (-2048 513 544 ) 
4 116 117 (-2560 513 544 ) (-2560 1024 544 ) (-2048 1024 544 ) (-2048 513 544 ) 
4 117 120 (-2560 513 528 ) (-2560 513 544 ) (-2560 1024 544 ) (-2560 1024 528 ) 
4 117 118 (-2048 513 544 ) (-2560 513 544 ) (-2560 513 512 ) (-2048 513 512 ) 
4 118 121 (-2560 512 528 ) (-2560 512 544 ) (-2560 513 544 ) (-2560 513 528 ) 
4 119 124 (-3072 1024 3584 ) (-3072 1024 560 ) (-3072 512 560 ) (-3072 512 3584 ) 
4 119 121 (-2560 513 560 ) (-2560 512 560 ) (-2688 512 560 ) (-2688 513 560 ) 
4 119 120 (-2560 1024 560 ) (-2560 513 560 ) (-2688 513 560 ) (-2688 1024 560 ) 
4 119 122 (-2688 512 560 ) (-3072 512 560 ) (-3072 1024 560 ) (-2688 1024 560 ) 
4 120 122 (-2688 1024 528 ) (-2688 513 528 ) (-2688 513 560 ) (-2688 1024 560 ) 
4 120 121 (-2688 513 560 ) (-2688 513 528 ) (-2560 513 528 ) (-2560 513 560 ) 
4 121 122 (-2688 513 528 ) (-2688 512 528 ) (-2688 512 560 ) (-2688 513 560 ) 
4 122 124 (-3072 1024 560 ) (-3072 1024 528 ) (-3072 512 528 ) (-3072 512 560 ) 
4 122 123 (-2688 512 528 ) (-3072 512 528 ) (-3072 1024 528 ) (-2688 1024 528 ) 
4 123 124 (-3072 1024 528 ) (-3072 1024 512 ) (-3072 512 512 ) (-3072 512 528 ) 
