PRT1
285
953
4 0 16 (-512 3072 1536 ) (-512 3072 3584 ) (-1024 3072 3584 ) (-1024 3072 1536 ) 
4 0 1 (-1024 3072 1536 ) (-1024 3072 3584 ) (-1024 3584 3584 ) (-1024 3584 1536 ) 
4 1 34 (-1024 3072 1536 ) (-1024 3072 3584 ) (-1920 3072 3584 ) (-1920 3072 1536 ) 
4 1 2 (-1920 3584 3584 ) (-1920 3584 1536 ) (-1920 3072 1536 ) (-1920 3072 3584 ) 
4 2 44 (-1920 3072 560 ) (-1920 3072 3584 ) (-2048 3072 3584 ) (-2048 3072 560 ) 
4 2 5 (-2048 3072 560 ) (-2048 3072 3584 ) (-2048 3584 3584 ) (-2048 3584 560 ) 
4 2 4 (-2048 3072 560 ) (-2048 3583 560 ) (-1920 3583 560 ) (-1920 3072 560 ) 
4 2 3 (-2048 3583 560 ) (-2048 3584 560 ) (-1920 3584 560 ) (-1920 3583 560 ) 
4 3 6 (-2048 3584 544 ) (-2048 3584 528 ) (-2048 3583 528 ) (-2048 3583 544 ) 
4 3 5 (-2048 3583 560 ) (-2048 3584 560 ) (-2048 3584 544 ) (-2048 3583 544 ) 
4 3 4 (-2048 3583 528 ) (-1920 3583 528 ) (-1920 3583 560 ) (-2048 3583 560 ) 
4 4 44 (-1920 3072 528 ) (-1920 3072 560 ) (-2048 3072 560 ) (-2048 3072 528 ) 
4 4 7 (-2048 3072 528 ) (-2048 3072 544 ) (-2048 3583 544 ) (-2048 3583 528 ) 
4 4 5 (-2048 3072 544 ) (-2048 3072 560 ) (-2048 3583 560 ) (-2048 3583 544 ) 
4 5 64 (-2048 3072 544 ) (-2048 3072 3584 ) (-2560 3072 3584 ) (-2560 3072 544 ) 
4 5 12 (-2560 3583 544 ) (-2560 3072 544 ) (-2560 3072 560 ) (-2560 3583 560 ) 
4 5 11 (-2560 3584 560 ) (-2560 3584 544 ) (-2560 3583 544 ) (-2560 3583 560 ) 
4 5 10 (-2560 3584 3584 ) (-2560 3584 560 ) (-2560 3072 560 ) (-2560 3072 3584 ) 
4 5 7 (-2560 3072 544 ) (-2560 3583 544 ) (-2048 3583 544 ) (-2048 3072 544 ) 
4 5 6 (-2560 3583 544 ) (-2560 3584 544 ) (-2048 3584 544 ) (-2048 3583 544 ) 
4 6 11 (-2560 3584 544 ) (-2560 3584 528 ) (-2560 3583 528 ) (-2560 3583 544 ) 
4 6 8 (-2552 3584 520 ) (-2056 3584 520 ) (-2056 3583 520 ) (-2552 3583 520 ) 
4 6 7 (-2560 3583 520 ) (-2048 3583 520 ) (-2048 3583 544 ) (-2560 3583 544 ) 
4 7 79 (-2304 3072 528 ) (-2560 3072 528 ) (-2560 3072 520 ) (-2304 3072 520 ) 
4 7 72 (-2048 3072 520 ) (-2048 3072 528 ) (-2304 3072 528 ) (-2304 3072 520 ) 
4 7 65 (-2048 3072 528 ) (-2048 3072 536 ) (-2560 3072 536 ) (-2560 3072 528 ) 
4 7 64 (-2048 3072 536 ) (-2048 3072 544 ) (-2560 3072 544 ) (-2560 3072 536 ) 
4 7 12 (-2560 3072 528 ) (-2560 3072 544 ) (-2560 3583 544 ) (-2560 3583 528 ) 
4 7 9 (-2552 3583 520 ) (-2056 3583 520 ) (-2056 3072 520 ) (-2552 3072 520 ) 
4 8 9 (-2552 3583 520 ) (-2552 3583 512 ) (-2056 3583 512 ) (-2056 3583 520 ) 
4 9 81 (-2056 3072 520 ) (-2552 3072 520 ) (-2552 3072 512 ) (-2056 3072 512 ) 
4 10 64 (-2688 3072 3584 ) (-2688 3072 560 ) (-2560 3072 560 ) (-2560 3072 3584 ) 
4 10 13 (-2688 3584 3584 ) (-2688 3584 936 ) (-2688 3072 936 ) (-2688 3072 3584 ) 
4 10 12 (-2688 3072 560 ) (-2688 3583 560 ) (-2560 3583 560 ) (-2560 3072 560 ) 
4 10 11 (-2688 3583 560 ) (-2688 3584 560 ) (-2560 3584 560 ) (-2560 3583 560 ) 
4 11 12 (-2688 3583 528 ) (-2560 3583 528 ) (-2560 3583 560 ) (-2688 3583 560 ) 
4 12 66 (-2688 3072 536 ) (-2688 3072 528 ) (-2656 3072 528 ) (-2656 3072 536 ) 
4 12 65 (-2656 3072 528 ) (-2560 3072 528 ) (-2560 3072 536 ) (-2656 3072 536 ) 
4 12 64 (-2688 3072 560 ) (-2688 3072 536 ) (-2560 3072 536 ) (-2560 3072 560 ) 
4 13 96 (-2688 3072 936 ) (-2688 3072 3584 ) (-3072 3072 3584 ) (-3072 3072 1128 ) 
4 13 15 (-3072 3072 1128 ) (-3072 3072 1160 ) (-3072 3584 1160 ) (-3072 3584 1128 ) 
4 13 14 (-3072 3072 1160 ) (-3072 3072 3584 ) (-3072 3584 3584 ) (-3072 3584 1160 ) 
4 14 189 (-3072 3072 1160 ) (-3072 3072 3584 ) (-3584 3072 3584 ) (-3584 3072 1160 ) 
4 14 15 (-3072 3072 1160 ) (-3136 3072 1160 ) (-3136 3584 1160 ) (-3072 3584 1160 ) 
3 15 190 (-3072 3072 1128 ) (-3072 3072 1160 ) (-3136 3072 1160 ) 
4 16 34 (-1024 3072 3584 ) (-1024 3072 1536 ) (-1024 2176 1536 ) (-1024 2176 3584 ) 
4 16 19 (-1024 2176 3584 ) (-1024 2176 1536 ) (-512 2176 1536 ) (-512 2176 3584 ) 
4 17 18 (-832 2816 1280 ) (-832 2816 1088 ) (-832 2240 1088 ) (-832 2240 1280 ) 
4 18 36 (-1024 2240 1088 ) (-1024 2176 1088 ) (-1024 2176 1280 ) (-1024 2240 1280 ) 
4 18 35 (-1024 2816 1088 ) (-1024 2240 1088 ) (-1024 2240 1280 ) (-1024 2816 1280 ) 
4 18 19 (-1024 2176 1280 ) (-1024 2176 1088 ) (-832 2176 1088 ) (-832 2176 1280 ) 
4 19 45 (-1024 2048 1024 ) (-1024 2048 3584 ) (-1024 2176 3584 ) (-1024 2176 1024 ) 
4 19 24 (-512 2048 1024 ) (-512 2048 3584 ) (-1024 2048 3584 ) (-1024 2048 1024 ) 
4 19 21 (-1024 2048 1024 ) (-1024 2168 1024 ) (-768 2168 1024 ) (-768 2048 1024 ) 
4 19 20 (-768 2176 1024 ) (-512 2176 1024 ) (-512 2048 1024 ) (-768 2048 1024 ) 
4 20 46 (-1024 2048 560 ) (-1024 2048 768 ) (-1024 2176 768 ) (-1024 2176 560 ) 
5 20 24 (-512 2048 560 ) (-512 2048 1024 ) (-768 2048 1024 ) (-1024 2048 768 ) (-1024 2048 560 ) 
4 20 23 (-1024 2176 560 ) (-513 2176 560 ) (-513 2048 560 ) (-1024 2048 560 ) 
4 20 22 (-513 2176 560 ) (-512 2176 560 ) (-512 2048 560 ) (-513 2048 560 ) 
5 20 21 (-767.998047 2048 1024 ) (-767.998047 2168 1024 ) (-775.998230 2176 1016 ) (-1024 2176 767.997986 ) (-1024 2048 767.997986 ) 
5 21 46 (-1024 2048 768 ) (-1024 2048 1024 ) (-1024 2168 1024 ) (-1024 2176 1016 ) (-1024 2176 768 ) 
3 21 24 (-768 2048 1024 ) (-1024 2048 1024 ) (-1024 2048 768 ) 
4 22 25 (-512 2048 528 ) (-512 2048 544 ) (-513 2048 544 ) (-513 2048 528 ) 
4 22 24 (-512 2048 544 ) (-512 2048 560 ) (-513 2048 560 ) (-513 2048 544 ) 
4 22 23 (-513 2176 528 ) (-513 2048 528 ) (-513 2048 560 ) (-513 2176 560 ) 
4 23 46 (-1024 2048 528 ) (-1024 2048 560 ) (-1024 2176 560 ) (-1024 2176 528 ) 
4 23 26 (-1024 2048 544 ) (-1024 2048 528 ) (-513 2048 528 ) (-513 2048 544 ) 
4 23 24 (-513 2048 560 ) (-1024 2048 560 ) (-1024 2048 544 ) (-513 2048 544 ) 
4 24 113 (-1024 2048 3584 ) (-1024 2048 544 ) (-1024 1536 544 ) (-1024 1536 3584 ) 
4 24 31 (-1024 1536 560 ) (-1024 1536 544 ) (-513 1536 544 ) (-513 1536 560 ) 
4 24 30 (-513 1536 544 ) (-512 1536 544 ) (-512 1536 560 ) (-513 1536 560 ) 
4 24 29 (-1024 1536 3584 ) (-1024 1536 560 ) (-512 1536 560 ) (-512 1536 3584 ) 
4 24 26 (-513 1536 544 ) (-1024 1536 544 ) (-1024 2048 544 ) (-513 2048 544 ) 
4 24 25 (-512 1536 544 ) (-513 1536 544 ) (-513 2048 544 ) (-512 2048 544 ) 
4 25 30 (-512 1536 528 ) (-512 1536 544 ) (-513 1536 544 ) (-513 1536 528 ) 
4 25 27 (-513 1544 520 ) (-513 2040 520 ) (-512 2040 520 ) (-512 1544 520 ) 
4 25 26 (-513 2048 520 ) (-513 1536 520 ) (-513 1536 544 ) (-513 2048 544 ) 
4 26 114 (-1024 2048 528 ) (-1024 2048 520 ) (-1024 1536 520 ) (-1024 1536 528 ) 
4 26 113 (-1024 2048 544 ) (-1024 2048 528 ) (-1024 1536 528 ) (-1024 1536 544 ) 
4 26 31 (-1024 1536 544 ) (-1024 1536 528 ) (-513 1536 528 ) (-513 1536 544 ) 
4 26 28 (-1024 1544 520 ) (-1024 2040 520 ) (-513 2040 520 ) (-513 1544 520 ) 
4 27 28 (-513 2040 520 ) (-513 2040 512 ) (-513 1544 512 ) (-513 1544 520 ) 
4 28 130 (-1024 1784 512 ) (-1024 1544 512 ) (-1024 1544 520 ) (-1024 1784 520 ) 
4 28 122 (-1024 2040 512 ) (-1024 1784 512 ) (-1024 1784 520 ) (-1024 2040 520 ) 
4 29 113 (-1024 1408 560 ) (-1024 1408 3584 ) (-1024 1536 3584 ) (-1024 1536 560 ) 
4 29 32 (-1024 1408 3584 ) (-1024 1408 1280 ) (-512 1408 1280 ) (-512 1408 3584 ) 
4 29 31 (-513 1408 560 ) (-1024 1408 560 ) (-1024 1536 560 ) (-513 1536 560 ) 
4 29 30 (-512 1408 560 ) (-513 1408 560 ) (-513 1536 560 ) (-512 1536 560 ) 
4 30 31 (-513 1536 528 ) (-513 1408 528 ) (-513 1408 560 ) (-513 1536 560 ) 
4 31 113 (-1024 1408 528 ) (-1024 1408 560 ) (-1024 1536 560 ) (-1024 1536 528 ) 
4 32 136 (-1024 1024 1280 ) (-1024 1024 3584 ) (-1024 1408 3584 ) (-1024 1408 1280 ) 
4 32 33 (-512 1024 1280 ) (-512 1024 3584 ) (-1024 1024 3584 ) (-1024 1024 1280 ) 
4 33 227 (-1024 512 1280 ) (-1024 512 3584 ) (-1024 1024 3584 ) (-1024 1024 1280 ) 
4 34 47 (-1536 2176 1536 ) (-1536 2176 3584 ) (-1920 2560 3584 ) (-1920 2560 1536 ) 
4 34 45 (-1535.997925 2176 3584 ) (-1535.998047 2176 1536 ) (-1024 2176 1536 ) (-1024 2176 3584 ) 
4 34 44 (-1920 3072 3584 ) (-1920 3072 1536 ) (-1920 2559.998047 1536 ) (-1920 2559.998047 3584 ) 
4 35 47 (-1600 2240 1280 ) (-1856 2496 1280 ) (-1856 2496 1088 ) (-1600 2240 1088 ) 
4 35 43 (-1472 2240 1088 ) (-1440 2240 1088 ) (-1440 2240 1280 ) (-1472 2240 1280 ) 
4 35 39 (-1312 2240 1120 ) (-1312 2240 1248 ) (-1440 2240 1248 ) (-1440 2240 1120 ) 
4 35 38 (-1312 2240 1248 ) (-1312 2240 1280 ) (-1440 2240 1280 ) (-1440 2240 1248 ) 
4 35 42 (-1440 2240 1088 ) (-1312 2240 1088 ) (-1312 2240 1120 ) (-1440 2240 1120 ) 
4 35 37 (-1312 2240 1088 ) (-1280 2240 1088 ) (-1280 2240 1280 ) (-1312 2240 1280 ) 
4 35 36 (-1152 2240 1088 ) (-1024 2240 1088 ) (-1024 2240 1280 ) (-1152 2240 1280 ) 
4 36 45 (-1152 2176 1088 ) (-1024 2176 1088 ) (-1024 2176 1280 ) (-1152 2176 1280 ) 
4 37 45 (-1312 2176 1088 ) (-1280 2176 1088 ) (-1280 2176 1280 ) (-1312 2176 1280 ) 
4 37 40 (-1312 2224 1120 ) (-1312 2192 1120 ) (-1312 2192 1248 ) (-1312 2224 1248 ) 
4 37 39 (-1312 2240 1248 ) (-1312 2240 1120 ) (-1312 2224 1120 ) (-1312 2224 1248 ) 
4 37 41 (-1312 2192 1120 ) (-1312 2176 1120 ) (-1312 2176 1248 ) (-1312 2192 1248 ) 
4 37 38 (-1312 2240 1280 ) (-1312 2240 1248 ) (-1312 2176 1248 ) (-1312 2176 1280 ) 
4 37 42 (-1312 2240 1120 ) (-1312 2240 1088 ) (-1312 2176 1088 ) (-1312 2176 1120 ) 
4 38 45 (-1312 2176 1248 ) (-1312 2176 1280 ) (-1440 2176 1280 ) (-1440 2176 1248 ) 
4 38 43 (-1440 2240 1280 ) (-1440 2240 1248 ) (-1440 2176 1248 ) (-1440 2176 1280 ) 
4 38 40 (-1440 2192 1248 ) (-1440 2224 1248 ) (-1312 2224 1248 ) (-1312 2192 1248 ) 
4 38 39 (-1440 2224 1248 ) (-1440 2240 1248 ) (-1312 2240 1248 ) (-1312 2224 1248 ) 
4 38 41 (-1440 2176 1248 ) (-1440 2192 1248 ) (-1312 2192 1248 ) (-1312 2176 1248 ) 
4 39 43 (-1440 2240 1248 ) (-1440 2240 1120 ) (-1440 2224 1120 ) (-1440 2224 1248 ) 
4 39 42 (-1440 2224 1120 ) (-1440 2240 1120 ) (-1312 2240 1120 ) (-1312 2224 1120 ) 
4 39 40 (-1440 2224 1120 ) (-1312 2224 1120 ) (-1312 2224 1248 ) (-1440 2224 1248 ) 
4 40 43 (-1440 2224 1120 ) (-1440 2192 1120 ) (-1440 2192 1248 ) (-1440 2224 1248 ) 
4 40 41 (-1440 2192 1120 ) (-1312 2192 1120 ) (-1312 2192 1248 ) (-1440 2192 1248 ) 
4 40 42 (-1440 2192 1120 ) (-1440 2224 1120 ) (-1312 2224 1120 ) (-1312 2192 1120 ) 
4 41 45 (-1312 2176 1120 ) (-1312 2176 1248 ) (-1440 2176 1248 ) (-1440 2176 1120 ) 
4 41 43 (-1440 2192 1120 ) (-1440 2176 1120 ) (-1440 2176 1248 ) (-1440 2192 1248 ) 
4 41 42 (-1440 2176 1120 ) (-1440 2192 1120 ) (-1312 2192 1120 ) (-1312 2176 1120 ) 
4 42 45 (-1440 2176 1088 ) (-1312 2176 1088 ) (-1312 2176 1120 ) (-1440 2176 1120 ) 
4 42 43 (-1440 2240 1120 ) (-1440 2240 1088 ) (-1440 2176 1088 ) (-1440 2176 1120 ) 
4 43 45 (-1472 2176 1088 ) (-1440 2176 1088 ) (-1440 2176 1280 ) (-1472 2176 1280 ) 
4 44 69 (-2048 2816 528 ) (-2048 2688 528 ) (-2048 2688 536 ) (-2048 2816 536 ) 
4 44 65 (-2048 3072 536 ) (-2048 3072 528 ) (-2048 2816 528 ) (-2048 2816 536 ) 
4 44 64 (-2048 3072 3584 ) (-2048 3072 536 ) (-2048 2688 536 ) (-2048 2688 3584 ) 
3 44 53 (-2040 2680 528 ) (-1920 2560 528 ) (-1920 2560 648 ) 
5 44 48 (-2048 2688 1024 ) (-2048 2688 528 ) (-2040 2680 528 ) (-1920 2560 648 ) (-1920 2560 1024 ) 
4 44 47 (-2048 2688 3584 ) (-2048 2688 1024 ) (-1920 2560 1024 ) (-1920 2560 3584 ) 
4 45 113 (-1024 2048 1024 ) (-1024 2048 3584 ) (-1408 2048 3584 ) (-1408 2048 1024 ) 
4 45 47 (-1408 2048 1024 ) (-1408 2048 3584 ) (-1536 2176 3584 ) (-1536 2176 1024 ) 
4 45 46 (-1408 2048 1024 ) (-1528 2168 1024 ) (-1024 2168 1024 ) (-1024 2048 1024 ) 
4 46 113 (-1024 2048 528 ) (-1024 2048 1024 ) (-1408 2048 1024 ) (-1408 2048 528 ) 
5 46 54 (-1408 2048 528 ) (-1408 2048 1024 ) (-1528 2168 1024 ) (-1536 2176 1016 ) (-1536 2176 528 ) 
4 47 113 (-2048 2048 3584 ) (-2048 2048 1024 ) (-1408 2048 1024 ) (-1408 2048 3584 ) 
4 47 64 (-2048 2048 1024 ) (-2048 2048 3584 ) (-2048 2688 3584 ) (-2048 2688 1024 ) 
4 47 55 (-2048 2168 1024 ) (-2048 2264 1024 ) (-1632 2264 1024 ) (-1536 2168 1024 ) 
4 47 54 (-2048 2048 1024 ) (-2048 2168 1024 ) (-1527.995972 2168 1024 ) (-1407.996094 2048 1024 ) 
3 47 49 (-1632 2264 1024 ) (-1920 2264 1024 ) (-1920 2552 1024 ) 
4 47 48 (-2048 2264 1024 ) (-2048 2688.003906 1024 ) (-1920 2560.003906 1024 ) (-1920 2264 1024 ) 
4 48 69 (-2048 2688 536 ) (-2048 2688 528 ) (-2048 2264 528 ) (-2048 2264 536 ) 
4 48 64 (-2048 2264 1024 ) (-2048 2688 1024 ) (-2048 2688 536 ) (-2048 2264 536 ) 
4 48 58 (-2040 2576 528 ) (-2040 2544 528 ) (-2048 2552 528 ) (-2048 2592 528 ) 
4 48 56 (-2040 2544 528 ) (-2040 2264 528 ) (-2048 2264 528 ) (-2048 2552 528 ) 
4 48 55 (-1824 2264 928 ) (-1920 2264 1024 ) (-2048 2264 1024 ) (-2048 2264 928 ) 
5 48 54 (-2048 2264 528 ) (-2040 2264 528 ) (-1732 2264 836 ) (-1824 2264 928 ) (-2048 2264 928 ) 
5 48 51 (-1732 2264 836 ) (-1832 2264 736 ) (-1832 2456 736 ) (-1824 2464 744 ) (-1732 2372 836 ) 
4 48 53 (-1832 2264 736 ) (-2040 2264 528 ) (-2040 2680 528 ) (-1832 2472 736 ) 
5 48 49 (-1920 2264 1024 ) (-1731.998169 2264 836 ) (-1731.998169 2371.998047 836 ) (-1911.996094 2552 1015.996216 ) (-1920 2552 1024 ) 
6 49 55 (-1640 2264 928 ) (-1623.997314 2264 944.002747 ) (-1623.996216 2264 1015.996277 ) (-1632 2264 1024 ) (-1920 2264 1024 ) (-1824 2264 928 ) 
3 49 54 (-1732 2264 836 ) (-1640 2264 928 ) (-1824 2264 928 ) 
4 49 51 (-1640 2264 928 ) (-1732 2264 836 ) (-1732 2372 836 ) (-1632 2272 936 ) 
3 49 50 (-1624 2264 944 ) (-1640 2264 928 ) (-1632 2272 936 ) 
3 50 55 (-1623.997559 2264 928 ) (-1623.997314 2264 944.002747 ) (-1640 2264 928 ) 
4 50 54 (-1624 2264 736 ) (-1623.997559 2264 928 ) (-1640 2264 928 ) (-1640 2264 736 ) 
4 50 51 (-1640 2264 736 ) (-1640 2264 928.003906 ) (-1632 2272 936.003845 ) (-1632 2272 744 ) 
3 51 54 (-1640 2264 736 ) (-1640 2264 928 ) (-1832 2264 736 ) 
4 51 52 (-1832 2455.996094 736 ) (-1831.997925 2455.998047 736 ) (-1640 2264 736 ) (-1832 2264 736 ) 
4 52 60 (-1752 2264 528 ) (-1760 2264 528 ) (-1832 2336 528 ) (-1832 2344 528 ) 
3 52 56 (-1760 2264 528 ) (-1832 2264 528 ) (-1832 2336 528 ) 
4 52 54 (-1832 2264 528 ) (-1640 2264 528 ) (-1640 2264 736 ) (-1832 2264 736 ) 
4 52 53 (-1832 2456 528 ) (-1832 2264 528 ) (-1832 2264 736.003906 ) (-1832 2456 736.003906 ) 
4 53 60 (-1832 2344 528 ) (-1832 2336 528 ) (-2008 2512 528 ) (-2016 2528 528 ) 
3 53 58 (-2008 2512 528 ) (-2040 2544 528 ) (-2040 2576 528 ) 
4 53 56 (-1832 2336 528 ) (-1832 2264 528 ) (-2040 2264 528 ) (-2040 2544 528 ) 
3 53 54 (-2040 2264 528 ) (-1832 2264 528 ) (-1832 2264 736 ) 
4 54 113 (-2048 2048 1024 ) (-2048 2048 528 ) (-1408 2048 528 ) (-1408 2048 1024 ) 
4 54 69 (-2048 2048 528 ) (-2048 2048 536 ) (-2048 2264 536 ) (-2048 2264 528 ) 
5 54 64 (-2048 2048 536 ) (-2048 2048 1024 ) (-2048 2168 1024 ) (-2048 2264 928 ) (-2048 2264 536 ) 
3 54 62 (-1504 2048 528 ) (-1536 2048 528 ) (-1568 2080 528 ) 
4 54 60 (-1536 2048 528 ) (-1544 2048 528 ) (-1760 2264 528 ) (-1752 2264 528 ) 
5 54 56 (-1544 2048 528 ) (-1920 2048 528 ) (-2048 2176 528 ) (-2048 2264 528 ) (-1760 2264 528 ) 
5 54 55 (-1624 2264 928 ) (-2048 2264 928 ) (-2048 2168 1024 ) (-1536 2168 1024 ) (-1536 2175.996338 1016.003601 ) 
3 55 64 (-2048 2168 1024 ) (-2048 2264 1024 ) (-2048 2264 928 ) 
4 56 116 (-1808 2048 528 ) (-1920 2048 528 ) (-1920 2048 520 ) (-1808 2048 520 ) 
4 56 114 (-1544 2048 520 ) (-1544 2048 528 ) (-1808 2048 528 ) (-1808 2048 520 ) 
4 56 76 (-2048 2176 520 ) (-2048 2176 528 ) (-2048 2207.998047 528 ) (-2048 2207.998047 520 ) 
4 56 75 (-2048 2207.998047 528 ) (-2048 2272 528 ) (-2048 2272 520 ) (-2048 2207.998047 520 ) 
4 56 72 (-2048 2272 528 ) (-2048 2552 528 ) (-2048 2552 520 ) (-2048 2272 520 ) 
4 56 60 (-2008 2512 528 ) (-1544 2048 528 ) (-1543.998047 2048 520 ) (-2008.001953 2512.003906 520 ) 
4 56 58 (-2048 2552.001953 520 ) (-2048 2552 528 ) (-2008 2512 528 ) (-2008.001953 2512.003906 520 ) 
4 56 57 (-2048 2184 520 ) (-2048 2552.007813 520 ) (-1543.992188 2048 520 ) (-1912 2048 520 ) 
4 57 123 (-1912 2048 512 ) (-1800 2048 512 ) (-1800 2048 520 ) (-1912 2048 520 ) 
4 57 121 (-1800 2048 512 ) (-1544 2048 512 ) (-1544 2048 520 ) (-1800 2048 520 ) 
4 57 89 (-2048 2207.998047 512 ) (-2048 2184 512 ) (-2048 2184 520 ) (-2048 2207.998047 520 ) 
4 57 87 (-2048 2272 512 ) (-2048 2207.998047 512 ) (-2048 2207.998047 520 ) (-2048 2272 520 ) 
4 57 85 (-2048 2280 512 ) (-2048 2272 512 ) (-2048 2272 520 ) (-2048 2280 520 ) 
4 57 80 (-2048 2552 512 ) (-2048 2280 512 ) (-2048 2280 520 ) (-2048 2552 520 ) 
4 57 61 (-1543.996094 2048 512 ) (-1567.992310 2071.996338 512 ) (-1567.995850 2071.997803 520 ) (-1543.998047 2048 520 ) 
4 57 59 (-2024.003906 2528.007813 512 ) (-2048 2552.003906 512 ) (-2048 2552.001953 520 ) (-2024.002075 2528.003906 520 ) 
4 58 72 (-2048 2552 520 ) (-2048 2552 528 ) (-2048 2592 528 ) (-2048 2592 520 ) 
4 58 60 (-2007.998047 2511.996094 528 ) (-2007.998047 2511.996094 520 ) (-2016 2528 520 ) (-2016 2528 528 ) 
3 58 59 (-2023.998047 2527.996094 520 ) (-2048 2551.998047 520 ) (-2048 2576 520 ) 
4 59 80 (-2048 2576 512 ) (-2048 2552 512 ) (-2048 2552 520 ) (-2048 2576 520 ) 
4 60 114 (-1536 2048 520 ) (-1536 2048 528 ) (-1544 2048 528 ) (-1544 2048 520 ) 
4 60 62 (-1568 2080 528 ) (-1536 2048 528 ) (-1536 2048 520 ) (-1568 2080 520 ) 
4 60 61 (-1543.996094 2048 520 ) (-1567.992676 2071.996338 520 ) (-1552 2064 520 ) (-1536 2048 520 ) 
4 61 121 (-1544 2048 512 ) (-1536 2048 512 ) (-1536 2048 520 ) (-1544 2048 520 ) 
4 61 63 (-1536 2048 512 ) (-1552 2064 512 ) (-1552 2064 520 ) (-1536 2048 520 ) 
4 62 114 (-1504 2048 520 ) (-1504 2048 528 ) (-1536 2048 528 ) (-1536 2048 520 ) 
3 62 63 (-1536.003906 2048 520 ) (-1552.003906 2064.001953 520 ) (-1520 2048 520 ) 
4 63 121 (-1536 2048 512 ) (-1520 2048 512 ) (-1520 2048 520 ) (-1536 2048 520 ) 
4 64 139 (-2684 2048 3584 ) (-2688 2048 3584 ) (-2688 2048 536 ) (-2684 2048 536 ) 
4 64 138 (-2048 2048 536 ) (-2048 2048 3584 ) (-2684 2048 3584 ) (-2684 2048 536 ) 
4 64 109 (-2688 2160 3584 ) (-2688 2176 3584 ) (-2688 2176 536 ) (-2688 2160 536 ) 
4 64 112 (-2688 2048 536 ) (-2688 2048 3584 ) (-2688 2160 3584 ) (-2688 2160 536 ) 
4 64 102 (-2688 2340 544 ) (-2688 2240 544 ) (-2688 2240 672 ) (-2688 2340 672 ) 
4 64 99 (-2688 2880 544 ) (-2688 2816 544 ) (-2688 2816 672 ) (-2688 2880 672 ) 
4 64 100 (-2688 2432 544 ) (-2688 2340 544 ) (-2688 2340 672 ) (-2688 2432 672 ) 
4 64 96 (-2688 2176 3584 ) (-2688 3072 3584 ) (-2688 3072 936 ) (-2688 2176 936 ) 
4 64 71 (-2688 2432 536 ) (-2688 2816 536 ) (-2672 2816 536 ) (-2672 2416 536 ) 
4 64 70 (-2672 2048 536 ) (-2688 2048 536 ) (-2688 2240 536 ) (-2672 2256 536 ) 
4 64 69 (-2048 2048 536 ) (-2672 2048 536 ) (-2672 2816 536 ) (-2048 2816 536 ) 
3 64 68 (-2672 2880 536 ) (-2656 2880 536 ) (-2656 2864 536 ) 
3 64 67 (-2656 2832 536 ) (-2656 2816 536 ) (-2672 2816 536 ) 
4 64 66 (-2688 2880 536 ) (-2688 3072 536 ) (-2656 3072 536 ) (-2656 2880 536 ) 
4 64 65 (-2656 3072 536 ) (-2048 3072 536 ) (-2048 2816 536 ) (-2656 2816 536 ) 
4 65 79 (-2560 3072 528 ) (-2304 3072 528 ) (-2304 2816 528 ) (-2560 2816 528 ) 
4 65 72 (-2304 3072 528 ) (-2048 3072 528 ) (-2048 2816 528 ) (-2304 2816 528 ) 
4 65 69 (-2656 2816 528 ) (-2048 2816 528 ) (-2048 2816 536 ) (-2656 2816 536 ) 
4 65 68 (-2656 2880 528 ) (-2656 2864 528 ) (-2656 2864 536 ) (-2656 2880 536 ) 
4 65 67 (-2656 2832 528 ) (-2656 2816 528 ) (-2656 2816 536 ) (-2656 2832 536 ) 
4 65 66 (-2656 3072 528 ) (-2656 2880 528 ) (-2656 2880 536 ) (-2656 3072 536 ) 
4 66 68 (-2672 2880 528 ) (-2656 2880 528 ) (-2656 2880 536 ) (-2672 2880 536 ) 
4 67 69 (-2672 2816 528 ) (-2656 2816 528 ) (-2656 2816 536 ) (-2672 2816 536 ) 
4 69 138 (-2048 2048 528 ) (-2048 2048 536 ) (-2672 2048 536 ) (-2672 2048 528 ) 
4 69 79 (-2560 2816 528 ) (-2304 2816 528 ) (-2304 2682.046631 528 ) (-2560 2176 528 ) 
3 69 78 (-2304 2682.046631 528 ) (-2304 2242.259033 528 ) (-2603 2091 528 ) 
4 69 77 (-2304 2242.259033 528 ) (-2304 2048 528 ) (-2672 2048 528 ) (-2672 2056.094238 528 ) 
3 69 76 (-2048 2207.998047 528 ) (-2048 2176 528 ) (-2111.996338 2239.996094 528 ) 
3 69 75 (-2048 2272 528 ) (-2048 2207.998047 528 ) (-2176.003906 2272 528 ) 
3 69 74 (-2261 2261 528 ) (-2255.435547 2272 528 ) (-2240 2272 528 ) 
3 69 73 (-2304 2176 528 ) (-2304 2272 528 ) (-2255.435547 2272 528 ) 
4 69 72 (-2304 2816 528 ) (-2048 2816 528 ) (-2048 2272 528 ) (-2304 2272 528 ) 
4 69 71 (-2672 2816 536 ) (-2672 2816 528 ) (-2672 2416 528 ) (-2672 2416 536 ) 
4 69 70 (-2672 2256 528 ) (-2672 2048 528 ) (-2672 2048 536 ) (-2672 2256 536 ) 
4 70 139 (-2684 2048 536 ) (-2688 2048 536 ) (-2688 2048 528 ) (-2684 2048 528 ) 
4 70 138 (-2672 2048 536 ) (-2684 2048 536 ) (-2684 2048 528 ) (-2672 2048 528 ) 
4 70 111 (-2688 2160 536 ) (-2688 2176 536 ) (-2688 2176 528 ) (-2688 2160 528 ) 
4 70 112 (-2688 2048 528 ) (-2688 2048 536 ) (-2688 2160 536 ) (-2688 2160 528 ) 
3 70 77 (-2688 2048 528 ) (-2672 2056.094238 528 ) (-2672 2048 528 ) 
4 72 85 (-2176 2280 520 ) (-2048 2280 520 ) (-2048 2272 520 ) (-2160 2272 520 ) 
4 72 84 (-2250 2280 520 ) (-2240 2280 520 ) (-2255.272949 2272 520 ) (-2258 2272 520 ) 
4 72 83 (-2259.388428 2280 520 ) (-2250 2280 520 ) (-2258 2272 520 ) (-2263.435547 2272 520 ) 
4 72 82 (-2304 2272 520 ) (-2304 2280 520 ) (-2259.388428 2280 520 ) (-2263.435547 2272 520 ) 
4 72 80 (-2048 2576 520 ) (-2048 2280 520 ) (-2056 2280 520 ) (-2056 2592 520 ) 
4 72 81 (-2304 2280 520 ) (-2304 3072 520 ) (-2056 3072 520 ) (-2056 2280 520 ) 
4 72 79 (-2304 3072 520 ) (-2304 2682.046631 520 ) (-2304 2682.046631 528 ) (-2304 3072 528 ) 
4 72 78 (-2304 2682.046631 520 ) (-2304 2272 520 ) (-2304 2272 528 ) (-2304 2682.046631 528 ) 
4 72 75 (-2176.003906 2272 520 ) (-2048 2272 520 ) (-2048 2272 528 ) (-2176.003906 2272 528 ) 
4 72 74 (-2255.435547 2272 520 ) (-2240 2272 520 ) (-2240 2272 528 ) (-2255.435547 2272 528 ) 
4 72 73 (-2304 2272 528 ) (-2304 2272 520 ) (-2255.435547 2272 520 ) (-2255.435547 2272 528 ) 
3 73 86 (-2304 2191.814453 520 ) (-2304 2238.476074 520 ) (-2271.884521 2255.298584 520 ) 
4 73 84 (-2258 2272 520 ) (-2255.435547 2272 520 ) (-2255.494141 2271.884033 520 ) (-2261 2269 520 ) 
3 73 83 (-2263.435791 2272 520 ) (-2258 2272 520 ) (-2269 2261 520 ) 
4 73 82 (-2304 2238.476074 520 ) (-2304 2272 520 ) (-2263.435791 2272 520 ) (-2271.884521 2255.298584 520 ) 
4 73 78 (-2304 2272 520 ) (-2304 2242.258789 520 ) (-2304 2242.258789 528 ) (-2304 2272 528 ) 
4 73 77 (-2304 2242.258789 520 ) (-2304 2176 520 ) (-2304 2176 528 ) (-2304 2242.258789 528 ) 
4 73 74 (-2261 2261 520 ) (-2255.435547 2272 520 ) (-2255.435547 2272 528 ) (-2261 2261 528 ) 
3 75 88 (-2160 2272 520 ) (-2136 2272 520 ) (-2112 2248 520 ) 
4 75 87 (-2136 2272 520 ) (-2048 2272 520 ) (-2048 2207.998047 520 ) (-2095.996094 2231.996094 520 ) 
4 75 76 (-2111.996338 2239.996094 520 ) (-2048 2207.998047 520 ) (-2048 2207.998047 528 ) (-2111.996338 2239.996094 528 ) 
3 76 89 (-2095.996094 2231.996094 520 ) (-2048 2207.998047 520 ) (-2048 2184 520 ) 
4 77 146 (-2304 2048 528 ) (-2688 2048 528 ) (-2688 2048 520 ) (-2304 2048 520 ) 
3 77 95 (-2624.752930 2048 520 ) (-2672.185791 2048 520 ) (-2608.438965 2080.248291 520 ) 
3 77 94 (-2595 2091 520 ) (-2597.687988 2085.687012 520 ) (-2603 2083 520 ) 
4 77 93 (-2592.248779 2096.438965 520 ) (-2552 2116.800049 520 ) (-2552 2108.799805 520 ) (-2597.687988 2085.687012 520 ) 
4 77 92 (-2552 2048 520 ) (-2624.752930 2048 520 ) (-2608.438965 2080.248291 520 ) (-2552 2108.799805 520 ) 
4 77 90 (-2312 2176 520 ) (-2312 2238.211914 520 ) (-2304 2242.259033 520 ) (-2304 2191.814209 520 ) 
4 77 91 (-2312 2048 520 ) (-2552 2048 520 ) (-2552 2116.800049 520 ) (-2312 2238.211914 520 ) 
4 77 78 (-2304 2242.259766 528 ) (-2304 2242.259766 520 ) (-2603 2091.001465 520 ) (-2603 2091 528 ) 
3 78 93 (-2552 2116.800049 520 ) (-2592.248779 2096.438965 520 ) (-2552 2176 520 ) 
4 78 90 (-2304 2280 520 ) (-2304 2242.259033 520 ) (-2312 2238.211914 520 ) (-2312 2280 520 ) 
5 78 91 (-2312 2238.211914 520 ) (-2552 2116.800049 520 ) (-2552 2191.813965 520 ) (-2507.388184 2280 520 ) (-2312 2280 520 ) 
3 78 81 (-2304 2682.046387 520 ) (-2304 2280 520 ) (-2507.388184 2280 520 ) 
4 78 79 (-2304 2682.042725 528 ) (-2304 2682.042725 520 ) (-2560 2175.996094 520 ) (-2560 2175.996094 528 ) 
3 79 91 (-2507.388184 2280 520 ) (-2552 2191.813965 520 ) (-2552 2280 520 ) 
5 79 81 (-2552 3072 520 ) (-2304 3072 520 ) (-2304 2682.046387 520 ) (-2507.388184 2280 520 ) (-2552 2280 520 ) 
4 80 85 (-2056 2280 512 ) (-2048 2280 512 ) (-2048 2280 520 ) (-2056 2280 520 ) 
4 80 81 (-2056 2592 512 ) (-2056 2280 512 ) (-2056 2280 520 ) (-2056 2592 520 ) 
4 81 90 (-2312 2280 512 ) (-2304 2280 512 ) (-2304 2280 520 ) (-2312 2280 520 ) 
4 81 85 (-2176 2280 512 ) (-2056 2280 512 ) (-2056 2280 520 ) (-2176 2280 520 ) 
4 81 84 (-2250 2280 512 ) (-2240 2280 512 ) (-2240 2280 520 ) (-2250 2280 520 ) 
4 81 83 (-2259.388428 2280 512 ) (-2250 2280 512 ) (-2250 2280 520 ) (-2259.388428 2280 520 ) 
4 81 82 (-2304 2280 512 ) (-2259.388428 2280 512 ) (-2259.388428 2280 520 ) (-2304 2280 520 ) 
4 81 91 (-2552 2280 520 ) (-2552 2280 512 ) (-2312 2280 512 ) (-2312 2280 520 ) 
4 82 90 (-2304 2280 520 ) (-2304 2280 512 ) (-2304 2238.476074 512 ) (-2304 2238.476074 520 ) 
4 82 86 (-2304 2238.475586 520 ) (-2304 2238.475586 512 ) (-2271.884766 2255.298096 512 ) (-2271.884766 2255.298096 520 ) 
4 82 83 (-2269 2261 512 ) (-2259.387207 2280 512 ) (-2259.387207 2280 520 ) (-2269 2261 520 ) 
4 83 84 (-2261 2269 512 ) (-2250 2280 512 ) (-2250 2280 520 ) (-2261 2269 520 ) 
4 85 88 (-2160 2272 512 ) (-2136 2272 512 ) (-2136 2272 520 ) (-2160 2272 520 ) 
4 85 87 (-2136 2272 512 ) (-2048 2272 512 ) (-2048 2272 520 ) (-2136 2272 520 ) 
4 86 90 (-2304 2238.476074 512 ) (-2304 2191.814209 512 ) (-2304 2191.814209 520 ) (-2304 2238.476074 520 ) 
4 87 89 (-2095.996094 2231.996094 512 ) (-2048 2207.998047 512 ) (-2048 2207.998047 520 ) (-2095.996094 2231.996094 520 ) 
4 87 88 (-2136 2272 520 ) (-2136 2272 512 ) (-2112 2248 512 ) (-2112 2248 520 ) 
4 90 91 (-2312 2280 520 ) (-2312 2280 512 ) (-2312 2176 512 ) (-2312 2176 520 ) 
4 91 155 (-2312 2048 520 ) (-2552 2048 520 ) (-2552 2048 512 ) (-2312 2048 512 ) 
4 91 93 (-2552 2176 512 ) (-2552 2108.800049 512 ) (-2552 2108.800049 520 ) (-2552 2176 520 ) 
4 91 92 (-2552 2108.800049 512 ) (-2552 2048 512 ) (-2552 2048 520 ) (-2552 2108.800049 520 ) 
4 92 155 (-2552 2048 520 ) (-2624.752930 2048 520 ) (-2624.752930 2048 512 ) (-2552 2048 512 ) 
4 92 95 (-2608.436768 2080.249512 512 ) (-2624.751221 2048 512 ) (-2624.752197 2048 520 ) (-2608.437744 2080.249268 520 ) 
4 92 94 (-2597.688477 2085.685791 512 ) (-2603.002197 2082.997803 512 ) (-2603.002197 2082.997803 520 ) (-2597.688477 2085.685791 520 ) 
4 92 93 (-2552 2108.798828 520 ) (-2552 2108.798828 512 ) (-2597.688477 2085.685791 512 ) (-2597.688477 2085.685791 520 ) 
4 93 94 (-2595 2091 512 ) (-2597.690430 2085.681641 512 ) (-2597.690430 2085.681641 520 ) (-2595 2091 520 ) 
4 95 155 (-2624.752930 2048 520 ) (-2672.185791 2048 520 ) (-2672.185791 2048 512 ) (-2624.752930 2048 512 ) 
4 96 190 (-3072 3072 1160 ) (-3072 3072 1128 ) (-3072 2176 1128 ) (-3072 2176 1160 ) 
4 96 189 (-3072 3072 3584 ) (-3072 3072 1160 ) (-3072 2176 1160 ) (-3072 2176 3584 ) 
4 96 109 (-3072 2176 3584 ) (-3072 2176 1128 ) (-2688 2176 936 ) (-2688 2176 3584 ) 
4 97 191 (-3072 2944 544 ) (-3072 2880 544 ) (-3072 2880 704 ) (-3072 2944 704 ) 
4 97 101 (-3072 2880 544 ) (-2752 2880 544 ) (-2752 2880 672 ) (-3072 2880 672 ) 
4 97 98 (-2752 2880 672 ) (-2752 2880 704 ) (-3072 2880 704 ) (-3072 2880 672 ) 
4 98 191 (-3072 2240 672 ) (-3072 2240 704 ) (-3072 2880 704 ) (-3072 2880 672 ) 
4 98 104 (-2752 2240 672 ) (-3072 2240 672 ) (-3072 2340 672 ) (-2752 2340 672 ) 
4 98 101 (-3072 2340 672 ) (-3072 2880 672 ) (-2752 2880 672 ) (-2752 2340 672 ) 
4 99 101 (-2752 2816 672 ) (-2752 2880 672 ) (-2752 2880 544 ) (-2752 2816 544 ) 
4 100 102 (-2696 2340 544 ) (-2688 2340 544 ) (-2688 2340 672 ) (-2696 2340 672 ) 
4 100 104 (-2752 2340 544 ) (-2704 2340 544 ) (-2704 2340 672 ) (-2752 2340 672 ) 
4 100 101 (-2752 2340 544 ) (-2752 2340 672 ) (-2752 2432 672 ) (-2752 2432 544 ) 
4 101 191 (-3072 2880 544 ) (-3072 2340 544 ) (-3072 2340 672 ) (-3072 2880 672 ) 
4 101 104 (-3072 2340 544 ) (-2752 2340 544 ) (-2752 2340 672 ) (-3072 2340 672 ) 
4 102 103 (-2696 2332 544 ) (-2696 2240 544 ) (-2696 2240 672 ) (-2696 2332 672 ) 
4 103 104 (-2704 2332 544 ) (-2704 2240 544 ) (-2704 2240 672 ) (-2704 2332 672 ) 
4 104 191 (-3072 2340 544 ) (-3072 2240 544 ) (-3072 2240 672 ) (-3072 2340 672 ) 
4 104 106 (-2852 2240 544 ) (-2844 2240 544 ) (-2844 2240 672 ) (-2852 2240 672 ) 
4 104 105 (-2844 2240 544 ) (-2752 2240 544 ) (-2752 2240 672 ) (-2844 2240 672 ) 
4 104 108 (-2944 2240 544 ) (-2852 2240 544 ) (-2852 2240 672 ) (-2944 2240 672 ) 
4 105 109 (-2844 2176 544 ) (-2752 2176 544 ) (-2752 2176 672 ) (-2844 2176 672 ) 
4 105 106 (-2844 2192 672 ) (-2844 2240 672 ) (-2844 2240 544 ) (-2844 2192 544 ) 
4 105 107 (-2844 2176 672 ) (-2844 2184 672 ) (-2844 2184 544 ) (-2844 2176 544 ) 
4 106 108 (-2852 2192 672 ) (-2852 2240 672 ) (-2852 2240 544 ) (-2852 2192 544 ) 
4 107 109 (-2852 2176 544 ) (-2844 2176 544 ) (-2844 2176 672 ) (-2852 2176 672 ) 
4 107 108 (-2852 2176 672 ) (-2852 2184 672 ) (-2852 2184 544 ) (-2852 2176 544 ) 
4 108 109 (-2944 2176 544 ) (-2852 2176 544 ) (-2852 2176 672 ) (-2944 2176 672 ) 
4 109 193 (-3072 2176 560 ) (-3072 2176 536 ) (-3072 2160 536 ) (-3072 2160 560 ) 
4 109 192 (-3072 2160 3584 ) (-3072 2176 3584 ) (-3072 2176 560 ) (-3072 2160 560 ) 
4 109 111 (-2688 2160 536 ) (-2768 2160 536 ) (-2752 2176 536 ) (-2688 2176 536 ) 
4 109 110 (-2928 2160 536 ) (-3072 2160 536 ) (-3072 2176 536 ) (-2944 2176 536 ) 
4 109 112 (-2688 2160 536 ) (-2688 2160 3584 ) (-3072 2160 3584 ) (-3072 2160 536 ) 
4 110 193 (-3072 2176 536 ) (-3072 2176 528 ) (-3072 2160 528 ) (-3072 2160 536 ) 
4 110 112 (-3072 2160 528 ) (-2928 2160 528 ) (-2928 2160 536 ) (-3072 2160 536 ) 
4 111 112 (-2768 2160 528 ) (-2688 2160 528 ) (-2688 2160 536 ) (-2768 2160 536 ) 
4 112 193 (-3072 2048 528 ) (-3072 2048 560 ) (-3072 2160 560 ) (-3072 2160 528 ) 
4 112 192 (-3072 2048 560 ) (-3072 2048 3584 ) (-3072 2160 3584 ) (-3072 2160 560 ) 
4 112 139 (-2688 2048 528 ) (-2688 2048 3584 ) (-2692 2048 3584 ) (-2692 2048 528 ) 
4 112 141 (-2692 2048 3584 ) (-3072 2048 3584 ) (-3072 2048 528 ) (-2692 2048 528 ) 
4 113 138 (-2048 2048 3584 ) (-2048 2048 528 ) (-2048 1408 528 ) (-2048 1408 3584 ) 
4 113 137 (-2048 1408 3584 ) (-2048 1408 528 ) (-1920 1408 528 ) (-1920 1408 3584 ) 
4 113 136 (-1024 1408 1280 ) (-1024 1408 3584 ) (-1920 1408 3584 ) (-1920 1408 1280 ) 
3 113 120 (-2005 1493 528 ) (-1983.247192 1536 528 ) (-1920 1536 528 ) 
3 113 119 (-2048 1408 528 ) (-2048 1536 528 ) (-1983.247192 1536 528 ) 
3 113 117 (-1835 1835 528 ) (-1856.905762 1792 528 ) (-1920 1792 528 ) 
3 113 116 (-1920 2048 528 ) (-1808 2048 528 ) (-1808 1936 528 ) 
3 113 115 (-1808 1888 528 ) (-1808 1792 528 ) (-1856.905762 1792 528 ) 
4 113 118 (-2048 1536 528 ) (-2048 1792 528 ) (-1808 1792 528 ) (-1808 1536 528 ) 
4 113 114 (-1808 2048 528 ) (-1024 2048 528 ) (-1024 1536 528 ) (-1808 1536 528 ) 
4 114 130 (-1024 1784 520 ) (-1024 1544 520 ) (-1808 1544 520 ) (-1808 1784 520 ) 
4 114 129 (-1800 1792 520 ) (-1800 1784 520 ) (-1808 1784 520 ) (-1808 1792 520 ) 
4 114 124 (-1800 1888 520 ) (-1800 1792 520 ) (-1808 1792 520 ) (-1808 1872.295898 520 ) 
4 114 123 (-1808 2048 520 ) (-1800 2048 520 ) (-1800 1936 520 ) (-1808 1944 520 ) 
4 114 121 (-1800 2048 520 ) (-1520 2048 520 ) (-1504 2040 520 ) (-1800 2040 520 ) 
4 114 122 (-1024 2040 520 ) (-1024 1784 520 ) (-1800 1784 520 ) (-1800 2040 520 ) 
4 114 116 (-1808 2048 520 ) (-1808 1936 520 ) (-1808 1936 528 ) (-1808 2048 528 ) 
4 114 115 (-1808 1888 520 ) (-1808 1792 520 ) (-1808 1792 528 ) (-1808 1888 528 ) 
4 114 118 (-1808 1792 520 ) (-1808 1536 520 ) (-1808 1536 528 ) (-1808 1792 528 ) 
3 115 127 (-1808 1872.296021 520 ) (-1808 1854 520 ) (-1827 1835 520 ) 
3 115 126 (-1835 1827 520 ) (-1843.307739 1818.692261 520 ) (-1840.490601 1824.222290 520 ) 
4 115 125 (-1808 1854 520 ) (-1808 1792 520 ) (-1856.905762 1792 520 ) (-1843.307739 1818.692261 520 ) 
4 115 117 (-1835 1835 520 ) (-1856.905273 1792 520 ) (-1856.905273 1792 528 ) (-1835 1835 528 ) 
4 115 118 (-1856.905762 1792 520 ) (-1808 1792 520 ) (-1808 1792 528 ) (-1856.905762 1792 528 ) 
3 116 123 (-1912 2048 520 ) (-1808 2048 520 ) (-1808 1944 520 ) 
3 117 128 (-1840.490601 1824.222290 520 ) (-1856.905762 1792 520 ) (-1904.185791 1792 520 ) 
4 117 118 (-1920 1792 520 ) (-1856.905762 1792 520 ) (-1856.905762 1792 528 ) (-1920 1792 528 ) 
4 118 145 (-2048 1792 520 ) (-2048 1536 520 ) (-2048 1536 528 ) (-2048 1792 528 ) 
4 118 131 (-2048 1536 520 ) (-2048 1544 520 ) (-1920 1544 520 ) (-1935.814087 1536 520 ) 
4 118 130 (-2048 1544 520 ) (-2048 1784 520 ) (-1808 1784 520 ) (-1808 1544 520 ) 
4 118 129 (-1904.186157 1792 520 ) (-1808 1792 520 ) (-1808 1784 520 ) (-1920 1784 520 ) 
4 118 120 (-1983.247192 1536 520 ) (-1920 1536 520 ) (-1920 1536 528 ) (-1983.247192 1536 528 ) 
4 118 119 (-2048 1536 520 ) (-1983.247192 1536 520 ) (-1983.247192 1536 528 ) (-2048 1536 528 ) 
4 119 147 (-2048 1536 520 ) (-2048 1408 520 ) (-2048 1408 528 ) (-2048 1536 528 ) 
3 119 134 (-2048 1423.813843 520 ) (-2048 1458 520 ) (-2013 1493 520 ) 
3 119 133 (-2048 1458 520 ) (-2048 1479.247070 520 ) (-2005 1501 520 ) 
4 119 132 (-2048 1479.247070 520 ) (-2048 1536 520 ) (-1983.247192 1536 520 ) (-1999.561279 1503.751221 520 ) 
4 119 120 (-2005 1493 520 ) (-1983.247070 1536 520 ) (-1983.247070 1536 528 ) (-2005 1493 528 ) 
3 120 135 (-1999.561279 1503.751343 520 ) (-1983.247192 1536 520 ) (-1935.813721 1536 520 ) 
4 121 123 (-1800 2048 512 ) (-1800 2040 512 ) (-1800 2040 520 ) (-1800 2048 520 ) 
4 121 122 (-1800 2040 520 ) (-1800 2040 512 ) (-1504 2040 512 ) (-1504 2040 520 ) 
4 122 130 (-1800 1784 512 ) (-1024 1784 512 ) (-1024 1784 520 ) (-1800 1784 520 ) 
4 122 129 (-1800 1792 512 ) (-1800 1784 512 ) (-1800 1784 520 ) (-1800 1792 520 ) 
4 122 124 (-1800 1888 512 ) (-1800 1792 512 ) (-1800 1792 520 ) (-1800 1888 520 ) 
4 122 123 (-1800 2040 512 ) (-1800 1936 512 ) (-1800 1936 520 ) (-1800 2040 520 ) 
4 124 129 (-1808 1792 512 ) (-1800 1792 512 ) (-1800 1792 520 ) (-1808 1792 520 ) 
4 124 127 (-1808 1872.296143 512 ) (-1808 1854 512 ) (-1808 1854 520 ) (-1808 1872.296143 520 ) 
4 124 125 (-1808 1854 512 ) (-1808 1792 512 ) (-1808 1792 520 ) (-1808 1854 520 ) 
4 125 129 (-1856.905762 1792 512 ) (-1808 1792 512 ) (-1808 1792 520 ) (-1856.905762 1792 520 ) 
4 125 128 (-1843.306396 1818.693848 512 ) (-1856.904907 1792 512 ) (-1856.904907 1792 520 ) (-1843.306396 1818.693848 520 ) 
4 125 127 (-1808 1854 520 ) (-1808 1854 512 ) (-1827 1835 512 ) (-1827 1835 520 ) 
4 125 126 (-1835 1827 512 ) (-1843.312500 1818.687500 512 ) (-1843.312500 1818.687500 520 ) (-1835 1827 520 ) 
4 126 128 (-1840.489868 1824.222778 512 ) (-1843.306396 1818.693848 512 ) (-1843.306396 1818.693848 520 ) (-1840.489868 1824.222778 520 ) 
4 128 129 (-1904.185791 1792 512 ) (-1856.905762 1792 512 ) (-1856.905762 1792 520 ) (-1904.185791 1792 520 ) 
4 129 130 (-1920 1784 512 ) (-1800 1784 512 ) (-1800 1784 520 ) (-1920 1784 520 ) 
4 130 154 (-2048 1784 512 ) (-2048 1544 512 ) (-2048 1544 520 ) (-2048 1784 520 ) 
4 130 131 (-2048 1544 512 ) (-1920 1544 512 ) (-1920 1544 520 ) (-2048 1544 520 ) 
4 131 154 (-2048 1544 512 ) (-2048 1536 512 ) (-2048 1536 520 ) (-2048 1544 520 ) 
4 131 135 (-1983.247192 1536 512 ) (-1935.814087 1536 512 ) (-1935.814087 1536 520 ) (-1983.247192 1536 520 ) 
4 131 132 (-2048 1536 512 ) (-1983.247192 1536 512 ) (-1983.247192 1536 520 ) (-2048 1536 520 ) 
4 132 154 (-2048 1536 512 ) (-2048 1479.247070 512 ) (-2048 1479.247070 520 ) (-2048 1536 520 ) 
4 132 135 (-1983.247070 1536 512 ) (-1983.247070 1536 520 ) (-1999.561035 1503.751465 520 ) (-1999.561035 1503.751465 512 ) 
4 132 133 (-2004.997437 1501.002563 520 ) (-2048 1479.248291 520 ) (-2048 1479.248291 512 ) (-2004.997437 1501.002563 512 ) 
4 133 154 (-2048 1479.247070 512 ) (-2048 1458 512 ) (-2048 1458 520 ) (-2048 1479.247070 520 ) 
4 133 134 (-2013 1493 520 ) (-2048 1458 520 ) (-2048 1458 512 ) (-2013 1493 512 ) 
4 134 154 (-2048 1458 512 ) (-2048 1423.813843 512 ) (-2048 1423.813843 520 ) (-2048 1458 520 ) 
4 136 227 (-1024 1024 1280 ) (-1024 1024 3584 ) (-1920 1024 3584 ) (-1920 1024 1280 ) 
4 136 137 (-1920 1408 3584 ) (-1920 1408 1280 ) (-1920 1024 1280 ) (-1920 1024 3584 ) 
4 137 229 (-2048 1024 560 ) (-2048 1024 528 ) (-1920 1024 528 ) (-1920 1024 560 ) 
4 137 228 (-2048 1024 3584 ) (-2048 1024 560 ) (-1920 1024 560 ) (-1920 1024 3584 ) 
4 137 173 (-2048 1024 528 ) (-2048 1024 3584 ) (-2048 1336 3584 ) (-2048 1336 528 ) 
4 137 171 (-2048 1344 960 ) (-2048 1344 952 ) (-2048 1336 952 ) (-2048 1336 960 ) 
4 137 170 (-2048 1344 1208 ) (-2048 1344 960 ) (-2048 1336 960 ) (-2048 1336 1208 ) 
4 137 172 (-2048 1344 952 ) (-2048 1344 528 ) (-2048 1336 528 ) (-2048 1336 952 ) 
4 137 169 (-2048 1344 1216 ) (-2048 1344 1208 ) (-2048 1336 1208 ) (-2048 1336 1216 ) 
4 137 167 (-2048 1344 1472 ) (-2048 1344 1464 ) (-2048 1336 1464 ) (-2048 1336 1472 ) 
4 137 168 (-2048 1344 1464 ) (-2048 1344 1216 ) (-2048 1336 1216 ) (-2048 1336 1464 ) 
4 137 166 (-2048 1336 3584 ) (-2048 1344 3584 ) (-2048 1344 1472 ) (-2048 1336 1472 ) 
4 137 163 (-2048 1408 1724 ) (-2048 1408 528 ) (-2048 1344 528 ) (-2048 1344 1724 ) 
4 137 162 (-2048 1344 3584 ) (-2048 1408 3584 ) (-2048 1408 1724 ) (-2048 1344 1724 ) 
4 138 163 (-2684 1408 528 ) (-2048 1408 528 ) (-2048 1408 1724 ) (-2684 1408 1724 ) 
4 138 162 (-2048 1408 1724 ) (-2048 1408 3584 ) (-2684 1408 3584 ) (-2684 1408 1724 ) 
4 138 148 (-2684 1533.976563 528 ) (-2684 1536 528 ) (-2624.752930 1536 528 ) (-2603 1493 528 ) 
4 138 147 (-2048 1408 528 ) (-2560 1408 528 ) (-2624.752930 1536 528 ) (-2048 1536 528 ) 
3 138 144 (-2144 1792 528 ) (-2176 1792 528 ) (-2208 1824 528 ) 
3 138 143 (-2176 1792 528 ) (-2224 1792 528 ) (-2272 1888 528 ) 
3 138 142 (-2224 1792 528 ) (-2304 1792 528 ) (-2304 1952 528 ) 
4 138 145 (-2048 1792 528 ) (-2048 1536 528 ) (-2304 1536 528 ) (-2304 1792 528 ) 
4 138 146 (-2684 1536 528 ) (-2684 2048 528 ) (-2304 2048 528 ) (-2304 1536 528 ) 
4 138 140 (-2684 1408 1724 ) (-2684 1408 3584 ) (-2684 1412 3584 ) (-2684 1412 1724 ) 
4 138 139 (-2684 2048 528 ) (-2684 1412 528 ) (-2684 1412 3584 ) (-2684 2048 3584 ) 
3 139 148 (-2688 1536 528 ) (-2684 1536 528 ) (-2684 1533.976563 528 ) 
4 139 146 (-2692 1536 528 ) (-2692 2048 528 ) (-2684 2048 528 ) (-2684 1536 528 ) 
4 139 140 (-2692 1412 3584 ) (-2692 1412 1724 ) (-2684 1412 1724 ) (-2684 1412 3584 ) 
4 139 141 (-2692 2048 528 ) (-2692 1412 528 ) (-2692 1412 3584 ) (-2692 2048 3584 ) 
4 140 162 (-2684 1408 1724 ) (-2684 1408 3584 ) (-2692 1408 3584 ) (-2692 1408 1724 ) 
4 140 141 (-2692 1408 1724 ) (-2692 1408 3584 ) (-2692 1412 3584 ) (-2692 1412 1724 ) 
4 141 203 (-3072 1536 528 ) (-3072 1408 528 ) (-3072 1408 1728 ) (-3072 1536 1728 ) 
4 141 199 (-3072 2048 544 ) (-3072 2048 528 ) (-3072 1536 528 ) (-3072 1536 544 ) 
4 141 198 (-3072 2048 1728 ) (-3072 2048 544 ) (-3072 1536 544 ) (-3072 1536 1728 ) 
4 141 197 (-3072 2048 1744 ) (-3072 2048 1728 ) (-3072 1408 1728 ) (-3072 1408 1744 ) 
4 141 196 (-3072 2048 1856 ) (-3072 2048 1744 ) (-3072 1408 1744 ) (-3072 1408 1856 ) 
4 141 195 (-3072 2048 3584 ) (-3072 2048 1856 ) (-3072 1408 1856 ) (-3072 1408 3584 ) 
4 141 185 (-2752 1408 952 ) (-2752 1408 960 ) (-2760 1408 960 ) (-2760 1408 952 ) 
4 141 186 (-2760 1408 528 ) (-2752 1408 528 ) (-2752 1408 952 ) (-2760 1408 952 ) 
4 141 183 (-2752 1408 1208 ) (-2752 1408 1216 ) (-2760 1408 1216 ) (-2760 1408 1208 ) 
4 141 182 (-2752 1408 1216 ) (-2752 1408 1464 ) (-2760 1408 1464 ) (-2760 1408 1216 ) 
4 141 184 (-2752 1408 960 ) (-2752 1408 1208 ) (-2760 1408 1208 ) (-2760 1408 960 ) 
4 141 181 (-2752 1408 1464 ) (-2752 1408 1472 ) (-2760 1408 1472 ) (-2760 1408 1464 ) 
4 141 180 (-2752 1408 1472 ) (-2752 1408 1728 ) (-2760 1408 1728 ) (-2760 1408 1472 ) 
4 141 188 (-3072 1408 1728 ) (-3072 1408 528 ) (-2760 1408 528 ) (-2760 1408 1728 ) 
4 141 179 (-3072 1408 1744 ) (-3072 1408 1728 ) (-2944 1408 1728 ) (-2976 1408 1744 ) 
4 141 178 (-2944 1408 1728 ) (-2752 1408 1728 ) (-2752 1408 1744 ) (-2976 1408 1744 ) 
4 141 177 (-3072 1408 3584 ) (-3072 1408 1744 ) (-2752 1408 1744 ) (-2752 1408 3584 ) 
4 141 165 (-2752 1408 528 ) (-2692 1408 528 ) (-2692 1408 1724 ) (-2752 1408 1724 ) 
4 141 162 (-2692 1408 1724 ) (-2692 1408 3584 ) (-2752 1408 3584 ) (-2752 1408 1724 ) 
4 141 146 (-3072 1536 528 ) (-3072 2048 528 ) (-2692 2048 528 ) (-2692 1536 528 ) 
3 142 150 (-2304 1912 520 ) (-2304 1936 520 ) (-2280 1888 520 ) 
4 142 149 (-2224 1792 520 ) (-2304 1792 520 ) (-2304 1912 520 ) (-2264 1872 520 ) 
4 142 143 (-2224 1792 528 ) (-2224 1792 520 ) (-2272 1888 520 ) (-2272 1888 528 ) 
4 142 145 (-2304 1792 528 ) (-2304 1792 520 ) (-2224 1792 520 ) (-2224 1792 528 ) 
4 142 146 (-2304 1952 520 ) (-2304 1792 520 ) (-2304 1792 528 ) (-2304 1952 528 ) 
4 143 151 (-2176 1792 520 ) (-2184 1792 520 ) (-2208 1816 520 ) (-2192 1808 520 ) 
3 143 149 (-2184 1792 520 ) (-2224 1792 520 ) (-2264 1872 520 ) 
4 143 144 (-2176 1792 528 ) (-2176 1792 520 ) (-2208 1824 520 ) (-2208 1824 528 ) 
4 143 145 (-2224 1792 520 ) (-2176 1792 520 ) (-2176 1792 528 ) (-2224 1792 528 ) 
3 144 151 (-2160 1792 520 ) (-2176 1792 520 ) (-2192 1808 520 ) 
4 144 145 (-2176 1792 520 ) (-2144 1792 520 ) (-2144 1792 528 ) (-2176 1792 528 ) 
4 145 154 (-2048 1784 520 ) (-2048 1536 520 ) (-2304 1536 520 ) (-2304 1784 520 ) 
4 145 152 (-2144 1784 520 ) (-2304 1784 520 ) (-2304 1792 520 ) (-2160 1792 520 ) 
4 145 147 (-2304 1536 520 ) (-2048 1536 520 ) (-2048 1536 528 ) (-2304 1536 528 ) 
4 145 146 (-2304 1792 520 ) (-2304 1536 520 ) (-2304 1536 528 ) (-2304 1792 528 ) 
4 146 199 (-3072 2048 528 ) (-3072 2048 520 ) (-3072 1536 520 ) (-3072 1536 528 ) 
4 146 157 (-2688 1544 520 ) (-2312 1544 520 ) (-2312 1536 520 ) (-2672.186035 1536 520 ) 
4 146 155 (-2672.186035 2048 520 ) (-2312 2048 520 ) (-2312 2040 520 ) (-2688 2040 520 ) 
4 146 156 (-3072 1544 520 ) (-3072 2040 520 ) (-2312 2040 520 ) (-2312 1544 520 ) 
4 146 154 (-2304 1784 520 ) (-2304 1536 520 ) (-2312 1536 520 ) (-2312 1784 520 ) 
4 146 153 (-2304 1936 520 ) (-2304 1784 520 ) (-2312 1784 520 ) (-2312 1952 520 ) 
4 146 148 (-2688 1536 520 ) (-2624.752930 1536 520 ) (-2624.752930 1536 528 ) (-2688 1536 528 ) 
4 146 147 (-2624.752930 1536 520 ) (-2304 1536 520 ) (-2304 1536 528 ) (-2624.752930 1536 528 ) 
4 147 174 (-2560 1408 520 ) (-2048 1408 520 ) (-2048 1408 528 ) (-2560 1408 528 ) 
3 147 160 (-2510 1408 520 ) (-2552 1408 520 ) (-2595 1493 520 ) 
3 147 159 (-2608.438965 1503.751465 520 ) (-2611.190430 1509.190186 520 ) (-2603 1501 520 ) 
5 147 158 (-2312 1408 520 ) (-2510 1408 520 ) (-2611.190430 1509.190186 520 ) (-2624.752930 1536 520 ) (-2312 1536 520 ) 
5 147 154 (-2056 1408 520 ) (-2312 1408 520 ) (-2312 1536 520 ) (-2048 1536 520 ) (-2048 1423.813721 520 ) 
4 147 148 (-2624.752930 1536 528 ) (-2624.752930 1536 520 ) (-2603 1493 520 ) (-2603 1493 528 ) 
3 148 161 (-2672.186035 1536 520 ) (-2624.752930 1536 520 ) (-2608.438721 1503.751343 520 ) 
4 149 153 (-2304 1912 512 ) (-2304 1792 512 ) (-2304 1792 520 ) (-2304 1912 520 ) 
4 149 152 (-2304 1792 520 ) (-2304 1792 512 ) (-2184 1792 512 ) (-2184 1792 520 ) 
4 149 151 (-2184.001953 1792 520 ) (-2184.001953 1792 512 ) (-2208.003906 1816.002075 512 ) (-2208.003906 1816.002075 520 ) 
4 149 150 (-2279.997803 1887.995728 512 ) (-2304 1911.998047 512 ) (-2304 1911.998047 520 ) (-2279.997803 1887.995728 520 ) 
4 150 153 (-2304 1936 512 ) (-2304 1912 512 ) (-2304 1912 520 ) (-2304 1936 520 ) 
4 151 152 (-2184 1792 512 ) (-2160 1792 512 ) (-2160 1792 520 ) (-2184 1792 520 ) 
4 152 154 (-2304 1784 512 ) (-2144 1784 512 ) (-2144 1784 520 ) (-2304 1784 520 ) 
4 152 153 (-2304 1792 512 ) (-2304 1784 512 ) (-2304 1784 520 ) (-2304 1792 520 ) 
4 153 156 (-2312 1952 512 ) (-2312 1784 512 ) (-2312 1784 520 ) (-2312 1952 520 ) 
4 153 154 (-2312 1784 520 ) (-2312 1784 512 ) (-2304 1784 512 ) (-2304 1784 520 ) 
4 154 175 (-2312 1408 512 ) (-2056 1408 512 ) (-2056 1408 520 ) (-2312 1408 520 ) 
4 154 158 (-2312 1536 512 ) (-2312 1408 512 ) (-2312 1408 520 ) (-2312 1536 520 ) 
4 154 157 (-2312 1544 512 ) (-2312 1536 512 ) (-2312 1536 520 ) (-2312 1544 520 ) 
4 154 156 (-2312 1784 512 ) (-2312 1544 512 ) (-2312 1544 520 ) (-2312 1784 520 ) 
4 155 156 (-2688 2040 512 ) (-2312 2040 512 ) (-2312 2040 520 ) (-2688 2040 520 ) 
4 156 201 (-3072 2040 512 ) (-3072 1544 512 ) (-3072 1544 520 ) (-3072 2040 520 ) 
4 156 157 (-2688 1544 512 ) (-2312 1544 512 ) (-2312 1544 520 ) (-2688 1544 520 ) 
4 157 161 (-2672.186035 1536 512 ) (-2624.752686 1536 512 ) (-2624.752686 1536 520 ) (-2672.186035 1536 520 ) 
4 157 158 (-2624.752686 1536 512 ) (-2312 1536 512 ) (-2312 1536 520 ) (-2624.752686 1536 520 ) 
4 158 175 (-2510 1408 512 ) (-2312 1408 512 ) (-2312 1408 520 ) (-2510 1408 520 ) 
4 158 161 (-2624.752930 1536 520 ) (-2624.752930 1536 512 ) (-2611.190430 1509.190186 512 ) (-2611.190430 1509.190186 520 ) 
4 158 160 (-2595 1493 512 ) (-2510 1408 512 ) (-2510 1408 520 ) (-2595 1493 520 ) 
4 158 159 (-2611.195313 1509.195313 520 ) (-2611.195313 1509.195313 512 ) (-2603 1501 512 ) (-2603 1501 520 ) 
4 159 161 (-2611.190430 1509.190186 512 ) (-2608.438965 1503.751465 512 ) (-2608.438965 1503.751465 520 ) (-2611.190430 1509.190186 520 ) 
4 160 175 (-2552 1408 512 ) (-2510 1408 512 ) (-2510 1408 520 ) (-2552 1408 520 ) 
4 162 180 (-2752 1408 1728 ) (-2752 1408 1724 ) (-2752 1344 1724 ) (-2752 1344 1728 ) 
4 162 178 (-2752 1408 1744 ) (-2752 1408 1728 ) (-2752 1344 1728 ) (-2752 1344 1744 ) 
4 162 177 (-2752 1408 3584 ) (-2752 1408 1744 ) (-2752 1344 1744 ) (-2752 1344 3584 ) 
4 162 166 (-2752 1344 3584 ) (-2752 1344 1724 ) (-2048 1344 1724 ) (-2048 1344 3584 ) 
4 162 164 (-2684 1344 1724 ) (-2692 1344 1724 ) (-2692 1404 1724 ) (-2684 1404 1724 ) 
4 162 163 (-2048 1344 1724 ) (-2684 1344 1724 ) (-2684 1408 1724 ) (-2048 1408 1724 ) 
4 162 165 (-2692 1344 1724 ) (-2752 1344 1724 ) (-2752 1408 1724 ) (-2692 1408 1724 ) 
4 163 174 (-2560 1408 528 ) (-2048 1408 528 ) (-2048 1344 528 ) (-2560 1344 528 ) 
4 163 171 (-2048 1344 952 ) (-2048 1344 960 ) (-2684 1344 960 ) (-2684 1344 952 ) 
4 163 170 (-2048 1344 960 ) (-2048 1344 1208 ) (-2684 1344 1208 ) (-2684 1344 960 ) 
4 163 172 (-2684 1344 528 ) (-2048 1344 528 ) (-2048 1344 952 ) (-2684 1344 952 ) 
4 163 169 (-2048 1344 1208 ) (-2048 1344 1216 ) (-2684 1344 1216 ) (-2684 1344 1208 ) 
4 163 167 (-2048 1344 1464 ) (-2048 1344 1472 ) (-2684 1344 1472 ) (-2684 1344 1464 ) 
4 163 168 (-2048 1344 1216 ) (-2048 1344 1464 ) (-2684 1344 1464 ) (-2684 1344 1216 ) 
4 163 166 (-2048 1344 1472 ) (-2048 1344 1724 ) (-2684 1344 1724 ) (-2684 1344 1472 ) 
4 163 164 (-2684 1404 528 ) (-2684 1344 528 ) (-2684 1344 1724 ) (-2684 1404 1724 ) 
4 164 176 (-2688 1344 528 ) (-2692 1344 528 ) (-2692 1404 528 ) (-2688 1404 528 ) 
5 164 171 (-2684 1344 952 ) (-2684 1344 960 ) (-2688 1344 960 ) (-2692 1344 956 ) (-2692 1344 952 ) 
4 164 170 (-2684 1344 960 ) (-2684 1344 1208 ) (-2692 1344 1208 ) (-2692 1344 960 ) 
4 164 172 (-2692 1344 528 ) (-2684 1344 528 ) (-2684 1344 952 ) (-2692 1344 952 ) 
5 164 169 (-2684 1344 1208 ) (-2684 1344 1216 ) (-2688 1344 1216 ) (-2692 1344 1212 ) (-2692 1344 1208 ) 
5 164 167 (-2684 1344 1464 ) (-2684 1344 1472 ) (-2688 1344 1472 ) (-2692 1344 1468 ) (-2692 1344 1464 ) 
4 164 168 (-2684 1344 1216 ) (-2684 1344 1464 ) (-2692 1344 1464 ) (-2692 1344 1216 ) 
4 164 166 (-2684 1344 1472 ) (-2684 1344 1724 ) (-2692 1344 1724 ) (-2692 1344 1472 ) 
4 164 165 (-2692 1404 528 ) (-2692 1344 528 ) (-2692 1344 1724 ) (-2692 1404 1724 ) 
3 165 185 (-2752 1408 960 ) (-2752 1408 952 ) (-2752 1400 952 ) 
4 165 186 (-2752 1408 952 ) (-2752 1408 528 ) (-2752 1344 528 ) (-2752 1344 952 ) 
3 165 183 (-2752 1408 1216 ) (-2752 1408 1208 ) (-2752 1400 1208 ) 
4 165 182 (-2752 1408 1464 ) (-2752 1408 1216 ) (-2752 1344 1216 ) (-2752 1344 1464 ) 
4 165 184 (-2752 1408 1208 ) (-2752 1408 960 ) (-2752 1344 960 ) (-2752 1344 1208 ) 
3 165 181 (-2752 1408 1472 ) (-2752 1408 1464 ) (-2752 1400 1464 ) 
4 165 180 (-2752 1408 1724 ) (-2752 1408 1472 ) (-2752 1344 1472 ) (-2752 1344 1724 ) 
4 165 176 (-2752 1344 528 ) (-2752 1408 528 ) (-2692 1408 528 ) (-2692 1344 528 ) 
3 165 171 (-2696 1344 952 ) (-2692 1344 952 ) (-2692 1344 956 ) 
4 165 170 (-2752 1344 1208 ) (-2752 1344 960 ) (-2692 1344 960 ) (-2692 1344 1208 ) 
4 165 172 (-2752 1344 952 ) (-2752 1344 528 ) (-2692 1344 528 ) (-2692 1344 952 ) 
3 165 169 (-2696 1344 1208 ) (-2692 1344 1208 ) (-2692 1344 1212 ) 
3 165 167 (-2696 1344 1464 ) (-2692 1344 1464 ) (-2692 1344 1468 ) 
4 165 168 (-2752 1344 1464 ) (-2752 1344 1216 ) (-2692 1344 1216 ) (-2692 1344 1464 ) 
4 165 166 (-2752 1344 1724 ) (-2752 1344 1472 ) (-2692 1344 1472 ) (-2692 1344 1724 ) 
4 166 180 (-2752 1336 1472 ) (-2752 1336 1728 ) (-2752 1344 1728 ) (-2752 1344 1472 ) 
4 166 178 (-2752 1336 1728 ) (-2752 1336 1744 ) (-2752 1344 1744 ) (-2752 1344 1728 ) 
4 166 177 (-2752 1336 1744 ) (-2752 1336 3584 ) (-2752 1344 3584 ) (-2752 1344 1744 ) 
4 166 173 (-2752 1336 3584 ) (-2752 1336 1472 ) (-2048 1336 1472 ) (-2048 1336 3584 ) 
4 166 167 (-2048 1336 1472 ) (-2688 1336 1472 ) (-2688 1344 1472 ) (-2048 1344 1472 ) 
4 167 173 (-2696 1336 1464 ) (-2048 1336 1464 ) (-2048 1336 1472 ) (-2688 1336 1472 ) 
4 167 168 (-2048 1336 1464 ) (-2696 1336 1464 ) (-2696 1344 1464 ) (-2048 1344 1464 ) 
4 168 182 (-2752 1336 1216 ) (-2752 1336 1464 ) (-2752 1344 1464 ) (-2752 1344 1216 ) 
4 168 173 (-2752 1336 1464 ) (-2752 1336 1216 ) (-2048 1336 1216 ) (-2048 1336 1464 ) 
4 168 169 (-2048 1336 1216 ) (-2688 1336 1216 ) (-2688 1344 1216 ) (-2048 1344 1216 ) 
4 169 173 (-2696 1336 1208 ) (-2048 1336 1208 ) (-2048 1336 1216 ) (-2688 1336 1216 ) 
4 169 170 (-2048 1336 1208 ) (-2696 1336 1208 ) (-2696 1344 1208 ) (-2048 1344 1208 ) 
4 170 184 (-2752 1336 960 ) (-2752 1336 1208 ) (-2752 1344 1208 ) (-2752 1344 960 ) 
4 170 173 (-2752 1336 1208 ) (-2752 1336 960 ) (-2048 1336 960 ) (-2048 1336 1208 ) 
4 170 171 (-2048 1336 960 ) (-2688 1336 960 ) (-2688 1344 960 ) (-2048 1344 960 ) 
4 171 173 (-2696 1336 952 ) (-2048 1336 952 ) (-2048 1336 960 ) (-2688 1336 960 ) 
4 171 172 (-2048 1336 952 ) (-2696 1336 952 ) (-2696 1344 952 ) (-2048 1344 952 ) 
4 172 186 (-2752 1344 528 ) (-2752 1336 528 ) (-2752 1336 952 ) (-2752 1344 952 ) 
4 172 176 (-2752 1336 528 ) (-2752 1344 528 ) (-2688 1344 528 ) (-2688 1336 528 ) 
4 172 174 (-2560 1344 528 ) (-2048 1344 528 ) (-2048 1336 528 ) (-2560 1336 528 ) 
4 172 173 (-2752 1336 952 ) (-2752 1336 528 ) (-2048 1336 528 ) (-2048 1336 952 ) 
4 173 247 (-2688 1024 528 ) (-2560 1024 528 ) (-2560 1024 952 ) (-2688 1024 952 ) 
4 173 248 (-2752 1024 952 ) (-2752 1024 528 ) (-2688 1024 528 ) (-2688 1024 952 ) 
4 173 245 (-2752 1024 960 ) (-2752 1024 952 ) (-2560 1024 952 ) (-2560 1024 960 ) 
4 173 239 (-2560 1024 1728 ) (-2752 1024 1728 ) (-2752 1024 960 ) (-2560 1024 960 ) 
4 173 235 (-2048 1024 528 ) (-2048 1024 544 ) (-2560 1024 544 ) (-2560 1024 528 ) 
4 173 234 (-2048 1024 544 ) (-2048 1024 1728 ) (-2560 1024 1728 ) (-2560 1024 544 ) 
4 173 232 (-2048 1024 1728 ) (-2048 1024 1744 ) (-2752 1024 1744 ) (-2752 1024 1728 ) 
4 173 231 (-2048 1024 1744 ) (-2048 1024 3584 ) (-2752 1024 3584 ) (-2752 1024 1744 ) 
4 173 187 (-2752 1336 528 ) (-2752 1024 528 ) (-2752 1024 1728 ) (-2752 1336 1728 ) 
4 173 178 (-2752 1024 1728 ) (-2752 1024 1744 ) (-2752 1336 1744 ) (-2752 1336 1728 ) 
4 173 177 (-2752 1024 1744 ) (-2752 1024 3584 ) (-2752 1336 3584 ) (-2752 1336 1744 ) 
4 173 176 (-2688 1024 528 ) (-2752 1024 528 ) (-2752 1336 528 ) (-2688 1336 528 ) 
4 173 174 (-2048 1024 528 ) (-2560 1024 528 ) (-2560 1336 528 ) (-2048 1336 528 ) 
4 174 235 (-2048 1024 520 ) (-2048 1024 528 ) (-2560 1024 528 ) (-2560 1024 520 ) 
4 174 175 (-2056 1024 520 ) (-2552 1024 520 ) (-2552 1408 520 ) (-2056 1408 520 ) 
4 175 237 (-2056 1024 520 ) (-2552 1024 520 ) (-2552 1024 512 ) (-2056 1024 512 ) 
4 176 248 (-2688 1024 528 ) (-2752 1024 528 ) (-2752 1024 512 ) (-2688 1024 512 ) 
4 176 186 (-2752 1408 528 ) (-2752 1408 512 ) (-2752 1336 512 ) (-2752 1336 528 ) 
4 176 187 (-2752 1336 512 ) (-2752 1024 512 ) (-2752 1024 528 ) (-2752 1336 528 ) 
4 177 231 (-3072 1024 3584 ) (-3072 1024 1744 ) (-2752 1024 1744 ) (-2752 1024 3584 ) 
4 177 196 (-3072 1024 1744 ) (-3072 1024 1856 ) (-3072 1408 1856 ) (-3072 1408 1744 ) 
4 177 195 (-3072 1024 1856 ) (-3072 1024 3584 ) (-3072 1408 3584 ) (-3072 1408 1856 ) 
4 177 179 (-3072 1408 1744 ) (-2976 1408 1744 ) (-2976 1120 1744 ) (-3072 1120 1744 ) 
4 177 178 (-2976 1408 1744 ) (-2752 1408 1744 ) (-2752 1024 1744 ) (-2976 1024 1744 ) 
4 178 232 (-2944 1024 1728 ) (-2752 1024 1728 ) (-2752 1024 1744 ) (-2976 1024 1744 ) 
4 178 180 (-2760 1408 1728 ) (-2752 1408 1728 ) (-2752 1336 1728 ) (-2760 1336 1728 ) 
4 178 187 (-2752 1336 1728 ) (-2752 1024 1728 ) (-2760 1024 1728 ) (-2760 1336 1728 ) 
4 178 188 (-2944 1408 1728 ) (-2760 1408 1728 ) (-2760 1024 1728 ) (-2944 1024 1728 ) 
4 178 179 (-2975.998047 1120 1744 ) (-2975.998047 1408 1744 ) (-2943.998047 1408 1728 ) (-2943.998047 1152 1728 ) 
4 179 197 (-3072 1120 1744 ) (-3072 1408 1744 ) (-3072 1408 1728 ) (-3072 1152 1728 ) 
4 179 188 (-3072 1152 1728 ) (-3072 1408 1728 ) (-2944 1408 1728 ) (-2944 1152 1728 ) 
4 180 187 (-2760 1336 1728 ) (-2760 1336 1472 ) (-2752 1336 1472 ) (-2752 1336 1728 ) 
4 180 188 (-2760 1336 1728 ) (-2760 1408 1728 ) (-2760 1408 1472 ) (-2760 1336 1472 ) 
4 181 182 (-2760 1400 1464 ) (-2760 1408 1464 ) (-2752 1408 1464 ) (-2752 1400 1464 ) 
3 181 188 (-2760 1408 1472 ) (-2760 1408 1464 ) (-2760 1400 1464 ) 
4 182 188 (-2760 1408 1464 ) (-2760 1408 1216 ) (-2760 1336 1216 ) (-2760 1336 1464 ) 
4 182 187 (-2760 1336 1464 ) (-2760 1336 1216 ) (-2752 1336 1216 ) (-2752 1336 1464 ) 
3 183 188 (-2760 1408 1216 ) (-2760 1408 1208 ) (-2760 1400 1208 ) 
4 183 184 (-2760 1400 1208 ) (-2760 1408 1208 ) (-2752 1408 1208 ) (-2752 1400 1208 ) 
4 184 187 (-2760 1336 1208 ) (-2760 1336 960 ) (-2752 1336 960 ) (-2752 1336 1208 ) 
4 184 188 (-2760 1408 1208 ) (-2760 1408 960 ) (-2760 1336 960 ) (-2760 1336 1208 ) 
4 185 186 (-2760 1400 952 ) (-2760 1408 952 ) (-2752 1408 952 ) (-2752 1400 952 ) 
3 185 188 (-2760 1408 960 ) (-2760 1408 952 ) (-2760 1400 952 ) 
4 186 188 (-2760 1408 952 ) (-2760 1408 512 ) (-2760 1336 512 ) (-2760 1336 952 ) 
4 186 187 (-2760 1336 952 ) (-2760 1336 512 ) (-2752 1336 512 ) (-2752 1336 952 ) 
4 187 248 (-2760 1024 512 ) (-2752 1024 512 ) (-2752 1024 952 ) (-2760 1024 952 ) 
4 187 245 (-2752 1024 952 ) (-2752 1024 960 ) (-2760 1024 960 ) (-2760 1024 952 ) 
4 187 239 (-2752 1024 960 ) (-2752 1024 1728 ) (-2760 1024 1728 ) (-2760 1024 960 ) 
4 187 188 (-2760 1024 1728 ) (-2760 1336 1728 ) (-2760 1336 512 ) (-2760 1024 512 ) 
4 188 263 (-3072 1024 1728 ) (-3072 1024 512 ) (-2760 1024 512 ) (-2760 1024 1728 ) 
4 188 218 (-3072 1024 512 ) (-3072 1024 1728 ) (-3072 1344 1728 ) (-3072 1344 512 ) 
4 188 217 (-3072 1408 528 ) (-3072 1408 512 ) (-3072 1344 512 ) (-3072 1344 528 ) 
4 188 203 (-3072 1344 1728 ) (-3072 1408 1728 ) (-3072 1408 528 ) (-3072 1344 528 ) 
4 189 192 (-3584 2176 3584 ) (-3584 2176 1160 ) (-3072 2176 1160 ) (-3072 2176 3584 ) 
4 189 190 (-3072 2176 1160 ) (-3136 2176 1160 ) (-3136 3072 1160 ) (-3072 3072 1160 ) 
3 190 192 (-3072 2176 1128 ) (-3072 2176 1160 ) (-3136 2176 1160 ) 
4 192 198 (-3072 2048 560 ) (-3072 2048 1728 ) (-3584 2048 1728 ) (-3584 2048 560 ) 
4 192 197 (-3072 2048 1728 ) (-3072 2048 1744 ) (-3296 2048 1744 ) (-3328 2048 1728 ) 
3 192 196 (-3072 2048 1744 ) (-3072 2048 1856 ) (-3296 2048 1744 ) 
5 192 195 (-3072 2048 1856 ) (-3072 2048 3584 ) (-3584 2048 3584 ) (-3584 2048 1728 ) (-3328 2048 1728 ) 
4 192 194 (-3583 2048 560 ) (-3584 2048 560 ) (-3584 2176 560 ) (-3583 2176 560 ) 
4 192 193 (-3072 2048 560 ) (-3583 2048 560 ) (-3583 2176 560 ) (-3072 2176 560 ) 
4 193 199 (-3072 2048 528 ) (-3072 2048 544 ) (-3583 2048 544 ) (-3583 2048 528 ) 
4 193 198 (-3072 2048 544 ) (-3072 2048 560 ) (-3583 2048 560 ) (-3583 2048 544 ) 
4 193 194 (-3583 2176 528 ) (-3583 2048 528 ) (-3583 2048 560 ) (-3583 2176 560 ) 
4 194 200 (-3584 2048 544 ) (-3584 2048 528 ) (-3583 2048 528 ) (-3583 2048 544 ) 
4 194 198 (-3583 2048 560 ) (-3584 2048 560 ) (-3584 2048 544 ) (-3583 2048 544 ) 
4 195 265 (-3584 1024 1744 ) (-3584 1024 1728 ) (-3328 1024 1728 ) (-3296 1024 1744 ) 
5 195 264 (-3072 1024 1856 ) (-3072 1024 3584 ) (-3584 1024 3584 ) (-3584 1024 1744 ) (-3296 1024 1744 ) 
4 195 226 (-3512 1024 1728 ) (-3584 1024 1728 ) (-3584 1336 1728 ) (-3512 1336 1728 ) 
4 195 219 (-3584 1336 1728 ) (-3584 1344 1728 ) (-3512 1344 1728 ) (-3512 1336 1728 ) 
4 195 218 (-3328 1344 1728 ) (-3328 1024 1728 ) (-3512 1024 1728 ) (-3512 1344 1728 ) 
4 195 215 (-3584 1404 1728 ) (-3584 1412 1728 ) (-3580 1412 1728 ) (-3580 1404 1728 ) 
4 195 216 (-3580 1344 1728 ) (-3584 1344 1728 ) (-3584 1404 1728 ) (-3580 1404 1728 ) 
4 195 214 (-3520 1344 1728 ) (-3580 1344 1728 ) (-3580 1412 1728 ) (-3520 1412 1728 ) 
4 195 211 (-3584 1412 1728 ) (-3584 1536 1728 ) (-3520 1536 1728 ) (-3520 1412 1728 ) 
4 195 204 (-3512 1344 1728 ) (-3520 1344 1728 ) (-3520 1536 1728 ) (-3512 1536 1728 ) 
4 195 203 (-3328 1536 1728 ) (-3328 1344 1728 ) (-3512 1344 1728 ) (-3512 1536 1728 ) 
4 195 198 (-3584 2048 1728 ) (-3328 2048 1728 ) (-3328 1536 1728 ) (-3584 1536 1728 ) 
4 195 197 (-3328 1152 1728 ) (-3328 2048 1728 ) (-3296 2048 1744 ) (-3296 1120 1744 ) 
4 195 196 (-3296 2048 1744 ) (-3072 2048 1856 ) (-3072 1024 1856 ) (-3296 1024 1744 ) 
3 196 264 (-3072 1024 1744 ) (-3072 1024 1856 ) (-3296 1024 1744 ) 
4 196 197 (-3295.998047 1120 1744 ) (-3295.998047 2048 1744 ) (-3072 2048 1744 ) (-3072 1120 1744 ) 
4 197 218 (-3072 1344 1728 ) (-3072 1152 1728 ) (-3328 1152 1728 ) (-3328 1344 1728 ) 
4 197 203 (-3072 1536 1728 ) (-3072 1344 1728 ) (-3328 1344 1728 ) (-3328 1536 1728 ) 
4 197 198 (-3328 2048 1728 ) (-3072 2048 1728 ) (-3072 1536 1728 ) (-3328 1536 1728 ) 
4 198 213 (-3584 1536 560 ) (-3584 1536 544 ) (-3583 1536 544 ) (-3583 1536 560 ) 
4 198 212 (-3583 1536 544 ) (-3520 1536 544 ) (-3520 1536 560 ) (-3583 1536 560 ) 
4 198 211 (-3584 1536 1728 ) (-3584 1536 560 ) (-3520 1536 560 ) (-3520 1536 1728 ) 
4 198 209 (-3512 1536 952 ) (-3512 1536 960 ) (-3520 1536 960 ) (-3520 1536 952 ) 
4 198 210 (-3520 1536 544 ) (-3512 1536 544 ) (-3512 1536 952 ) (-3520 1536 952 ) 
4 198 207 (-3512 1536 1208 ) (-3512 1536 1216 ) (-3520 1536 1216 ) (-3520 1536 1208 ) 
4 198 206 (-3512 1536 1216 ) (-3512 1536 1464 ) (-3520 1536 1464 ) (-3520 1536 1216 ) 
4 198 208 (-3512 1536 960 ) (-3512 1536 1208 ) (-3520 1536 1208 ) (-3520 1536 960 ) 
4 198 205 (-3512 1536 1464 ) (-3512 1536 1472 ) (-3520 1536 1472 ) (-3520 1536 1464 ) 
4 198 204 (-3512 1536 1472 ) (-3512 1536 1728 ) (-3520 1536 1728 ) (-3520 1536 1472 ) 
4 198 203 (-3512 1536 544 ) (-3072 1536 544 ) (-3072 1536 1728 ) (-3512 1536 1728 ) 
4 198 200 (-3583 1536 544 ) (-3584 1536 544 ) (-3584 2048 544 ) (-3583 2048 544 ) 
4 198 199 (-3072 1536 544 ) (-3583 1536 544 ) (-3583 2048 544 ) (-3072 2048 544 ) 
4 199 212 (-3520 1536 544 ) (-3583 1536 544 ) (-3583 1536 528 ) (-3520 1536 528 ) 
4 199 210 (-3512 1536 544 ) (-3520 1536 544 ) (-3520 1536 528 ) (-3512 1536 528 ) 
4 199 203 (-3072 1536 528 ) (-3072 1536 544 ) (-3512 1536 544 ) (-3512 1536 528 ) 
4 199 201 (-3583 1544 520 ) (-3583 2040 520 ) (-3072 2040 520 ) (-3072 1544 520 ) 
4 199 200 (-3583 2048 520 ) (-3583 1536 520 ) (-3583 1536 544 ) (-3583 2048 544 ) 
4 200 213 (-3584 1536 544 ) (-3584 1536 528 ) (-3583 1536 528 ) (-3583 1536 544 ) 
4 200 202 (-3584 1544 520 ) (-3584 2040 520 ) (-3583 2040 520 ) (-3583 1544 520 ) 
4 201 202 (-3583 2040 520 ) (-3583 2040 512 ) (-3583 1544 512 ) (-3583 1544 520 ) 
4 203 218 (-3512 1344 528 ) (-3072 1344 528 ) (-3072 1344 1728 ) (-3512 1344 1728 ) 
4 203 217 (-3072 1344 528 ) (-3512 1344 528 ) (-3512 1408 528 ) (-3072 1408 528 ) 
4 203 209 (-3512 1536 960 ) (-3512 1536 952 ) (-3512 1400 952 ) (-3512 1408 960 ) 
4 203 210 (-3512 1536 952 ) (-3512 1536 528 ) (-3512 1344 528 ) (-3512 1344 952 ) 
4 203 207 (-3512 1536 1216 ) (-3512 1536 1208 ) (-3512 1400 1208 ) (-3512 1408 1216 ) 
4 203 206 (-3512 1536 1464 ) (-3512 1536 1216 ) (-3512 1344 1216 ) (-3512 1344 1464 ) 
4 203 208 (-3512 1536 1208 ) (-3512 1536 960 ) (-3512 1344 960 ) (-3512 1344 1208 ) 
4 203 205 (-3512 1536 1472 ) (-3512 1536 1464 ) (-3512 1400 1464 ) (-3512 1408 1472 ) 
4 203 204 (-3512 1536 1728 ) (-3512 1536 1472 ) (-3512 1344 1472 ) (-3512 1344 1728 ) 
4 204 219 (-3512 1344 1472 ) (-3512 1344 1728 ) (-3520 1344 1728 ) (-3520 1344 1472 ) 
4 204 214 (-3520 1412 1472 ) (-3520 1344 1472 ) (-3520 1344 1728 ) (-3520 1412 1728 ) 
4 204 211 (-3520 1536 1728 ) (-3520 1536 1472 ) (-3520 1412 1472 ) (-3520 1412 1728 ) 
4 204 205 (-3520 1408 1472 ) (-3520 1536 1472 ) (-3512 1536 1472 ) (-3512 1408 1472 ) 
4 205 214 (-3520 1412 1464 ) (-3520 1400 1464 ) (-3520 1408 1472 ) (-3520 1412 1472 ) 
4 205 211 (-3520 1536 1472 ) (-3520 1536 1464 ) (-3520 1412 1464 ) (-3520 1412 1472 ) 
4 205 206 (-3520 1400 1464 ) (-3520 1536 1464 ) (-3512 1536 1464 ) (-3512 1400 1464 ) 
4 206 221 (-3512 1344 1216 ) (-3512 1344 1464 ) (-3520 1344 1464 ) (-3520 1344 1216 ) 
4 206 214 (-3520 1412 1216 ) (-3520 1344 1216 ) (-3520 1344 1464 ) (-3520 1412 1464 ) 
4 206 211 (-3520 1536 1464 ) (-3520 1536 1216 ) (-3520 1412 1216 ) (-3520 1412 1464 ) 
4 206 207 (-3520 1408 1216 ) (-3520 1536 1216 ) (-3512 1536 1216 ) (-3512 1408 1216 ) 
4 207 214 (-3520 1412 1208 ) (-3520 1400 1208 ) (-3520 1408 1216 ) (-3520 1412 1216 ) 
4 207 211 (-3520 1536 1216 ) (-3520 1536 1208 ) (-3520 1412 1208 ) (-3520 1412 1216 ) 
4 207 208 (-3520 1400 1208 ) (-3520 1536 1208 ) (-3512 1536 1208 ) (-3512 1400 1208 ) 
4 208 223 (-3512 1344 960 ) (-3512 1344 1208 ) (-3520 1344 1208 ) (-3520 1344 960 ) 
4 208 214 (-3520 1412 960 ) (-3520 1344 960 ) (-3520 1344 1208 ) (-3520 1412 1208 ) 
4 208 211 (-3520 1536 1208 ) (-3520 1536 960 ) (-3520 1412 960 ) (-3520 1412 1208 ) 
4 208 209 (-3520 1408 960 ) (-3520 1536 960 ) (-3512 1536 960 ) (-3512 1408 960 ) 
4 209 214 (-3520 1412 952 ) (-3520 1400 952 ) (-3520 1408 960 ) (-3520 1412 960 ) 
4 209 211 (-3520 1536 960 ) (-3520 1536 952 ) (-3520 1412 952 ) (-3520 1412 960 ) 
4 209 210 (-3520 1400 952 ) (-3520 1536 952 ) (-3512 1536 952 ) (-3512 1400 952 ) 
4 210 225 (-3520 1344 528 ) (-3512 1344 528 ) (-3512 1344 952 ) (-3520 1344 952 ) 
4 210 217 (-3512 1344 528 ) (-3520 1344 528 ) (-3520 1408 528 ) (-3512 1408 528 ) 
4 210 214 (-3520 1412 528 ) (-3520 1344 528 ) (-3520 1344 952 ) (-3520 1412 952 ) 
4 210 212 (-3520 1536 560 ) (-3520 1536 528 ) (-3520 1412 528 ) (-3520 1412 560 ) 
4 210 211 (-3520 1536 952 ) (-3520 1536 560 ) (-3520 1412 560 ) (-3520 1412 952 ) 
4 211 215 (-3584 1412 1728 ) (-3584 1412 1724 ) (-3580 1412 1724 ) (-3580 1412 1728 ) 
4 211 214 (-3580 1412 560 ) (-3520 1412 560 ) (-3520 1412 1728 ) (-3580 1412 1728 ) 
4 211 213 (-3583 1412 560 ) (-3584 1412 560 ) (-3584 1536 560 ) (-3583 1536 560 ) 
4 211 212 (-3520 1412 560 ) (-3583 1412 560 ) (-3583 1536 560 ) (-3520 1536 560 ) 
4 212 214 (-3580 1412 528 ) (-3520 1412 528 ) (-3520 1412 560 ) (-3580 1412 560 ) 
4 212 213 (-3583 1536 528 ) (-3583 1412 528 ) (-3583 1412 560 ) (-3583 1536 560 ) 
4 214 225 (-3580 1344 528 ) (-3520 1344 528 ) (-3520 1344 952 ) (-3580 1344 952 ) 
3 214 224 (-3580 1344 956 ) (-3580 1344 952 ) (-3576 1344 952 ) 
4 214 223 (-3520 1344 960 ) (-3520 1344 1208 ) (-3580 1344 1208 ) (-3580 1344 960 ) 
3 214 222 (-3580 1344 1212 ) (-3580 1344 1208 ) (-3576 1344 1208 ) 
3 214 220 (-3580 1344 1468 ) (-3580 1344 1464 ) (-3576 1344 1464 ) 
4 214 219 (-3520 1344 1472 ) (-3520 1344 1728 ) (-3580 1344 1728 ) (-3580 1344 1472 ) 
4 214 221 (-3520 1344 1216 ) (-3520 1344 1464 ) (-3580 1344 1464 ) (-3580 1344 1216 ) 
4 214 217 (-3520 1344 528 ) (-3580 1344 528 ) (-3580 1408 528 ) (-3520 1408 528 ) 
4 214 215 (-3580 1412 1728 ) (-3580 1412 1724 ) (-3580 1404 1724 ) (-3580 1404 1728 ) 
4 214 216 (-3580 1404 528 ) (-3580 1344 528 ) (-3580 1344 1728 ) (-3580 1404 1728 ) 
4 215 216 (-3584 1404 1728 ) (-3584 1404 1724 ) (-3580 1404 1724 ) (-3580 1404 1728 ) 
4 216 225 (-3584 1344 952 ) (-3584 1344 528 ) (-3580 1344 528 ) (-3580 1344 952 ) 
4 216 224 (-3584 1344 960 ) (-3584 1344 952 ) (-3580 1344 952 ) (-3580 1344 956 ) 
4 216 223 (-3584 1344 1208 ) (-3584 1344 960 ) (-3580 1344 960 ) (-3580 1344 1208 ) 
4 216 222 (-3584 1344 1216 ) (-3584 1344 1208 ) (-3580 1344 1208 ) (-3580 1344 1212 ) 
4 216 220 (-3584 1344 1472 ) (-3584 1344 1464 ) (-3580 1344 1464 ) (-3580 1344 1468 ) 
4 216 219 (-3584 1344 1728 ) (-3584 1344 1472 ) (-3580 1344 1472 ) (-3580 1344 1728 ) 
4 216 221 (-3584 1344 1464 ) (-3584 1344 1216 ) (-3580 1344 1216 ) (-3580 1344 1464 ) 
4 216 217 (-3580 1344 528 ) (-3584 1344 528 ) (-3584 1404 528 ) (-3580 1404 528 ) 
4 217 225 (-3584 1344 528 ) (-3584 1344 512 ) (-3512 1344 512 ) (-3512 1344 528 ) 
4 217 218 (-3512 1344 512 ) (-3072 1344 512 ) (-3072 1344 528 ) (-3512 1344 528 ) 
4 218 267 (-3072 1024 512 ) (-3072 1024 1728 ) (-3512 1024 1728 ) (-3512 1024 512 ) 
4 218 226 (-3512 1336 512 ) (-3512 1024 512 ) (-3512 1024 1728 ) (-3512 1336 1728 ) 
4 218 225 (-3512 1344 952 ) (-3512 1344 512 ) (-3512 1336 512 ) (-3512 1336 952 ) 
4 218 223 (-3512 1344 1208 ) (-3512 1344 960 ) (-3512 1336 960 ) (-3512 1336 1208 ) 
4 218 219 (-3512 1344 1728 ) (-3512 1344 1472 ) (-3512 1336 1472 ) (-3512 1336 1728 ) 
4 218 221 (-3512 1344 1464 ) (-3512 1344 1216 ) (-3512 1336 1216 ) (-3512 1336 1464 ) 
4 219 226 (-3584 1336 1728 ) (-3584 1336 1472 ) (-3512 1336 1472 ) (-3512 1336 1728 ) 
3 220 226 (-3584 1336 1472 ) (-3584 1336 1464 ) (-3576 1336 1464 ) 
4 220 221 (-3576 1336 1464 ) (-3584 1336 1464 ) (-3584 1344 1464 ) (-3576 1344 1464 ) 
4 221 226 (-3584 1336 1464 ) (-3584 1336 1216 ) (-3512 1336 1216 ) (-3512 1336 1464 ) 
3 222 226 (-3584 1336 1216 ) (-3584 1336 1208 ) (-3576 1336 1208 ) 
4 222 223 (-3576 1336 1208 ) (-3584 1336 1208 ) (-3584 1344 1208 ) (-3576 1344 1208 ) 
4 223 226 (-3584 1336 1208 ) (-3584 1336 960 ) (-3512 1336 960 ) (-3512 1336 1208 ) 
3 224 226 (-3584 1336 960 ) (-3584 1336 952 ) (-3576 1336 952 ) 
4 224 225 (-3576 1336 952 ) (-3584 1336 952 ) (-3584 1344 952 ) (-3576 1344 952 ) 
4 225 226 (-3584 1336 952 ) (-3584 1336 512 ) (-3512 1336 512 ) (-3512 1336 952 ) 
4 226 276 (-3520 1024 1728 ) (-3584 1024 1728 ) (-3584 1024 512 ) (-3520 1024 512 ) 
4 226 267 (-3512 1024 512 ) (-3512 1024 1728 ) (-3520 1024 1728 ) (-3520 1024 512 ) 
4 227 228 (-1920 1024 3584 ) (-1920 1024 1280 ) (-1920 512 1280 ) (-1920 512 3584 ) 
4 228 234 (-2048 1024 1728 ) (-2048 1024 560 ) (-2048 512 560 ) (-2048 512 1728 ) 
4 228 232 (-2048 1024 1744 ) (-2048 1024 1728 ) (-2048 512 1728 ) (-2048 512 1744 ) 
4 228 231 (-2048 1024 3584 ) (-2048 1024 1744 ) (-2048 512 1744 ) (-2048 512 3584 ) 
4 228 230 (-1920 513 560 ) (-1920 512 560 ) (-2048 512 560 ) (-2048 513 560 ) 
4 228 229 (-1920 1024 560 ) (-1920 513 560 ) (-2048 513 560 ) (-2048 1024 560 ) 
4 229 235 (-2048 1024 544 ) (-2048 1024 528 ) (-2048 513 528 ) (-2048 513 544 ) 
4 229 234 (-2048 1024 560 ) (-2048 1024 544 ) (-2048 513 544 ) (-2048 513 560 ) 
4 229 230 (-2048 513 528 ) (-1920 513 528 ) (-1920 513 560 ) (-2048 513 560 ) 
4 230 236 (-2048 513 528 ) (-2048 512 528 ) (-2048 512 544 ) (-2048 513 544 ) 
4 230 234 (-2048 512 544 ) (-2048 512 560 ) (-2048 513 560 ) (-2048 513 544 ) 
4 231 264 (-3072 1024 3584 ) (-3072 1024 1744 ) (-3072 512 1744 ) (-3072 512 3584 ) 
4 231 233 (-2976 512 1744 ) (-3072 512 1744 ) (-3072 800 1744 ) (-2976 800 1744 ) 
4 231 232 (-2048 512 1744 ) (-2976 512 1744 ) (-2976 1024 1744 ) (-2048 1024 1744 ) 
4 232 256 (-2752 512 1728 ) (-2760 512 1728 ) (-2760 576 1728 ) (-2752 576 1728 ) 
4 232 253 (-2684 512 1728 ) (-2692 512 1728 ) (-2692 516 1728 ) (-2684 516 1728 ) 
4 232 252 (-2692 516 1728 ) (-2692 576 1728 ) (-2684 576 1728 ) (-2684 516 1728 ) 
4 232 254 (-2692 512 1728 ) (-2752 512 1728 ) (-2752 576 1728 ) (-2692 576 1728 ) 
4 232 249 (-2560 512 1728 ) (-2684 512 1728 ) (-2684 576 1728 ) (-2560 576 1728 ) 
4 232 240 (-2760 576 1728 ) (-2760 584 1728 ) (-2560 584 1728 ) (-2560 576 1728 ) 
4 232 239 (-2760 584 1728 ) (-2760 1024 1728 ) (-2560 1024 1728 ) (-2560 584 1728 ) 
4 232 234 (-2048 512 1728 ) (-2560 512 1728 ) (-2560 1024 1728 ) (-2048 1024 1728 ) 
4 232 263 (-2760 512 1728 ) (-2944 512 1728 ) (-2944 1024 1728 ) (-2760 1024 1728 ) 
4 232 233 (-2975.998047 512 1744 ) (-2975.998047 800 1744 ) (-2943.998047 768 1728 ) (-2943.998047 512 1728 ) 
4 233 266 (-3072 768 1728 ) (-3072 512 1728 ) (-3072 512 1744 ) (-3072 800 1744 ) 
4 233 263 (-2944 512 1728 ) (-3072 512 1728 ) (-3072 768 1728 ) (-2944 768 1728 ) 
4 234 251 (-2560 512 544 ) (-2560 512 560 ) (-2560 513 560 ) (-2560 513 544 ) 
4 234 250 (-2560 513 560 ) (-2560 576 560 ) (-2560 576 544 ) (-2560 513 544 ) 
4 234 249 (-2560 512 560 ) (-2560 512 1728 ) (-2560 576 1728 ) (-2560 576 560 ) 
4 234 247 (-2560 1024 952 ) (-2560 1024 544 ) (-2560 576 544 ) (-2560 576 952 ) 
4 234 246 (-2560 584 952 ) (-2560 576 952 ) (-2560 576 960 ) (-2560 584 960 ) 
4 234 245 (-2560 1024 960 ) (-2560 1024 952 ) (-2560 584 952 ) (-2560 584 960 ) 
4 234 243 (-2560 584 1216 ) (-2560 584 1208 ) (-2560 576 1208 ) (-2560 576 1216 ) 
4 234 244 (-2560 584 1208 ) (-2560 584 960 ) (-2560 576 960 ) (-2560 576 1208 ) 
4 234 241 (-2560 584 1472 ) (-2560 584 1464 ) (-2560 576 1464 ) (-2560 576 1472 ) 
4 234 240 (-2560 576 1728 ) (-2560 584 1728 ) (-2560 584 1472 ) (-2560 576 1472 ) 
4 234 242 (-2560 584 1464 ) (-2560 584 1216 ) (-2560 576 1216 ) (-2560 576 1464 ) 
4 234 239 (-2560 584 1728 ) (-2560 1024 1728 ) (-2560 1024 960 ) (-2560 584 960 ) 
4 234 236 (-2048 512 544 ) (-2560 512 544 ) (-2560 513 544 ) (-2048 513 544 ) 
4 234 235 (-2560 513 544 ) (-2560 1024 544 ) (-2048 1024 544 ) (-2048 513 544 ) 
4 235 250 (-2560 513 544 ) (-2560 576 544 ) (-2560 576 528 ) (-2560 513 528 ) 
4 235 247 (-2560 576 544 ) (-2560 1024 544 ) (-2560 1024 528 ) (-2560 576 528 ) 
4 235 237 (-2552 1024 520 ) (-2056 1024 520 ) (-2056 513 520 ) (-2552 513 520 ) 
4 235 236 (-2560 513 520 ) (-2048 513 520 ) (-2048 513 544 ) (-2560 513 544 ) 
4 236 251 (-2560 512 528 ) (-2560 512 544 ) (-2560 513 544 ) (-2560 513 528 ) 
4 236 238 (-2056 512 520 ) (-2552 512 520 ) (-2552 513 520 ) (-2056 513 520 ) 
4 237 238 (-2552 513 520 ) (-2552 513 512 ) (-2056 513 512 ) (-2056 513 520 ) 
4 239 245 (-2760 584 960 ) (-2760 1024 960 ) (-2560 1024 960 ) (-2560 584 960 ) 
4 239 243 (-2696 584 1208 ) (-2560 584 1208 ) (-2560 584 1216 ) (-2688 584 1216 ) 
4 239 244 (-2760 584 1208 ) (-2760 584 960 ) (-2560 584 960 ) (-2560 584 1208 ) 
4 239 241 (-2696 584 1464 ) (-2560 584 1464 ) (-2560 584 1472 ) (-2688 584 1472 ) 
4 239 240 (-2760 584 1728 ) (-2760 584 1472 ) (-2560 584 1472 ) (-2560 584 1728 ) 
4 239 242 (-2760 584 1464 ) (-2760 584 1216 ) (-2560 584 1216 ) (-2560 584 1464 ) 
4 239 263 (-2760 584 1728 ) (-2760 1024 1728 ) (-2760 1024 960 ) (-2760 584 960 ) 
4 240 256 (-2760 576 1728 ) (-2760 576 1472 ) (-2752 576 1472 ) (-2752 576 1728 ) 
4 240 252 (-2692 576 1472 ) (-2684 576 1472 ) (-2684 576 1728 ) (-2692 576 1728 ) 
4 240 254 (-2752 576 1472 ) (-2692 576 1472 ) (-2692 576 1728 ) (-2752 576 1728 ) 
4 240 249 (-2684 576 1472 ) (-2560 576 1472 ) (-2560 576 1728 ) (-2684 576 1728 ) 
4 240 241 (-2560 576 1472 ) (-2688 576 1472 ) (-2688 584 1472 ) (-2560 584 1472 ) 
4 240 263 (-2760 576 1472 ) (-2760 576 1728 ) (-2760 584 1728 ) (-2760 584 1472 ) 
5 241 252 (-2692 576 1464 ) (-2684 576 1464 ) (-2684 576 1472 ) (-2688 576 1472 ) (-2692 576 1468 ) 
3 241 254 (-2696 576 1464 ) (-2692 576 1464 ) (-2692 576 1468 ) 
4 241 249 (-2684 576 1464 ) (-2560 576 1464 ) (-2560 576 1472 ) (-2684 576 1472 ) 
4 241 242 (-2560 576 1464 ) (-2696 576 1464 ) (-2696 584 1464 ) (-2560 584 1464 ) 
4 242 258 (-2760 576 1464 ) (-2760 576 1216 ) (-2752 576 1216 ) (-2752 576 1464 ) 
4 242 252 (-2692 576 1216 ) (-2684 576 1216 ) (-2684 576 1464 ) (-2692 576 1464 ) 
4 242 254 (-2752 576 1216 ) (-2692 576 1216 ) (-2692 576 1464 ) (-2752 576 1464 ) 
4 242 249 (-2684 576 1216 ) (-2560 576 1216 ) (-2560 576 1464 ) (-2684 576 1464 ) 
4 242 243 (-2560 576 1216 ) (-2688 576 1216 ) (-2688 584 1216 ) (-2560 584 1216 ) 
4 242 263 (-2760 576 1216 ) (-2760 576 1464 ) (-2760 584 1464 ) (-2760 584 1216 ) 
5 243 252 (-2692 576 1208 ) (-2684 576 1208 ) (-2684 576 1216 ) (-2688 576 1216 ) (-2692 576 1212 ) 
3 243 254 (-2696 576 1208 ) (-2692 576 1208 ) (-2692 576 1212 ) 
4 243 249 (-2684 576 1208 ) (-2560 576 1208 ) (-2560 576 1216 ) (-2684 576 1216 ) 
4 243 244 (-2560 576 1208 ) (-2696 576 1208 ) (-2696 584 1208 ) (-2560 584 1208 ) 
4 244 260 (-2760 576 1208 ) (-2760 576 960 ) (-2752 576 960 ) (-2752 576 1208 ) 
4 244 252 (-2692 576 960 ) (-2684 576 960 ) (-2684 576 1208 ) (-2692 576 1208 ) 
4 244 254 (-2752 576 960 ) (-2692 576 960 ) (-2692 576 1208 ) (-2752 576 1208 ) 
4 244 249 (-2684 576 960 ) (-2560 576 960 ) (-2560 576 1208 ) (-2684 576 1208 ) 
4 244 246 (-2560 576 960 ) (-2688 576 960 ) (-2688 584 960 ) (-2560 584 960 ) 
4 244 263 (-2760 576 960 ) (-2760 576 1208 ) (-2760 584 1208 ) (-2760 584 960 ) 
4 245 247 (-2688 1024 952 ) (-2560 1024 952 ) (-2560 584 952 ) (-2688 584 952 ) 
4 245 248 (-2760 584 952 ) (-2760 1024 952 ) (-2688 1024 952 ) (-2688 584 952 ) 
4 245 246 (-2696 584 952 ) (-2560 584 952 ) (-2560 584 960 ) (-2688 584 960 ) 
4 245 263 (-2760 584 960 ) (-2760 1024 960 ) (-2760 1024 952 ) (-2760 584 952 ) 
5 246 252 (-2692 576 952 ) (-2684 576 952 ) (-2684 576 960 ) (-2688 576 960 ) (-2692 576 956 ) 
3 246 254 (-2696 576 952 ) (-2692 576 952 ) (-2692 576 956 ) 
4 246 249 (-2684 576 952 ) (-2560 576 952 ) (-2560 576 960 ) (-2684 576 960 ) 
4 246 247 (-2560 576 952 ) (-2688 576 952 ) (-2688 584 952 ) (-2560 584 952 ) 
4 246 248 (-2688 576 952 ) (-2696 576 952 ) (-2696 584 952 ) (-2688 584 952 ) 
4 247 252 (-2684 576 952 ) (-2688 576 952 ) (-2688 576 528 ) (-2684 576 528 ) 
4 247 250 (-2560 576 528 ) (-2560 576 560 ) (-2684 576 560 ) (-2684 576 528 ) 
4 247 249 (-2560 576 560 ) (-2560 576 952 ) (-2684 576 952 ) (-2684 576 560 ) 
4 247 248 (-2688 576 528 ) (-2688 576 952 ) (-2688 1024 952 ) (-2688 1024 528 ) 
4 248 262 (-2760 576 952 ) (-2760 576 512 ) (-2752 576 512 ) (-2752 576 952 ) 
4 248 255 (-2752 576 512 ) (-2688 576 512 ) (-2688 576 528 ) (-2752 576 528 ) 
4 248 252 (-2688 576 528 ) (-2688 576 952 ) (-2692 576 952 ) (-2692 576 528 ) 
4 248 254 (-2692 576 952 ) (-2752 576 952 ) (-2752 576 528 ) (-2692 576 528 ) 
4 248 263 (-2760 1024 512 ) (-2760 576 512 ) (-2760 576 952 ) (-2760 1024 952 ) 
4 249 253 (-2684 512 1724 ) (-2684 512 1728 ) (-2684 516 1728 ) (-2684 516 1724 ) 
4 249 252 (-2684 576 1728 ) (-2684 576 560 ) (-2684 516 560 ) (-2684 516 1728 ) 
4 249 251 (-2684 512 560 ) (-2684 513 560 ) (-2560 513 560 ) (-2560 512 560 ) 
4 249 250 (-2684 513 560 ) (-2684 576 560 ) (-2560 576 560 ) (-2560 513 560 ) 
4 250 252 (-2684 576 560 ) (-2684 576 528 ) (-2684 516 528 ) (-2684 516 560 ) 
4 250 251 (-2560 513 560 ) (-2684 513 560 ) (-2684 513 528 ) (-2560 513 528 ) 
4 252 255 (-2692 576 528 ) (-2688 576 528 ) (-2688 516 528 ) (-2692 516 528 ) 
4 252 253 (-2692 516 1728 ) (-2692 516 1724 ) (-2684 516 1724 ) (-2684 516 1728 ) 
4 252 254 (-2692 576 1728 ) (-2692 576 528 ) (-2692 516 528 ) (-2692 516 1728 ) 
4 253 254 (-2692 512 1724 ) (-2692 512 1728 ) (-2692 516 1728 ) (-2692 516 1724 ) 
3 254 261 (-2752 520 952 ) (-2752 512 952 ) (-2752 512 960 ) 
4 254 262 (-2752 576 952 ) (-2752 576 528 ) (-2752 512 528 ) (-2752 512 952 ) 
3 254 259 (-2752 520 1208 ) (-2752 512 1208 ) (-2752 512 1216 ) 
4 254 258 (-2752 576 1464 ) (-2752 576 1216 ) (-2752 512 1216 ) (-2752 512 1464 ) 
4 254 260 (-2752 576 1208 ) (-2752 576 960 ) (-2752 512 960 ) (-2752 512 1208 ) 
3 254 257 (-2752 520 1464 ) (-2752 512 1464 ) (-2752 512 1472 ) 
4 254 256 (-2752 576 1728 ) (-2752 576 1472 ) (-2752 512 1472 ) (-2752 512 1728 ) 
4 254 255 (-2752 512 528 ) (-2752 576 528 ) (-2692 576 528 ) (-2692 512 528 ) 
4 255 262 (-2752 576 528 ) (-2752 576 512 ) (-2752 512 512 ) (-2752 512 528 ) 
4 256 263 (-2760 512 1472 ) (-2760 512 1728 ) (-2760 576 1728 ) (-2760 576 1472 ) 
4 257 258 (-2760 512 1464 ) (-2760 520 1464 ) (-2752 520 1464 ) (-2752 512 1464 ) 
3 257 263 (-2760 512 1464 ) (-2760 512 1472 ) (-2760 520 1464 ) 
4 258 263 (-2760 512 1216 ) (-2760 512 1464 ) (-2760 576 1464 ) (-2760 576 1216 ) 
3 259 263 (-2760 512 1208 ) (-2760 512 1216 ) (-2760 520 1208 ) 
4 259 260 (-2760 512 1208 ) (-2760 520 1208 ) (-2752 520 1208 ) (-2752 512 1208 ) 
4 260 263 (-2760 512 960 ) (-2760 512 1208 ) (-2760 576 1208 ) (-2760 576 960 ) 
4 261 262 (-2760 512 952 ) (-2760 520 952 ) (-2752 520 952 ) (-2752 512 952 ) 
3 261 263 (-2760 512 952 ) (-2760 512 960 ) (-2760 520 952 ) 
4 262 263 (-2760 576 512 ) (-2760 512 512 ) (-2760 512 952 ) (-2760 576 952 ) 
4 263 268 (-3072 584 512 ) (-3072 512 512 ) (-3072 512 1728 ) (-3072 584 1728 ) 
4 263 267 (-3072 1024 1728 ) (-3072 1024 512 ) (-3072 584 512 ) (-3072 584 1728 ) 
4 264 266 (-3072 800 1744 ) (-3072 512 1744 ) (-3296 512 1744 ) (-3296 800 1744 ) 
4 264 265 (-3584 1024 1744 ) (-3296 1024 1744 ) (-3296 512 1744 ) (-3584 512 1744 ) 
4 265 284 (-3520 576 1728 ) (-3520 512 1728 ) (-3584 512 1728 ) (-3584 576 1728 ) 
4 265 277 (-3520 584 1728 ) (-3520 576 1728 ) (-3584 576 1728 ) (-3584 584 1728 ) 
4 265 276 (-3584 1024 1728 ) (-3520 1024 1728 ) (-3520 584 1728 ) (-3584 584 1728 ) 
4 265 269 (-3512 512 1728 ) (-3520 512 1728 ) (-3520 584 1728 ) (-3512 584 1728 ) 
4 265 268 (-3328 584 1728 ) (-3328 512 1728 ) (-3512 512 1728 ) (-3512 584 1728 ) 
4 265 267 (-3520 1024 1728 ) (-3328 1024 1728 ) (-3328 584 1728 ) (-3520 584 1728 ) 
4 265 266 (-3296.003906 512 1744 ) (-3328.003906 512 1728 ) (-3328.003906 768 1728 ) (-3296.003906 800 1744 ) 
4 266 268 (-3072 584 1728 ) (-3072 512 1728 ) (-3328 512 1728 ) (-3328 584 1728 ) 
4 266 267 (-3072 768 1728 ) (-3072 584 1728 ) (-3328 584 1728 ) (-3328 768 1728 ) 
4 267 276 (-3520 584 1728 ) (-3520 1024 1728 ) (-3520 1024 512 ) (-3520 584 512 ) 
4 267 275 (-3520 584 952 ) (-3520 584 512 ) (-3512 584 512 ) (-3512 584 952 ) 
4 267 271 (-3520 584 1464 ) (-3520 584 1216 ) (-3512 584 1216 ) (-3512 584 1464 ) 
4 267 273 (-3520 584 1208 ) (-3520 584 960 ) (-3512 584 960 ) (-3512 584 1208 ) 
4 267 269 (-3520 584 1728 ) (-3520 584 1472 ) (-3512 584 1472 ) (-3512 584 1728 ) 
4 267 268 (-3512 584 512 ) (-3072 584 512 ) (-3072 584 1728 ) (-3512 584 1728 ) 
3 268 274 (-3512 520 952 ) (-3512 512 952 ) (-3512 512 960 ) 
4 268 275 (-3512 584 952 ) (-3512 584 512 ) (-3512 512 512 ) (-3512 512 952 ) 
3 268 272 (-3512 520 1208 ) (-3512 512 1208 ) (-3512 512 1216 ) 
4 268 271 (-3512 584 1464 ) (-3512 584 1216 ) (-3512 512 1216 ) (-3512 512 1464 ) 
4 268 273 (-3512 584 1208 ) (-3512 584 960 ) (-3512 512 960 ) (-3512 512 1208 ) 
3 268 270 (-3512 520 1464 ) (-3512 512 1464 ) (-3512 512 1472 ) 
4 268 269 (-3512 584 1728 ) (-3512 584 1472 ) (-3512 512 1472 ) (-3512 512 1728 ) 
4 269 284 (-3520 512 1728 ) (-3520 576 1728 ) (-3520 576 1472 ) (-3520 512 1472 ) 
4 269 277 (-3520 576 1728 ) (-3520 584 1728 ) (-3520 584 1472 ) (-3520 576 1472 ) 
3 270 284 (-3520 520 1464 ) (-3520 512 1464 ) (-3520 512 1472 ) 
4 270 271 (-3520 512 1464 ) (-3520 520 1464 ) (-3512 520 1464 ) (-3512 512 1464 ) 
4 271 284 (-3520 576 1216 ) (-3520 512 1216 ) (-3520 512 1464 ) (-3520 576 1464 ) 
4 271 279 (-3520 584 1464 ) (-3520 584 1216 ) (-3520 576 1216 ) (-3520 576 1464 ) 
3 272 284 (-3520 520 1208 ) (-3520 512 1208 ) (-3520 512 1216 ) 
4 272 273 (-3512 512 1208 ) (-3520 512 1208 ) (-3520 520 1208 ) (-3512 520 1208 ) 
4 273 284 (-3520 576 960 ) (-3520 512 960 ) (-3520 512 1208 ) (-3520 576 1208 ) 
4 273 281 (-3520 584 1208 ) (-3520 584 960 ) (-3520 576 960 ) (-3520 576 1208 ) 
3 274 284 (-3520 520 952 ) (-3520 512 952 ) (-3520 512 960 ) 
4 274 275 (-3512 512 952 ) (-3520 512 952 ) (-3520 520 952 ) (-3512 520 952 ) 
4 275 284 (-3520 576 512 ) (-3520 512 512 ) (-3520 512 952 ) (-3520 576 952 ) 
4 275 283 (-3520 584 952 ) (-3520 584 512 ) (-3520 576 512 ) (-3520 576 952 ) 
3 276 282 (-3584 584 960 ) (-3584 584 952 ) (-3576 584 952 ) 
4 276 283 (-3584 584 952 ) (-3584 584 512 ) (-3520 584 512 ) (-3520 584 952 ) 
3 276 280 (-3584 584 1216 ) (-3584 584 1208 ) (-3576 584 1208 ) 
4 276 279 (-3584 584 1464 ) (-3584 584 1216 ) (-3520 584 1216 ) (-3520 584 1464 ) 
4 276 281 (-3584 584 1208 ) (-3584 584 960 ) (-3520 584 960 ) (-3520 584 1208 ) 
3 276 278 (-3584 584 1472 ) (-3584 584 1464 ) (-3576 584 1464 ) 
4 276 277 (-3584 584 1728 ) (-3584 584 1472 ) (-3520 584 1472 ) (-3520 584 1728 ) 
4 277 284 (-3584 576 1728 ) (-3584 576 1472 ) (-3520 576 1472 ) (-3520 576 1728 ) 
3 278 284 (-3584 576 1472 ) (-3584 576 1464 ) (-3576 576 1464 ) 
4 278 279 (-3576 576 1464 ) (-3584 576 1464 ) (-3584 584 1464 ) (-3576 584 1464 ) 
4 279 284 (-3584 576 1464 ) (-3584 576 1216 ) (-3520 576 1216 ) (-3520 576 1464 ) 
3 280 284 (-3584 576 1216 ) (-3584 576 1208 ) (-3576 576 1208 ) 
4 280 281 (-3576 576 1208 ) (-3584 576 1208 ) (-3584 584 1208 ) (-3576 584 1208 ) 
4 281 284 (-3584 576 1208 ) (-3584 576 960 ) (-3520 576 960 ) (-3520 576 1208 ) 
3 282 284 (-3584 576 960 ) (-3584 576 952 ) (-3576 576 952 ) 
4 282 283 (-3576 576 952 ) (-3584 576 952 ) (-3584 584 952 ) (-3576 584 952 ) 
4 283 284 (-3584 576 952 ) (-3584 576 512 ) (-3520 576 512 ) (-3520 576 952 ) 
