PRT1
356
1118
4 0 13 (4608 4096 1280 ) (4608 4096 1344 ) (4288 4096 1344 ) (4288 4096 1280 ) 
4 0 12 (4608 4096 1344 ) (4608 4096 4096 ) (4288 4096 4096 ) (4288 4096 1344 ) 
4 0 3 (4288 4608 1280 ) (4608 4608 1280 ) (4608 4096 1280 ) (4288 4096 1280 ) 
4 0 2 (4288 4096 1344 ) (4288 4096 4096 ) (4288 4416 4096 ) (4288 4416 1344 ) 
4 0 1 (4288 4608 1280 ) (4288 4416 1280 ) (4288 4416 4096 ) (4288 4608 4096 ) 
4 1 7 (4096 4608 1344 ) (4096 4608 1280 ) (4096 4416 1280 ) (4096 4416 1344 ) 
4 1 6 (4096 4416 4096 ) (4096 4608 4096 ) (4096 4608 1344 ) (4096 4416 1344 ) 
4 1 4 (4096 4416 1280 ) (4096 4608 1280 ) (4224 4608 1280 ) (4224 4416 1280 ) 
4 1 3 (4224 4608 1280 ) (4288 4608 1280 ) (4288 4416 1280 ) (4224 4416 1280 ) 
4 1 2 (4288 4416 1344 ) (4288 4416 4096 ) (4096 4416 4096 ) (4096 4416 1344 ) 
4 2 12 (4288 4096 4096 ) (4096 4096 4096 ) (4096 4096 1344 ) (4288 4096 1344 ) 
4 2 6 (4096 4096 1344 ) (4096 4096 4096 ) (4096 4416 4096 ) (4096 4416 1344 ) 
4 3 15 (4608 4096 1024 ) (4608 4096 1280 ) (4224 4096 1280 ) (4224 4096 1024 ) 
4 3 4 (4224 4608 1024 ) (4224 4352 1024 ) (4224 4352 1280 ) (4224 4608 1280 ) 
4 3 5 (4224 4288 1024 ) (4224 4096 1024 ) (4224 4096 1280 ) (4224 4288 1280 ) 
4 4 9 (4096 4352 1280 ) (4096 4608 1280 ) (4096 4608 1024 ) (4096 4352 1024 ) 
4 5 16 (4224 4096 1280 ) (4096 4096 1280 ) (4096 4096 1024 ) (4224 4096 1024 ) 
4 5 10 (4096 4096 1024 ) (4096 4096 1280 ) (4096 4288 1280 ) (4096 4288 1024 ) 
4 6 30 (3072 4096 1344 ) (3072 4096 4096 ) (3072 4608 4096 ) (3072 4608 1344 ) 
4 6 20 (4096 4096 1344 ) (4096 4096 4096 ) (3072 4096 4096 ) (3072 4096 1344 ) 
4 6 7 (3904 4416 1344 ) (3904 4608 1344 ) (4096 4608 1344 ) (4096 4416 1344 ) 
4 6 8 (3904 4096 1344 ) (3072 4096 1344 ) (3072 4608 1344 ) (3904 4608 1344 ) 
4 7 9 (3968 4608 1280 ) (4096 4608 1280 ) (4096 4416 1280 ) (3968 4416 1280 ) 
4 7 11 (3904 4608 1280 ) (3968 4608 1280 ) (3968 4416 1280 ) (3904 4416 1280 ) 
4 7 8 (3904 4608 1280 ) (3904 4416 1280 ) (3904 4416 1344 ) (3904 4608 1344 ) 
4 8 30 (3072 4096 1280 ) (3072 4096 1344 ) (3072 4608 1344 ) (3072 4608 1280 ) 
4 8 22 (3904 4096 1344 ) (3072 4096 1344 ) (3072 4096 1280 ) (3904 4096 1280 ) 
4 8 11 (3072 4608 1280 ) (3904 4608 1280 ) (3904 4096 1280 ) (3072 4096 1280 ) 
4 9 11 (3968 4608 1024 ) (3968 4352 1024 ) (3968 4352 1280 ) (3968 4608 1280 ) 
4 10 23 (4096 4096 1024 ) (4096 4096 1280 ) (3968 4096 1280 ) (3968 4096 1024 ) 
4 10 11 (3968 4288 1024 ) (3968 4096 1024 ) (3968 4096 1280 ) (3968 4288 1280 ) 
4 11 30 (3072 4096 1024 ) (3072 4096 1280 ) (3072 4608 1280 ) (3072 4608 1024 ) 
4 11 25 (3968 4096 1280 ) (3072 4096 1280 ) (3072 4096 1024 ) (3968 4096 1024 ) 
4 12 115 (4224 3072 4096 ) (4096 3072 4096 ) (4096 3072 1344 ) (4224 3072 1344 ) 
4 12 111 (4608 3072 1344 ) (4608 3072 4096 ) (4224 3072 4096 ) (4224 3072 1344 ) 
4 12 20 (4096 4096 4096 ) (4096 4096 1344 ) (4096 3072 1344 ) (4096 3072 4096 ) 
4 12 14 (4096 3072 1344 ) (4096 3776 1344 ) (4288 3776 1344 ) (4288 3072 1344 ) 
4 12 13 (4288 4096 1344 ) (4608 4096 1344 ) (4608 3072 1344 ) (4288 3072 1344 ) 
4 13 111 (4608 3072 1280 ) (4608 3072 1344 ) (4288 3072 1344 ) (4288 3072 1280 ) 
4 13 15 (4288 4096 1280 ) (4608 4096 1280 ) (4608 3072 1280 ) (4288 3072 1280 ) 
4 13 14 (4288 3776 1280 ) (4288 3072 1280 ) (4288 3072 1344 ) (4288 3776 1344 ) 
4 14 115 (4224 3072 1344 ) (4096 3072 1344 ) (4096 3072 1280 ) (4224 3072 1280 ) 
4 14 111 (4288 3072 1344 ) (4224 3072 1344 ) (4224 3072 1280 ) (4288 3072 1280 ) 
4 14 21 (4096 3776 1280 ) (4096 3072 1280 ) (4096 3072 1344 ) (4096 3776 1344 ) 
4 14 17 (4224 3072 1280 ) (4096 3072 1280 ) (4096 3776 1280 ) (4224 3776 1280 ) 
4 14 15 (4288 3776 1280 ) (4288 3072 1280 ) (4224 3072 1280 ) (4224 3776 1280 ) 
4 15 111 (4608 3072 1024 ) (4608 3072 1280 ) (4224 3072 1280 ) (4224 3072 1024 ) 
4 15 19 (4608 3200 1024 ) (4608 3072 1024 ) (4224 3072 1024 ) (4224 3200 1024 ) 
4 15 18 (4608 3584 1024 ) (4608 3200 1024 ) (4224 3200 1024 ) (4224 3584 1024 ) 
4 15 16 (4224 4096 1024 ) (4224 3904 1024 ) (4224 3904 1280 ) (4224 4096 1280 ) 
4 15 17 (4224 3840 1024 ) (4224 3072 1024 ) (4224 3072 1280 ) (4224 3840 1280 ) 
4 16 23 (4096 4096 1280 ) (4096 4096 1024 ) (4096 3904 1024 ) (4096 3904 1280 ) 
4 17 115 (4224 3072 1280 ) (4096 3072 1280 ) (4096 3072 1024 ) (4224 3072 1024 ) 
4 17 24 (4096 3840 1024 ) (4096 3072 1024 ) (4096 3072 1280 ) (4096 3840 1280 ) 
4 17 19 (4096 3072 1024 ) (4096 3200 1024 ) (4224 3200 1024 ) (4224 3072 1024 ) 
4 17 18 (4096 3200 1024 ) (4096 3584 1024 ) (4224 3584 1024 ) (4224 3200 1024 ) 
3 18 26 (4096 3200 832 ) (4096 3200 1024 ) (4096 3584 1024 ) 
4 18 19 (4608 3200 832 ) (4608 3200 1024 ) (4096 3200 1024 ) (4096 3200 832 ) 
4 19 115 (4224 3072 1024 ) (4096 3072 1024 ) (4096 3072 640 ) (4224 3072 640 ) 
4 19 118 (4096 3072 640 ) (4096 3072 512 ) (4224 3072 512 ) (4224 3072 640 ) 
3 19 112 (4224 3072 768 ) (4224 3072 512 ) (4352 3072 512 ) 
5 19 111 (4608 3072 512 ) (4608 3072 1024 ) (4224 3072 1024 ) (4224 3072 768 ) (4352 3072 512 ) 
4 19 29 (4096 3072 512 ) (4096 3072 640 ) (4096 3200 640 ) (4096 3200 512 ) 
4 19 27 (4096 3072 640 ) (4096 3072 1024 ) (4096 3200 1024 ) (4096 3200 640 ) 
4 20 124 (3584 3072 4096 ) (3072 3072 4096 ) (3072 3072 1344 ) (3584 3072 1344 ) 
4 20 123 (3968 3072 4096 ) (3584 3072 4096 ) (3584 3072 1344 ) (3968 3072 1344 ) 
4 20 119 (4096 3072 1344 ) (4096 3072 4096 ) (3968 3072 4096 ) (3968 3072 1344 ) 
4 20 59 (3072 3072 1344 ) (3072 3072 4096 ) (3072 4096 4096 ) (3072 4096 1344 ) 
4 20 21 (4096 3072 1344 ) (3904 3072 1344 ) (3904 3776 1344 ) (4096 3776 1344 ) 
4 20 22 (3904 3072 1344 ) (3072 3072 1344 ) (3072 4096 1344 ) (3904 4096 1344 ) 
4 21 123 (3968 3072 1344 ) (3904 3072 1344 ) (3904 3072 1280 ) (3968 3072 1280 ) 
4 21 119 (4096 3072 1280 ) (4096 3072 1344 ) (3968 3072 1344 ) (3968 3072 1280 ) 
4 21 24 (4096 3776 1280 ) (4096 3072 1280 ) (3968 3072 1280 ) (3968 3776 1280 ) 
4 21 25 (3968 3072 1280 ) (3904 3072 1280 ) (3904 3776 1280 ) (3968 3776 1280 ) 
4 21 22 (3904 3776 1280 ) (3904 3072 1280 ) (3904 3072 1344 ) (3904 3776 1344 ) 
4 22 124 (3584 3072 1344 ) (3072 3072 1344 ) (3072 3072 1280 ) (3584 3072 1280 ) 
4 22 123 (3904 3072 1344 ) (3584 3072 1344 ) (3584 3072 1280 ) (3904 3072 1280 ) 
4 22 59 (3072 3072 1280 ) (3072 3072 1344 ) (3072 4096 1344 ) (3072 4096 1280 ) 
4 22 25 (3904 3072 1280 ) (3072 3072 1280 ) (3072 4096 1280 ) (3904 4096 1280 ) 
4 23 25 (3968 4096 1024 ) (3968 3904 1024 ) (3968 3904 1280 ) (3968 4096 1280 ) 
4 24 119 (4096 3072 1024 ) (4096 3072 1280 ) (3968 3072 1280 ) (3968 3072 1024 ) 
4 24 26 (3968 3200 1024 ) (3968 3584 1024 ) (4096 3584 1024 ) (4096 3200 1024 ) 
4 24 27 (4096 3072 1024 ) (3968 3072 1024 ) (3968 3200 1024 ) (4096 3200 1024 ) 
4 24 25 (3968 3840 1024 ) (3968 3072 1024 ) (3968 3072 1280 ) (3968 3840 1280 ) 
4 25 124 (3584 3072 1280 ) (3072 3072 1280 ) (3072 3072 1024 ) (3584 3072 1024 ) 
4 25 123 (3968 3072 1280 ) (3584 3072 1280 ) (3584 3072 1024 ) (3968 3072 1024 ) 
3 25 60 (3072 4096 1280 ) (3072 4096 1024 ) (3072 3584 1024 ) 
4 25 59 (3072 3072 1024 ) (3072 3072 1280 ) (3072 4096 1280 ) (3072 3584 1024 ) 
4 25 28 (3584 3072 1024 ) (3072 3072 1024 ) (3072 3584 1024 ) (3584 3584 1024 ) 
4 25 26 (3584 3200 1024 ) (3584 3584 1024 ) (3968 3584 1024 ) (3968 3200 1024 ) 
4 25 27 (3968 3072 1024 ) (3584 3072 1024 ) (3584 3200 1024 ) (3968 3200 1024 ) 
3 26 28 (3584 3200 832 ) (3584 3200 1024 ) (3584 3584 1024 ) 
4 26 27 (3584 3200 1024 ) (3584 3200 832 ) (4096 3200 832 ) (4096 3200 1024 ) 
3 27 138 (3904 3072 640 ) (3968 3072 640 ) (3968 3072 768 ) 
5 27 123 (3968 3072 1024 ) (3584 3072 1024 ) (3584 3072 640 ) (3904 3072 640 ) (3968 3072 768 ) 
4 27 119 (4096 3072 640 ) (4096 3072 1024 ) (3968 3072 1024 ) (3968 3072 640 ) 
4 27 29 (4096 3200 640 ) (4096 3072 640 ) (3584 3072 640 ) (3584 3200 640 ) 
4 27 28 (3584 3072 768 ) (3584 3072 1024 ) (3584 3200 1024 ) (3584 3200 832 ) 
4 28 124 (3584 3072 1024 ) (3072 3072 1024 ) (3072 3072 768 ) (3584 3072 768 ) 
3 28 59 (3072 3072 768 ) (3072 3072 1024 ) (3072 3584 1024 ) 
4 29 138 (3968 3072 640 ) (3904 3072 640 ) (3840 3072 512 ) (3968 3072 512 ) 
4 29 125 (3904 3072 640 ) (3584 3072 640 ) (3584 3072 512 ) (3840 3072 512 ) 
4 29 122 (4096 3072 512 ) (4096 3072 640 ) (3968 3072 640 ) (3968 3072 512 ) 
4 30 60 (3072 4096 1024 ) (3072 4096 1280 ) (2560 4096 1280 ) (2560 4096 1024 ) 
4 30 59 (3072 4096 1280 ) (3072 4096 4096 ) (2560 4096 4096 ) (2560 4096 1280 ) 
4 30 32 (2560 4608 1152 ) (2560 4608 1024 ) (2560 4160 1024 ) (2560 4160 1152 ) 
4 30 31 (2560 4608 4096 ) (2560 4608 1152 ) (2560 4096 1152 ) (2560 4096 4096 ) 
4 31 70 (2048 4096 4096 ) (2048 4096 1152 ) (2432 4096 1152 ) (2432 4096 4096 ) 
4 31 64 (2432 4096 1152 ) (2560 4096 1152 ) (2560 4096 4096 ) (2432 4096 4096 ) 
4 31 43 (2048 4096 1152 ) (2048 4096 4096 ) (2048 4608 4096 ) (2048 4608 1152 ) 
4 31 32 (2432 4608 1152 ) (2560 4608 1152 ) (2560 4160 1152 ) (2432 4160 1152 ) 
4 31 34 (2048 4096 1152 ) (2048 4608 1152 ) (2432 4608 1152 ) (2432 4096 1152 ) 
4 32 40 (2560 4352 640 ) (2560 4160 640 ) (2432 4160 640 ) (2432 4352 640 ) 
4 32 37 (2560 4544 640 ) (2560 4352 640 ) (2432 4352 640 ) (2432 4544 640 ) 
4 32 33 (2432 4160 960 ) (2432 4160 640 ) (2560 4160 640 ) (2560 4160 832 ) 
4 32 34 (2432 4608 640 ) (2432 4160 640 ) (2432 4160 1152 ) (2432 4608 1152 ) 
4 33 65 (2432 4096 640 ) (2560 4096 640 ) (2560 4096 832 ) (2432 4096 960 ) 
4 33 40 (2560 4160 640 ) (2560 4096 640 ) (2432 4096 640 ) (2432 4160 640 ) 
4 33 34 (2432 4160 640 ) (2432 4096 640 ) (2432 4096 960 ) (2432 4160 960 ) 
4 34 71 (2048 4096 960 ) (2048 4096 640 ) (2432 4096 640 ) (2432 4096 960 ) 
4 34 70 (2048 4096 1152 ) (2048 4096 1088 ) (2432 4096 1088 ) (2432 4096 1152 ) 
4 34 50 (2048 4096 640 ) (2048 4096 1024 ) (2048 4608 1024 ) (2048 4608 640 ) 
4 34 44 (2048 4096 1024 ) (2048 4096 1152 ) (2048 4608 1152 ) (2048 4608 1024 ) 
4 34 40 (2048 4096 640 ) (2048 4352 640 ) (2432 4352 640 ) (2432 4096 640 ) 
4 34 37 (2048 4352 640 ) (2048 4544 640 ) (2432 4544 640 ) (2432 4352 640 ) 
4 35 38 (2624 4352 512 ) (2752 4352 512 ) (2752 4352 640 ) (2624 4352 640 ) 
4 35 36 (2624 4544 640 ) (2624 4544 512 ) (2624 4416 512 ) (2624 4416 640 ) 
4 36 37 (2560 4544 640 ) (2560 4544 512 ) (2560 4416 512 ) (2560 4416 640 ) 
4 37 54 (2048 4352 640 ) (2048 4544 640 ) (2048 4544 512 ) (2048 4352 512 ) 
4 37 41 (2048 4352 512 ) (2048 4416 512 ) (2560 4416 512 ) (2560 4352 512 ) 
4 37 40 (2048 4352 512 ) (2560 4352 512 ) (2560 4352 640 ) (2048 4352 640 ) 
4 38 61 (2752 4096 640 ) (2624 4096 640 ) (2624 4096 512 ) (2752 4096 512 ) 
4 38 39 (2624 4352 640 ) (2624 4352 512 ) (2624 4096 512 ) (2624 4096 640 ) 
4 39 63 (2624 4096 640 ) (2560 4096 640 ) (2560 4096 512 ) (2624 4096 512 ) 
4 39 40 (2560 4352 640 ) (2560 4352 512 ) (2560 4096 512 ) (2560 4096 640 ) 
4 40 71 (2432 4096 640 ) (2048 4096 640 ) (2048 4096 512 ) (2432 4096 512 ) 
4 40 65 (2560 4096 640 ) (2432 4096 640 ) (2432 4096 512 ) (2560 4096 512 ) 
4 40 54 (2048 4096 512 ) (2048 4096 640 ) (2048 4352 640 ) (2048 4352 512 ) 
4 40 41 (2560 4096 512 ) (2048 4096 512 ) (2048 4352 512 ) (2560 4352 512 ) 
4 41 71 (2432 4096 512 ) (2048 4096 512 ) (2048 4096 480 ) (2432 4096 480 ) 
4 41 65 (2560 4096 512 ) (2432 4096 512 ) (2432 4096 480 ) (2560 4096 480 ) 
4 41 57 (2048 4096 480 ) (2048 4096 512 ) (2048 4416 512 ) (2048 4416 480 ) 
4 41 42 (2560 4096 480 ) (2048 4096 480 ) (2048 4416 480 ) (2560 4416 480 ) 
4 42 76 (2560 4096 256 ) (2560 4096 480 ) (2048 4096 480 ) (2048 4096 256 ) 
4 42 58 (2048 4096 256 ) (2048 4096 480 ) (2048 4416 480 ) (2048 4416 256 ) 
4 43 90 (1280 4096 4096 ) (1216 4096 4096 ) (1216 4096 1152 ) (1280 4096 1152 ) 
4 43 89 (1536 4096 4096 ) (1280 4096 4096 ) (1280 4096 1152 ) (1536 4096 1152 ) 
4 43 83 (1664 4096 4096 ) (1536 4096 4096 ) (1536 4096 1152 ) (1664 4096 1152 ) 
4 43 77 (2048 4096 1152 ) (2048 4096 4096 ) (1664 4096 4096 ) (1664 4096 1152 ) 
4 43 47 (1216 4608 4096 ) (1216 4608 1152 ) (1216 4096 1152 ) (1216 4096 4096 ) 
4 43 45 (1536 4160 1152 ) (1536 4608 1152 ) (1664 4608 1152 ) (1664 4160 1152 ) 
4 43 44 (2048 4096 1152 ) (1664 4096 1152 ) (1664 4608 1152 ) (2048 4608 1152 ) 
4 43 46 (1536 4096 1152 ) (1216 4096 1152 ) (1216 4608 1152 ) (1536 4608 1152 ) 
4 44 77 (2048 4096 1088 ) (2048 4096 1152 ) (1664 4096 1152 ) (1664 4096 1088 ) 
4 44 50 (2048 4096 1024 ) (1664 4096 1024 ) (1664 4608 1024 ) (2048 4608 1024 ) 
4 44 45 (1664 4608 1024 ) (1664 4160 1024 ) (1664 4160 1152 ) (1664 4608 1152 ) 
4 45 51 (1536 4160 1024 ) (1536 4608 1024 ) (1664 4608 1024 ) (1664 4160 1024 ) 
4 45 46 (1536 4608 1024 ) (1536 4160 1024 ) (1536 4160 1152 ) (1536 4608 1152 ) 
4 46 90 (1280 4096 1152 ) (1216 4096 1152 ) (1216 4096 1024 ) (1280 4096 1024 ) 
4 46 89 (1536 4096 1152 ) (1280 4096 1152 ) (1280 4096 1024 ) (1536 4096 1024 ) 
4 46 49 (1216 4352 1024 ) (1216 4096 1024 ) (1216 4096 1088 ) (1216 4352 1088 ) 
4 46 47 (1216 4608 1152 ) (1216 4608 1088 ) (1216 4096 1088 ) (1216 4096 1152 ) 
4 47 100 (1024 4096 1088 ) (1024 4096 4096 ) (1024 4608 4096 ) (1024 4608 1088 ) 
4 47 90 (1024 4096 4096 ) (1024 4096 1088 ) (1216 4096 1088 ) (1216 4096 4096 ) 
4 47 49 (1024 4096 1088 ) (1024 4352 1088 ) (1216 4352 1088 ) (1216 4096 1088 ) 
4 47 48 (1024 4416 1088 ) (1024 4544 1088 ) (1152 4544 1088 ) (1152 4416 1088 ) 
4 48 53 (1024 4416 1024 ) (1024 4544 1024 ) (1152 4544 1024 ) (1152 4416 1024 ) 
4 49 101 (1024 4096 1024 ) (1024 4096 1088 ) (1024 4352 1088 ) (1024 4352 1024 ) 
4 49 90 (1024 4096 1088 ) (1024 4096 1024 ) (1216 4096 1024 ) (1216 4096 1088 ) 
4 50 78 (2048 4096 640 ) (2048 4096 960 ) (1664 4096 960 ) (1664 4096 640 ) 
4 50 54 (2048 4544 640 ) (2048 4096 640 ) (1664 4096 640 ) (1664 4544 640 ) 
4 50 52 (1664 4160 640 ) (1664 4096 640 ) (1664 4096 960 ) (1664 4160 960 ) 
4 50 51 (1664 4608 640 ) (1664 4160 640 ) (1664 4160 1024 ) (1664 4608 1024 ) 
4 51 54 (1664 4544 640 ) (1664 4160 640 ) (1536 4160 640 ) (1536 4544 640 ) 
4 51 52 (1536 4160 832 ) (1536 4160 640 ) (1664 4160 640 ) (1664 4160 960 ) 
4 52 84 (1536 4096 832 ) (1536 4096 640 ) (1664 4096 640 ) (1664 4096 960 ) 
4 52 54 (1664 4160 640 ) (1664 4096 640 ) (1536 4096 640 ) (1536 4160 640 ) 
4 53 56 (1152 4544 640 ) (1152 4416 640 ) (1024 4416 640 ) (1024 4544 640 ) 
4 54 84 (1664 4096 640 ) (1536 4096 640 ) (1536 4096 512 ) (1664 4096 512 ) 
4 54 78 (2048 4096 512 ) (2048 4096 640 ) (1664 4096 640 ) (1664 4096 512 ) 
4 54 57 (2048 4096 512 ) (1536 4096 512 ) (1536 4416 512 ) (2048 4416 512 ) 
4 54 55 (1536 4544 640 ) (1536 4544 512 ) (1536 4416 512 ) (1536 4416 640 ) 
4 55 56 (1152 4544 640 ) (1152 4544 512 ) (1152 4416 512 ) (1152 4416 640 ) 
4 56 95 (1152 4096 640 ) (1024 4096 640 ) (1024 4096 512 ) (1152 4096 512 ) 
4 57 84 (1664 4096 512 ) (1536 4096 512 ) (1536 4096 480 ) (1664 4096 480 ) 
4 57 78 (2048 4096 480 ) (2048 4096 512 ) (1664 4096 512 ) (1664 4096 480 ) 
4 57 58 (2048 4416 480 ) (2048 4096 480 ) (1536 4096 480 ) (1536 4416 480 ) 
4 58 99 (2048 4096 256 ) (2048 4096 480 ) (1536 4096 480 ) (1536 4096 256 ) 
4 59 181 (3072 3072 768 ) (3072 3072 4096 ) (2560 3072 4096 ) (2560 3072 768 ) 
4 59 69 (2560 3776 1120 ) (2560 3072 768 ) (2560 3072 1152 ) (2560 3776 1152 ) 
5 59 64 (2560 4096 4096 ) (2560 4096 1280 ) (2560 3840 1152 ) (2560 3072 1152 ) (2560 3072 4096 ) 
4 59 60 (2560 3583.998047 1024 ) (2560 4096 1280 ) (3072 4096 1280 ) (3072 3583.998047 1024 ) 
3 60 69 (2560 3776 1024 ) (2560 3584 1024 ) (2560 3776 1120 ) 
4 60 66 (2560 4032 1024 ) (2560 3904 1024 ) (2560 3904 1152 ) (2560 4032 1152 ) 
3 60 64 (2560 4096 1280 ) (2560 4096 1152 ) (2560 3840 1152 ) 
4 61 63 (2624 4096 512 ) (2624 3200 512 ) (2624 3200 640 ) (2624 4096 640 ) 
4 61 62 (2624 3200 640 ) (2624 3200 512 ) (2752 3200 512 ) (2752 3200 640 ) 
4 62 194 (2752 3072 640 ) (2624 3072 640 ) (2624 3072 512 ) (2752 3072 512 ) 
4 62 63 (2624 3200 512 ) (2624 3072 512 ) (2624 3072 576 ) (2624 3200 640 ) 
4 63 200 (2560 3072 576 ) (2560 3072 512 ) (2624 3072 512 ) (2624 3072 576 ) 
4 63 68 (2560 3904 512 ) (2560 3776 512 ) (2560 3776 640 ) (2560 3904 640 ) 
5 63 69 (2560 3776 512 ) (2560 3072 512 ) (2560 3072 576 ) (2560 3200 640 ) (2560 3776 640 ) 
4 63 67 (2560 4032 512 ) (2560 3904 512 ) (2560 3904 640 ) (2560 4032 640 ) 
4 63 65 (2560 4096 640 ) (2560 4096 512 ) (2560 4032 512 ) (2560 4032 640 ) 
4 64 181 (2432 3072 4096 ) (2432 3072 1152 ) (2560 3072 1152 ) (2560 3072 4096 ) 
4 64 70 (2432 3072 1152 ) (2432 3072 4096 ) (2432 4096 4096 ) (2432 4096 1152 ) 
4 64 69 (2432 3072 1152 ) (2432 3776 1152 ) (2560 3776 1152 ) (2560 3072 1152 ) 
4 64 66 (2432 3904 1152 ) (2432 4032 1152 ) (2560 4032 1152 ) (2560 3904 1152 ) 
4 65 76 (2432 4096 480 ) (2560 4096 480 ) (2560 4032 480 ) (2432 4032 480 ) 
4 65 71 (2432 4096 480 ) (2432 4032 480 ) (2432 4032 960 ) (2432 4096 960 ) 
4 65 67 (2560 4032 480 ) (2560 4032 832 ) (2432 4032 960 ) (2432 4032 480 ) 
4 66 72 (2432 3904 1024 ) (2432 3904 1088 ) (2432 4032 1088 ) (2432 4032 1024 ) 
4 66 70 (2432 3904 1088 ) (2432 3904 1152 ) (2432 4032 1152 ) (2432 4032 1088 ) 
4 67 76 (2560 4032 480 ) (2560 3904 480 ) (2432 3904 480 ) (2432 4032 480 ) 
4 67 73 (2432 4032 480 ) (2432 3904 480 ) (2432 3904 992 ) (2432 4032 992 ) 
4 67 68 (2560 3904 480 ) (2560 3904 832 ) (2432 3904 960 ) (2432 3904 480 ) 
4 68 76 (2560 3904 480 ) (2560 3776 480 ) (2432 3776 480 ) (2432 3904 480 ) 
4 68 74 (2432 3904 480 ) (2432 3840 480 ) (2432 3840 960 ) (2432 3904 960 ) 
4 68 75 (2432 3840 480 ) (2432 3776 480 ) (2432 3776 960 ) (2432 3840 960 ) 
4 68 69 (2560 3776 480 ) (2560 3776 832 ) (2432 3776 960 ) (2432 3776 480 ) 
4 69 221 (2432 3072 512 ) (2432 3072 480 ) (2560 3072 480 ) (2560 3072 512 ) 
4 69 212 (2496 3072 512 ) (2560 3072 512 ) (2560 3072 704 ) (2496 3072 704 ) 
4 69 211 (2432 3072 704 ) (2432 3072 512 ) (2496 3072 512 ) (2496 3072 704 ) 
4 69 202 (2432 3072 736 ) (2432 3072 704 ) (2560 3072 704 ) (2560 3072 736 ) 
4 69 183 (2432 3072 768 ) (2432 3072 736 ) (2560 3072 736 ) (2560 3072 768 ) 
4 69 181 (2432 3072 1152 ) (2432 3072 768 ) (2560 3072 768 ) (2560 3072 1152 ) 
4 69 76 (2560 3776 480 ) (2560 3072 480 ) (2432 3072 480 ) (2432 3776 480 ) 
4 69 75 (2432 3776 480 ) (2432 3072 480 ) (2432 3072 1088 ) (2432 3776 1088 ) 
4 69 70 (2432 3072 1088 ) (2432 3072 1152 ) (2432 3776 1152 ) (2432 3776 1088 ) 
4 70 181 (2048 3072 4096 ) (2048 3072 1088 ) (2432 3072 1088 ) (2432 3072 4096 ) 
4 70 77 (2048 4096 4096 ) (2048 4096 1088 ) (2048 3072 1088 ) (2048 3072 4096 ) 
4 70 75 (2048 3072 1088 ) (2048 3840 1088 ) (2432 3840 1088 ) (2432 3072 1088 ) 
4 70 72 (2048 3904 1088 ) (2048 4032 1088 ) (2432 4032 1088 ) (2432 3904 1088 ) 
4 71 78 (2048 4096 960 ) (2048 4096 480 ) (2048 4032 480 ) (2048 4032 960 ) 
4 71 76 (2048 4096 480 ) (2432 4096 480 ) (2432 4032 480 ) (2048 4032 480 ) 
4 71 73 (2048 4032 480 ) (2432 4032 480 ) (2432 4032 960 ) (2048 4032 960 ) 
4 72 79 (2048 3904 1024 ) (2048 3904 1088 ) (2048 4032 1088 ) (2048 4032 1024 ) 
4 73 80 (2048 4032 480 ) (2048 3904 480 ) (2048 3904 992 ) (2048 4032 992 ) 
4 73 76 (2432 4032 480 ) (2432 3904 480 ) (2048 3904 480 ) (2048 4032 480 ) 
4 73 74 (2048 3904 480 ) (2432 3904 480 ) (2432 3904 960 ) (2048 3904 960 ) 
4 74 81 (2048 3904 480 ) (2048 3840 480 ) (2048 3840 960 ) (2048 3904 960 ) 
4 74 76 (2432 3904 480 ) (2432 3840 480 ) (2048 3840 480 ) (2048 3904 480 ) 
4 74 75 (2048 3840 480 ) (2432 3840 480 ) (2432 3840 960 ) (2048 3840 960 ) 
4 75 222 (2176 3072 480 ) (2304 3072 480 ) (2304 3072 512 ) (2176 3072 512 ) 
4 75 221 (2304 3072 480 ) (2432 3072 480 ) (2432 3072 512 ) (2304 3072 512 ) 
4 75 211 (2048 3072 704 ) (2048 3072 512 ) (2432 3072 512 ) (2432 3072 704 ) 
4 75 203 (2080 3072 704 ) (2272 3072 704 ) (2272 3072 736 ) (2080 3072 736 ) 
4 75 202 (2272 3072 704 ) (2432 3072 704 ) (2432 3072 736 ) (2272 3072 736 ) 
4 75 209 (2048 3072 736 ) (2048 3072 704 ) (2080 3072 704 ) (2080 3072 736 ) 
4 75 184 (2080 3072 736 ) (2272 3072 736 ) (2272 3072 768 ) (2080 3072 768 ) 
4 75 191 (2048 3072 768 ) (2048 3072 736 ) (2080 3072 736 ) (2080 3072 768 ) 
4 75 183 (2272 3072 736 ) (2432 3072 736 ) (2432 3072 768 ) (2272 3072 768 ) 
4 75 181 (2048 3072 1088 ) (2048 3072 768 ) (2432 3072 768 ) (2432 3072 1088 ) 
4 75 82 (2048 3840 480 ) (2048 3072 480 ) (2048 3072 1088 ) (2048 3840 1088 ) 
4 75 76 (2432 3840 480 ) (2432 3072 480 ) (2048 3072 480 ) (2048 3840 480 ) 
4 76 226 (2304 3072 480 ) (2176 3072 480 ) (2176 3072 256 ) (2304 3072 256 ) 
4 76 225 (2560 3072 256 ) (2560 3072 480 ) (2304 3072 480 ) (2304 3072 256 ) 
4 76 99 (2048 4096 480 ) (2048 4096 256 ) (2048 3072 256 ) (2048 3072 480 ) 
4 77 229 (2048 3072 1088 ) (2048 3072 4096 ) (1664 3072 4096 ) (1664 3072 1088 ) 
4 77 88 (1664 3072 1088 ) (1664 3072 1152 ) (1664 3776 1152 ) (1664 3776 1088 ) 
4 77 85 (1664 3904 1152 ) (1664 4032 1152 ) (1664 4032 1088 ) (1664 3904 1088 ) 
4 77 83 (1664 3072 1152 ) (1664 3072 4096 ) (1664 4096 4096 ) (1664 4096 1152 ) 
4 77 82 (2048 3072 1088 ) (1664 3072 1088 ) (1664 3840 1088 ) (2048 3840 1088 ) 
4 77 79 (1664 3904 1088 ) (1664 4032 1088 ) (2048 4032 1088 ) (2048 3904 1088 ) 
4 78 99 (2048 4096 480 ) (2048 4032 480 ) (1664 4032 480 ) (1664 4096 480 ) 
4 78 84 (1664 4096 480 ) (1664 4032 480 ) (1664 4032 960 ) (1664 4096 960 ) 
4 78 80 (1664 4032 960 ) (1664 4032 480 ) (2048 4032 480 ) (2048 4032 960 ) 
4 79 85 (1664 3904 1024 ) (1664 3904 1088 ) (1664 4032 1088 ) (1664 4032 1024 ) 
4 80 99 (2048 4032 480 ) (2048 3904 480 ) (1664 3904 480 ) (1664 4032 480 ) 
4 80 86 (1664 4032 480 ) (1664 3904 480 ) (1664 3904 992 ) (1664 4032 992 ) 
4 80 81 (1664 3904 960 ) (1664 3904 480 ) (2048 3904 480 ) (2048 3904 960 ) 
4 81 99 (2048 3904 480 ) (2048 3840 480 ) (1664 3840 480 ) (1664 3904 480 ) 
4 81 87 (1664 3904 480 ) (1664 3840 480 ) (1664 3840 960 ) (1664 3904 960 ) 
4 81 82 (1664 3840 960 ) (1664 3840 480 ) (2048 3840 480 ) (2048 3840 960 ) 
4 82 251 (1792 3072 512 ) (1664 3072 512 ) (1664 3072 480 ) (1792 3072 480 ) 
4 82 248 (1920 3072 512 ) (1792 3072 512 ) (1792 3072 480 ) (1920 3072 480 ) 
4 82 246 (1920 3072 640 ) (1792 3072 640 ) (1792 3072 512 ) (1920 3072 512 ) 
4 82 242 (2048 3072 512 ) (2048 3072 640 ) (1984 3072 640 ) (1984 3072 512 ) 
4 82 247 (1792 3072 640 ) (1664 3072 640 ) (1664 3072 512 ) (1792 3072 512 ) 
4 82 233 (2048 3072 640 ) (2048 3072 704 ) (1984 3072 704 ) (1984 3072 640 ) 
4 82 232 (1920 3072 704 ) (1792 3072 704 ) (1792 3072 640 ) (1920 3072 640 ) 
4 82 235 (1792 3072 704 ) (1664 3072 704 ) (1664 3072 640 ) (1792 3072 640 ) 
4 82 229 (2048 3072 704 ) (2048 3072 1088 ) (1664 3072 1088 ) (1664 3072 704 ) 
4 82 99 (2048 3840 480 ) (2048 3072 480 ) (1664 3072 480 ) (1664 3840 480 ) 
4 82 87 (1664 3840 480 ) (1664 3776 480 ) (1664 3776 960 ) (1664 3840 960 ) 
4 82 88 (1664 3776 480 ) (1664 3072 480 ) (1664 3072 1088 ) (1664 3776 1088 ) 
4 83 229 (1536 3072 4096 ) (1536 3072 1152 ) (1664 3072 1152 ) (1664 3072 4096 ) 
4 83 89 (1536 4096 4096 ) (1536 4096 1152 ) (1536 3072 1152 ) (1536 3072 4096 ) 
4 83 88 (1536 3072 1152 ) (1536 3776 1152 ) (1664 3776 1152 ) (1664 3072 1152 ) 
4 83 85 (1536 3904 1152 ) (1536 4032 1152 ) (1664 4032 1152 ) (1664 3904 1152 ) 
4 84 99 (1536 4032 480 ) (1536 4096 480 ) (1664 4096 480 ) (1664 4032 480 ) 
4 84 86 (1664 4032 480 ) (1664 4032 960 ) (1536 4032 832 ) (1536 4032 480 ) 
4 85 89 (1536 3904 1024 ) (1536 3904 1152 ) (1536 4032 1152 ) (1536 4032 1024 ) 
4 86 99 (1536 3904 480 ) (1536 4032 480 ) (1664 4032 480 ) (1664 3904 480 ) 
4 86 93 (1536 3904 512 ) (1536 3904 640 ) (1536 3968 640 ) (1536 3968 512 ) 
3 86 92 (1536 3904 640 ) (1536 3904 672 ) (1536 3968 640 ) 
4 86 87 (1664 3904 480 ) (1664 3904 960 ) (1536 3904 832 ) (1536 3904 480 ) 
4 87 99 (1536 3776 480 ) (1536 3904 480 ) (1664 3904 480 ) (1664 3776 480 ) 
4 87 93 (1536 3776 512 ) (1536 3776 640 ) (1536 3904 640 ) (1536 3904 512 ) 
4 87 92 (1536 3776 640 ) (1536 3776 736 ) (1536 3904 672 ) (1536 3904 640 ) 
4 87 88 (1664 3776 480 ) (1664 3776 960 ) (1536 3776 832 ) (1536 3776 480 ) 
4 88 251 (1536 3072 512 ) (1536 3072 480 ) (1664 3072 480 ) (1664 3072 512 ) 
4 88 247 (1536 3072 640 ) (1536 3072 512 ) (1664 3072 512 ) (1664 3072 640 ) 
4 88 235 (1536 3072 704 ) (1536 3072 640 ) (1664 3072 640 ) (1664 3072 704 ) 
4 88 229 (1536 3072 1152 ) (1536 3072 704 ) (1664 3072 704 ) (1664 3072 1152 ) 
4 88 99 (1664 3072 480 ) (1536 3072 480 ) (1536 3776 480 ) (1664 3776 480 ) 
4 88 93 (1536 3072 512 ) (1536 3072 640 ) (1536 3776 640 ) (1536 3776 512 ) 
5 88 92 (1536 3072 640 ) (1536 3072 832 ) (1536 3584 832 ) (1536 3776 736 ) (1536 3776 640 ) 
4 88 91 (1536 3072 832 ) (1536 3072 1024 ) (1536 3584 1024 ) (1536 3584 832 ) 
4 88 89 (1536 3072 1024 ) (1536 3072 1152 ) (1536 3776 1152 ) (1536 3776 1024 ) 
4 89 229 (1280 3072 1024 ) (1536 3072 1024 ) (1536 3072 4096 ) (1280 3072 4096 ) 
4 89 91 (1536 3584 1024 ) (1536 3072 1024 ) (1280 3072 1024 ) (1280 3584 1024 ) 
5 89 90 (1280 4096 1024 ) (1280 3584 1024 ) (1280 3072 1194.666748 ) (1280 3072 4096 ) (1280 4096 4096 ) 
4 90 237 (1024 3072 4096 ) (1024 3072 1194.666748 ) (1280 3072 1194.666748 ) (1280 3072 4096 ) 
5 90 103 (1024 3072 1194.666748 ) (1024 3072 4096 ) (1024 4096 4096 ) (1024 4096 1024 ) (1024 3584 1024 ) 
4 91 229 (1280 3072 832 ) (1536 3072 832 ) (1536 3072 1024 ) (1280 3072 1024 ) 
4 91 92 (1536 3584 832 ) (1536 3072 832 ) (1280 3072 832 ) (1280 3584 832 ) 
4 92 241 (1280 3072 832 ) (1152 3072 832 ) (1152 3072 640 ) (1280 3072 640 ) 
4 92 235 (1536 3072 640 ) (1536 3072 704 ) (1280 3072 704 ) (1280 3072 640 ) 
4 92 229 (1536 3072 704 ) (1536 3072 832 ) (1280 3072 832 ) (1280 3072 704 ) 
4 92 97 (1152 3072 640 ) (1152 3072 832 ) (1152 3104 832 ) (1152 3104 640 ) 
4 92 96 (1152 3296 832 ) (1152 3328 832 ) (1152 3328 640 ) (1152 3296 640 ) 
4 92 94 (1152 3328 832 ) (1152 3584 832 ) (1152 3968 640 ) (1152 3328 640 ) 
4 92 93 (1152 3072 640 ) (1152 3968 640 ) (1536 3968 640 ) (1536 3072 640 ) 
4 93 247 (1536 3072 512 ) (1536 3072 640 ) (1152 3072 640 ) (1152 3072 512 ) 
4 93 97 (1152 3072 513 ) (1152 3072 640 ) (1152 3104 640 ) (1152 3104 513 ) 
4 93 96 (1152 3296 640 ) (1152 3328 640 ) (1152 3328 513 ) (1152 3296 513 ) 
4 93 98 (1152 3072 512 ) (1152 3072 513 ) (1152 3328 513 ) (1152 3328 512 ) 
4 93 95 (1152 3328 640 ) (1152 3968 640 ) (1152 3968 512 ) (1152 3328 512 ) 
4 94 106 (1024 3328 832 ) (1024 3584 832 ) (1024 3968 640 ) (1024 3328 640 ) 
4 94 96 (1152 3328 640 ) (1152 3328 832 ) (1120 3328 832 ) (1120 3328 640 ) 
4 94 95 (1152 3328 640 ) (1024 3328 640 ) (1024 3968 640 ) (1152 3968 640 ) 
4 95 106 (1024 3968 512 ) (1024 3328 512 ) (1024 3328 640 ) (1024 3968 640 ) 
4 95 96 (1152 3328 513 ) (1152 3328 640 ) (1120 3328 640 ) (1120 3328 513 ) 
4 95 98 (1024 3328 512 ) (1152 3328 512 ) (1152 3328 513 ) (1024 3328 513 ) 
3 96 98 (1120 3328 513 ) (1152 3328 513 ) (1152 3296 513 ) 
4 97 247 (1120 3072 513 ) (1152 3072 513 ) (1152 3072 640 ) (1120 3072 640 ) 
4 97 241 (1152 3072 640 ) (1152 3072 832 ) (1120 3072 832 ) (1120 3072 640 ) 
3 97 98 (1152 3104 513 ) (1152 3072 513 ) (1120 3072 513 ) 
4 98 247 (1024 3072 513 ) (1024 3072 512 ) (1152 3072 512 ) (1152 3072 513 ) 
4 98 109 (1024 3072 512 ) (1024 3072 513 ) (1024 3328 513 ) (1024 3328 512 ) 
4 99 252 (1920 3072 480 ) (1792 3072 480 ) (1792 3072 256 ) (1920 3072 256 ) 
4 99 255 (1792 3072 480 ) (1536 3072 480 ) (1536 3072 256 ) (1792 3072 256 ) 
4 100 103 (1024 4096 1088 ) (1024 4096 4096 ) (768 4096 4096 ) (768 4096 1088 ) 
4 100 104 (768 4096 4096 ) (512 4096 4096 ) (512 4096 1088 ) (768 4096 1088 ) 
4 100 101 (1024 4352 1088 ) (1024 4096 1088 ) (960 4096 1088 ) (960 4352 1088 ) 
4 100 102 (512 4096 1088 ) (512 4608 1088 ) (960 4608 1088 ) (960 4096 1088 ) 
4 101 103 (1024 4096 1024 ) (1024 4096 1088 ) (960 4096 1088 ) (960 4096 1024 ) 
4 101 102 (960 4352 1024 ) (960 4096 1024 ) (960 4096 1088 ) (960 4352 1088 ) 
4 102 103 (960 4096 1088 ) (768 4096 1088 ) (768 4096 1024 ) (960 4096 1024 ) 
4 102 104 (768 4096 1088 ) (512 4096 1088 ) (512 4096 1024 ) (768 4096 1024 ) 
4 103 334 (1024 3072 1194.666748 ) (1024 3072 4096 ) (768 3072 4096 ) (768 3072 1194.666748 ) 
5 103 104 (768 4096 1024 ) (768 3584 1024 ) (768 3072 1194.666748 ) (768 3072 4096 ) (768 4096 4096 ) 
4 104 338 (768 3072 4096 ) (512 3072 4096 ) (512 3072 1024 ) (768 3072 1024 ) 
4 104 105 (512 3072 1024 ) (512 3584 1024 ) (768 3584 1024 ) (768 3072 1024 ) 
4 105 338 (768 3072 1024 ) (512 3072 1024 ) (512 3072 832 ) (768 3072 832 ) 
4 105 110 (768 3072 832 ) (512 3072 832 ) (512 3328 832 ) (768 3328 832 ) 
4 105 106 (512 3328 832 ) (512 3584 832 ) (768 3584 832 ) (768 3328 832 ) 
4 106 107 (928 3328 832 ) (896 3328 832 ) (896 3328 513 ) (928 3328 513 ) 
4 106 109 (896 3328 512 ) (1024 3328 512 ) (1024 3328 513 ) (896 3328 513 ) 
4 106 110 (512 3328 512 ) (896 3328 512 ) (896 3328 832 ) (512 3328 832 ) 
3 107 109 (896 3296 513 ) (896 3328 513 ) (928 3328 513 ) 
4 107 110 (896 3328 832 ) (896 3328 513 ) (896 3296 513 ) (896 3296 832 ) 
4 108 337 (928 3072 832 ) (896 3072 832 ) (896 3072 513 ) (928 3072 513 ) 
4 108 110 (896 3104 513 ) (896 3072 513 ) (896 3072 832 ) (896 3104 832 ) 
3 108 109 (896 3072 513 ) (896 3104 513 ) (928 3072 513 ) 
4 109 337 (1024 3072 512 ) (1024 3072 513 ) (896 3072 513 ) (896 3072 512 ) 
4 109 110 (896 3328 513 ) (896 3328 512 ) (896 3072 512 ) (896 3072 513 ) 
4 110 338 (768 3072 832 ) (512 3072 832 ) (512 3072 512 ) (768 3072 512 ) 
4 110 337 (896 3072 832 ) (768 3072 832 ) (768 3072 512 ) (896 3072 512 ) 
5 111 141 (4608 2048 512 ) (4608 2048 4096 ) (4224 2048 4096 ) (4224 2048 768 ) (4352 2048 512 ) 
4 111 117 (4224 2048 768 ) (4224 2048 4096 ) (4224 2688 4096 ) (4224 2688 768 ) 
4 111 115 (4224 2944 4096 ) (4224 3072 4096 ) (4224 3072 768 ) (4224 2944 768 ) 
4 111 116 (4224 2688 4096 ) (4224 2944 4096 ) (4224 2944 768 ) (4224 2688 768 ) 
4 111 114 (4352 2560 512 ) (4352 2048 512 ) (4224 2048 767.998108 ) (4224 2688 767.998169 ) 
4 111 113 (4352 2944 512 ) (4352 2688 512 ) (4288 2688 640 ) (4288 2944 640 ) 
3 111 112 (4352 3072 512 ) (4224 2944 767.998169 ) (4224 3072 767.998169 ) 
4 112 115 (4224 3008 640 ) (4224 2944 768 ) (4224 3072 768 ) (4224 3072 640 ) 
3 112 118 (4224 3072 512 ) (4224 3008 640 ) (4224 3072 640 ) 
4 113 118 (4224 2944 512 ) (4224 2688 512 ) (4224 2688 640 ) (4224 2944 640 ) 
3 114 141 (4224 2048 768 ) (4224 2048 512 ) (4352 2048 512 ) 
4 114 117 (4224 2048 640 ) (4224 2048 768 ) (4224 2688 768 ) (4224 2624 640 ) 
4 114 118 (4224 2560 512 ) (4224 2048 512 ) (4224 2048 640 ) (4224 2624 640 ) 
5 115 119 (4096 3072 4096 ) (4096 3072 640 ) (4096 3008 640 ) (4096 2944 768 ) (4096 2944 4096 ) 
4 115 116 (4224 2944 768 ) (4224 2944 4096 ) (4096 2944 4096 ) (4096 2944 768 ) 
4 115 118 (4096 3008 640 ) (4096 3072 640 ) (4224 3072 640 ) (4224 3008 640 ) 
4 116 120 (4096 2944 640 ) (4096 2688 640 ) (4096 2688 4096 ) (4096 2944 4096 ) 
4 116 117 (4224 2688 768 ) (4224 2688 4096 ) (4096 2688 4096 ) (4096 2688 768 ) 
4 116 118 (4096 2688 640 ) (4096 2944 640 ) (4224 2944 640 ) (4224 2688 640 ) 
4 117 141 (4096 2048 4096 ) (4096 2048 640 ) (4224 2048 640 ) (4224 2048 4096 ) 
5 117 121 (4096 2624 640 ) (4096 2048 640 ) (4096 2048 4096 ) (4096 2688 4096 ) (4096 2688 768 ) 
4 117 118 (4096 2048 640 ) (4096 2624 640 ) (4224 2624 640 ) (4224 2048 640 ) 
4 118 141 (4096 2048 640 ) (4096 2048 512 ) (4224 2048 512 ) (4224 2048 640 ) 
4 118 122 (4096 3072 640 ) (4096 3072 512 ) (4096 2048 512 ) (4096 2048 640 ) 
4 119 138 (3968 3072 768 ) (3968 3072 640 ) (3968 3008 640 ) (3968 2944 768 ) 
4 119 123 (3968 3072 4096 ) (3968 3072 768 ) (3968 2944 768 ) (3968 2944 4096 ) 
4 119 120 (4096 2944 768 ) (4096 2944 4096 ) (3968 2944 4096 ) (3968 2944 768 ) 
4 119 122 (3968 3008 640 ) (3968 3072 640 ) (4096 3072 640 ) (4096 3008 640 ) 
4 120 123 (3968 2688 768 ) (3968 2688 4096 ) (3968 2944 4096 ) (3968 2944 768 ) 
4 120 121 (4096 2688 768 ) (4096 2688 4096 ) (3968 2688 4096 ) (3968 2688 768 ) 
4 120 122 (3968 2688 640 ) (3968 2944 640 ) (4096 2944 640 ) (4096 2688 640 ) 
4 121 142 (4096 2048 640 ) (4096 2048 4096 ) (3968 2048 4096 ) (3968 2048 640 ) 
4 121 140 (3968 2624 640 ) (3968 2048 640 ) (3968 2048 768 ) (3968 2688 768 ) 
4 121 132 (3968 2048 768 ) (3968 2048 4096 ) (3968 2080 4096 ) (3968 2080 768 ) 
4 121 123 (3968 2080 4096 ) (3968 2688 4096 ) (3968 2688 768 ) (3968 2080 768 ) 
4 121 122 (3968 2048 640 ) (3968 2624 640 ) (4096 2624 640 ) (4096 2048 640 ) 
4 122 142 (4096 2048 512 ) (4096 2048 640 ) (3968 2048 640 ) (3968 2048 512 ) 
4 122 140 (3968 2560 512 ) (3968 2048 512 ) (3968 2048 640 ) (3968 2624 640 ) 
4 122 139 (3968 2944 512 ) (3968 2688 512 ) (3968 2688 640 ) (3968 2944 640 ) 
3 122 138 (3968 3072 640 ) (3968 3072 512 ) (3968 3008 640 ) 
4 123 140 (3968 2688 768.002075 ) (3968 2080 768.002014 ) (3904 2080 640 ) (3904 2624 640 ) 
4 123 138 (3904 3072 640 ) (3968 3072 768.002075 ) (3968 2944 768.002075 ) (3904 3008 640 ) 
5 123 132 (3584 2080 640 ) (3904 2080 640 ) (3968 2080 768.003906 ) (3968 2080 4096 ) (3584 2080 4096 ) 
4 123 127 (3903.996094 2080 640 ) (3584 2080 640 ) (3584 2112 640 ) (3903.996094 2112 640 ) 
4 123 125 (3584 2112 640 ) (3584 3072 640 ) (3903.995850 3072 640 ) (3903.996094 2112 640 ) 
5 123 124 (3584 2816 640 ) (3584 2080 640 ) (3584 2080 4096 ) (3584 3072 4096 ) (3584 3072 768 ) 
4 124 192 (3072 3008 736 ) (3072 2816 640 ) (3072 2080 640 ) (3072 2080 736 ) 
4 124 182 (3072 3072 768 ) (3072 3008 736 ) (3072 2080 736 ) (3072 2080 768 ) 
4 124 181 (3072 3072 4096 ) (3072 3072 768 ) (3072 2080 768 ) (3072 2080 4096 ) 
3 124 136 (3072 2080 648 ) (3072 2080 640 ) (3088 2080 640 ) 
5 124 135 (3072 2080 4096 ) (3072 2080 648 ) (3088 2080 640 ) (3136 2080 640 ) (3136 2080 4096 ) 
4 124 133 (3136 2080 640 ) (3168 2080 640 ) (3168 2080 4096 ) (3136 2080 4096 ) 
4 124 132 (3168 2080 640 ) (3584 2080 640 ) (3584 2080 4096 ) (3168 2080 4096 ) 
4 124 130 (3136 2080 640 ) (3072 2080 640 ) (3072 2112 640 ) (3136 2112 640 ) 
4 124 128 (3168 2080 640 ) (3136 2080 640 ) (3136 2112 640 ) (3168 2112 640 ) 
4 124 127 (3584 2080 640 ) (3168 2080 640 ) (3168 2112 640 ) (3584 2112 640 ) 
4 124 126 (3072 2112 640 ) (3072 2816 640 ) (3584 2816 640 ) (3584 2112 640 ) 
4 125 140 (3840 2112 512 ) (3840 2560 512 ) (3904 2624 640 ) (3904 2112 640 ) 
4 125 139 (3840 2688 512 ) (3840 2944 512 ) (3904 2944 640 ) (3904 2688 640 ) 
3 125 138 (3840 3072 512 ) (3904 3072 640 ) (3904 3008 640 ) 
4 125 127 (3584 2112 512 ) (3839.996094 2112 512 ) (3903.996094 2112 640 ) (3584 2112 640 ) 
4 125 126 (3584 2560 512 ) (3584 2112 512 ) (3584 2112 640 ) (3584 2816 640 ) 
4 126 193 (3072 2560 512 ) (3072 2112 512 ) (3072 2112 640 ) (3072 2816 640 ) 
4 126 131 (3072 2112 512 ) (3136 2112 512 ) (3136 2112 584 ) (3072 2112 583.997253 ) 
4 126 130 (3136 2112 584 ) (3136 2112 640 ) (3072 2112 640 ) (3072 2112 583.997253 ) 
4 126 129 (3168 2112 583.996216 ) (3168 2112 584.001892 ) (3136 2112 616.001892 ) (3136 2112 583.996155 ) 
4 126 128 (3168 2112 584.001892 ) (3168 2112 640 ) (3136 2112 640 ) (3136 2112 616.001892 ) 
4 126 127 (3168 2112 512 ) (3584 2112 512 ) (3584 2112 640 ) (3168 2112 640 ) 
4 127 140 (3840 2080 512 ) (3840 2112 512 ) (3904 2112 640 ) (3904 2080 640 ) 
4 127 132 (3168 2080 512 ) (3840 2080 512 ) (3904 2080 640 ) (3168 2080 640 ) 
4 127 128 (3168 2112 640 ) (3168 2112 584.001892 ) (3168 2080 584.001892 ) (3168 2080 640 ) 
4 128 133 (3168 2080 584.001892 ) (3168 2080 640 ) (3136 2080 640 ) (3136 2080 616.001892 ) 
4 128 130 (3136 2112 640 ) (3136 2112 616.001892 ) (3136 2080 616.001892 ) (3136 2080 640 ) 
5 128 129 (3168 2112 584 ) (3168 2111.996094 584 ) (3136.003906 2080 615.996216 ) (3136 2080 616 ) (3136 2112 616 ) 
4 129 130 (3136 2112 616.001892 ) (3136 2112 583.996155 ) (3136 2080 615.996216 ) (3136 2080 616.001892 ) 
4 130 195 (3072 2080 615.997314 ) (3072 2080 640 ) (3072 2112 640 ) (3072 2112 583.997253 ) 
4 130 136 (3072 2080 640 ) (3072 2080 615.997314 ) (3136 2080 616 ) (3088 2080 640 ) 
3 130 135 (3136 2080 616 ) (3136 2080 640 ) (3088 2080 640 ) 
4 130 131 (3072 2112 583.997314 ) (3136 2112 584 ) (3136 2080 616 ) (3072 2080 615.997314 ) 
4 131 196 (3072 2112 512 ) (3072 2080 512 ) (3072 2080 615.997314 ) (3072 2112 583.997253 ) 
4 131 137 (3072 2080 584 ) (3072 2080 512 ) (3136 2080 512 ) (3136 2080 584 ) 
4 132 165 (3168 2048 512 ) (3584 2048 512 ) (3584 2048 4096 ) (3168 2048 4096 ) 
5 132 142 (3584 2048 512 ) (3840 2048 512 ) (3968 2048 768 ) (3968 2048 4096 ) (3584 2048 4096 ) 
4 132 140 (3840 2048 512 ) (3840 2080 512 ) (3968 2080 768.002014 ) (3968 2048 768.002014 ) 
4 132 134 (3168 2080 584.001953 ) (3168 2080 512 ) (3168 2048 512 ) (3168 2048 584.002014 ) 
4 132 133 (3168 2048 4096 ) (3168 2080 4096 ) (3168 2080 584.001953 ) (3168 2048 584.002014 ) 
4 133 166 (3168 2048 584.002014 ) (3168 2048 4096 ) (3136 2048 4096 ) (3136 2048 616.001953 ) 
4 133 135 (3136 2048 4096 ) (3136 2080 4096 ) (3136 2080 616.001953 ) (3136 2048 616.002014 ) 
4 133 134 (3168 2080 584 ) (3168 2048 584 ) (3136 2048 616 ) (3136 2080 616 ) 
4 134 167 (3136 2048 512 ) (3168 2048 512 ) (3168 2048 584.002014 ) (3136 2048 616.001953 ) 
4 134 137 (3136 2080 584 ) (3136 2080 512 ) (3136 2048 512 ) (3136 2048 584 ) 
4 135 214 (3072 2048 648 ) (3072 2048 736 ) (3072 2080 736 ) (3072 2080 648 ) 
4 135 182 (3072 2048 736 ) (3072 2048 768 ) (3072 2080 768 ) (3072 2080 736 ) 
4 135 181 (3072 2048 768 ) (3072 2048 4096 ) (3072 2080 4096 ) (3072 2080 768 ) 
3 135 174 (3104 2048 632 ) (3136 2048 616 ) (3136 2048 632 ) 
5 135 172 (3072 2048 4096 ) (3072 2048 648 ) (3104 2048 632 ) (3136 2048 632 ) (3136 2048 4096 ) 
4 135 136 (3072 2048 648 ) (3072 2080 648 ) (3136 2080 616 ) (3104 2048 632 ) 
3 136 215 (3072 2048 632 ) (3072 2080 632 ) (3072 2080 616 ) 
4 136 214 (3072 2048 632 ) (3072 2048 648 ) (3072 2080 648 ) (3072 2080 632 ) 
3 136 172 (3072 2048 648 ) (3072 2048 632 ) (3104 2048 632 ) 
4 137 218 (3072 2080 512 ) (3072 2048 512 ) (3072 2048 584 ) (3072 2080 584 ) 
4 137 175 (3072 2048 584 ) (3072 2048 512 ) (3136 2048 512 ) (3136 2048 584 ) 
3 140 142 (3840 2048 512 ) (3968 2048 512 ) (3968 2048 768 ) 
4 141 179 (4608 1024 512 ) (4608 1024 4096 ) (4096 1024 4096 ) (4096 1024 512 ) 
3 141 151 (4096 1472 1408 ) (4096 1472 1024 ) (4096 1280 1024 ) 
4 141 150 (4096 1408 1792 ) (4096 1440 1856 ) (4096 1472 1856 ) (4096 1472 1792 ) 
4 141 146 (4096 1024 1792 ) (4096 1024 1856 ) (4096 1440 1856 ) (4096 1408 1792 ) 
3 141 147 (4096 1024 1024 ) (4096 1024 1536 ) (4096 1280 1536 ) 
4 141 145 (4096 1536 1536 ) (4096 1536 1024 ) (4096 1472 1024 ) (4096 1472 1408 ) 
4 141 144 (4096 1472 1856 ) (4096 1536 1856 ) (4096 1536 1792 ) (4096 1472 1792 ) 
4 141 143 (4096 1024 1856 ) (4096 1024 4096 ) (4096 1536 4096 ) (4096 1536 1856 ) 
4 141 142 (4096 2048 4096 ) (4096 2048 512 ) (4096 1536 512 ) (4096 1536 4096 ) 
4 142 168 (3584 1984 512 ) (3584 1536 512 ) (3584 1536 4096 ) (3584 1984 4096 ) 
4 142 165 (3584 2048 4096 ) (3584 2048 512 ) (3584 1984 512 ) (3584 1984 4096 ) 
4 142 164 (3584 1536 704 ) (3584 1536 512 ) (3648 1536 512 ) (3648 1536 704 ) 
4 142 162 (3648 1536 512 ) (4000 1536 512 ) (4000 1536 704 ) (3648 1536 704 ) 
4 142 153 (3584 1536 1856 ) (3584 1536 1792 ) (3712 1536 1792 ) (3680 1536 1856 ) 
3 142 152 (3584 1536 1536 ) (3584 1536 704 ) (4000 1536 704 ) 
3 142 145 (4096 1536 1024 ) (4096 1536 1536 ) (3840 1536 1536 ) 
4 142 144 (4096 1536 1792 ) (4096 1536 1856 ) (3680 1536 1856 ) (3712 1536 1792 ) 
4 142 143 (3584 1536 4096 ) (3584 1536 1856 ) (4096 1536 1856 ) (4096 1536 4096 ) 
4 143 180 (4096 1024 1856 ) (4096 1024 4096 ) (3584 1024 4096 ) (3584 1024 1856 ) 
4 143 168 (3584 1024 1856 ) (3584 1024 4096 ) (3584 1536 4096 ) (3584 1536 1856 ) 
4 143 159 (3680 1024 1856 ) (3584 1024 1856 ) (3584 1088 1856 ) (3680 1088 1856 ) 
4 143 158 (3584 1088 1856 ) (3584 1152 1856 ) (3648 1216 1856 ) (3648 1088 1856 ) 
4 143 155 (3584 1152 1856 ) (3584 1472 1856 ) (3648 1472 1856 ) (3648 1216 1856 ) 
4 143 153 (3584 1472 1856 ) (3584 1536 1856 ) (3680 1536 1856 ) (3680 1472 1856 ) 
4 143 150 (4032 1472 1856 ) (4096 1472 1856 ) (4096 1440 1856 ) (4032 1440 1856 ) 
4 143 148 (4032 1024 1856 ) (3680 1024 1856 ) (3680 1088 1856 ) (4032 1088 1856 ) 
4 143 146 (4096 1024 1856 ) (4032 1024 1856 ) (4032 1440 1856 ) (4096 1440 1856 ) 
4 143 144 (3680 1472 1856 ) (3680 1536 1856 ) (4096 1536 1856 ) (4096 1472 1856 ) 
4 144 153 (3680 1472 1856 ) (3680 1536 1856 ) (3712 1536 1792 ) (3712 1472 1792 ) 
4 144 150 (4032 1472 1792 ) (4096 1472 1792 ) (4096 1472 1856 ) (4032 1472 1856 ) 
4 145 151 (4032 1472 1151.996094 ) (4096 1472 1023.996094 ) (4096 1472 1408 ) (4032 1472 1408 ) 
4 146 180 (4096 1024 1792 ) (4096 1024 1856 ) (4032 1024 1856 ) (4032 1024 1792 ) 
4 146 150 (4032 1408 1792 ) (4032 1440 1856 ) (4096 1440 1856 ) (4096 1408 1792 ) 
4 146 148 (4032 1088 1792 ) (4032 1024 1792 ) (4032 1024 1856 ) (4032 1088 1856 ) 
4 147 180 (4096 1024 1024 ) (4096 1024 1536 ) (4032 1024 1536 ) (4032 1024 1152 ) 
4 147 149 (4032 1088 1152 ) (4032 1024 1152 ) (4032 1024 1536 ) (4032 1088 1536 ) 
4 148 180 (4032 1024 1856 ) (3680 1024 1856 ) (3712 1024 1792 ) (4032 1024 1792 ) 
4 148 159 (3680 1024 1856 ) (3680 1088 1856 ) (3712 1088 1792 ) (3712 1024 1792 ) 
3 149 180 (3840 1024 1536 ) (4032 1024 1152 ) (4032 1024 1536 ) 
4 152 168 (3584 1536 1536 ) (3584 1536 704 ) (3584 1472 704 ) (3584 1472 1408 ) 
4 152 164 (3584 1472 704 ) (3584 1536 704 ) (3648 1536 704 ) (3648 1472 704 ) 
4 152 162 (3648 1536 704 ) (4000 1536 704 ) (3936 1472 704 ) (3648 1472 704 ) 
4 152 160 (3648 1472 704 ) (3904 1472 704 ) (3904 1472 864 ) (3648 1472 864 ) 
4 152 161 (3584 1472 704 ) (3648 1472 704 ) (3648 1472 1408 ) (3584 1472 1408 ) 
4 153 168 (3584 1472 1856 ) (3584 1536 1856 ) (3584 1536 1792 ) (3584 1472 1792 ) 
4 153 155 (3648 1472 1856 ) (3584 1472 1856 ) (3584 1472 1792 ) (3648 1472 1792 ) 
3 154 168 (3584 1152 1280 ) (3584 1152 1536 ) (3584 1280 1536 ) 
4 154 157 (3648 1215.998657 1407.997070 ) (3648 1215.998657 1408 ) (3584 1151.998535 1536 ) (3584 1152 1279.997803 ) 
4 155 168 (3584 1152 1856 ) (3584 1472 1856 ) (3584 1472 1792 ) (3584 1152 1792 ) 
4 155 158 (3648 1215.998047 1856 ) (3584 1151.998047 1856 ) (3584 1151.998169 1792 ) (3648 1215.998047 1792 ) 
3 156 180 (3840 1024 1024 ) (3648 1024 1408 ) (3648 1024 1024 ) 
4 156 157 (3648 1024 1407.998047 ) (3648 1088 1407.998047 ) (3648 1088 1152 ) (3648 1024 1024 ) 
4 157 180 (3584 1024 1536 ) (3584 1024 1024 ) (3648 1024 1024 ) (3648 1024 1408 ) 
4 157 168 (3584 1024 1024 ) (3584 1024 1536 ) (3584 1152 1536 ) (3584 1152 1280 ) 
4 158 168 (3584 1088 1856 ) (3584 1152 1856 ) (3584 1152 1792 ) (3584 1088 1792 ) 
4 158 159 (3648 1088 1792 ) (3648 1088 1856 ) (3584 1088 1856 ) (3584 1088 1792 ) 
4 159 180 (3712 1024 1792 ) (3680 1024 1856 ) (3584 1024 1856 ) (3584 1024 1792 ) 
4 159 168 (3584 1024 1792 ) (3584 1024 1856 ) (3584 1088 1856 ) (3584 1088 1792 ) 
3 160 163 (3648 1472 704 ) (3904 1472 704 ) (3648 1216 704 ) 
4 160 161 (3648 1472 864 ) (3648 1472 704 ) (3648 1216 704 ) (3648 1216 864 ) 
3 161 168 (3584 1472 1408 ) (3584 1472 704 ) (3584 1120 704 ) 
4 161 164 (3584 1120 704 ) (3584 1472 704 ) (3648 1472 704 ) (3648 1184 704 ) 
4 162 164 (3648 1472 704 ) (3648 1536 704 ) (3648 1536 512 ) (3648 1472 512 ) 
4 162 163 (3648 1472 704 ) (3648 1472 512 ) (3904 1472 512 ) (3904 1472 704 ) 
4 163 164 (3648 1216 704 ) (3648 1472 704 ) (3648 1472 512 ) (3648 1216 512 ) 
4 164 168 (3584 1536 512 ) (3584 1120 512 ) (3584 1120 704 ) (3584 1536 704 ) 
4 165 168 (3168 1984 512 ) (3584 1984 512 ) (3584 1984 4096 ) (3168 1984 4096 ) 
4 165 167 (3168 2048 512 ) (3168 1984 512 ) (3168 1984 584.002014 ) (3168 2048 584.001953 ) 
4 165 166 (3168 1984 584.002014 ) (3168 1984 4096 ) (3168 2048 4096 ) (3168 2048 584.001953 ) 
4 166 174 (3136 2016 632 ) (3136 2048 632 ) (3136 2048 616.001953 ) (3136 1984.003906 616.002014 ) 
4 166 173 (3136 1984 616.002014 ) (3136 1984 632 ) (3136 2016 632 ) (3136 1984.003906 616.002014 ) 
4 166 172 (3136 1984 632 ) (3136 1984 4096 ) (3136 2048 4096 ) (3136 2048 632 ) 
3 166 170 (3136 1984 616.001953 ) (3168 1984 584.002014 ) (3168 1984 616.001221 ) 
4 166 169 (3136 1984 4096 ) (3136 1984 616.001953 ) (3168 1984 616.001221 ) (3168 1984 4096 ) 
4 166 167 (3168 2048 584 ) (3168 1984 584 ) (3136 1984 616 ) (3136 2048 616 ) 
4 167 175 (3136 2048 512 ) (3136 1984 512 ) (3136 1984 584 ) (3136 2048 584 ) 
4 168 180 (3168 1024 512 ) (3584 1024 512 ) (3584 1024 4096 ) (3168 1024 4096 ) 
3 168 170 (3168 1984 616 ) (3168 1984 584.001953 ) (3168 1952 584.001282 ) 
4 168 169 (3168 1984 4096 ) (3168 1984 616 ) (3168 1952 584.001282 ) (3168 1952 4096 ) 
4 168 171 (3168 1952 512 ) (3168 1024 512 ) (3168 1024 4096 ) (3168 1952 4096 ) 
4 169 176 (3136 1952 584.001282 ) (3136 1952 632 ) (3136 1984 632 ) (3136 1984 616 ) 
4 169 172 (3136 1952 632 ) (3136 1952 4096 ) (3136 1984 4096 ) (3136 1984 632 ) 
3 169 170 (3168 1984 616 ) (3168 1952 584.001831 ) (3136.001953 1984 616 ) 
4 169 171 (3136 1952 4096 ) (3136 1952 584.001221 ) (3168 1952 584.001282 ) (3168 1952 4096 ) 
4 171 180 (3136 1024 512 ) (3168 1024 512 ) (3168 1024 4096 ) (3136 1024 4096 ) 
4 171 178 (3136 1952 512 ) (3136 1024 512 ) (3136 1024 632 ) (3136 1952 632 ) 
4 171 172 (3136 1024 632 ) (3136 1024 4096 ) (3136 1952 4096 ) (3136 1952 632 ) 
4 172 259 (3072 1952 4096 ) (3072 1984 4096 ) (3072 1984 632 ) (3072 1952 632 ) 
4 172 261 (3072 1024 632 ) (3072 1024 4096 ) (3072 1952 4096 ) (3072 1952 632 ) 
3 172 257 (3072 2048 648 ) (3072 2048 632 ) (3072 2016 632 ) 
5 172 256 (3072 1984 4096 ) (3072 2048 4096 ) (3072 2048 648 ) (3072 2016 632 ) (3072 1984 632 ) 
4 172 180 (3072 1024 4096 ) (3072 1024 632 ) (3136 1024 632 ) (3136 1024 4096 ) 
4 172 176 (3136 1984 632 ) (3136 1952 632 ) (3072 1952 632 ) (3072 1984 632 ) 
4 172 178 (3136 1952 632 ) (3136 1024 632 ) (3072 1024 632 ) (3072 1952 632 ) 
4 172 174 (3136 2048 632 ) (3136 2016 632 ) (3104 2016 632 ) (3104 2048 632 ) 
4 172 173 (3136 2016 632 ) (3136 1984 632 ) (3072 1984 632 ) (3072 2016 632 ) 
3 173 256 (3072 1984 632 ) (3072 2016 632 ) (3072 1984 616 ) 
4 173 176 (3136 1984 616 ) (3136 1984 632 ) (3072 1984 632 ) (3072 1984 616 ) 
3 173 174 (3136 1984 616 ) (3104 2016 632 ) (3136 2016 632 ) 
4 175 258 (3072 2048 584 ) (3072 2048 512 ) (3072 1984 512 ) (3072 1984 584 ) 
4 175 177 (3072 1984 512 ) (3136 1984 512 ) (3136 1984 584 ) (3072 1984 584 ) 
4 176 259 (3072 1952 632 ) (3072 1984 632 ) (3072 1984 616.002563 ) (3072 1952 584.002747 ) 
4 176 178 (3136 1952 584 ) (3136 1952 632 ) (3072 1952 632 ) (3072 1952 584.002747 ) 
4 176 177 (3136 1952 584.001221 ) (3072 1952 584.003906 ) (3072 1984 616.003906 ) (3136 1984 616.001221 ) 
4 177 260 (3072 1984 616.002563 ) (3072 1984 512 ) (3072 1952 512 ) (3072 1952 584.002747 ) 
4 177 178 (3072 1952 512 ) (3136 1952 512 ) (3136 1952 584 ) (3072 1952 584.002747 ) 
4 178 261 (3072 1024 512 ) (3072 1024 632 ) (3072 1952 632 ) (3072 1952 512 ) 
4 178 180 (3072 1024 632 ) (3072 1024 512 ) (3136 1024 512 ) (3136 1024 632 ) 
4 179 180 (4096 1024 4096 ) (4096 1024 512 ) (4096 512 512 ) (4096 512 4096 ) 
4 180 343 (3072 512 512 ) (3072 512 4096 ) (3072 1024 4096 ) (3072 1024 512 ) 
4 181 288 (2048 2048 832 ) (2048 2048 768 ) (2304 2048 768 ) (2304 2048 832 ) 
4 181 284 (2048 2048 896 ) (2048 2048 832 ) (2304 2048 832 ) (2304 2048 896 ) 
4 181 277 (2048 2048 928 ) (2048 2048 896 ) (2304 2048 896 ) (2304 2048 928 ) 
4 181 276 (2304 2048 4096 ) (2048 2048 4096 ) (2048 2048 928 ) (2304 2048 928 ) 
4 181 262 (3040 2048 4096 ) (3008 2048 4096 ) (3008 2048 768 ) (3040 2048 768 ) 
4 181 264 (3008 2048 4096 ) (2304 2048 4096 ) (2304 2048 768 ) (3008 2048 768 ) 
4 181 256 (3072 2048 768 ) (3072 2048 4096 ) (3040 2048 4096 ) (3040 2048 768 ) 
4 181 229 (2048 3072 4096 ) (2048 3072 768 ) (2048 2048 768 ) (2048 2048 4096 ) 
3 181 189 (2272 2784 768 ) (2272 2720 768 ) (2208 2784 768 ) 
8 181 188 (2240 2656 768 ) (2208 2624 768 ) (2144 2624 768 ) (2112 2656 768 ) (2112 2720 768 ) (2144 2752 768 ) (2208 2752 768 ) (2240 2720 768 ) 
3 181 187 (2080 2720 768 ) (2080 2784 768 ) (2144 2784 768 ) 
3 181 186 (2272 2656 768 ) (2272 2592 768 ) (2208 2592 768 ) 
3 181 185 (2144 2592 768 ) (2080 2592 768 ) (2080 2656 768 ) 
4 181 190 (2272 2592 768 ) (2272 2048 768 ) (2080 2048 768 ) (2080 2592 768 ) 
4 181 184 (2080 3072 768 ) (2272 3072 768 ) (2272 2784 768 ) (2080 2784 768 ) 
4 181 191 (2048 2048 768 ) (2048 3072 768 ) (2080 3072 768 ) (2080 2048 768 ) 
4 181 182 (2560 3072 768 ) (3072 3072 768 ) (3072 2048 768 ) (2560 2048 768 ) 
4 181 183 (2272 3072 768 ) (2560 3072 768 ) (2560 2048 768 ) (2272 2048 768 ) 
4 182 262 (3040 2048 768 ) (3008 2048 768 ) (3008 2048 736 ) (3040 2048 736 ) 
4 182 264 (3008 2048 768 ) (2560 2048 768 ) (2560 2048 736 ) (3008 2048 736 ) 
4 182 256 (3072 2048 736 ) (3072 2048 768 ) (3040 2048 768 ) (3040 2048 736 ) 
4 182 216 (3040 2048 736 ) (2560 2048 736 ) (2560 2080 736 ) (3040 2080 736 ) 
4 182 214 (3072 2048 736 ) (3040 2048 736 ) (3040 2080 736 ) (3072 2080 736 ) 
4 182 192 (2560 2080 736 ) (2560 3008 736 ) (3072 3008 736 ) (3072 2080 736 ) 
4 182 183 (2560 3008 736 ) (2560 2048 736 ) (2560 2048 768 ) (2560 3072 768 ) 
4 183 288 (2304 2048 768 ) (2272 2048 768 ) (2272 2048 736 ) (2304 2048 736 ) 
4 183 264 (2560 2048 768 ) (2304 2048 768 ) (2304 2048 736 ) (2560 2048 736 ) 
4 183 216 (2560 2048 736 ) (2272 2048 736 ) (2272 2080 736 ) (2560 2080 736 ) 
4 183 202 (2272 2080 736 ) (2272 3072 736 ) (2560 3072 736 ) (2560 2080 736 ) 
4 183 189 (2272 2784 736 ) (2272 2720 736 ) (2272 2720 768 ) (2272 2784 768 ) 
4 183 186 (2272 2656 736 ) (2272 2592 736 ) (2272 2592 768 ) (2272 2656 768 ) 
4 183 190 (2272 2592 736 ) (2272 2048 736 ) (2272 2048 768 ) (2272 2592 768 ) 
4 183 184 (2272 3072 736 ) (2272 2784 736 ) (2272 2784 768 ) (2272 3072 768 ) 
4 184 203 (2080 2784 736 ) (2080 3072 736 ) (2272 3072 736 ) (2272 2784 736 ) 
4 184 189 (2208 2784 736 ) (2272 2784 736 ) (2272 2784 768 ) (2208 2784 768 ) 
4 184 187 (2080 2784 768 ) (2080 2784 736 ) (2144 2784 736 ) (2144 2784 768 ) 
4 184 191 (2080 3072 736 ) (2080 2784 736 ) (2080 2784 768 ) (2080 3072 768 ) 
3 185 204 (2080 2592 736 ) (2080 2656 736 ) (2144 2592 736 ) 
4 185 190 (2080 2592 768 ) (2080 2592 736 ) (2144 2592 736 ) (2144 2592 768 ) 
4 185 191 (2080 2656 736 ) (2080 2592 736 ) (2080 2592 768 ) (2080 2656 768 ) 
3 186 206 (2272 2656 736 ) (2272 2592 736 ) (2208 2592 736 ) 
4 186 190 (2208 2592 736 ) (2272 2592 736 ) (2272 2592 768 ) (2208 2592 768 ) 
3 187 205 (2080 2720 736 ) (2080 2784 736 ) (2144 2784 736 ) 
4 187 191 (2080 2784 736 ) (2080 2720 736 ) (2080 2720 768 ) (2080 2784 768 ) 
3 189 207 (2208 2784 736 ) (2272 2784 736 ) (2272 2720 736 ) 
4 190 288 (2272 2048 768 ) (2080 2048 768 ) (2080 2048 736 ) (2272 2048 736 ) 
4 190 216 (2272 2048 736 ) (2080 2048 736 ) (2080 2080 736 ) (2272 2080 736 ) 
4 190 208 (2080 2080 736 ) (2080 2592 736 ) (2272 2592 736 ) (2272 2080 736 ) 
4 190 191 (2080 2592 736 ) (2080 2048 736 ) (2080 2048 768 ) (2080 2592 768 ) 
4 191 288 (2080 2048 768 ) (2048 2048 768 ) (2048 2048 736 ) (2080 2048 736 ) 
4 191 229 (2048 3072 768 ) (2048 3072 736 ) (2048 2048 736 ) (2048 2048 768 ) 
4 191 216 (2080 2048 736 ) (2048 2048 736 ) (2048 2080 736 ) (2080 2080 736 ) 
4 191 209 (2048 2080 736 ) (2048 3072 736 ) (2080 3072 736 ) (2080 2080 736 ) 
4 192 216 (3040 2080 736 ) (2560 2080 736 ) (2560 2080 640 ) (3040 2080 640 ) 
4 192 214 (3072 2080 640 ) (3072 2080 736 ) (3040 2080 736 ) (3040 2080 640 ) 
4 192 213 (2560 2240 704 ) (2560 2368 704 ) (2560 2368 640 ) (2560 2240 640 ) 
4 192 212 (2560 2368 704 ) (2560 2944 704 ) (2560 2816 640 ) (2560 2368 640 ) 
4 192 210 (2560 2080 640 ) (2560 2080 704 ) (2560 2240 704 ) (2560 2240 640 ) 
4 192 202 (2560 2080 704 ) (2560 2080 736 ) (2560 3008 736 ) (2560 2944 704 ) 
4 192 201 (2624 2080 640 ) (2560 2080 640 ) (2560 2816 640 ) (2624 2816 640 ) 
4 192 197 (3040 2080 640 ) (3008 2080 640 ) (3008 2112 640 ) (3040 2112 640 ) 
4 192 199 (3008 2080 640 ) (2624 2080 640 ) (2624 2112 640 ) (3008 2112 640 ) 
4 192 195 (3072 2080 640 ) (3040 2080 640 ) (3040 2112 640 ) (3072 2112 640 ) 
4 192 193 (2752 2816 640 ) (3072 2816 640 ) (3072 2112 640 ) (2752 2112 640 ) 
4 192 194 (2624 2112 640 ) (2624 2816 640 ) (2752 2816 640 ) (2752 2112 640 ) 
4 193 198 (3040 2112 583.996155 ) (3040 2112 615.997925 ) (3008 2112 583.997925 ) (3008 2112 583.996216 ) 
4 193 197 (3040 2112 615.997925 ) (3040 2112 640 ) (3008 2112 640 ) (3008 2112 583.997925 ) 
4 193 199 (2752 2112 512 ) (3008 2112 512 ) (3008 2112 640 ) (2752 2112 640 ) 
4 193 196 (3040 2112 512 ) (3072 2112 512 ) (3072 2112 583.997253 ) (3040 2112 583.995850 ) 
4 193 195 (3072 2112 583.997253 ) (3072 2112 640 ) (3040 2112 640 ) (3040 2112 583.995850 ) 
4 193 194 (2752 2560 512 ) (2752 2112 512 ) (2752 2112 640 ) (2752 2816 640 ) 
4 194 201 (2624 2560 512 ) (2624 2112 512 ) (2624 2112 640 ) (2624 2816 640 ) 
3 194 200 (2624 3072 512 ) (2624 2944 512 ) (2624 3072 576 ) 
4 194 199 (2624 2112 640 ) (2624 2112 512 ) (2752 2112 512 ) (2752 2112 640 ) 
4 195 215 (3072 2080 615.997314 ) (3072 2080 632 ) (3040 2080 616 ) (3040 2080 615.995972 ) 
4 195 214 (3072 2080 632 ) (3072 2080 640 ) (3040 2080 640 ) (3040 2080 616 ) 
4 195 198 (3040 2112 615.997925 ) (3040 2112 583.995850 ) (3040 2080 615.995972 ) (3040 2080 615.997864 ) 
4 195 197 (3040 2112 640 ) (3040 2112 615.997925 ) (3040 2080 615.997864 ) (3040 2080 640 ) 
4 195 196 (3040 2080 616 ) (3040 2112 584 ) (3072 2112 584.001343 ) (3072 2080 616.001343 ) 
4 196 218 (3040 2080 512 ) (3072 2080 512 ) (3072 2080 584 ) (3040 2080 584 ) 
4 197 216 (3040 2080 615.997925 ) (3040 2080 640 ) (3008 2080 640 ) (3008 2080 583.997925 ) 
5 197 198 (3008 2111.996094 584 ) (3008 2112 584 ) (3040 2112 616 ) (3040 2080 616 ) (3039.996094 2080 615.996216 ) 
4 197 199 (3008 2112 640 ) (3008 2112 583.997925 ) (3008 2080 583.997925 ) (3008 2080 640 ) 
4 199 220 (2624 2080 512 ) (3008 2080 512 ) (3008 2080 584 ) (2624 2080 584 ) 
4 199 216 (3008 2080 584 ) (3008 2080 640 ) (2624 2080 640 ) (2624 2080 584 ) 
4 199 201 (2624 2112 512 ) (2624 2080 512 ) (2624 2080 640 ) (2624 2112 640 ) 
3 200 212 (2560 3072 512 ) (2560 2944 512 ) (2560 3072 576 ) 
4 201 220 (2560 2080 512 ) (2624 2080 512 ) (2624 2080 584 ) (2560 2080 584 ) 
4 201 216 (2624 2080 584 ) (2624 2080 640 ) (2560 2080 640 ) (2560 2080 584 ) 
4 201 213 (2560 2368 512 ) (2560 2240 512 ) (2560 2240 640 ) (2560 2368 640 ) 
4 201 212 (2560 2560 512 ) (2560 2368 512 ) (2560 2368 640 ) (2560 2816 640 ) 
4 201 210 (2560 2240 512 ) (2560 2080 512 ) (2560 2080 640 ) (2560 2240 640 ) 
4 202 216 (2560 2080 704 ) (2560 2080 736 ) (2272 2080 736 ) (2272 2080 704 ) 
4 202 213 (2560 2368 704 ) (2560 2240 704 ) (2272 2528 704 ) (2272 2656 704 ) 
5 202 212 (2560 3072 704 ) (2560 2368 704 ) (2272 2656 704 ) (2272 2848 704 ) (2496 3072 704 ) 
3 202 211 (2272 2848 704 ) (2272 3072 704 ) (2496 3072 704 ) 
4 202 210 (2560 2240 704 ) (2560 2080 704 ) (2272 2080 704 ) (2272 2528 704 ) 
4 202 207 (2272 2784 704 ) (2272 2720 704 ) (2272 2720 736 ) (2272 2784 736 ) 
4 202 206 (2272 2656 704 ) (2272 2592 704 ) (2272 2592 736 ) (2272 2656 736 ) 
4 202 203 (2272 3072 704 ) (2272 2784 704 ) (2272 2784 736 ) (2272 3072 736 ) 
4 202 208 (2272 2592 704 ) (2272 2080 704 ) (2272 2080 736 ) (2272 2592 736 ) 
3 203 212 (2272 2848 704 ) (2272 2784 704 ) (2208 2784 704 ) 
5 203 211 (2080 2784 704 ) (2080 3072 704 ) (2272 3072 704 ) (2272 2848 704 ) (2208 2784 704 ) 
4 203 207 (2208 2784 704 ) (2272 2784 704 ) (2272 2784 736 ) (2208 2784 736 ) 
4 203 205 (2080 2784 736 ) (2080 2784 704 ) (2144 2784 704 ) (2144 2784 736 ) 
4 203 209 (2080 3072 704 ) (2080 2784 704 ) (2080 2784 736 ) (2080 3072 736 ) 
3 204 210 (2080 2592 704 ) (2080 2656 704 ) (2144 2592 704 ) 
4 204 209 (2080 2656 704 ) (2080 2592 704 ) (2080 2592 736 ) (2080 2656 736 ) 
4 204 208 (2080 2592 736 ) (2080 2592 704 ) (2144 2592 704 ) (2144 2592 736 ) 
3 205 211 (2080 2720 704 ) (2080 2784 704 ) (2144 2784 704 ) 
4 205 209 (2080 2784 704 ) (2080 2720 704 ) (2080 2720 736 ) (2080 2784 736 ) 
3 206 213 (2272 2656 704 ) (2272 2592 704 ) (2208 2592 704 ) 
4 206 208 (2208 2592 704 ) (2272 2592 704 ) (2272 2592 736 ) (2208 2592 736 ) 
3 207 212 (2208 2784 704 ) (2272 2784 704 ) (2272 2720 704 ) 
4 208 216 (2272 2080 736 ) (2080 2080 736 ) (2080 2080 704 ) (2272 2080 704 ) 
3 208 213 (2208 2592 704 ) (2272 2592 704 ) (2272 2528 704 ) 
5 208 210 (2272 2080 704 ) (2080 2080 704 ) (2080 2592 704 ) (2208 2592 704 ) (2272 2528 704 ) 
4 208 209 (2080 2592 704 ) (2080 2080 704 ) (2080 2080 736 ) (2080 2592 736 ) 
4 209 229 (2048 3072 736 ) (2048 3072 704 ) (2048 2080 704 ) (2048 2080 736 ) 
4 209 216 (2080 2080 736 ) (2048 2080 736 ) (2048 2080 704 ) (2080 2080 704 ) 
4 209 211 (2048 2752 704 ) (2048 3072 704 ) (2080 3072 704 ) (2080 2720 704 ) 
4 209 210 (2080 2080 704 ) (2048 2080 704 ) (2048 2752 704 ) (2080 2720 704 ) 
4 210 245 (2048 2752 512 ) (2048 2688 512 ) (2048 2688 640 ) (2048 2752 640 ) 
4 210 244 (2048 2688 512 ) (2048 2080 512 ) (2048 2080 640 ) (2048 2688 640 ) 
4 210 234 (2048 2080 640 ) (2048 2080 704 ) (2048 2752 704 ) (2048 2752 640 ) 
5 210 224 (2048 2080 512 ) (2048 2560 512 ) (2240 2560 512 ) (2560 2240 512 ) (2560 2080 512 ) 
3 210 223 (2208 2592 512 ) (2240 2560 512 ) (2176 2560 512 ) 
4 210 220 (2048 2080 512 ) (2560 2080 512 ) (2560 2080 584 ) (2048 2080 584 ) 
4 210 216 (2560 2080 584 ) (2560 2080 704 ) (2048 2080 704 ) (2048 2080 584 ) 
4 210 213 (2176 2624 704 ) (2560 2240 704 ) (2560 2240 512 ) (2176 2624 512 ) 
4 210 211 (2048 2752 704 ) (2112 2688 704 ) (2112 2688 512 ) (2048 2752 512 ) 
4 211 245 (2048 2944 512 ) (2048 2752 512 ) (2048 2752 640 ) (2048 2944 640 ) 
4 211 242 (2048 3072 640 ) (2048 3072 512 ) (2048 3008 512 ) (2048 3008 640 ) 
4 211 233 (2048 3072 704 ) (2048 3072 640 ) (2048 3008 640 ) (2048 3008 704 ) 
4 211 231 (2048 2944 640 ) (2048 2816 640 ) (2048 2816 704 ) (2048 2944 704 ) 
4 211 234 (2048 2816 640 ) (2048 2752 640 ) (2048 2752 704 ) (2048 2816 704 ) 
3 211 222 (2176 3072 512 ) (2304 3072 512 ) (2304 2944 512 ) 
3 211 221 (2304 3072 512 ) (2496 3072 512 ) (2304 2880 512 ) 
4 211 212 (2176 2752 512 ) (2496 3072 512 ) (2496 3072 704 ) (2176 2752 704 ) 
3 212 224 (2560 2560 512 ) (2560 2368 512 ) (2368 2560 512 ) 
3 212 223 (2304 2624 512 ) (2272 2656 512 ) (2304 2688 512 ) 
6 212 221 (2496 3072 512 ) (2560 3072 512 ) (2560 2560 512 ) (2368 2560 512 ) (2304 2624 512 ) (2304 2880 512 ) 
4 212 213 (2240 2688 512 ) (2560 2368 512 ) (2560 2368 704 ) (2240 2688 704 ) 
4 213 224 (2560 2368 512 ) (2560 2240 512 ) (2240 2560 512 ) (2368 2560 512 ) 
5 213 223 (2240 2560 512 ) (2208 2592 512 ) (2272 2656 512 ) (2304 2624 512 ) (2304 2560 512 ) 
3 213 221 (2304 2624 512 ) (2368 2560 512 ) (2304 2560 512 ) 
4 214 257 (3072 2048 632 ) (3072 2048 648 ) (3040 2048 648 ) (3040 2048 616 ) 
4 214 256 (3072 2048 648 ) (3072 2048 736 ) (3040 2048 736 ) (3040 2048 648 ) 
4 214 216 (3040 2080 736 ) (3040 2080 616 ) (3040 2048 616 ) (3040 2048 736 ) 
3 214 215 (3040 2080 616 ) (3072 2080 632 ) (3072 2048 632 ) 
4 216 288 (2304 2048 736 ) (2048 2048 736 ) (2048 2048 672 ) (2304 2048 672 ) 
3 216 272 (2304 2048 672 ) (2304 2048 584 ) (2568 2048 584 ) 
5 216 262 (3040 2048 736 ) (3008 2048 736 ) (3008 2048 584 ) (3008.001953 2048 584 ) (3040 2048 615.997986 ) 
5 216 264 (3008 2048 736 ) (2304 2048 736 ) (2304 2048 672 ) (2568 2048 584 ) (3008 2048 584 ) 
4 216 244 (2048 2048 584 ) (2048 2048 640 ) (2048 2080 640 ) (2048 2080 584 ) 
4 216 234 (2048 2048 640 ) (2048 2048 704 ) (2048 2080 704 ) (2048 2080 640 ) 
4 216 229 (2048 2048 704 ) (2048 2048 736 ) (2048 2080 736 ) (2048 2080 704 ) 
4 216 220 (3008.001953 2048 584 ) (2048 2048 584 ) (2048 2080 584 ) (3008.001953 2080 584 ) 
4 216 217 (3008 2048 584 ) (3008 2080 584 ) (3040 2080 616 ) (3040 2048 616 ) 
3 217 263 (3008.001953 2048 584 ) (3040 2048 584 ) (3040 2048 615.997986 ) 
4 217 219 (3040 2048 584 ) (3008.001953 2048 584 ) (3008.001953 2080 584 ) (3040 2080 584 ) 
4 218 258 (3072 2048 512 ) (3072 2048 584 ) (3040 2048 584 ) (3040 2048 512 ) 
4 218 219 (3040 2048 584 ) (3040 2080 584 ) (3040 2080 512 ) (3040 2048 512 ) 
4 219 263 (3040 2048 584 ) (3008 2048 584 ) (3008 2048 512 ) (3040 2048 512 ) 
4 219 220 (3008 2048 584 ) (3008 2080 584 ) (3008 2080 512 ) (3008 2048 512 ) 
4 220 296 (2048 2048 576 ) (2048 2048 512 ) (2304 2048 512 ) (2304 2048 576 ) 
5 220 272 (2568 2048 584 ) (2304 2048 584 ) (2304 2048 576 ) (2560 2048 512 ) (2784 2048 512 ) 
3 220 269 (2304 2048 576 ) (2304 2048 512 ) (2560 2048 512 ) 
4 220 264 (3008 2048 584 ) (2568 2048 584 ) (2784 2048 512 ) (3008 2048 512 ) 
4 220 244 (2048 2080 512 ) (2048 2048 512 ) (2048 2048 584 ) (2048 2080 584 ) 
4 220 224 (2048 2048 512 ) (2048 2080 512 ) (2560 2080 512 ) (2560 2048 512 ) 
4 221 225 (2304 3072 480 ) (2560 3072 480 ) (2560 2560 480 ) (2304 2560 480 ) 
4 221 224 (2304 2560 480 ) (2560 2560 480 ) (2560 2560 512 ) (2304 2560 512 ) 
4 221 223 (2304 2688 480 ) (2304 2560 480 ) (2304 2560 512 ) (2304 2688 512 ) 
4 221 222 (2304 3072 480 ) (2304 2944 480 ) (2304 2944 512 ) (2304 3072 512 ) 
3 222 226 (2176 3072 480 ) (2304 3072 480 ) (2304 2944 480 ) 
3 223 227 (2304 2688 480 ) (2304 2560 480 ) (2176 2560 480 ) 
4 223 224 (2176 2560 480 ) (2304 2560 480 ) (2304 2560 512 ) (2176 2560 512 ) 
4 224 296 (2304 2048 512 ) (2048 2048 512 ) (2048 2048 480 ) (2304 2048 480 ) 
4 224 275 (2560 2048 512 ) (2304 2048 512 ) (2304 2048 480 ) (2560 2048 480 ) 
4 224 250 (2048 2560 480 ) (2048 2048 480 ) (2048 2048 512 ) (2048 2560 512 ) 
4 224 228 (2304 2048 480 ) (2048 2048 480 ) (2048 2560 480 ) (2304 2560 480 ) 
4 224 225 (2560 2048 480 ) (2304 2048 480 ) (2304 2560 480 ) (2560 2560 480 ) 
4 225 297 (2560 2048 256 ) (2560 2048 480 ) (2304 2048 480 ) (2304 2048 256 ) 
4 225 227 (2304 2688 256 ) (2304 2560 256 ) (2304 2560 480 ) (2304 2688 480 ) 
4 225 226 (2304 3072 256 ) (2304 2944 256 ) (2304 2944 480 ) (2304 3072 480 ) 
4 225 228 (2304 2560 256 ) (2304 2048 256 ) (2304 2048 480 ) (2304 2560 480 ) 
4 227 228 (2176 2560 256 ) (2304 2560 256 ) (2304 2560 480 ) (2176 2560 480 ) 
4 228 297 (2304 2048 480 ) (2048 2048 480 ) (2048 2048 256 ) (2304 2048 256 ) 
4 228 254 (2048 2560 256 ) (2048 2048 256 ) (2048 2048 480 ) (2048 2560 480 ) 
4 229 319 (1792 2048 4096 ) (1280 2048 4096 ) (1280 2048 704 ) (1792 2048 704 ) 
4 229 310 (2048 2048 704 ) (2048 2048 832 ) (1792 2048 832 ) (1792 2048 704 ) 
4 229 306 (2048 2048 832 ) (2048 2048 896 ) (1792 2048 896 ) (1792 2048 832 ) 
4 229 299 (2048 2048 896 ) (2048 2048 928 ) (1792 2048 928 ) (1792 2048 896 ) 
4 229 298 (2048 2048 928 ) (2048 2048 4096 ) (1792 2048 4096 ) (1792 2048 928 ) 
4 229 239 (1280 2432 1088 ) (1280 2304 1152 ) (1280 2304 1280 ) (1280 2432 1280 ) 
3 229 238 (1280 2304 1280 ) (1280 2304 1450.666748 ) (1280 2816 1280 ) 
4 229 237 (1280 2304 4096 ) (1280 3072 4096 ) (1280 3072 1194.666748 ) (1280 2304 1450.666748 ) 
4 229 236 (1280 2752 832 ) (1280 2304 832 ) (1280 2304 1152 ) (1280 2560 1024 ) 
4 229 240 (1280 2048 832 ) (1280 2048 4096 ) (1280 2304 4096 ) (1280 2304 832 ) 
4 229 241 (1280 2048 704 ) (1280 2048 832 ) (1280 3072 832 ) (1280 3072 704 ) 
3 229 233 (1984 3072 704 ) (2048 3072 704 ) (2048 3008 704 ) 
3 229 232 (1792 2944 704 ) (1792 3072 704 ) (1920 3072 704 ) 
3 229 231 (2048 2944 704 ) (2048 2816 704 ) (1920 2816 704 ) 
3 229 230 (1792 2816 704 ) (1792 2880 704 ) (1856 2816 704 ) 
4 229 234 (2048 2048 704 ) (1792 2048 704 ) (1792 2816 704 ) (2048 2816 704 ) 
4 229 235 (1792 2048 704 ) (1280 2048 704 ) (1280 3072 704 ) (1792 3072 704 ) 
3 230 243 (1792 2816 640 ) (1792 2880 640 ) (1856 2816 640 ) 
4 230 234 (1792 2816 704 ) (1792 2816 640 ) (1856 2816 640 ) (1856 2816 704 ) 
4 230 235 (1792 2880 640 ) (1792 2816 640 ) (1792 2816 704 ) (1792 2880 704 ) 
3 231 245 (2048 2944 640 ) (2048 2816 640 ) (1920 2816 640 ) 
4 231 234 (1920 2816 640 ) (2048 2816 640 ) (2048 2816 704 ) (1920 2816 704 ) 
3 232 246 (1792 2944 640 ) (1792 3072 640 ) (1920 3072 640 ) 
4 232 235 (1792 3072 640 ) (1792 2944 640 ) (1792 2944 704 ) (1792 3072 704 ) 
3 233 242 (1984 3072 640 ) (2048 3072 640 ) (2048 3008 640 ) 
4 234 310 (2048 2048 672 ) (2048 2048 704 ) (1792 2048 704 ) (1792 2048 672 ) 
3 234 245 (1920 2816 640 ) (2048 2816 640 ) (2048 2688 640 ) 
5 234 244 (2048 2048 640 ) (1792 2048 640 ) (1792 2816 640 ) (1920 2816 640 ) (2048 2688 640 ) 
4 234 235 (1792 2816 640 ) (1792 2048 640 ) (1792 2048 704 ) (1792 2816 704 ) 
3 235 324 (1696 2048 640 ) (1792 2048 640 ) (1792 2048 672 ) 
5 235 319 (1792 2048 704 ) (1280 2048 704 ) (1280 2048 640 ) (1696 2048 640 ) (1792 2048 672 ) 
4 235 247 (1792 2048 640 ) (1280 2048 640 ) (1280 3072 640 ) (1792 3072 640 ) 
4 235 241 (1280 3072 640 ) (1280 2048 640 ) (1280 2048 704 ) (1280 3072 704 ) 
4 236 332 (1024 2752 832 ) (1024 2304 832 ) (1024 2304 1152 ) (1024 2560 1024 ) 
3 236 239 (1152 2304 1152 ) (1280 2304 1152 ) (1280 2432 1088 ) 
4 236 241 (1280 2752 832 ) (1280 2304 832 ) (1024 2304 832 ) (1024 2752 832 ) 
4 236 240 (1024 2304 832 ) (1280 2304 832 ) (1280 2304 1152 ) (1024 2304 1152 ) 
4 237 334 (1024 3072 4096 ) (1024 3072 1194.666748 ) (1024 2304 1450.666748 ) (1024 2304 4096 ) 
4 237 238 (1280 2304 1450.669312 ) (1024 2304 1450.669312 ) (1024 2816.007813 1280 ) (1280 2816.007813 1280 ) 
4 237 240 (1280 2304 1450.666748 ) (1280 2304 4096 ) (1024 2304 4096 ) (1024 2304 1450.666992 ) 
3 238 335 (1024 2304 1280 ) (1024 2304 1450.666748 ) (1024 2816 1280 ) 
3 238 239 (1280 2304 1280 ) (1152 2304 1280 ) (1280 2432 1280 ) 
4 238 240 (1280 2304 1280 ) (1280 2304 1450.666748 ) (1024 2304 1450.666992 ) (1024 2304 1280 ) 
4 239 240 (1280 2304 1152 ) (1280 2304 1280 ) (1152 2304 1280 ) (1152 2304 1152 ) 
4 240 336 (1024 2304 832 ) (1024 2048 832 ) (1024 2048 4096 ) (1024 2304 4096 ) 
4 240 327 (1024 2048 4096 ) (1024 2048 832 ) (1280 2048 832 ) (1280 2048 4096 ) 
4 240 241 (1280 2304 832 ) (1280 2048 832 ) (1024 2048 832 ) (1024 2304 832 ) 
4 241 337 (1024 3072 832 ) (1024 3072 640 ) (1024 2048 640 ) (1024 2048 832 ) 
4 241 327 (1024 2048 832 ) (1024 2048 640 ) (1280 2048 640 ) (1280 2048 832 ) 
4 241 247 (1280 2048 640 ) (1024 2048 640 ) (1024 3072 640 ) (1280 3072 640 ) 
4 243 244 (1792 2816 640 ) (1792 2816 512 ) (1856 2816 512 ) (1856 2816 640 ) 
4 243 247 (1792 2880 512 ) (1792 2816 512 ) (1792 2816 640 ) (1792 2880 640 ) 
4 244 318 (2048 2048 512 ) (2048 2048 576 ) (1792 2048 576 ) (1792 2048 512 ) 
3 244 249 (1920 2560 512 ) (1792 2560 512 ) (1792 2688 512 ) 
4 244 250 (2048 2560 512 ) (2048 2048 512 ) (1792 2048 512 ) (1792 2560 512 ) 
4 244 245 (2048 2688 512 ) (1920 2816 512 ) (1920 2816 640 ) (2048 2688 640 ) 
4 244 247 (1792 2816 512 ) (1792 2048 512 ) (1792 2048 640 ) (1792 2816 640 ) 
3 246 248 (1792 3072 512 ) (1920 3072 512 ) (1792 2944 512 ) 
4 246 247 (1792 3072 512 ) (1792 2944 512 ) (1792 2944 640 ) (1792 3072 640 ) 
4 247 337 (1024 3072 640 ) (1024 3072 512 ) (1024 2048 512 ) (1024 2048 640 ) 
4 247 327 (1280 2048 640 ) (1024 2048 640 ) (1024 2048 512 ) (1280 2048 512 ) 
5 247 324 (1792 2048 640 ) (1696 2048 640 ) (1312 2048 512 ) (1536 2048 512 ) (1792 2048 576 ) 
3 247 323 (1536 2048 512 ) (1792 2048 512 ) (1792 2048 576 ) 
4 247 319 (1696 2048 640 ) (1280 2048 640 ) (1280 2048 512 ) (1312 2048 512 ) 
4 247 251 (1536 3072 512 ) (1792 3072 512 ) (1792 2048 512 ) (1536 2048 512 ) 
3 248 252 (1792 3072 480 ) (1920 3072 480 ) (1792 2944 480 ) 
4 248 251 (1792 3072 480 ) (1792 2944 480 ) (1792 2944 512 ) (1792 3072 512 ) 
3 249 253 (1920 2560 480 ) (1792 2560 480 ) (1792 2688 480 ) 
4 249 251 (1792 2688 480 ) (1792 2560 480 ) (1792 2560 512 ) (1792 2688 512 ) 
4 249 250 (1792 2560 512 ) (1792 2560 480 ) (1920 2560 480 ) (1920 2560 512 ) 
4 250 318 (2048 2048 480 ) (2048 2048 512 ) (1792 2048 512 ) (1792 2048 480 ) 
4 250 254 (2048 2560 480 ) (2048 2048 480 ) (1792 2048 480 ) (1792 2560 480 ) 
4 250 251 (1792 2560 480 ) (1792 2048 480 ) (1792 2048 512 ) (1792 2560 512 ) 
4 251 330 (1792 2048 512 ) (1536 2048 512 ) (1536 2048 480 ) (1792 2048 480 ) 
4 251 255 (1536 3072 480 ) (1792 3072 480 ) (1792 2048 480 ) (1536 2048 480 ) 
4 252 255 (1792 3072 256 ) (1792 2944 256 ) (1792 2944 480 ) (1792 3072 480 ) 
4 253 255 (1792 2688 256 ) (1792 2560 256 ) (1792 2560 480 ) (1792 2688 480 ) 
4 253 254 (1792 2560 480 ) (1792 2560 256 ) (1920 2560 256 ) (1920 2560 480 ) 
4 254 331 (2048 2048 256 ) (2048 2048 480 ) (1792 2048 480 ) (1792 2048 256 ) 
4 254 255 (1792 2560 256 ) (1792 2048 256 ) (1792 2048 480 ) (1792 2560 480 ) 
4 255 331 (1792 2048 480 ) (1536 2048 480 ) (1536 2048 256 ) (1792 2048 256 ) 
4 256 262 (3040 2048 4096 ) (3040 2048 648 ) (3040 1984 616 ) (3040 1984 4096 ) 
4 256 259 (3072 1984 4096 ) (3040 1984 4096 ) (3040 1984 616 ) (3072 1984 616 ) 
4 256 257 (3040 1984 616 ) (3040 2048 648 ) (3072 2048 648 ) (3072 2016 632 ) 
3 257 262 (3040 2048 648 ) (3040 2048 616 ) (3040 1984 616 ) 
4 258 263 (3040 2048 584 ) (3040 2048 512 ) (3040 1984 512 ) (3040 1984 584 ) 
4 258 260 (3040 1984 584 ) (3040 1984 512 ) (3072 1984 512 ) (3072 1984 584 ) 
3 259 266 (3040 1952 584.004150 ) (3040 1952 615.997986 ) (3040 1983.993774 615.997925 ) 
5 259 265 (3040 1952 615.997986 ) (3040 1952 4096 ) (3040 1984 4096 ) (3040 1984 616.004150 ) (3040 1983.993774 615.997925 ) 
4 259 261 (3072 1952 4096 ) (3040 1952 4096 ) (3040 1952 584.003906 ) (3072 1952 584.002747 ) 
4 259 260 (3072 1952 584.003906 ) (3040 1952 584.005249 ) (3040 1984 616.005249 ) (3072 1984 616.003906 ) 
4 260 261 (3040 1952 584.003906 ) (3040 1952 512 ) (3072 1952 512 ) (3072 1952 584.002747 ) 
4 261 343 (3072 1024 512 ) (3072 1024 4096 ) (3040 1024 4096 ) (3040 1024 512 ) 
4 261 267 (3040 1952 512 ) (3040 1024 512 ) (3040 1024 4096 ) (3040 1952 4096 ) 
4 262 265 (3040 1984 615.998047 ) (3040 1984 4096 ) (3008 1984 4096 ) (3008 1984 583.997803 ) 
4 262 264 (3008 1984 583.997986 ) (3008 1984 4096 ) (3008 2048 4096 ) (3008 2048 583.997803 ) 
4 262 263 (3008 1984 584 ) (3008 2048 584 ) (3040 2048 616 ) (3040 1984 616 ) 
4 263 264 (3008 2048 512 ) (3008 1984 512 ) (3008 1984 583.997986 ) (3008 2048 583.997803 ) 
4 264 288 (2304 2048 832 ) (2304 2048 672 ) (2304 1984 672 ) (2304 1984 832 ) 
4 264 284 (2304 2048 896 ) (2304 2048 832 ) (2304 1984 832 ) (2304 1984 896 ) 
4 264 277 (2304 2048 928 ) (2304 2048 896 ) (2304 1984 896 ) (2304 1984 928 ) 
4 264 276 (2304 2048 4096 ) (2304 2048 928 ) (2304 1984 928 ) (2304 1984 4096 ) 
4 264 272 (2304 2048 672 ) (2784 2048 512 ) (2784 1984 512 ) (2399.997314 1984 640.001465 ) 
5 264 268 (2304 1984 4096 ) (2304 1984 672 ) (2783.996094 1984 512 ) (3008 1984 512 ) (3008 1984 4096 ) 
3 265 266 (3040 1952 616 ) (3008 1952 584 ) (3040 1984 616 ) 
4 265 267 (3008 1952 4096 ) (3008 1952 583.997803 ) (3040 1952 615.998047 ) (3040 1952 4096 ) 
4 265 268 (3008 1952 4096 ) (3008 1984 4096 ) (3008 1984 583.997803 ) (3008 1952 583.997986 ) 
3 266 267 (3040 1952 584.001282 ) (3040 1952 615.998047 ) (3008.003418 1952 584.001343 ) 
4 267 343 (3008 1024 512 ) (3040 1024 512 ) (3040 1024 4096 ) (3008 1024 4096 ) 
4 267 268 (3008 1024 4096 ) (3008 1952 4096 ) (3008 1952 512 ) (3008 1024 512 ) 
5 268 343 (2304 1024 4096 ) (2304 1024 672 ) (2784 1024 512 ) (3008 1024 512 ) (3008 1024 4096 ) 
4 268 295 (2304 1152 672 ) (2304 1024 672 ) (2304 1024 832 ) (2304 1152 832 ) 
4 268 294 (2304 1280 672 ) (2304 1152 672 ) (2304 1152 832 ) (2304 1280 832 ) 
4 268 292 (2304 1600 672 ) (2304 1472 672 ) (2304 1472 832 ) (2304 1600 832 ) 
4 268 291 (2304 1408 672 ) (2304 1280 672 ) (2304 1280 832 ) (2304 1408 832 ) 
4 268 290 (2304 1792 672 ) (2304 1664 672 ) (2304 1664 832 ) (2304 1792 832 ) 
4 268 288 (2304 1984 672 ) (2304 1920 672 ) (2304 1920 832 ) (2304 1984 832 ) 
4 268 289 (2304 1920 672 ) (2304 1792 672 ) (2304 1792 832 ) (2304 1920 832 ) 
4 268 286 (2304 1280 896 ) (2304 1408 896 ) (2304 1408 832 ) (2304 1280 832 ) 
4 268 285 (2304 1664 896 ) (2304 1792 896 ) (2304 1792 832 ) (2304 1664 832 ) 
4 268 284 (2304 1792 896 ) (2304 1984 896 ) (2304 1984 832 ) (2304 1792 832 ) 
4 268 287 (2304 1024 832 ) (2304 1024 896 ) (2304 1280 896 ) (2304 1280 832 ) 
4 268 282 (2304 1280 928 ) (2304 1344 928 ) (2304 1344 896 ) (2304 1280 896 ) 
4 268 283 (2304 1024 896 ) (2304 1024 928 ) (2304 1280 928 ) (2304 1280 896 ) 
4 268 280 (2304 1664 928 ) (2304 1728 928 ) (2304 1728 896 ) (2304 1664 896 ) 
4 268 279 (2304 1344 928 ) (2304 1408 928 ) (2304 1408 896 ) (2304 1344 896 ) 
4 268 278 (2304 1728 928 ) (2304 1792 928 ) (2304 1792 896 ) (2304 1728 896 ) 
4 268 277 (2304 1792 928 ) (2304 1984 928 ) (2304 1984 896 ) (2304 1792 896 ) 
4 268 276 (2304 1024 928 ) (2304 1024 4096 ) (2304 1984 4096 ) (2304 1984 928 ) 
4 268 274 (2304 1152.011108 672 ) (2304 1664 672 ) (2784 1664 512 ) (2784 1472 512 ) 
3 268 273 (2304 1664 672 ) (2304 1920 672 ) (2688.010498 1664 543.996887 ) 
3 268 272 (2399.997314 1984 640.001526 ) (2784 1984 512 ) (2784 1727.989258 512 ) 
3 268 271 (2784 1344 512 ) (2784 1024 512 ) (2304.016113 1024 671.995239 ) 
3 268 270 (2687.996338 1408 544.001587 ) (2784 1472 512 ) (2784 1408 512 ) 
3 269 343 (2304 1024 576 ) (2304 1024 512 ) (2560 1024 512 ) 
4 269 296 (2304 2048 576 ) (2304 2048 512 ) (2304 1024 512 ) (2304 1024 576 ) 
4 269 275 (2560 1024 512 ) (2304 1024 512 ) (2304 2048 512 ) (2560 2048 512 ) 
3 269 272 (2559.994141 1877.333984 512 ) (2559.994141 2048 512 ) (2304.003906 2048 575.997070 ) 
3 269 271 (2304 1024 575.998047 ) (2559.994141 1024 512 ) (2559.994141 1194.666260 512 ) 
3 270 274 (2688.006592 1408 544 ) (2784.003906 1471.996094 512 ) (2688.004150 1408 512 ) 
4 271 343 (2304 1024 672 ) (2304 1024 576 ) (2560 1024 512 ) (2784 1024 512 ) 
4 273 290 (2304 1792 640 ) (2304 1664 640 ) (2304 1664 672 ) (2304 1792 672 ) 
4 273 289 (2304 1919.996704 640 ) (2304 1792 640 ) (2304 1792 672 ) (2304 1920 672 ) 
5 273 274 (2688 1664 512 ) (2688.005127 1664 512 ) (2688.010254 1664 543.996521 ) (2304 1664 672 ) (2304 1664 640 ) 
4 274 294 (2304 1152.011108 640 ) (2304 1152.011108 672 ) (2304 1280 672 ) (2304 1280 640 ) 
4 274 292 (2304 1472 672 ) (2304 1600 672 ) (2304 1600 640 ) (2304 1472 640 ) 
4 274 291 (2304 1280 672 ) (2304 1408 672 ) (2304 1408 640 ) (2304 1280 640 ) 
4 275 344 (2560 1024 512 ) (2304 1024 512 ) (2304 1024 480 ) (2560 1024 480 ) 
4 275 297 (2560 1024 480 ) (2304 1024 480 ) (2304 2048 480 ) (2560 2048 480 ) 
4 275 296 (2304 2048 512 ) (2304 2048 480 ) (2304 1024 480 ) (2304 1024 512 ) 
4 276 343 (2048 1024 4096 ) (2048 1024 928 ) (2304 1024 928 ) (2304 1024 4096 ) 
4 276 298 (2048 2048 4096 ) (2048 2048 928 ) (2048 1024 928 ) (2048 1024 4096 ) 
4 276 282 (2240 1344 928 ) (2304 1344 928 ) (2304 1280 928 ) (2176 1280 928 ) 
4 276 283 (2048 1024 928 ) (2048 1280 928 ) (2304 1280 928 ) (2304 1024 928 ) 
6 276 281 (2048 1344 928 ) (2048 1728 928 ) (2176 1728 928 ) (2240 1664 928 ) (2240 1408 928 ) (2176 1344 928 ) 
3 276 280 (2240 1728 928 ) (2304 1728 928 ) (2304 1664 928 ) 
3 276 279 (2304 1408 928 ) (2304 1344 928 ) (2240 1344 928 ) 
4 276 278 (2176 1792 928 ) (2304 1792 928 ) (2304 1728 928 ) (2240 1728 928 ) 
4 276 277 (2048 1792 928 ) (2048 2048 928 ) (2304 2048 928 ) (2304 1792 928 ) 
4 277 299 (2048 2048 928 ) (2048 2048 896 ) (2048 1792 896 ) (2048 1792 928 ) 
4 277 284 (2048 2048 896 ) (2304 2048 896 ) (2304 1792 896 ) (2048 1792 896 ) 
4 277 278 (2176 1792 896 ) (2304 1792 896 ) (2304 1792 928 ) (2176 1792 928 ) 
4 278 285 (2304 1792 896 ) (2304 1728 896 ) (2240 1728 896 ) (2176 1792 896 ) 
4 278 280 (2240 1728 896 ) (2304 1728 896 ) (2304 1728 928 ) (2240 1728 928 ) 
3 279 286 (2304 1408 896 ) (2304 1344 896 ) (2240 1344 896 ) 
4 279 282 (2240 1344 896 ) (2304 1344 896 ) (2304 1344 928 ) (2240 1344 928 ) 
3 280 285 (2304 1728 896 ) (2304 1664 896 ) (2240 1728 896 ) 
4 281 301 (2048 1728 896 ) (2048 1344 896 ) (2048 1344 928 ) (2048 1728 928 ) 
4 282 286 (2304 1344 896 ) (2304 1280 896 ) (2176 1280 896 ) (2240 1344 896 ) 
4 282 283 (2176 1280 896 ) (2304 1280 896 ) (2304 1280 928 ) (2176 1280 928 ) 
4 283 343 (2048 1024 928 ) (2048 1024 896 ) (2304 1024 896 ) (2304 1024 928 ) 
4 283 305 (2048 1280 896 ) (2048 1024 896 ) (2048 1024 928 ) (2048 1280 928 ) 
4 283 287 (2304 1280 896 ) (2304 1024 896 ) (2048 1024 896 ) (2048 1280 896 ) 
4 284 306 (2048 2048 896 ) (2048 2048 832 ) (2048 1792 832 ) (2048 1792 896 ) 
3 284 293 (2048 1792 832 ) (2048 1856 832 ) (2112 1792 832 ) 
4 284 288 (2048 1920 832 ) (2048 2048 832 ) (2304 2048 832 ) (2304 1920 832 ) 
5 284 289 (2048 1856 832 ) (2048 1920 832 ) (2304 1920 832 ) (2304 1792 832 ) (2112 1792 832 ) 
4 284 285 (2176 1792 832 ) (2304 1792 832 ) (2304 1792 896 ) (2176 1792 896 ) 
3 285 290 (2176 1792 832 ) (2304 1792 832 ) (2304 1664 832 ) 
3 286 291 (2304 1408 832 ) (2304 1280 832 ) (2176 1280 832 ) 
4 286 287 (2176 1280 832 ) (2304 1280 832 ) (2304 1280 896 ) (2176 1280 896 ) 
4 287 343 (2048 1024 896 ) (2048 1024 832 ) (2304 1024 832 ) (2304 1024 896 ) 
4 287 309 (2048 1280 832 ) (2048 1024 832 ) (2048 1024 896 ) (2048 1280 896 ) 
4 287 295 (2048 1024 832 ) (2048 1152 832 ) (2304 1152 832 ) (2304 1024 832 ) 
4 287 294 (2048 1152 832 ) (2048 1280 832 ) (2304 1280 832 ) (2304 1152 832 ) 
4 288 310 (2048 2048 832 ) (2048 2048 672 ) (2048 1920 672 ) (2048 1920 832 ) 
4 288 289 (2304 1920 672 ) (2304 1920 832 ) (2048 1920 832 ) (2048 1920 672 ) 
4 289 311 (2048 1920 640 ) (2048 1856 640 ) (2048 1856 832 ) (2048 1920 832 ) 
4 289 293 (2048 1856 640 ) (2112 1792 640 ) (2112 1792 832 ) (2048 1856 832 ) 
4 289 290 (2176 1792 640 ) (2304 1792 640 ) (2304 1792 832 ) (2176 1792 832 ) 
4 291 294 (2176 1280 640 ) (2304 1280 640 ) (2304 1280 832 ) (2176 1280 832 ) 
4 292 293 (2240 1664 832 ) (2240 1664 640 ) (2240 1407.998047 640 ) (2240 1407.998047 832 ) 
4 293 314 (2048 1856 640 ) (2048 1280 640 ) (2048 1280 832 ) (2048 1856 832 ) 
4 293 294 (2048 1280 640 ) (2112 1280 640 ) (2112 1280 832 ) (2048 1280 832 ) 
4 294 316 (2048 1280 640 ) (2048 1152 640 ) (2048 1152 832 ) (2048 1280 832 ) 
4 294 295 (2304 1152 672 ) (2304 1152 832 ) (2048 1152 832 ) (2048 1152 672 ) 
4 295 343 (2048 1024 832 ) (2048 1024 672 ) (2304 1024 672 ) (2304 1024 832 ) 
4 295 317 (2048 1024 672 ) (2048 1024 832 ) (2048 1152 832 ) (2048 1152 672 ) 
4 296 344 (2048 1024 512 ) (2048 1024 480 ) (2304 1024 480 ) (2304 1024 512 ) 
4 296 343 (2048 1024 576 ) (2048 1024 512 ) (2304 1024 512 ) (2304 1024 576 ) 
4 296 318 (2048 2048 576 ) (2048 2048 480 ) (2048 1024 480 ) (2048 1024 576 ) 
4 296 297 (2304 1024 480 ) (2048 1024 480 ) (2048 2048 480 ) (2304 2048 480 ) 
4 297 345 (2560 1024 256 ) (2560 1024 480 ) (2048 1024 480 ) (2048 1024 256 ) 
4 297 331 (2048 2048 480 ) (2048 2048 256 ) (2048 1024 256 ) (2048 1024 480 ) 
4 298 346 (2048 1024 928 ) (2048 1024 4096 ) (1792 1024 4096 ) (1792 1024 928 ) 
4 298 319 (1792 2048 4096 ) (1792 2048 928 ) (1792 1024 928 ) (1792 1024 4096 ) 
4 298 304 (1792 1280 928 ) (1792 1344 928 ) (1856 1344 928 ) (1920 1280 928 ) 
4 298 305 (2048 1024 928 ) (1792 1024 928 ) (1792 1280 928 ) (2048 1280 928 ) 
3 298 303 (1792 1664 928 ) (1792 1728 928 ) (1856 1728 928 ) 
3 298 302 (1792 1344 928 ) (1792 1408 928 ) (1856 1344 928 ) 
6 298 301 (1920 1728 928 ) (2048 1728 928 ) (2048 1344 928 ) (1920.005249 1344 928 ) (1856 1408.005249 928 ) (1856 1664 928 ) 
4 298 300 (1792 1728 928 ) (1792 1792 928 ) (1920 1792 928 ) (1856 1728 928 ) 
4 298 299 (1792 1792 928 ) (1792 2048 928 ) (2048 2048 928 ) (2048 1792 928 ) 
4 299 319 (1792 2048 928 ) (1792 2048 896 ) (1792 1792 896 ) (1792 1792 928 ) 
4 299 306 (1792 1792 896 ) (1792 2048 896 ) (2048 2048 896 ) (2048 1792 896 ) 
4 299 300 (1792 1792 896 ) (1920 1792 896 ) (1920 1792 928 ) (1792 1792 928 ) 
4 300 319 (1792 1792 896 ) (1792 1728 896 ) (1792 1728 928 ) (1792 1792 928 ) 
4 300 308 (1792 1728 896 ) (1792 1792 896 ) (1920 1792 896 ) (1856 1728 896 ) 
4 300 303 (1792 1728 896 ) (1856 1728 896 ) (1856 1728 928 ) (1792 1728 928 ) 
4 302 319 (1792 1408 896 ) (1792 1344 896 ) (1792 1344 928 ) (1792 1408 928 ) 
3 302 307 (1792 1344 896 ) (1792 1408 896 ) (1856 1344 896 ) 
4 302 304 (1792 1344 896 ) (1856 1344 896 ) (1856 1344 928 ) (1792 1344 928 ) 
4 303 319 (1792 1728 896 ) (1792 1664 896 ) (1792 1664 928 ) (1792 1728 928 ) 
3 303 308 (1792 1664 896 ) (1792 1728 896 ) (1856 1728 896 ) 
4 304 319 (1792 1344 896 ) (1792 1280 896 ) (1792 1280 928 ) (1792 1344 928 ) 
4 304 307 (1792 1280 896 ) (1792 1344 896 ) (1856 1344 896 ) (1920 1280 896 ) 
4 304 305 (1792 1280 896 ) (1920 1280 896 ) (1920 1280 928 ) (1792 1280 928 ) 
4 305 346 (2048 1024 896 ) (2048 1024 928 ) (1792 1024 928 ) (1792 1024 896 ) 
4 305 319 (1792 1280 896 ) (1792 1024 896 ) (1792 1024 928 ) (1792 1280 928 ) 
4 305 309 (1792 1024 896 ) (1792 1280 896 ) (2048 1280 896 ) (2048 1024 896 ) 
4 306 319 (1792 2048 896 ) (1792 2048 832 ) (1792 1792 832 ) (1792 1792 896 ) 
3 306 314 (2048 1856 832 ) (2048 1792 832 ) (1984 1792 832 ) 
4 306 310 (1792 1920 832 ) (1792 2048 832 ) (2048 2048 832 ) (2048 1920 832 ) 
5 306 311 (1792 1792 832 ) (1792 1920 832 ) (2048 1920 832 ) (2048 1856 832 ) (1984 1792 832 ) 
4 306 308 (1792 1792 832 ) (1920 1792 832 ) (1920 1792 896 ) (1792 1792 896 ) 
4 307 319 (1792 1408 832 ) (1792 1280 832 ) (1792 1280 896 ) (1792 1408 896 ) 
3 307 313 (1792 1280 832 ) (1792 1408 832 ) (1920 1280 832 ) 
4 307 309 (1792 1280 832 ) (1920 1280 832 ) (1920 1280 896 ) (1792 1280 896 ) 
4 308 319 (1792 1792 832 ) (1792 1664 832 ) (1792 1664 896 ) (1792 1792 896 ) 
3 308 312 (1792 1664 832 ) (1792 1792 832 ) (1920 1792 832 ) 
4 309 346 (2048 1024 832 ) (2048 1024 896 ) (1792 1024 896 ) (1792 1024 832 ) 
4 309 319 (1792 1280 832 ) (1792 1024 832 ) (1792 1024 896 ) (1792 1280 896 ) 
4 309 317 (2048 1024 832 ) (1792 1024 832 ) (1792 1152 832 ) (2048 1152 832 ) 
4 309 316 (1792 1152 832 ) (1792 1280 832 ) (2048 1280 832 ) (2048 1152 832 ) 
4 310 319 (1792 2048 832 ) (1792 2048 672 ) (1792 1920 672 ) (1792 1920 832 ) 
4 310 311 (2048 1920 672 ) (2048 1920 832 ) (1792 1920 832 ) (1792 1920 672 ) 
4 311 325 (1792 1920 640 ) (1792 1792 640 ) (1792 1792 672 ) (1792 1920 672 ) 
4 311 319 (1792 1792 672 ) (1792 1792 832 ) (1792 1920 832 ) (1792 1920 672 ) 
4 311 314 (1984 1792 640 ) (2048 1856 640 ) (2048 1856 832 ) (1984 1792 832 ) 
4 311 312 (1792 1792 640 ) (1920 1792 640 ) (1920 1792 832 ) (1792 1792 832 ) 
4 312 325 (1792 1792 640 ) (1792 1664 640 ) (1792 1664 672 ) (1792 1792 672 ) 
4 312 319 (1792 1664 672 ) (1792 1664 832 ) (1792 1792 832 ) (1792 1792 672 ) 
4 313 326 (1792 1408 640 ) (1792 1280 640 ) (1792 1280 672 ) (1792 1408 672 ) 
4 313 319 (1792 1280 672 ) (1792 1280 832 ) (1792 1408 832 ) (1792 1408 672 ) 
4 313 316 (1792 1280 640 ) (1920 1280 640 ) (1920 1280 832 ) (1792 1280 832 ) 
4 314 316 (1984.005371 1280 640 ) (2048 1280 640 ) (2048 1280 832 ) (1984.005371 1280 832 ) 
4 314 315 (1856 1664 832 ) (1856 1664 640 ) (1856 1408.003906 640 ) (1856 1408.003906 832 ) 
4 315 326 (1792 1600 640 ) (1792 1472.005249 640 ) (1792 1472.005249 672 ) (1792 1600 672 ) 
4 315 319 (1792 1472.005249 672 ) (1792 1472.005249 832 ) (1792 1600 832 ) (1792 1600 672 ) 
4 316 326 (1792 1280 640 ) (1792 1152 640 ) (1792 1152 672 ) (1792 1280 672 ) 
4 316 319 (1792 1152 672 ) (1792 1152 832 ) (1792 1280 832 ) (1792 1280 672 ) 
4 316 317 (2048 1152 672 ) (2048 1152 832 ) (1792 1152 832 ) (1792 1152 672 ) 
4 317 346 (2048 1024 672 ) (2048 1024 832 ) (1792 1024 832 ) (1792 1024 672 ) 
4 317 319 (1792 1024 672 ) (1792 1024 832 ) (1792 1152 832 ) (1792 1152 672 ) 
4 318 350 (2048 1024 480 ) (2048 1024 512 ) (1792 1024 512 ) (1792 1024 480 ) 
4 318 346 (2048 1024 512 ) (2048 1024 576 ) (1792 1024 576 ) (1792 1024 512 ) 
4 318 331 (2048 2048 480 ) (2048 1024 480 ) (1792 1024 480 ) (1792 2048 480 ) 
4 318 330 (1792 2048 512 ) (1792 2048 480 ) (1792 1024 480 ) (1792 1024 512 ) 
4 318 323 (1792 2048 576 ) (1792 2048 512 ) (1792 1152.019531 512 ) (1792 1152.019531 576 ) 
4 318 322 (1792 1152.019531 512 ) (1792 1024 512 ) (1792 1024 576 ) (1792 1152.019531 576 ) 
5 319 346 (1280 1024 4096 ) (1280 1024 512 ) (1312 1024 512 ) (1792 1024 672 ) (1792 1024 4096 ) 
4 319 329 (1280 1024 1280 ) (1280 1024 4096 ) (1280 1152 4096 ) (1280 1152 1280 ) 
4 319 328 (1280 1280 512 ) (1280 1152 512 ) (1280 1152 4096 ) (1280 1280 4096 ) 
4 319 327 (1280 2048 4096 ) (1280 2048 512 ) (1280 1280 512 ) (1280 1280 4096 ) 
4 319 326 (1312.003906 1472.005249 512 ) (1312.003906 1664 512 ) (1792 1664 671.998352 ) (1792 1152.019531 671.998352 ) 
3 319 325 (1792 1920 671.998352 ) (1792 1664 671.998352 ) (1408 1664 543.998657 ) 
3 319 324 (1312.003906 1728.002563 512 ) (1312.003906 2048 512 ) (1792 2048 671.998352 ) 
3 319 321 (1312.003906 1024 512 ) (1312.003906 1343.997314 512 ) (1792 1024 671.998352 ) 
3 319 320 (1312.003906 1408 512 ) (1312.003906 1472.005249 512 ) (1408.015259 1408 544.003723 ) 
3 320 326 (1408.013428 1408 512 ) (1311.998047 1472.008545 512 ) (1408.014404 1408 544.005432 ) 
3 321 346 (1312 1024 512 ) (1792 1024 512 ) (1792 1024 672 ) 
3 321 330 (1792 1024 512 ) (1536 1024 512 ) (1536 1194.666626 512 ) 
3 321 322 (1792 1024 512 ) (1535.989990 1194.674072 512 ) (1792 1024 576 ) 
4 322 330 (1792 1152.019531 512 ) (1792 1024 512 ) (1535.989990 1194.673340 512 ) (1535.989990 1322.686646 512 ) 
3 322 323 (1792 1152.015625 512 ) (1535.989990 1322.684570 512 ) (1792 1152.016968 576 ) 
4 323 330 (1792 2048 512 ) (1792 1152.019531 512 ) (1536 1322.680054 512 ) (1536 2048 512 ) 
3 323 324 (1536 2048 512 ) (1536 1877.333618 512 ) (1792 2048 576 ) 
4 325 326 (1792 1664 640 ) (1792 1664 672 ) (1408 1664 544 ) (1408 1664 512 ) 
4 327 339 (1024 2048 4096 ) (1024 2048 512 ) (1024 1280 512 ) (1024 1280 4096 ) 
4 327 329 (1152 1280 1280 ) (1152 1280 4096 ) (1024 1280 4096 ) (1024 1280 1280 ) 
4 327 328 (1152 1280 512 ) (1280 1280 512 ) (1280 1280 4096 ) (1152 1280 4096 ) 
4 328 329 (1152 1280 4096 ) (1152 1280 1280 ) (1280 1152 1280 ) (1280 1152 4096 ) 
4 329 348 (1024 1024 4096 ) (1024 1024 1280 ) (1280 1024 1280 ) (1280 1024 4096 ) 
4 329 340 (1024 1024 1280 ) (1024 1024 4096 ) (1024 1280 4096 ) (1024 1280 1280 ) 
4 330 350 (1536 1024 480 ) (1792 1024 480 ) (1792 1024 512 ) (1536 1024 512 ) 
4 330 331 (1792 1024 480 ) (1536 1024 480 ) (1536 2048 480 ) (1792 2048 480 ) 
4 331 351 (2048 1024 256 ) (2048 1024 480 ) (1536 1024 480 ) (1536 1024 256 ) 
4 332 338 (768 2752 832 ) (768 2304 832 ) (768 2304 1152 ) (768 2560 1024 ) 
4 332 337 (768 2304 832 ) (768 2752 832 ) (1024 2752 832 ) (1024 2304 832 ) 
3 332 333 (768 2432 1088 ) (768 2304 1152 ) (896 2304 1152 ) 
4 332 336 (768 2304 832 ) (1024 2304 832 ) (1024 2304 1152 ) (768 2304 1152 ) 
4 333 338 (768 2432 1088 ) (768 2304 1152 ) (768 2304 4096 ) (768 2432 4096 ) 
4 333 335 (895.996094 2304 1450.666992 ) (895.996094 2304 1280 ) (768 2431.996094 1280 ) (768 2431.996094 1408.001465 ) 
4 333 334 (895.996277 2304 4096 ) (895.996094 2304 1450.666992 ) (768 2431.996094 1408.001465 ) (768 2431.996094 4096 ) 
4 333 336 (896 2304 4096 ) (768 2304 4096 ) (768 2304 1152 ) (896 2304 1152 ) 
4 334 338 (768 3072 4096 ) (768 3072 1194.666748 ) (768 2432 1408 ) (768 2432 4096 ) 
5 334 335 (1024 2304 1450.668701 ) (896 2304 1450.668701 ) (768 2432 1408.002075 ) (768 2816.006104 1280 ) (1024 2816.006104 1280 ) 
4 334 336 (1024 2304 1450.666748 ) (1024 2304 4096 ) (896 2304 4096 ) (896 2304 1450.666992 ) 
3 335 338 (768 2432 1280 ) (768 2432 1408 ) (768 2816 1280 ) 
4 335 336 (1024 2304 1280 ) (1024 2304 1450.666748 ) (896 2304 1450.666992 ) (896 2304 1280 ) 
4 336 339 (1024 2048 832 ) (1024 2048 4096 ) (768 2048 4096 ) (768 2048 832 ) 
4 336 338 (768 2304 832 ) (768 2048 832 ) (768 2048 4096 ) (768 2304 4096 ) 
4 336 337 (768 2048 832 ) (768 2304 832 ) (1024 2304 832 ) (1024 2048 832 ) 
4 337 339 (1024 2048 512 ) (1024 2048 832 ) (768 2048 832 ) (768 2048 512 ) 
4 337 338 (768 3072 832 ) (768 3072 512 ) (768 2048 512 ) (768 2048 832 ) 
4 338 342 (768 2048 512 ) (768 2048 4096 ) (512 2048 4096 ) (512 2048 512 ) 
4 339 342 (768 2048 4096 ) (768 2048 512 ) (768 1280 512 ) (768 1280 4096 ) 
4 339 341 (768 1280 4096 ) (768 1280 512 ) (896 1280 512 ) (896 1280 4096 ) 
4 339 340 (1024 1280 1280 ) (1024 1280 4096 ) (896 1280 4096 ) (896 1280 1280 ) 
4 340 353 (1024 1024 1280 ) (1024 1024 4096 ) (768 1024 4096 ) (768 1024 1280 ) 
4 340 342 (768 1024 1280 ) (768 1024 4096 ) (768 1152 4096 ) (768 1152 1280 ) 
4 340 341 (896 1280 4096 ) (896 1280 1280 ) (768 1152 1280 ) (768 1152 4096 ) 
4 341 342 (768 1280 512 ) (768 1152 512 ) (768 1152 4096 ) (768 1280 4096 ) 
4 342 355 (768 1024 512 ) (768 1024 4096 ) (512 1024 4096 ) (512 1024 512 ) 
4 343 346 (2048 1024 4096 ) (2048 1024 512 ) (2048 512 512 ) (2048 512 4096 ) 
4 343 344 (2048 768 512 ) (2048 1024 512 ) (2560 1024 512 ) (2560 768 512 ) 
4 344 350 (2048 1024 512 ) (2048 1024 480 ) (2048 768 480 ) (2048 768 512 ) 
4 344 345 (2048 768 480 ) (2048 1024 480 ) (2560 1024 480 ) (2560 768 480 ) 
4 345 351 (2048 1024 480 ) (2048 1024 256 ) (2048 768 256 ) (2048 768 480 ) 
4 346 350 (1536 768 512 ) (1536 1024 512 ) (2048 1024 512 ) (2048 768 512 ) 
4 346 349 (1280 768 512 ) (1280 512 512 ) (1280 512 4096 ) (1280 768 4096 ) 
4 346 348 (1280 1024 4096 ) (1280 1024 1280 ) (1280 896 1280 ) (1280 896 4096 ) 
4 346 347 (1280 896 512 ) (1280 768 512 ) (1280 768 4096 ) (1280 896 4096 ) 
4 347 349 (1152 768 512 ) (1280 768 512 ) (1280 768 4096 ) (1152 768 4096 ) 
4 347 348 (1280 895.997925 4096 ) (1280 895.998047 1280 ) (1152.001953 768 1280 ) (1152.002075 768 4096 ) 
4 348 353 (1024 1024 4096 ) (1024 1024 1280 ) (1024 768 1280 ) (1024 768 4096 ) 
4 348 349 (1152 768 1280 ) (1152 768 4096 ) (1024 768 4096 ) (1024 768 1280 ) 
4 349 354 (1024 768 512 ) (1024 512 512 ) (1024 512 4096 ) (1024 768 4096 ) 
4 350 351 (1536 1024 480 ) (2048 1024 480 ) (2048 768 480 ) (1536 768 480 ) 
4 352 355 (768 896 512 ) (768 768 512 ) (768 768 4096 ) (768 896 4096 ) 
4 352 354 (768 768 4096 ) (768 768 512 ) (896 768 512 ) (896 768 4096 ) 
4 352 353 (896 768 4096 ) (896 768 1280 ) (768 896 1280 ) (768 896 4096 ) 
4 353 355 (768 1024 4096 ) (768 1024 1280 ) (768 896 1280 ) (768 896 4096 ) 
4 353 354 (1024 768 1280 ) (1024 768 4096 ) (896 768 4096 ) (896 768 1280 ) 
4 354 355 (768 768 512 ) (768 512 512 ) (768 512 4096 ) (768 768 4096 ) 
