PRT1
329
810
4 0 4 (6144 5120 -2048 ) (6144 5120 3072 ) (5120 5120 3072 ) (5120 5120 -2048 ) 
4 0 2 (5120 5120 -2048 ) (5120 5120 3072 ) (5120 6144 3072 ) (5120 6144 -2048 ) 
4 0 1 (6144 5120 -2048 ) (5120 5120 -2048 ) (5120 6144 -2048 ) (6144 6144 -2048 ) 
4 1 5 (6144 5120 -2304 ) (6144 5120 -2048 ) (5120 5120 -2048 ) (5120 5120 -2304 ) 
4 1 3 (5120 5120 -2304 ) (5120 5120 -2048 ) (5120 6144 -2048 ) (5120 6144 -2304 ) 
4 2 8 (4096 5120 -2048 ) (4096 5120 3072 ) (4096 6144 3072 ) (4096 6144 -2048 ) 
4 2 6 (5120 5120 -2048 ) (5120 5120 3072 ) (4096 5120 3072 ) (4096 5120 -2048 ) 
4 2 3 (4096 6144 -2048 ) (5120 6144 -2048 ) (5120 5120 -2048 ) (4096 5120 -2048 ) 
4 3 9 (4096 5120 -2304 ) (4096 5120 -2048 ) (4096 6144 -2048 ) (4096 6144 -2304 ) 
4 3 7 (5120 5120 -2304 ) (5120 5120 -2048 ) (4096 5120 -2048 ) (4096 5120 -2304 ) 
4 4 24 (6144 4096 -2048 ) (6144 4096 3072 ) (5120 4096 3072 ) (5120 4096 -2048 ) 
4 4 6 (5120 5120 3072 ) (5120 5120 -2048 ) (5120 4096 -2048 ) (5120 4096 3072 ) 
4 4 5 (6144 4096 -2048 ) (5120 4096 -2048 ) (5120 5120 -2048 ) (6144 5120 -2048 ) 
4 5 25 (6144 4096 -2304 ) (6144 4096 -2048 ) (5120 4096 -2048 ) (5120 4096 -2304 ) 
4 5 7 (5120 5120 -2048 ) (5120 5120 -2304 ) (5120 4096 -2304 ) (5120 4096 -2048 ) 
4 6 26 (5120 4096 -2048 ) (5120 4096 3072 ) (4096 4096 3072 ) (4096 4096 -2048 ) 
4 6 12 (4096 4096 -2048 ) (4096 4096 3072 ) (4096 5120 3072 ) (4096 5120 -2048 ) 
4 6 7 (5120 5120 -2048 ) (5120 4096 -2048 ) (4096 4096 -2048 ) (4096 5120 -2048 ) 
4 7 27 (5120 4096 -2304 ) (5120 4096 -2048 ) (4096 4096 -2048 ) (4096 4096 -2304 ) 
4 7 13 (4096 4096 -2304 ) (4096 4096 -2048 ) (4096 5120 -2048 ) (4096 5120 -2304 ) 
4 8 12 (4096 5120 -2048 ) (4096 5120 3072 ) (3072 5120 3072 ) (3072 5120 -2048 ) 
4 8 10 (3072 5120 -2048 ) (3072 5120 3072 ) (3072 6144 3072 ) (3072 6144 -2048 ) 
4 8 9 (4096 5120 -2048 ) (3072 5120 -2048 ) (3072 6144 -2048 ) (4096 6144 -2048 ) 
4 9 13 (4096 5120 -2304 ) (4096 5120 -2048 ) (3072 5120 -2048 ) (3072 5120 -2304 ) 
4 9 11 (3072 5120 -2304 ) (3072 5120 -2048 ) (3072 6144 -2048 ) (3072 6144 -2304 ) 
4 10 16 (2048 5120 -2048 ) (2048 5120 3072 ) (2048 6144 3072 ) (2048 6144 -2048 ) 
4 10 14 (3072 5120 -2048 ) (3072 5120 3072 ) (2048 5120 3072 ) (2048 5120 -2048 ) 
4 10 11 (2048 6144 -2048 ) (3072 6144 -2048 ) (3072 5120 -2048 ) (2048 5120 -2048 ) 
4 11 17 (2048 5120 -2304 ) (2048 5120 -2048 ) (2048 6144 -2048 ) (2048 6144 -2304 ) 
4 11 15 (3072 5120 -2304 ) (3072 5120 -2048 ) (2048 5120 -2048 ) (2048 5120 -2304 ) 
4 12 40 (4096 4096 -2048 ) (4096 4096 3072 ) (3072 4096 3072 ) (3072 4096 -2048 ) 
4 12 14 (3072 5120 3072 ) (3072 5120 -2048 ) (3072 4096 -2048 ) (3072 4096 3072 ) 
4 12 13 (3072 5120 -2048 ) (4096 5120 -2048 ) (4096 4096 -2048 ) (3072 4096 -2048 ) 
4 13 41 (4096 4096 -2304 ) (4096 4096 -2048 ) (3072 4096 -2048 ) (3072 4096 -2304 ) 
4 13 15 (3072 5120 -2048 ) (3072 5120 -2304 ) (3072 4096 -2304 ) (3072 4096 -2048 ) 
4 14 42 (3072 4096 -2048 ) (3072 4096 3072 ) (2048 4096 3072 ) (2048 4096 -2048 ) 
4 14 20 (2048 4096 -2048 ) (2048 4096 3072 ) (2048 5120 3072 ) (2048 5120 -2048 ) 
4 14 15 (3072 5120 -2048 ) (3072 4096 -2048 ) (2048 4096 -2048 ) (2048 5120 -2048 ) 
4 15 43 (3072 4096 -2304 ) (3072 4096 -2048 ) (2048 4096 -2048 ) (2048 4096 -2304 ) 
4 15 21 (2048 4096 -2304 ) (2048 4096 -2048 ) (2048 5120 -2048 ) (2048 5120 -2304 ) 
4 16 20 (2048 5120 -2048 ) (2048 5120 3072 ) (1024 5120 3072 ) (1024 5120 -2048 ) 
4 16 18 (1024 5120 -2048 ) (1024 5120 3072 ) (1024 6144 3072 ) (1024 6144 -2048 ) 
4 16 17 (2048 5120 -2048 ) (1024 5120 -2048 ) (1024 6144 -2048 ) (2048 6144 -2048 ) 
4 17 21 (2048 5120 -2304 ) (2048 5120 -2048 ) (1024 5120 -2048 ) (1024 5120 -2304 ) 
4 17 19 (1024 5120 -2304 ) (1024 5120 -2048 ) (1024 6144 -2048 ) (1024 6144 -2304 ) 
4 18 83 (0 5120 -2048 ) (0 5120 3072 ) (0 6144 3072 ) (0 6144 -2048 ) 
4 18 22 (1024 5120 -2048 ) (1024 5120 3072 ) (0 5120 3072 ) (0 5120 -2048 ) 
4 18 19 (0 6144 -2048 ) (1024 6144 -2048 ) (1024 5120 -2048 ) (0 5120 -2048 ) 
4 19 84 (0 5120 -2304 ) (0 5120 -2048 ) (0 6144 -2048 ) (0 6144 -2304 ) 
4 19 23 (1024 5120 -2304 ) (1024 5120 -2048 ) (0 5120 -2048 ) (0 5120 -2304 ) 
4 20 48 (2048 4096 -2048 ) (2048 4096 3072 ) (1024 4096 3072 ) (1024 4096 -2048 ) 
4 20 22 (1024 5120 3072 ) (1024 5120 -2048 ) (1024 4096 -2048 ) (1024 4096 3072 ) 
4 20 21 (1024 5120 -2048 ) (2048 5120 -2048 ) (2048 4096 -2048 ) (1024 4096 -2048 ) 
4 21 49 (2048 4096 -2304 ) (2048 4096 -2048 ) (1024 4096 -2048 ) (1024 4096 -2304 ) 
4 21 23 (1024 5120 -2048 ) (1024 5120 -2304 ) (1024 4096 -2304 ) (1024 4096 -2048 ) 
4 22 87 (0 4096 -2048 ) (0 4096 3072 ) (0 5120 3072 ) (0 5120 -2048 ) 
4 22 50 (1024 4096 -2048 ) (1024 4096 3072 ) (0 4096 3072 ) (0 4096 -2048 ) 
4 22 23 (1024 5120 -2048 ) (1024 4096 -2048 ) (0 4096 -2048 ) (0 5120 -2048 ) 
4 23 88 (0 4096 -2304 ) (0 4096 -2048 ) (0 5120 -2048 ) (0 5120 -2304 ) 
4 23 51 (1024 4096 -2304 ) (1024 4096 -2048 ) (0 4096 -2048 ) (0 4096 -2304 ) 
4 24 28 (6144 3072 -2048 ) (6144 3072 3072 ) (5120 3072 3072 ) (5120 3072 -2048 ) 
4 24 26 (5120 4096 3072 ) (5120 4096 -2048 ) (5120 3072 -2048 ) (5120 3072 3072 ) 
4 24 25 (6144 3072 -2048 ) (5120 3072 -2048 ) (5120 4096 -2048 ) (6144 4096 -2048 ) 
4 25 29 (6144 3072 -2304 ) (6144 3072 -2048 ) (5120 3072 -2048 ) (5120 3072 -2304 ) 
4 25 27 (5120 4096 -2048 ) (5120 4096 -2304 ) (5120 3072 -2304 ) (5120 3072 -2048 ) 
4 26 40 (4096 4096 3072 ) (4096 4096 -2048 ) (4096 3072 -2048 ) (4096 3072 3072 ) 
4 26 30 (5120 3072 -2048 ) (5120 3072 3072 ) (4096 3072 3072 ) (4096 3072 -2048 ) 
4 26 27 (4096 4096 -2048 ) (5120 4096 -2048 ) (5120 3072 -2048 ) (4096 3072 -2048 ) 
4 27 41 (4096 4096 -2048 ) (4096 4096 -2304 ) (4096 3072 -2304 ) (4096 3072 -2048 ) 
4 27 31 (5120 3072 -2304 ) (5120 3072 -2048 ) (4096 3072 -2048 ) (4096 3072 -2304 ) 
4 28 32 (6144 2048 -2048 ) (6144 2048 3072 ) (5120 2048 3072 ) (5120 2048 -2048 ) 
4 28 30 (5120 3072 3072 ) (5120 3072 -2048 ) (5120 2048 -2048 ) (5120 2048 3072 ) 
4 28 29 (6144 2048 -2048 ) (5120 2048 -2048 ) (5120 3072 -2048 ) (6144 3072 -2048 ) 
4 29 33 (6144 2048 -2304 ) (6144 2048 -2048 ) (5120 2048 -2048 ) (5120 2048 -2304 ) 
4 29 31 (5120 3072 -2048 ) (5120 3072 -2304 ) (5120 2048 -2304 ) (5120 2048 -2048 ) 
4 30 44 (4096 2048 -2048 ) (4096 2048 3072 ) (4096 3072 3072 ) (4096 3072 -2048 ) 
4 30 34 (5120 2048 -2048 ) (5120 2048 3072 ) (4096 2048 3072 ) (4096 2048 -2048 ) 
4 30 31 (5120 3072 -2048 ) (5120 2048 -2048 ) (4096 2048 -2048 ) (4096 3072 -2048 ) 
4 31 45 (4096 2048 -2304 ) (4096 2048 -2048 ) (4096 3072 -2048 ) (4096 3072 -2304 ) 
4 31 35 (5120 2048 -2304 ) (5120 2048 -2048 ) (4096 2048 -2048 ) (4096 2048 -2304 ) 
4 32 36 (6144 1024 -2048 ) (6144 1024 3072 ) (5120 1024 3072 ) (5120 1024 -2048 ) 
4 32 34 (5120 2048 3072 ) (5120 2048 -2048 ) (5120 1024 -2048 ) (5120 1024 3072 ) 
4 32 33 (6144 1024 -2048 ) (5120 1024 -2048 ) (5120 2048 -2048 ) (6144 2048 -2048 ) 
4 33 37 (6144 1024 -2304 ) (6144 1024 -2048 ) (5120 1024 -2048 ) (5120 1024 -2304 ) 
4 33 35 (5120 2048 -2048 ) (5120 2048 -2304 ) (5120 1024 -2304 ) (5120 1024 -2048 ) 
4 34 56 (4096 1024 -2048 ) (4096 1024 3072 ) (4096 2048 3072 ) (4096 2048 -2048 ) 
4 34 38 (5120 1024 -2048 ) (5120 1024 3072 ) (4096 1024 3072 ) (4096 1024 -2048 ) 
4 34 35 (5120 2048 -2048 ) (5120 1024 -2048 ) (4096 1024 -2048 ) (4096 2048 -2048 ) 
4 35 57 (4096 1024 -2304 ) (4096 1024 -2048 ) (4096 2048 -2048 ) (4096 2048 -2304 ) 
4 35 39 (5120 1024 -2304 ) (5120 1024 -2048 ) (4096 1024 -2048 ) (4096 1024 -2304 ) 
4 36 165 (6144 0 -2048 ) (6144 0 3072 ) (5120 0 3072 ) (5120 0 -2048 ) 
4 36 38 (5120 1024 3072 ) (5120 1024 -2048 ) (5120 0 -2048 ) (5120 0 3072 ) 
4 36 37 (6144 0 -2048 ) (5120 0 -2048 ) (5120 1024 -2048 ) (6144 1024 -2048 ) 
4 37 166 (6144 0 -2304 ) (6144 0 -2048 ) (5120 0 -2048 ) (5120 0 -2304 ) 
4 37 39 (5120 1024 -2048 ) (5120 1024 -2304 ) (5120 0 -2304 ) (5120 0 -2048 ) 
4 38 167 (5120 0 -2048 ) (5120 0 3072 ) (4096 0 3072 ) (4096 0 -2048 ) 
4 38 60 (4096 0 -2048 ) (4096 0 3072 ) (4096 1024 3072 ) (4096 1024 -2048 ) 
4 38 39 (5120 1024 -2048 ) (5120 0 -2048 ) (4096 0 -2048 ) (4096 1024 -2048 ) 
4 39 168 (5120 0 -2304 ) (5120 0 -2048 ) (4096 0 -2048 ) (4096 0 -2304 ) 
4 39 61 (4096 0 -2304 ) (4096 0 -2048 ) (4096 1024 -2048 ) (4096 1024 -2304 ) 
4 40 44 (4096 3072 -2048 ) (4096 3072 3072 ) (3072 3072 3072 ) (3072 3072 -2048 ) 
4 40 42 (3072 4096 3072 ) (3072 4096 -2048 ) (3072 3072 -2048 ) (3072 3072 3072 ) 
4 40 41 (4096 3072 -2048 ) (3072 3072 -2048 ) (3072 4096 -2048 ) (4096 4096 -2048 ) 
4 41 45 (4096 3072 -2304 ) (4096 3072 -2048 ) (3072 3072 -2048 ) (3072 3072 -2304 ) 
4 41 43 (3072 4096 -2048 ) (3072 4096 -2304 ) (3072 3072 -2304 ) (3072 3072 -2048 ) 
4 42 48 (2048 4096 3072 ) (2048 4096 -2048 ) (2048 3072 -2048 ) (2048 3072 3072 ) 
4 42 46 (3072 3072 -2048 ) (3072 3072 3072 ) (2048 3072 3072 ) (2048 3072 -2048 ) 
4 42 43 (2048 4096 -2048 ) (3072 4096 -2048 ) (3072 3072 -2048 ) (2048 3072 -2048 ) 
4 43 49 (2048 4096 -2048 ) (2048 4096 -2304 ) (2048 3072 -2304 ) (2048 3072 -2048 ) 
4 43 47 (3072 3072 -2304 ) (3072 3072 -2048 ) (2048 3072 -2048 ) (2048 3072 -2304 ) 
4 44 56 (4096 2048 -2048 ) (4096 2048 3072 ) (3072 2048 3072 ) (3072 2048 -2048 ) 
4 44 46 (3072 3072 3072 ) (3072 3072 -2048 ) (3072 2048 -2048 ) (3072 2048 3072 ) 
4 44 45 (4096 2048 -2048 ) (3072 2048 -2048 ) (3072 3072 -2048 ) (4096 3072 -2048 ) 
4 45 57 (4096 2048 -2304 ) (4096 2048 -2048 ) (3072 2048 -2048 ) (3072 2048 -2304 ) 
4 45 47 (3072 3072 -2048 ) (3072 3072 -2304 ) (3072 2048 -2304 ) (3072 2048 -2048 ) 
4 46 58 (3072 2048 -2048 ) (3072 2048 3072 ) (2048 2048 3072 ) (2048 2048 -2048 ) 
4 46 52 (2048 2048 -2048 ) (2048 2048 3072 ) (2048 3072 3072 ) (2048 3072 -2048 ) 
4 46 47 (3072 3072 -2048 ) (3072 2048 -2048 ) (2048 2048 -2048 ) (2048 3072 -2048 ) 
4 47 59 (3072 2048 -2304 ) (3072 2048 -2048 ) (2048 2048 -2048 ) (2048 2048 -2304 ) 
4 47 53 (2048 2048 -2304 ) (2048 2048 -2048 ) (2048 3072 -2048 ) (2048 3072 -2304 ) 
4 48 52 (2048 3072 -2048 ) (2048 3072 3072 ) (1024 3072 3072 ) (1024 3072 -2048 ) 
4 48 50 (1024 4096 3072 ) (1024 4096 -2048 ) (1024 3072 -2048 ) (1024 3072 3072 ) 
4 48 49 (2048 3072 -2048 ) (1024 3072 -2048 ) (1024 4096 -2048 ) (2048 4096 -2048 ) 
4 49 53 (2048 3072 -2304 ) (2048 3072 -2048 ) (1024 3072 -2048 ) (1024 3072 -2304 ) 
4 49 51 (1024 4096 -2048 ) (1024 4096 -2304 ) (1024 3072 -2304 ) (1024 3072 -2048 ) 
4 50 107 (0 3072 -2048 ) (0 3072 3072 ) (0 4096 3072 ) (0 4096 -2048 ) 
4 50 54 (1024 3072 -2048 ) (1024 3072 3072 ) (0 3072 3072 ) (0 3072 -2048 ) 
4 50 51 (1024 4096 -2048 ) (1024 3072 -2048 ) (0 3072 -2048 ) (0 4096 -2048 ) 
4 51 108 (0 3072 -2304 ) (0 3072 -2048 ) (0 4096 -2048 ) (0 4096 -2304 ) 
4 51 55 (1024 3072 -2304 ) (1024 3072 -2048 ) (0 3072 -2048 ) (0 3072 -2304 ) 
4 52 66 (1536 2048 -128 ) (1024 2048 -128 ) (1024 2048 -2048 ) (1536 2048 -2048 ) 
4 52 65 (2048 2048 -2048 ) (2048 2048 -128 ) (1536 2048 -128 ) (1536 2048 -2048 ) 
4 52 64 (2048 2048 -128 ) (2048 2048 3072 ) (1024 2048 3072 ) (1024 2048 -128 ) 
4 52 54 (1024 3072 3072 ) (1024 3072 -2048 ) (1024 2048 -2048 ) (1024 2048 3072 ) 
4 52 53 (1024 3072 -2048 ) (2048 3072 -2048 ) (2048 2048 -2048 ) (1024 2048 -2048 ) 
4 53 68 (2048 2048 -2304 ) (2048 2048 -2048 ) (1024 2048 -2048 ) (1024 2048 -2304 ) 
4 53 55 (1024 3072 -2048 ) (1024 3072 -2304 ) (1024 2048 -2304 ) (1024 2048 -2048 ) 
4 54 111 (0 2048 -2048 ) (0 2048 3072 ) (0 3072 3072 ) (0 3072 -2048 ) 
4 54 71 (1024 2048 -2048 ) (1024 2048 -128 ) (0 2048 -128 ) (0 2048 -2048 ) 
4 54 70 (1024 2048 -128 ) (1024 2048 3072 ) (0 2048 3072 ) (0 2048 -128 ) 
4 54 55 (1024 3072 -2048 ) (1024 2048 -2048 ) (0 2048 -2048 ) (0 3072 -2048 ) 
4 55 112 (0 2048 -2304 ) (0 2048 -2048 ) (0 3072 -2048 ) (0 3072 -2304 ) 
4 55 73 (1024 2048 -2304 ) (1024 2048 -2048 ) (0 2048 -2048 ) (0 2048 -2304 ) 
4 56 60 (4096 1024 -2048 ) (4096 1024 3072 ) (3072 1024 3072 ) (3072 1024 -2048 ) 
4 56 58 (3072 2048 3072 ) (3072 2048 -2048 ) (3072 1024 -2048 ) (3072 1024 3072 ) 
4 56 57 (4096 1024 -2048 ) (3072 1024 -2048 ) (3072 2048 -2048 ) (4096 2048 -2048 ) 
4 57 61 (4096 1024 -2304 ) (4096 1024 -2048 ) (3072 1024 -2048 ) (3072 1024 -2304 ) 
4 57 59 (3072 2048 -2048 ) (3072 2048 -2304 ) (3072 1024 -2304 ) (3072 1024 -2048 ) 
4 58 65 (2048 2048 -128 ) (2048 2048 -2048 ) (2048 1024 -2048 ) (2048 1024 -128 ) 
4 58 64 (2048 2048 3072 ) (2048 2048 -128 ) (2048 1024 -128 ) (2048 1024 3072 ) 
4 58 62 (3072 1024 -2048 ) (3072 1024 3072 ) (2048 1024 3072 ) (2048 1024 -2048 ) 
4 58 59 (2048 2048 -2048 ) (3072 2048 -2048 ) (3072 1024 -2048 ) (2048 1024 -2048 ) 
4 59 68 (2048 2048 -2048 ) (2048 2048 -2304 ) (2048 1024 -2304 ) (2048 1024 -2048 ) 
4 59 63 (3072 1024 -2304 ) (3072 1024 -2048 ) (2048 1024 -2048 ) (2048 1024 -2304 ) 
4 60 181 (4096 0 -2048 ) (4096 0 3072 ) (3072 0 3072 ) (3072 0 -2048 ) 
4 60 62 (3072 1024 3072 ) (3072 1024 -2048 ) (3072 0 -2048 ) (3072 0 3072 ) 
4 60 61 (3072 1024 -2048 ) (4096 1024 -2048 ) (4096 0 -2048 ) (3072 0 -2048 ) 
4 61 182 (4096 0 -2304 ) (4096 0 -2048 ) (3072 0 -2048 ) (3072 0 -2304 ) 
4 61 63 (3072 1024 -2048 ) (3072 1024 -2304 ) (3072 0 -2304 ) (3072 0 -2048 ) 
4 62 183 (3072 0 -2048 ) (3072 0 3072 ) (2048 0 3072 ) (2048 0 -2048 ) 
4 62 75 (2048 0 -2048 ) (2048 0 -128 ) (2048 1024 -128 ) (2048 1024 -2048 ) 
4 62 74 (2048 0 -128 ) (2048 0 3072 ) (2048 1024 3072 ) (2048 1024 -128 ) 
4 62 63 (3072 1024 -2048 ) (3072 0 -2048 ) (2048 0 -2048 ) (2048 1024 -2048 ) 
4 63 184 (3072 0 -2304 ) (3072 0 -2048 ) (2048 0 -2048 ) (2048 0 -2304 ) 
4 63 77 (2048 0 -2304 ) (2048 0 -2048 ) (2048 1024 -2048 ) (2048 1024 -2304 ) 
4 64 74 (2048 1024 -128 ) (2048 1024 3072 ) (1024 1024 3072 ) (1024 1024 -128 ) 
4 64 70 (1024 2048 3072 ) (1024 2048 -128 ) (1024 1024 -128 ) (1024 1024 3072 ) 
4 64 66 (1024 1536 -128 ) (1024 2048 -128 ) (1536 2048 -128 ) (1536 1536 -128 ) 
4 64 65 (1536 2048 -128 ) (2048 2048 -128 ) (2048 1024 -128 ) (1536 1024 -128 ) 
4 65 75 (2048 1024 -2048 ) (2048 1024 -128 ) (1536 1024 -128 ) (1536 1024 -2048 ) 
4 65 68 (2048 1024 -2048 ) (1536 1024 -2048 ) (1536 2048 -2048 ) (2048 2048 -2048 ) 
4 65 67 (1536 1536 -2048 ) (1536 1024 -2048 ) (1536 1024 -256 ) (1536 1536 -256 ) 
4 65 66 (1536 2048 -2048 ) (1536 1536 -2048 ) (1536 1536 -128 ) (1536 2048 -128 ) 
4 66 71 (1024 2048 -128 ) (1024 2048 -2048 ) (1024 1536 -2048 ) (1024 1536 -128 ) 
4 66 68 (1024 1536 -2048 ) (1024 2048 -2048 ) (1536 2048 -2048 ) (1536 1536 -2048 ) 
4 66 67 (1024 1536 -2048 ) (1536 1536 -2048 ) (1536 1536 -256 ) (1024 1536 -256 ) 
4 67 76 (1024 1024 -256 ) (1024 1024 -2048 ) (1536 1024 -2048 ) (1536 1024 -256 ) 
4 67 72 (1024 1536 -2048 ) (1024 1024 -2048 ) (1024 1024 -256 ) (1024 1536 -256 ) 
4 67 68 (1536 1024 -2048 ) (1024 1024 -2048 ) (1024 1536 -2048 ) (1536 1536 -2048 ) 
4 68 77 (2048 1024 -2304 ) (2048 1024 -2048 ) (1024 1024 -2048 ) (1024 1024 -2304 ) 
4 68 73 (1024 2048 -2048 ) (1024 2048 -2304 ) (1024 1024 -2304 ) (1024 1024 -2048 ) 
4 70 123 (0 1024 -128 ) (0 1024 3072 ) (0 2048 3072 ) (0 2048 -128 ) 
4 70 78 (1024 1024 -128 ) (1024 1024 3072 ) (0 1024 3072 ) (0 1024 -128 ) 
4 70 71 (0 1536 -128 ) (0 2048 -128 ) (1024 2048 -128 ) (1024 1536 -128 ) 
4 71 124 (0 1536 -128 ) (0 2048 -128 ) (0 2048 -2048 ) (0 1536 -2048 ) 
4 71 73 (1024 2048 -2048 ) (1024 1536 -2048 ) (0 1536 -2048 ) (0 2048 -2048 ) 
4 71 72 (0 1536 -2048 ) (1024 1536 -2048 ) (1024 1536 -256 ) (0 1536 -256 ) 
4 72 125 (0 1024 -2048 ) (0 1024 -256 ) (0 1536 -256 ) (0 1536 -2048 ) 
4 72 79 (1024 1024 -2048 ) (1024 1024 -1152 ) (896 1024 -1152 ) (896 1024 -2048 ) 
4 72 81 (896 1024 -256 ) (0 1024 -256 ) (0 1024 -2048 ) (896 1024 -2048 ) 
4 72 73 (1024 1536 -2048 ) (1024 1024 -2048 ) (0 1024 -2048 ) (0 1536 -2048 ) 
4 73 126 (0 1024 -2304 ) (0 1024 -2048 ) (0 2048 -2048 ) (0 2048 -2304 ) 
4 73 82 (1024 1024 -2304 ) (1024 1024 -2048 ) (0 1024 -2048 ) (0 1024 -2304 ) 
4 74 189 (2048 0 -128 ) (2048 0 3072 ) (1024 0 3072 ) (1024 0 -128 ) 
4 74 78 (1024 1024 3072 ) (1024 1024 -128 ) (1024 0 -128 ) (1024 0 3072 ) 
4 74 75 (2048 0 -128 ) (1536 0 -128 ) (1536 1024 -128 ) (2048 1024 -128 ) 
4 75 190 (2048 0 -2048 ) (2048 0 -128 ) (1536 0 -128 ) (1536 0 -2048 ) 
4 75 77 (1536 1024 -2048 ) (2048 1024 -2048 ) (2048 0 -2048 ) (1536 0 -2048 ) 
4 75 76 (1536 1024 -2048 ) (1536 0 -2048 ) (1536 0 -256 ) (1536 1024 -256 ) 
4 76 191 (1024 0 -256 ) (1024 0 -2048 ) (1536 0 -2048 ) (1536 0 -256 ) 
4 76 79 (1024 1024 -1152 ) (1024 1024 -2048 ) (1024 896 -2048 ) (1024 896 -1152 ) 
4 76 80 (1024 896 -2048 ) (1024 0 -2048 ) (1024 0 -256 ) (1024 896 -256 ) 
4 76 77 (1024 1024 -2048 ) (1536 1024 -2048 ) (1536 0 -2048 ) (1024 0 -2048 ) 
4 77 192 (2048 0 -2304 ) (2048 0 -2048 ) (1024 0 -2048 ) (1024 0 -2304 ) 
4 77 82 (1024 1024 -2048 ) (1024 1024 -2304 ) (1024 0 -2304 ) (1024 0 -2048 ) 
4 78 193 (1024 0 -128 ) (1024 0 3072 ) (0 0 3072 ) (0 0 -128 ) 
4 78 132 (0 0 -128 ) (0 0 3072 ) (0 1024 3072 ) (0 1024 -128 ) 
4 79 82 (1024 1024 -2048 ) (1024 896 -2048 ) (896 896 -2048 ) (896 1024 -2048 ) 
4 79 80 (896 896 -1152 ) (896 896 -2048 ) (1024 896 -2048 ) (1024 896 -1152 ) 
4 79 81 (896 1024 -2048 ) (896 896 -2048 ) (896 896 -1152 ) (896 1024 -1152 ) 
4 80 194 (1024 0 -2048 ) (1024 0 -256 ) (896 0 -256 ) (896 0 -2048 ) 
4 80 82 (1024 896 -2048 ) (1024 0 -2048 ) (896 0 -2048 ) (896 896 -2048 ) 
4 80 81 (896 896 -2048 ) (896 0 -2048 ) (896 0 -256 ) (896 896 -256 ) 
4 81 196 (896 0 -256 ) (0 0 -256 ) (0 0 -2048 ) (896 0 -2048 ) 
4 81 133 (0 0 -2048 ) (0 0 -256 ) (0 1024 -256 ) (0 1024 -2048 ) 
4 81 82 (896 0 -2048 ) (0 0 -2048 ) (0 1024 -2048 ) (896 1024 -2048 ) 
4 82 197 (1024 0 -2304 ) (1024 0 -2048 ) (0 0 -2048 ) (0 0 -2304 ) 
4 82 136 (0 0 -2304 ) (0 0 -2048 ) (0 1024 -2048 ) (0 1024 -2304 ) 
4 83 87 (0 5120 -2048 ) (0 5120 3072 ) (-1024 5120 3072 ) (-1024 5120 -2048 ) 
4 83 85 (-1024 5120 -2048 ) (-1024 5120 3072 ) (-1024 6144 3072 ) (-1024 6144 -2048 ) 
4 83 84 (0 5120 -2048 ) (-1024 5120 -2048 ) (-1024 6144 -2048 ) (0 6144 -2048 ) 
4 84 88 (0 5120 -2304 ) (0 5120 -2048 ) (-1024 5120 -2048 ) (-1024 5120 -2304 ) 
4 84 86 (-1024 5120 -2304 ) (-1024 5120 -2048 ) (-1024 6144 -2048 ) (-1024 6144 -2304 ) 
4 85 91 (-2048 5120 -2048 ) (-2048 5120 3072 ) (-2048 6144 3072 ) (-2048 6144 -2048 ) 
4 85 89 (-1024 5120 -2048 ) (-1024 5120 3072 ) (-2048 5120 3072 ) (-2048 5120 -2048 ) 
4 85 86 (-2048 6144 -2048 ) (-1024 6144 -2048 ) (-1024 5120 -2048 ) (-2048 5120 -2048 ) 
4 86 92 (-2048 5120 -2304 ) (-2048 5120 -2048 ) (-2048 6144 -2048 ) (-2048 6144 -2304 ) 
4 86 90 (-1024 5120 -2304 ) (-1024 5120 -2048 ) (-2048 5120 -2048 ) (-2048 5120 -2304 ) 
4 87 107 (0 4096 -2048 ) (0 4096 3072 ) (-1024 4096 3072 ) (-1024 4096 -2048 ) 
4 87 89 (-1024 5120 3072 ) (-1024 5120 -2048 ) (-1024 4096 -2048 ) (-1024 4096 3072 ) 
4 87 88 (0 4096 -2048 ) (-1024 4096 -2048 ) (-1024 5120 -2048 ) (0 5120 -2048 ) 
4 88 108 (0 4096 -2304 ) (0 4096 -2048 ) (-1024 4096 -2048 ) (-1024 4096 -2304 ) 
4 88 90 (-1024 5120 -2048 ) (-1024 5120 -2304 ) (-1024 4096 -2304 ) (-1024 4096 -2048 ) 
4 89 109 (-1024 4096 -2048 ) (-1024 4096 3072 ) (-2048 4096 3072 ) (-2048 4096 -2048 ) 
4 89 95 (-2048 4096 -2048 ) (-2048 4096 3072 ) (-2048 5120 3072 ) (-2048 5120 -2048 ) 
4 89 90 (-1024 5120 -2048 ) (-1024 4096 -2048 ) (-2048 4096 -2048 ) (-2048 5120 -2048 ) 
4 90 110 (-1024 4096 -2304 ) (-1024 4096 -2048 ) (-2048 4096 -2048 ) (-2048 4096 -2304 ) 
4 90 96 (-2048 4096 -2304 ) (-2048 4096 -2048 ) (-2048 5120 -2048 ) (-2048 5120 -2304 ) 
4 91 95 (-2048 5120 -2048 ) (-2048 5120 3072 ) (-3072 5120 3072 ) (-3072 5120 -2048 ) 
4 91 93 (-3072 5120 -2048 ) (-3072 5120 3072 ) (-3072 6144 3072 ) (-3072 6144 -2048 ) 
4 91 92 (-2048 5120 -2048 ) (-3072 5120 -2048 ) (-3072 6144 -2048 ) (-2048 6144 -2048 ) 
4 92 96 (-2048 5120 -2304 ) (-2048 5120 -2048 ) (-3072 5120 -2048 ) (-3072 5120 -2304 ) 
4 92 94 (-3072 5120 -2304 ) (-3072 5120 -2048 ) (-3072 6144 -2048 ) (-3072 6144 -2304 ) 
4 93 99 (-4096 5120 -2048 ) (-4096 5120 3072 ) (-4096 6144 3072 ) (-4096 6144 -2048 ) 
4 93 97 (-3072 5120 -2048 ) (-3072 5120 3072 ) (-4096 5120 3072 ) (-4096 5120 -2048 ) 
4 93 94 (-4096 6144 -2048 ) (-3072 6144 -2048 ) (-3072 5120 -2048 ) (-4096 5120 -2048 ) 
4 94 100 (-4096 5120 -2304 ) (-4096 5120 -2048 ) (-4096 6144 -2048 ) (-4096 6144 -2304 ) 
4 94 98 (-3072 5120 -2304 ) (-3072 5120 -2048 ) (-4096 5120 -2048 ) (-4096 5120 -2304 ) 
4 95 115 (-2048 4096 -2048 ) (-2048 4096 3072 ) (-3072 4096 3072 ) (-3072 4096 -2048 ) 
4 95 97 (-3072 5120 3072 ) (-3072 5120 -2048 ) (-3072 4096 -2048 ) (-3072 4096 3072 ) 
4 95 96 (-3072 5120 -2048 ) (-2048 5120 -2048 ) (-2048 4096 -2048 ) (-3072 4096 -2048 ) 
4 96 116 (-2048 4096 -2304 ) (-2048 4096 -2048 ) (-3072 4096 -2048 ) (-3072 4096 -2304 ) 
4 96 98 (-3072 5120 -2048 ) (-3072 5120 -2304 ) (-3072 4096 -2304 ) (-3072 4096 -2048 ) 
4 97 117 (-3072 4096 -2048 ) (-3072 4096 3072 ) (-4096 4096 3072 ) (-4096 4096 -2048 ) 
4 97 103 (-4096 4096 -2048 ) (-4096 4096 3072 ) (-4096 5120 3072 ) (-4096 5120 -2048 ) 
4 97 98 (-3072 5120 -2048 ) (-3072 4096 -2048 ) (-4096 4096 -2048 ) (-4096 5120 -2048 ) 
4 98 118 (-3072 4096 -2304 ) (-3072 4096 -2048 ) (-4096 4096 -2048 ) (-4096 4096 -2304 ) 
4 98 104 (-4096 4096 -2304 ) (-4096 4096 -2048 ) (-4096 5120 -2048 ) (-4096 5120 -2304 ) 
4 99 103 (-4096 5120 -2048 ) (-4096 5120 3072 ) (-5120 5120 3072 ) (-5120 5120 -2048 ) 
4 99 101 (-5120 5120 -2048 ) (-5120 5120 3072 ) (-5120 6144 3072 ) (-5120 6144 -2048 ) 
4 99 100 (-4096 5120 -2048 ) (-5120 5120 -2048 ) (-5120 6144 -2048 ) (-4096 6144 -2048 ) 
4 100 104 (-4096 5120 -2304 ) (-4096 5120 -2048 ) (-5120 5120 -2048 ) (-5120 5120 -2304 ) 
4 100 102 (-5120 5120 -2304 ) (-5120 5120 -2048 ) (-5120 6144 -2048 ) (-5120 6144 -2304 ) 
4 101 105 (-5120 5120 -2048 ) (-5120 5120 3072 ) (-6144 5120 3072 ) (-6144 5120 -2048 ) 
4 101 102 (-6144 6144 -2048 ) (-5120 6144 -2048 ) (-5120 5120 -2048 ) (-6144 5120 -2048 ) 
4 102 106 (-5120 5120 -2304 ) (-5120 5120 -2048 ) (-6144 5120 -2048 ) (-6144 5120 -2304 ) 
4 103 149 (-4096 4096 -2048 ) (-4096 4096 3072 ) (-5120 4096 3072 ) (-5120 4096 -2048 ) 
4 103 105 (-5120 5120 3072 ) (-5120 5120 -2048 ) (-5120 4096 -2048 ) (-5120 4096 3072 ) 
4 103 104 (-5120 5120 -2048 ) (-4096 5120 -2048 ) (-4096 4096 -2048 ) (-5120 4096 -2048 ) 
4 104 150 (-4096 4096 -2304 ) (-4096 4096 -2048 ) (-5120 4096 -2048 ) (-5120 4096 -2304 ) 
4 104 106 (-5120 5120 -2048 ) (-5120 5120 -2304 ) (-5120 4096 -2304 ) (-5120 4096 -2048 ) 
4 105 151 (-5120 4096 -2048 ) (-5120 4096 3072 ) (-6144 4096 3072 ) (-6144 4096 -2048 ) 
4 105 106 (-5120 5120 -2048 ) (-5120 4096 -2048 ) (-6144 4096 -2048 ) (-6144 5120 -2048 ) 
4 106 152 (-5120 4096 -2304 ) (-5120 4096 -2048 ) (-6144 4096 -2048 ) (-6144 4096 -2304 ) 
4 107 111 (0 3072 -2048 ) (0 3072 3072 ) (-1024 3072 3072 ) (-1024 3072 -2048 ) 
4 107 109 (-1024 4096 3072 ) (-1024 4096 -2048 ) (-1024 3072 -2048 ) (-1024 3072 3072 ) 
4 107 108 (0 3072 -2048 ) (-1024 3072 -2048 ) (-1024 4096 -2048 ) (0 4096 -2048 ) 
4 108 112 (0 3072 -2304 ) (0 3072 -2048 ) (-1024 3072 -2048 ) (-1024 3072 -2304 ) 
4 108 110 (-1024 4096 -2048 ) (-1024 4096 -2304 ) (-1024 3072 -2304 ) (-1024 3072 -2048 ) 
4 109 115 (-2048 4096 3072 ) (-2048 4096 -2048 ) (-2048 3072 -2048 ) (-2048 3072 3072 ) 
4 109 113 (-1024 3072 -2048 ) (-1024 3072 3072 ) (-2048 3072 3072 ) (-2048 3072 -2048 ) 
4 109 110 (-2048 4096 -2048 ) (-1024 4096 -2048 ) (-1024 3072 -2048 ) (-2048 3072 -2048 ) 
4 110 116 (-2048 4096 -2048 ) (-2048 4096 -2304 ) (-2048 3072 -2304 ) (-2048 3072 -2048 ) 
4 110 114 (-1024 3072 -2304 ) (-1024 3072 -2048 ) (-2048 3072 -2048 ) (-2048 3072 -2304 ) 
4 111 124 (0 2048 -2048 ) (0 2048 -128 ) (-1024 2048 -128 ) (-1024 2048 -2048 ) 
4 111 123 (0 2048 -128 ) (0 2048 3072 ) (-1024 2048 3072 ) (-1024 2048 -128 ) 
4 111 113 (-1024 3072 3072 ) (-1024 3072 -2048 ) (-1024 2048 -2048 ) (-1024 2048 3072 ) 
4 111 112 (0 2048 -2048 ) (-1024 2048 -2048 ) (-1024 3072 -2048 ) (0 3072 -2048 ) 
4 112 126 (0 2048 -2304 ) (0 2048 -2048 ) (-1024 2048 -2048 ) (-1024 2048 -2304 ) 
4 112 114 (-1024 3072 -2048 ) (-1024 3072 -2304 ) (-1024 2048 -2304 ) (-1024 2048 -2048 ) 
4 113 128 (-1024 2048 -2048 ) (-1024 2048 -128 ) (-1536 2048 -128 ) (-1536 2048 -2048 ) 
4 113 130 (-1536 2048 -128 ) (-2048 2048 -128 ) (-2048 2048 -2048 ) (-1536 2048 -2048 ) 
4 113 127 (-1024 2048 -128 ) (-1024 2048 3072 ) (-2048 2048 3072 ) (-2048 2048 -128 ) 
4 113 119 (-2048 2048 -2048 ) (-2048 2048 3072 ) (-2048 3072 3072 ) (-2048 3072 -2048 ) 
4 113 114 (-1024 3072 -2048 ) (-1024 2048 -2048 ) (-2048 2048 -2048 ) (-2048 3072 -2048 ) 
4 114 131 (-1024 2048 -2304 ) (-1024 2048 -2048 ) (-2048 2048 -2048 ) (-2048 2048 -2304 ) 
4 114 120 (-2048 2048 -2304 ) (-2048 2048 -2048 ) (-2048 3072 -2048 ) (-2048 3072 -2304 ) 
4 115 119 (-2048 3072 -2048 ) (-2048 3072 3072 ) (-3072 3072 3072 ) (-3072 3072 -2048 ) 
4 115 117 (-3072 4096 3072 ) (-3072 4096 -2048 ) (-3072 3072 -2048 ) (-3072 3072 3072 ) 
4 115 116 (-2048 3072 -2048 ) (-3072 3072 -2048 ) (-3072 4096 -2048 ) (-2048 4096 -2048 ) 
4 116 120 (-2048 3072 -2304 ) (-2048 3072 -2048 ) (-3072 3072 -2048 ) (-3072 3072 -2304 ) 
4 116 118 (-3072 4096 -2048 ) (-3072 4096 -2304 ) (-3072 3072 -2304 ) (-3072 3072 -2048 ) 
4 117 149 (-4096 4096 3072 ) (-4096 4096 -2048 ) (-4096 3072 -2048 ) (-4096 3072 3072 ) 
4 117 121 (-3072 3072 -2048 ) (-3072 3072 3072 ) (-4096 3072 3072 ) (-4096 3072 -2048 ) 
4 117 118 (-4096 4096 -2048 ) (-3072 4096 -2048 ) (-3072 3072 -2048 ) (-4096 3072 -2048 ) 
4 118 150 (-4096 4096 -2048 ) (-4096 4096 -2304 ) (-4096 3072 -2304 ) (-4096 3072 -2048 ) 
4 118 122 (-3072 3072 -2304 ) (-3072 3072 -2048 ) (-4096 3072 -2048 ) (-4096 3072 -2304 ) 
4 119 141 (-2048 2048 -2048 ) (-2048 2048 3072 ) (-3072 2048 3072 ) (-3072 2048 -2048 ) 
4 119 121 (-3072 3072 3072 ) (-3072 3072 -2048 ) (-3072 2048 -2048 ) (-3072 2048 3072 ) 
4 119 120 (-3072 3072 -2048 ) (-2048 3072 -2048 ) (-2048 2048 -2048 ) (-3072 2048 -2048 ) 
4 120 142 (-2048 2048 -2304 ) (-2048 2048 -2048 ) (-3072 2048 -2048 ) (-3072 2048 -2304 ) 
4 120 122 (-3072 3072 -2048 ) (-3072 3072 -2304 ) (-3072 2048 -2304 ) (-3072 2048 -2048 ) 
4 121 153 (-4096 2048 -2048 ) (-4096 2048 3072 ) (-4096 3072 3072 ) (-4096 3072 -2048 ) 
4 121 143 (-3072 2048 -2048 ) (-3072 2048 3072 ) (-4096 2048 3072 ) (-4096 2048 -2048 ) 
4 121 122 (-3072 3072 -2048 ) (-3072 2048 -2048 ) (-4096 2048 -2048 ) (-4096 3072 -2048 ) 
4 122 154 (-4096 2048 -2304 ) (-4096 2048 -2048 ) (-4096 3072 -2048 ) (-4096 3072 -2304 ) 
4 122 144 (-3072 2048 -2304 ) (-3072 2048 -2048 ) (-4096 2048 -2048 ) (-4096 2048 -2304 ) 
4 123 132 (0 1024 -128 ) (0 1024 3072 ) (-1024 1024 3072 ) (-1024 1024 -128 ) 
4 123 127 (-1024 2048 3072 ) (-1024 2048 -128 ) (-1024 1024 -128 ) (-1024 1024 3072 ) 
4 123 124 (-1024 1536 -128 ) (-1024 2048 -128 ) (0 2048 -128 ) (0 1536 -128 ) 
4 124 128 (-1024 2048 -128 ) (-1024 2048 -2048 ) (-1024 1536 -2048 ) (-1024 1536 -128 ) 
4 124 126 (-1024 1536 -2048 ) (-1024 2048 -2048 ) (0 2048 -2048 ) (0 1536 -2048 ) 
4 124 125 (-1024 1536 -2048 ) (0 1536 -2048 ) (0 1536 -256 ) (-1024 1536 -256 ) 
4 125 134 (-1024 1024 -1152 ) (-1024 1024 -2048 ) (-896 1024 -2048 ) (-896 1024 -1152 ) 
4 125 133 (0 1024 -2048 ) (0 1024 -256 ) (-896 1024 -256 ) (-896 1024 -2048 ) 
4 125 129 (-1024 1536 -2048 ) (-1024 1024 -2048 ) (-1024 1024 -256 ) (-1024 1536 -256 ) 
4 125 126 (0 1024 -2048 ) (-1024 1024 -2048 ) (-1024 1536 -2048 ) (0 1536 -2048 ) 
4 126 136 (0 1024 -2304 ) (0 1024 -2048 ) (-1024 1024 -2048 ) (-1024 1024 -2304 ) 
4 126 131 (-1024 2048 -2048 ) (-1024 2048 -2304 ) (-1024 1024 -2304 ) (-1024 1024 -2048 ) 
4 127 141 (-2048 2048 3072 ) (-2048 2048 -128 ) (-2048 1024 -128 ) (-2048 1024 3072 ) 
4 127 137 (-1024 1024 -128 ) (-1024 1024 3072 ) (-2048 1024 3072 ) (-2048 1024 -128 ) 
4 127 128 (-1536 1536 -128 ) (-1536 2048 -128 ) (-1024 2048 -128 ) (-1024 1536 -128 ) 
4 127 130 (-1536 1024 -128 ) (-2048 1024 -128 ) (-2048 2048 -128 ) (-1536 2048 -128 ) 
4 128 131 (-1536 2048 -2048 ) (-1024 2048 -2048 ) (-1024 1536 -2048 ) (-1536 1536 -2048 ) 
4 128 129 (-1536 1536 -256 ) (-1536 1536 -2048 ) (-1024 1536 -2048 ) (-1024 1536 -256 ) 
4 128 130 (-1536 2048 -2048 ) (-1536 1536 -2048 ) (-1536 1536 -128 ) (-1536 2048 -128 ) 
4 129 138 (-1024 1024 -2048 ) (-1024 1024 -256 ) (-1536 1024 -256 ) (-1536 1024 -2048 ) 
4 129 131 (-1024 1536 -2048 ) (-1024 1024 -2048 ) (-1536 1024 -2048 ) (-1536 1536 -2048 ) 
4 129 130 (-1536 1536 -2048 ) (-1536 1024 -2048 ) (-1536 1024 -256 ) (-1536 1536 -256 ) 
4 130 141 (-2048 2048 -128 ) (-2048 2048 -2048 ) (-2048 1024 -2048 ) (-2048 1024 -128 ) 
4 130 139 (-1536 1024 -128 ) (-2048 1024 -128 ) (-2048 1024 -2048 ) (-1536 1024 -2048 ) 
4 130 131 (-2048 2048 -2048 ) (-1536 2048 -2048 ) (-1536 1024 -2048 ) (-2048 1024 -2048 ) 
4 131 142 (-2048 2048 -2048 ) (-2048 2048 -2304 ) (-2048 1024 -2304 ) (-2048 1024 -2048 ) 
4 131 140 (-1024 1024 -2304 ) (-1024 1024 -2048 ) (-2048 1024 -2048 ) (-2048 1024 -2304 ) 
4 132 247 (0 0 -128 ) (0 0 3072 ) (-1024 0 3072 ) (-1024 0 -128 ) 
4 132 137 (-1024 1024 3072 ) (-1024 1024 -128 ) (-1024 0 -128 ) (-1024 0 3072 ) 
4 133 248 (0 0 -2048 ) (0 0 -256 ) (-896 0 -256 ) (-896 0 -2048 ) 
4 133 136 (-896 1024 -2048 ) (0 1024 -2048 ) (0 0 -2048 ) (-896 0 -2048 ) 
4 133 134 (-896 1024 -2048 ) (-896 896 -2048 ) (-896 896 -1152 ) (-896 1024 -1152 ) 
4 133 135 (-896 896 -2048 ) (-896 0 -2048 ) (-896 0 -256 ) (-896 896 -256 ) 
4 134 138 (-1024 1024 -1152 ) (-1024 1024 -2048 ) (-1024 896 -2048 ) (-1024 896 -1152 ) 
4 134 136 (-1024 1024 -2048 ) (-896 1024 -2048 ) (-896 896 -2048 ) (-1024 896 -2048 ) 
4 134 135 (-1024 896 -2048 ) (-896 896 -2048 ) (-896 896 -1152 ) (-1024 896 -1152 ) 
4 135 249 (-896 0 -256 ) (-1024 0 -256 ) (-1024 0 -2048 ) (-896 0 -2048 ) 
4 135 138 (-1024 896 -2048 ) (-1024 0 -2048 ) (-1024 0 -256 ) (-1024 896 -256 ) 
4 135 136 (-896 896 -2048 ) (-896 0 -2048 ) (-1024 0 -2048 ) (-1024 896 -2048 ) 
4 136 251 (0 0 -2304 ) (0 0 -2048 ) (-1024 0 -2048 ) (-1024 0 -2304 ) 
4 136 140 (-1024 1024 -2048 ) (-1024 1024 -2304 ) (-1024 0 -2304 ) (-1024 0 -2048 ) 
4 137 252 (-1024 0 -128 ) (-1024 0 3072 ) (-2048 0 3072 ) (-2048 0 -128 ) 
4 137 145 (-2048 0 -128 ) (-2048 0 3072 ) (-2048 1024 3072 ) (-2048 1024 -128 ) 
4 137 139 (-1536 0 -128 ) (-2048 0 -128 ) (-2048 1024 -128 ) (-1536 1024 -128 ) 
4 138 253 (-1024 0 -2048 ) (-1024 0 -256 ) (-1536 0 -256 ) (-1536 0 -2048 ) 
4 138 140 (-1024 1024 -2048 ) (-1024 0 -2048 ) (-1536 0 -2048 ) (-1536 1024 -2048 ) 
4 138 139 (-1536 1024 -2048 ) (-1536 0 -2048 ) (-1536 0 -256 ) (-1536 1024 -256 ) 
4 139 254 (-1536 0 -128 ) (-2048 0 -128 ) (-2048 0 -2048 ) (-1536 0 -2048 ) 
4 139 145 (-2048 0 -2048 ) (-2048 0 -128 ) (-2048 1024 -128 ) (-2048 1024 -2048 ) 
4 139 140 (-1536 0 -2048 ) (-2048 0 -2048 ) (-2048 1024 -2048 ) (-1536 1024 -2048 ) 
4 140 255 (-1024 0 -2304 ) (-1024 0 -2048 ) (-2048 0 -2048 ) (-2048 0 -2304 ) 
4 140 146 (-2048 0 -2304 ) (-2048 0 -2048 ) (-2048 1024 -2048 ) (-2048 1024 -2304 ) 
4 141 145 (-2048 1024 -2048 ) (-2048 1024 3072 ) (-3072 1024 3072 ) (-3072 1024 -2048 ) 
4 141 143 (-3072 2048 3072 ) (-3072 2048 -2048 ) (-3072 1024 -2048 ) (-3072 1024 3072 ) 
4 141 142 (-2048 1024 -2048 ) (-3072 1024 -2048 ) (-3072 2048 -2048 ) (-2048 2048 -2048 ) 
4 142 146 (-2048 1024 -2304 ) (-2048 1024 -2048 ) (-3072 1024 -2048 ) (-3072 1024 -2304 ) 
4 142 144 (-3072 2048 -2048 ) (-3072 2048 -2304 ) (-3072 1024 -2304 ) (-3072 1024 -2048 ) 
4 143 157 (-4096 1024 -2048 ) (-4096 1024 3072 ) (-4096 2048 3072 ) (-4096 2048 -2048 ) 
4 143 147 (-3072 1024 -2048 ) (-3072 1024 3072 ) (-4096 1024 3072 ) (-4096 1024 -2048 ) 
4 143 144 (-3072 2048 -2048 ) (-3072 1024 -2048 ) (-4096 1024 -2048 ) (-4096 2048 -2048 ) 
4 144 158 (-4096 1024 -2304 ) (-4096 1024 -2048 ) (-4096 2048 -2048 ) (-4096 2048 -2304 ) 
4 144 148 (-3072 1024 -2304 ) (-3072 1024 -2048 ) (-4096 1024 -2048 ) (-4096 1024 -2304 ) 
4 145 265 (-2048 0 -2048 ) (-2048 0 3072 ) (-3072 0 3072 ) (-3072 0 -2048 ) 
4 145 147 (-3072 1024 3072 ) (-3072 1024 -2048 ) (-3072 0 -2048 ) (-3072 0 3072 ) 
4 145 146 (-3072 1024 -2048 ) (-2048 1024 -2048 ) (-2048 0 -2048 ) (-3072 0 -2048 ) 
4 146 266 (-2048 0 -2304 ) (-2048 0 -2048 ) (-3072 0 -2048 ) (-3072 0 -2304 ) 
4 146 148 (-3072 1024 -2048 ) (-3072 1024 -2304 ) (-3072 0 -2304 ) (-3072 0 -2048 ) 
4 147 267 (-3072 0 -2048 ) (-3072 0 3072 ) (-4096 0 3072 ) (-4096 0 -2048 ) 
4 147 161 (-4096 0 -2048 ) (-4096 0 3072 ) (-4096 1024 3072 ) (-4096 1024 -2048 ) 
4 147 148 (-3072 1024 -2048 ) (-3072 0 -2048 ) (-4096 0 -2048 ) (-4096 1024 -2048 ) 
4 148 268 (-3072 0 -2304 ) (-3072 0 -2048 ) (-4096 0 -2048 ) (-4096 0 -2304 ) 
4 148 162 (-4096 0 -2304 ) (-4096 0 -2048 ) (-4096 1024 -2048 ) (-4096 1024 -2304 ) 
4 149 153 (-4096 3072 -2048 ) (-4096 3072 3072 ) (-5120 3072 3072 ) (-5120 3072 -2048 ) 
4 149 151 (-5120 4096 3072 ) (-5120 4096 -2048 ) (-5120 3072 -2048 ) (-5120 3072 3072 ) 
4 149 150 (-4096 3072 -2048 ) (-5120 3072 -2048 ) (-5120 4096 -2048 ) (-4096 4096 -2048 ) 
4 150 154 (-4096 3072 -2304 ) (-4096 3072 -2048 ) (-5120 3072 -2048 ) (-5120 3072 -2304 ) 
4 150 152 (-5120 4096 -2048 ) (-5120 4096 -2304 ) (-5120 3072 -2304 ) (-5120 3072 -2048 ) 
4 151 155 (-5120 3072 -2048 ) (-5120 3072 3072 ) (-6144 3072 3072 ) (-6144 3072 -2048 ) 
4 151 152 (-6144 4096 -2048 ) (-5120 4096 -2048 ) (-5120 3072 -2048 ) (-6144 3072 -2048 ) 
4 152 156 (-5120 3072 -2304 ) (-5120 3072 -2048 ) (-6144 3072 -2048 ) (-6144 3072 -2304 ) 
4 153 157 (-4096 2048 -2048 ) (-4096 2048 3072 ) (-5120 2048 3072 ) (-5120 2048 -2048 ) 
4 153 155 (-5120 3072 3072 ) (-5120 3072 -2048 ) (-5120 2048 -2048 ) (-5120 2048 3072 ) 
4 153 154 (-4096 2048 -2048 ) (-5120 2048 -2048 ) (-5120 3072 -2048 ) (-4096 3072 -2048 ) 
4 154 158 (-4096 2048 -2304 ) (-4096 2048 -2048 ) (-5120 2048 -2048 ) (-5120 2048 -2304 ) 
4 154 156 (-5120 3072 -2048 ) (-5120 3072 -2304 ) (-5120 2048 -2304 ) (-5120 2048 -2048 ) 
4 155 159 (-5120 2048 -2048 ) (-5120 2048 3072 ) (-6144 2048 3072 ) (-6144 2048 -2048 ) 
4 155 156 (-5120 3072 -2048 ) (-5120 2048 -2048 ) (-6144 2048 -2048 ) (-6144 3072 -2048 ) 
4 156 160 (-5120 2048 -2304 ) (-5120 2048 -2048 ) (-6144 2048 -2048 ) (-6144 2048 -2304 ) 
4 157 161 (-4096 1024 -2048 ) (-4096 1024 3072 ) (-5120 1024 3072 ) (-5120 1024 -2048 ) 
4 157 159 (-5120 2048 3072 ) (-5120 2048 -2048 ) (-5120 1024 -2048 ) (-5120 1024 3072 ) 
4 157 158 (-4096 1024 -2048 ) (-5120 1024 -2048 ) (-5120 2048 -2048 ) (-4096 2048 -2048 ) 
4 158 162 (-4096 1024 -2304 ) (-4096 1024 -2048 ) (-5120 1024 -2048 ) (-5120 1024 -2304 ) 
4 158 160 (-5120 2048 -2048 ) (-5120 2048 -2304 ) (-5120 1024 -2304 ) (-5120 1024 -2048 ) 
4 159 163 (-5120 1024 -2048 ) (-5120 1024 3072 ) (-6144 1024 3072 ) (-6144 1024 -2048 ) 
4 159 160 (-6144 2048 -2048 ) (-5120 2048 -2048 ) (-5120 1024 -2048 ) (-6144 1024 -2048 ) 
4 160 164 (-5120 1024 -2304 ) (-5120 1024 -2048 ) (-6144 1024 -2048 ) (-6144 1024 -2304 ) 
4 161 289 (-4096 0 -2048 ) (-4096 0 3072 ) (-5120 0 3072 ) (-5120 0 -2048 ) 
4 161 163 (-5120 1024 3072 ) (-5120 1024 -2048 ) (-5120 0 -2048 ) (-5120 0 3072 ) 
4 161 162 (-5120 1024 -2048 ) (-4096 1024 -2048 ) (-4096 0 -2048 ) (-5120 0 -2048 ) 
4 162 290 (-4096 0 -2304 ) (-4096 0 -2048 ) (-5120 0 -2048 ) (-5120 0 -2304 ) 
4 162 164 (-5120 1024 -2048 ) (-5120 1024 -2304 ) (-5120 0 -2304 ) (-5120 0 -2048 ) 
4 163 291 (-5120 0 -2048 ) (-5120 0 3072 ) (-6144 0 3072 ) (-6144 0 -2048 ) 
4 163 164 (-5120 1024 -2048 ) (-5120 0 -2048 ) (-6144 0 -2048 ) (-6144 1024 -2048 ) 
4 164 292 (-5120 0 -2304 ) (-5120 0 -2048 ) (-6144 0 -2048 ) (-6144 0 -2304 ) 
4 165 169 (6144 -1024 -2048 ) (6144 -1024 3072 ) (5120 -1024 3072 ) (5120 -1024 -2048 ) 
4 165 167 (5120 0 3072 ) (5120 0 -2048 ) (5120 -1024 -2048 ) (5120 -1024 3072 ) 
4 165 166 (6144 -1024 -2048 ) (5120 -1024 -2048 ) (5120 0 -2048 ) (6144 0 -2048 ) 
4 166 170 (6144 -1024 -2304 ) (6144 -1024 -2048 ) (5120 -1024 -2048 ) (5120 -1024 -2304 ) 
4 166 168 (5120 0 -2048 ) (5120 0 -2304 ) (5120 -1024 -2304 ) (5120 -1024 -2048 ) 
4 167 181 (4096 0 3072 ) (4096 0 -2048 ) (4096 -1024 -2048 ) (4096 -1024 3072 ) 
4 167 171 (5120 -1024 -2048 ) (5120 -1024 3072 ) (4096 -1024 3072 ) (4096 -1024 -2048 ) 
4 167 168 (4096 0 -2048 ) (5120 0 -2048 ) (5120 -1024 -2048 ) (4096 -1024 -2048 ) 
4 168 182 (4096 0 -2048 ) (4096 0 -2304 ) (4096 -1024 -2304 ) (4096 -1024 -2048 ) 
4 168 172 (5120 -1024 -2304 ) (5120 -1024 -2048 ) (4096 -1024 -2048 ) (4096 -1024 -2304 ) 
4 169 173 (6144 -2048 -2048 ) (6144 -2048 3072 ) (5120 -2048 3072 ) (5120 -2048 -2048 ) 
4 169 171 (5120 -1024 3072 ) (5120 -1024 -2048 ) (5120 -2048 -2048 ) (5120 -2048 3072 ) 
4 169 170 (6144 -2048 -2048 ) (5120 -2048 -2048 ) (5120 -1024 -2048 ) (6144 -1024 -2048 ) 
4 170 174 (6144 -2048 -2304 ) (6144 -2048 -2048 ) (5120 -2048 -2048 ) (5120 -2048 -2304 ) 
4 170 172 (5120 -1024 -2048 ) (5120 -1024 -2304 ) (5120 -2048 -2304 ) (5120 -2048 -2048 ) 
4 171 185 (4096 -2048 -2048 ) (4096 -2048 3072 ) (4096 -1024 3072 ) (4096 -1024 -2048 ) 
4 171 175 (5120 -2048 -2048 ) (5120 -2048 3072 ) (4096 -2048 3072 ) (4096 -2048 -2048 ) 
4 171 172 (5120 -1024 -2048 ) (5120 -2048 -2048 ) (4096 -2048 -2048 ) (4096 -1024 -2048 ) 
4 172 186 (4096 -2048 -2304 ) (4096 -2048 -2048 ) (4096 -1024 -2048 ) (4096 -1024 -2304 ) 
4 172 176 (5120 -2048 -2304 ) (5120 -2048 -2048 ) (4096 -2048 -2048 ) (4096 -2048 -2304 ) 
4 173 177 (6144 -3072 -2048 ) (6144 -3072 3072 ) (5120 -3072 3072 ) (5120 -3072 -2048 ) 
4 173 175 (5120 -2048 3072 ) (5120 -2048 -2048 ) (5120 -3072 -2048 ) (5120 -3072 3072 ) 
4 173 174 (6144 -3072 -2048 ) (5120 -3072 -2048 ) (5120 -2048 -2048 ) (6144 -2048 -2048 ) 
4 174 178 (6144 -3072 -2304 ) (6144 -3072 -2048 ) (5120 -3072 -2048 ) (5120 -3072 -2304 ) 
4 174 176 (5120 -2048 -2048 ) (5120 -2048 -2304 ) (5120 -3072 -2304 ) (5120 -3072 -2048 ) 
4 175 207 (4096 -3072 -2048 ) (4096 -3072 3072 ) (4096 -2048 3072 ) (4096 -2048 -2048 ) 
4 175 179 (5120 -3072 -2048 ) (5120 -3072 3072 ) (4096 -3072 3072 ) (4096 -3072 -2048 ) 
4 175 176 (5120 -2048 -2048 ) (5120 -3072 -2048 ) (4096 -3072 -2048 ) (4096 -2048 -2048 ) 
4 176 208 (4096 -3072 -2304 ) (4096 -3072 -2048 ) (4096 -2048 -2048 ) (4096 -2048 -2304 ) 
4 176 180 (5120 -3072 -2304 ) (5120 -3072 -2048 ) (4096 -3072 -2048 ) (4096 -3072 -2304 ) 
4 177 223 (6144 -4096 -2048 ) (6144 -4096 3072 ) (5120 -4096 3072 ) (5120 -4096 -2048 ) 
4 177 179 (5120 -3072 3072 ) (5120 -3072 -2048 ) (5120 -4096 -2048 ) (5120 -4096 3072 ) 
4 177 178 (6144 -4096 -2048 ) (5120 -4096 -2048 ) (5120 -3072 -2048 ) (6144 -3072 -2048 ) 
4 178 224 (6144 -4096 -2304 ) (6144 -4096 -2048 ) (5120 -4096 -2048 ) (5120 -4096 -2304 ) 
4 178 180 (5120 -3072 -2048 ) (5120 -3072 -2304 ) (5120 -4096 -2304 ) (5120 -4096 -2048 ) 
4 179 225 (5120 -4096 -2048 ) (5120 -4096 3072 ) (4096 -4096 3072 ) (4096 -4096 -2048 ) 
4 179 211 (4096 -4096 -2048 ) (4096 -4096 3072 ) (4096 -3072 3072 ) (4096 -3072 -2048 ) 
4 179 180 (5120 -3072 -2048 ) (5120 -4096 -2048 ) (4096 -4096 -2048 ) (4096 -3072 -2048 ) 
4 180 226 (5120 -4096 -2304 ) (5120 -4096 -2048 ) (4096 -4096 -2048 ) (4096 -4096 -2304 ) 
4 180 212 (4096 -4096 -2304 ) (4096 -4096 -2048 ) (4096 -3072 -2048 ) (4096 -3072 -2304 ) 
4 181 185 (4096 -1024 -2048 ) (4096 -1024 3072 ) (3072 -1024 3072 ) (3072 -1024 -2048 ) 
4 181 183 (3072 0 3072 ) (3072 0 -2048 ) (3072 -1024 -2048 ) (3072 -1024 3072 ) 
4 181 182 (4096 -1024 -2048 ) (3072 -1024 -2048 ) (3072 0 -2048 ) (4096 0 -2048 ) 
4 182 186 (4096 -1024 -2304 ) (4096 -1024 -2048 ) (3072 -1024 -2048 ) (3072 -1024 -2304 ) 
4 182 184 (3072 0 -2048 ) (3072 0 -2304 ) (3072 -1024 -2304 ) (3072 -1024 -2048 ) 
4 183 190 (2048 0 -128 ) (2048 0 -2048 ) (2048 -1024 -2048 ) (2048 -1024 -128 ) 
4 183 189 (2048 0 3072 ) (2048 0 -128 ) (2048 -1024 -128 ) (2048 -1024 3072 ) 
4 183 187 (3072 -1024 -2048 ) (3072 -1024 3072 ) (2048 -1024 3072 ) (2048 -1024 -2048 ) 
4 183 184 (2048 0 -2048 ) (3072 0 -2048 ) (3072 -1024 -2048 ) (2048 -1024 -2048 ) 
4 184 192 (2048 0 -2048 ) (2048 0 -2304 ) (2048 -1024 -2304 ) (2048 -1024 -2048 ) 
4 184 188 (3072 -1024 -2304 ) (3072 -1024 -2048 ) (2048 -1024 -2048 ) (2048 -1024 -2304 ) 
4 185 207 (4096 -2048 -2048 ) (4096 -2048 3072 ) (3072 -2048 3072 ) (3072 -2048 -2048 ) 
4 185 187 (3072 -1024 3072 ) (3072 -1024 -2048 ) (3072 -2048 -2048 ) (3072 -2048 3072 ) 
4 185 186 (4096 -2048 -2048 ) (3072 -2048 -2048 ) (3072 -1024 -2048 ) (4096 -1024 -2048 ) 
4 186 208 (4096 -2048 -2304 ) (4096 -2048 -2048 ) (3072 -2048 -2048 ) (3072 -2048 -2304 ) 
4 186 188 (3072 -1024 -2048 ) (3072 -1024 -2304 ) (3072 -2048 -2304 ) (3072 -2048 -2048 ) 
4 187 209 (3072 -2048 -2048 ) (3072 -2048 3072 ) (2048 -2048 3072 ) (2048 -2048 -2048 ) 
4 187 199 (2048 -2048 -2048 ) (2048 -2048 -128 ) (2048 -1024 -128 ) (2048 -1024 -2048 ) 
4 187 198 (2048 -2048 -128 ) (2048 -2048 3072 ) (2048 -1024 3072 ) (2048 -1024 -128 ) 
4 187 188 (3072 -1024 -2048 ) (3072 -2048 -2048 ) (2048 -2048 -2048 ) (2048 -1024 -2048 ) 
4 188 210 (3072 -2048 -2304 ) (3072 -2048 -2048 ) (2048 -2048 -2048 ) (2048 -2048 -2304 ) 
4 188 202 (2048 -2048 -2304 ) (2048 -2048 -2048 ) (2048 -1024 -2048 ) (2048 -1024 -2304 ) 
4 189 198 (2048 -1024 -128 ) (2048 -1024 3072 ) (1024 -1024 3072 ) (1024 -1024 -128 ) 
4 189 193 (1024 0 3072 ) (1024 0 -128 ) (1024 -1024 -128 ) (1024 -1024 3072 ) 
4 189 190 (1536 0 -128 ) (2048 0 -128 ) (2048 -1024 -128 ) (1536 -1024 -128 ) 
4 190 199 (2048 -1024 -2048 ) (2048 -1024 -128 ) (1536 -1024 -128 ) (1536 -1024 -2048 ) 
4 190 192 (2048 -1024 -2048 ) (1536 -1024 -2048 ) (1536 0 -2048 ) (2048 0 -2048 ) 
4 190 191 (1536 0 -2048 ) (1536 -1024 -2048 ) (1536 -1024 -256 ) (1536 0 -256 ) 
4 191 200 (1024 -1024 -256 ) (1024 -1024 -2048 ) (1536 -1024 -2048 ) (1536 -1024 -256 ) 
4 191 195 (1024 -896 -2048 ) (1024 -1024 -2048 ) (1024 -1024 -1152 ) (1024 -896 -1152 ) 
4 191 194 (1024 0 -256 ) (1024 0 -2048 ) (1024 -896 -2048 ) (1024 -896 -256 ) 
4 191 192 (1536 -1024 -2048 ) (1024 -1024 -2048 ) (1024 0 -2048 ) (1536 0 -2048 ) 
4 192 202 (2048 -1024 -2304 ) (2048 -1024 -2048 ) (1024 -1024 -2048 ) (1024 -1024 -2304 ) 
4 192 197 (1024 0 -2048 ) (1024 0 -2304 ) (1024 -1024 -2304 ) (1024 -1024 -2048 ) 
4 193 247 (0 0 3072 ) (0 0 -128 ) (0 -1024 -128 ) (0 -1024 3072 ) 
4 193 203 (1024 -1024 -128 ) (1024 -1024 3072 ) (0 -1024 3072 ) (0 -1024 -128 ) 
4 194 197 (896 0 -2048 ) (1024 0 -2048 ) (1024 -896 -2048 ) (896 -896 -2048 ) 
4 194 195 (896 -896 -1152 ) (896 -896 -2048 ) (1024 -896 -2048 ) (1024 -896 -1152 ) 
4 194 196 (896 0 -2048 ) (896 -896 -2048 ) (896 -896 -256 ) (896 0 -256 ) 
4 195 204 (1024 -1024 -2048 ) (1024 -1024 -1152 ) (896 -1024 -1152 ) (896 -1024 -2048 ) 
4 195 197 (1024 -896 -2048 ) (1024 -1024 -2048 ) (896 -1024 -2048 ) (896 -896 -2048 ) 
4 195 196 (896 -896 -2048 ) (896 -1024 -2048 ) (896 -1024 -1152 ) (896 -896 -1152 ) 
4 196 248 (0 0 -256 ) (0 0 -2048 ) (0 -1024 -2048 ) (0 -1024 -256 ) 
4 196 204 (896 -1024 -256 ) (0 -1024 -256 ) (0 -1024 -2048 ) (896 -1024 -2048 ) 
4 196 197 (0 0 -2048 ) (896 0 -2048 ) (896 -1024 -2048 ) (0 -1024 -2048 ) 
4 197 251 (0 0 -2048 ) (0 0 -2304 ) (0 -1024 -2304 ) (0 -1024 -2048 ) 
4 197 206 (1024 -1024 -2304 ) (1024 -1024 -2048 ) (0 -1024 -2048 ) (0 -1024 -2304 ) 
4 198 215 (2048 -2048 -128 ) (2048 -2048 3072 ) (1024 -2048 3072 ) (1024 -2048 -128 ) 
4 198 203 (1024 -1024 3072 ) (1024 -1024 -128 ) (1024 -2048 -128 ) (1024 -2048 3072 ) 
4 198 201 (1536 -2048 -128 ) (1024 -2048 -128 ) (1024 -1536 -128 ) (1536 -1536 -128 ) 
4 198 199 (2048 -2048 -128 ) (1536 -2048 -128 ) (1536 -1024 -128 ) (2048 -1024 -128 ) 
4 199 215 (2048 -2048 -2048 ) (2048 -2048 -128 ) (1536 -2048 -128 ) (1536 -2048 -2048 ) 
4 199 202 (1536 -1024 -2048 ) (2048 -1024 -2048 ) (2048 -2048 -2048 ) (1536 -2048 -2048 ) 
4 199 200 (1536 -1024 -2048 ) (1536 -1536 -2048 ) (1536 -1536 -256 ) (1536 -1024 -256 ) 
4 199 201 (1536 -1536 -2048 ) (1536 -2048 -2048 ) (1536 -2048 -128 ) (1536 -1536 -128 ) 
4 200 204 (1024 -1024 -256 ) (1024 -1024 -2048 ) (1024 -1536 -2048 ) (1024 -1536 -256 ) 
4 200 202 (1024 -1024 -2048 ) (1536 -1024 -2048 ) (1536 -1536 -2048 ) (1024 -1536 -2048 ) 
4 200 201 (1024 -1536 -2048 ) (1536 -1536 -2048 ) (1536 -1536 -256 ) (1024 -1536 -256 ) 
4 201 215 (1536 -2048 -128 ) (1024 -2048 -128 ) (1024 -2048 -2048 ) (1536 -2048 -2048 ) 
4 201 205 (1024 -1536 -2048 ) (1024 -2048 -2048 ) (1024 -2048 -128 ) (1024 -1536 -128 ) 
4 201 202 (1536 -1536 -2048 ) (1536 -2048 -2048 ) (1024 -2048 -2048 ) (1024 -1536 -2048 ) 
4 202 216 (2048 -2048 -2304 ) (2048 -2048 -2048 ) (1024 -2048 -2048 ) (1024 -2048 -2304 ) 
4 202 206 (1024 -1024 -2048 ) (1024 -1024 -2304 ) (1024 -2048 -2304 ) (1024 -2048 -2048 ) 
4 203 256 (0 -2048 -128 ) (0 -2048 3072 ) (0 -1024 3072 ) (0 -1024 -128 ) 
4 203 217 (1024 -2048 -128 ) (1024 -2048 3072 ) (0 -2048 3072 ) (0 -2048 -128 ) 
4 203 205 (1024 -2048 -128 ) (0 -2048 -128 ) (0 -1536 -128 ) (1024 -1536 -128 ) 
4 204 257 (0 -1024 -256 ) (0 -1024 -2048 ) (0 -1536 -2048 ) (0 -1536 -256 ) 
4 204 206 (1024 -1024 -2048 ) (1024 -1536 -2048 ) (0 -1536 -2048 ) (0 -1024 -2048 ) 
4 204 205 (0 -1536 -2048 ) (1024 -1536 -2048 ) (1024 -1536 -256 ) (0 -1536 -256 ) 
4 205 258 (0 -2048 -2048 ) (0 -2048 -128 ) (0 -1536 -128 ) (0 -1536 -2048 ) 
4 205 217 (1024 -2048 -2048 ) (1024 -2048 -128 ) (0 -2048 -128 ) (0 -2048 -2048 ) 
4 205 206 (1024 -1536 -2048 ) (1024 -2048 -2048 ) (0 -2048 -2048 ) (0 -1536 -2048 ) 
4 206 259 (0 -2048 -2304 ) (0 -2048 -2048 ) (0 -1024 -2048 ) (0 -1024 -2304 ) 
4 206 218 (1024 -2048 -2304 ) (1024 -2048 -2048 ) (0 -2048 -2048 ) (0 -2048 -2304 ) 
4 207 211 (4096 -3072 -2048 ) (4096 -3072 3072 ) (3072 -3072 3072 ) (3072 -3072 -2048 ) 
4 207 209 (3072 -2048 3072 ) (3072 -2048 -2048 ) (3072 -3072 -2048 ) (3072 -3072 3072 ) 
4 207 208 (4096 -3072 -2048 ) (3072 -3072 -2048 ) (3072 -2048 -2048 ) (4096 -2048 -2048 ) 
4 208 212 (4096 -3072 -2304 ) (4096 -3072 -2048 ) (3072 -3072 -2048 ) (3072 -3072 -2304 ) 
4 208 210 (3072 -2048 -2048 ) (3072 -2048 -2304 ) (3072 -3072 -2304 ) (3072 -3072 -2048 ) 
4 209 215 (2048 -2048 3072 ) (2048 -2048 -2048 ) (2048 -3072 -2048 ) (2048 -3072 3072 ) 
4 209 213 (3072 -3072 -2048 ) (3072 -3072 3072 ) (2048 -3072 3072 ) (2048 -3072 -2048 ) 
4 209 210 (2048 -2048 -2048 ) (3072 -2048 -2048 ) (3072 -3072 -2048 ) (2048 -3072 -2048 ) 
4 210 216 (2048 -2048 -2048 ) (2048 -2048 -2304 ) (2048 -3072 -2304 ) (2048 -3072 -2048 ) 
4 210 214 (3072 -3072 -2304 ) (3072 -3072 -2048 ) (2048 -3072 -2048 ) (2048 -3072 -2304 ) 
4 211 231 (4096 -4096 -2048 ) (4096 -4096 3072 ) (3072 -4096 3072 ) (3072 -4096 -2048 ) 
4 211 213 (3072 -3072 3072 ) (3072 -3072 -2048 ) (3072 -4096 -2048 ) (3072 -4096 3072 ) 
4 211 212 (3072 -3072 -2048 ) (4096 -3072 -2048 ) (4096 -4096 -2048 ) (3072 -4096 -2048 ) 
4 212 232 (4096 -4096 -2304 ) (4096 -4096 -2048 ) (3072 -4096 -2048 ) (3072 -4096 -2304 ) 
4 212 214 (3072 -3072 -2048 ) (3072 -3072 -2304 ) (3072 -4096 -2304 ) (3072 -4096 -2048 ) 
4 213 233 (3072 -4096 -2048 ) (3072 -4096 3072 ) (2048 -4096 3072 ) (2048 -4096 -2048 ) 
4 213 219 (2048 -4096 -2048 ) (2048 -4096 3072 ) (2048 -3072 3072 ) (2048 -3072 -2048 ) 
4 213 214 (3072 -3072 -2048 ) (3072 -4096 -2048 ) (2048 -4096 -2048 ) (2048 -3072 -2048 ) 
4 214 234 (3072 -4096 -2304 ) (3072 -4096 -2048 ) (2048 -4096 -2048 ) (2048 -4096 -2304 ) 
4 214 220 (2048 -4096 -2304 ) (2048 -4096 -2048 ) (2048 -3072 -2048 ) (2048 -3072 -2304 ) 
4 215 219 (2048 -3072 -2048 ) (2048 -3072 3072 ) (1024 -3072 3072 ) (1024 -3072 -2048 ) 
4 215 217 (1024 -2048 3072 ) (1024 -2048 -2048 ) (1024 -3072 -2048 ) (1024 -3072 3072 ) 
4 215 216 (2048 -3072 -2048 ) (1024 -3072 -2048 ) (1024 -2048 -2048 ) (2048 -2048 -2048 ) 
4 216 220 (2048 -3072 -2304 ) (2048 -3072 -2048 ) (1024 -3072 -2048 ) (1024 -3072 -2304 ) 
4 216 218 (1024 -2048 -2048 ) (1024 -2048 -2304 ) (1024 -3072 -2304 ) (1024 -3072 -2048 ) 
4 217 273 (0 -3072 -2048 ) (0 -3072 3072 ) (0 -2048 3072 ) (0 -2048 -2048 ) 
4 217 221 (1024 -3072 -2048 ) (1024 -3072 3072 ) (0 -3072 3072 ) (0 -3072 -2048 ) 
4 217 218 (1024 -2048 -2048 ) (1024 -3072 -2048 ) (0 -3072 -2048 ) (0 -2048 -2048 ) 
4 218 274 (0 -3072 -2304 ) (0 -3072 -2048 ) (0 -2048 -2048 ) (0 -2048 -2304 ) 
4 218 222 (1024 -3072 -2304 ) (1024 -3072 -2048 ) (0 -3072 -2048 ) (0 -3072 -2304 ) 
4 219 239 (2048 -4096 -2048 ) (2048 -4096 3072 ) (1024 -4096 3072 ) (1024 -4096 -2048 ) 
4 219 221 (1024 -3072 3072 ) (1024 -3072 -2048 ) (1024 -4096 -2048 ) (1024 -4096 3072 ) 
4 219 220 (1024 -3072 -2048 ) (2048 -3072 -2048 ) (2048 -4096 -2048 ) (1024 -4096 -2048 ) 
4 220 240 (2048 -4096 -2304 ) (2048 -4096 -2048 ) (1024 -4096 -2048 ) (1024 -4096 -2304 ) 
4 220 222 (1024 -3072 -2048 ) (1024 -3072 -2304 ) (1024 -4096 -2304 ) (1024 -4096 -2048 ) 
4 221 277 (0 -4096 -2048 ) (0 -4096 3072 ) (0 -3072 3072 ) (0 -3072 -2048 ) 
4 221 241 (1024 -4096 -2048 ) (1024 -4096 3072 ) (0 -4096 3072 ) (0 -4096 -2048 ) 
4 221 222 (1024 -3072 -2048 ) (1024 -4096 -2048 ) (0 -4096 -2048 ) (0 -3072 -2048 ) 
4 222 278 (0 -4096 -2304 ) (0 -4096 -2048 ) (0 -3072 -2048 ) (0 -3072 -2304 ) 
4 222 242 (1024 -4096 -2304 ) (1024 -4096 -2048 ) (0 -4096 -2048 ) (0 -4096 -2304 ) 
4 223 227 (6144 -5120 -2048 ) (6144 -5120 3072 ) (5120 -5120 3072 ) (5120 -5120 -2048 ) 
4 223 225 (5120 -4096 3072 ) (5120 -4096 -2048 ) (5120 -5120 -2048 ) (5120 -5120 3072 ) 
4 223 224 (6144 -5120 -2048 ) (5120 -5120 -2048 ) (5120 -4096 -2048 ) (6144 -4096 -2048 ) 
4 224 228 (6144 -5120 -2304 ) (6144 -5120 -2048 ) (5120 -5120 -2048 ) (5120 -5120 -2304 ) 
4 224 226 (5120 -4096 -2048 ) (5120 -4096 -2304 ) (5120 -5120 -2304 ) (5120 -5120 -2048 ) 
4 225 231 (4096 -4096 3072 ) (4096 -4096 -2048 ) (4096 -5120 -2048 ) (4096 -5120 3072 ) 
4 225 229 (5120 -5120 -2048 ) (5120 -5120 3072 ) (4096 -5120 3072 ) (4096 -5120 -2048 ) 
4 225 226 (4096 -4096 -2048 ) (5120 -4096 -2048 ) (5120 -5120 -2048 ) (4096 -5120 -2048 ) 
4 226 232 (4096 -4096 -2048 ) (4096 -4096 -2304 ) (4096 -5120 -2304 ) (4096 -5120 -2048 ) 
4 226 230 (5120 -5120 -2304 ) (5120 -5120 -2048 ) (4096 -5120 -2048 ) (4096 -5120 -2304 ) 
4 227 229 (5120 -5120 3072 ) (5120 -5120 -2048 ) (5120 -6144 -2048 ) (5120 -6144 3072 ) 
4 227 228 (6144 -6144 -2048 ) (5120 -6144 -2048 ) (5120 -5120 -2048 ) (6144 -5120 -2048 ) 
4 228 230 (5120 -5120 -2048 ) (5120 -5120 -2304 ) (5120 -6144 -2304 ) (5120 -6144 -2048 ) 
4 229 235 (4096 -6144 -2048 ) (4096 -6144 3072 ) (4096 -5120 3072 ) (4096 -5120 -2048 ) 
4 229 230 (5120 -5120 -2048 ) (5120 -6144 -2048 ) (4096 -6144 -2048 ) (4096 -5120 -2048 ) 
4 230 236 (4096 -6144 -2304 ) (4096 -6144 -2048 ) (4096 -5120 -2048 ) (4096 -5120 -2304 ) 
4 231 235 (4096 -5120 -2048 ) (4096 -5120 3072 ) (3072 -5120 3072 ) (3072 -5120 -2048 ) 
4 231 233 (3072 -4096 3072 ) (3072 -4096 -2048 ) (3072 -5120 -2048 ) (3072 -5120 3072 ) 
4 231 232 (4096 -5120 -2048 ) (3072 -5120 -2048 ) (3072 -4096 -2048 ) (4096 -4096 -2048 ) 
4 232 236 (4096 -5120 -2304 ) (4096 -5120 -2048 ) (3072 -5120 -2048 ) (3072 -5120 -2304 ) 
4 232 234 (3072 -4096 -2048 ) (3072 -4096 -2304 ) (3072 -5120 -2304 ) (3072 -5120 -2048 ) 
4 233 239 (2048 -4096 3072 ) (2048 -4096 -2048 ) (2048 -5120 -2048 ) (2048 -5120 3072 ) 
4 233 237 (3072 -5120 -2048 ) (3072 -5120 3072 ) (2048 -5120 3072 ) (2048 -5120 -2048 ) 
4 233 234 (2048 -4096 -2048 ) (3072 -4096 -2048 ) (3072 -5120 -2048 ) (2048 -5120 -2048 ) 
4 234 240 (2048 -4096 -2048 ) (2048 -4096 -2304 ) (2048 -5120 -2304 ) (2048 -5120 -2048 ) 
4 234 238 (3072 -5120 -2304 ) (3072 -5120 -2048 ) (2048 -5120 -2048 ) (2048 -5120 -2304 ) 
4 235 237 (3072 -5120 3072 ) (3072 -5120 -2048 ) (3072 -6144 -2048 ) (3072 -6144 3072 ) 
4 235 236 (4096 -6144 -2048 ) (3072 -6144 -2048 ) (3072 -5120 -2048 ) (4096 -5120 -2048 ) 
4 236 238 (3072 -5120 -2048 ) (3072 -5120 -2304 ) (3072 -6144 -2304 ) (3072 -6144 -2048 ) 
4 237 243 (2048 -6144 -2048 ) (2048 -6144 3072 ) (2048 -5120 3072 ) (2048 -5120 -2048 ) 
4 237 238 (3072 -5120 -2048 ) (3072 -6144 -2048 ) (2048 -6144 -2048 ) (2048 -5120 -2048 ) 
4 238 244 (2048 -6144 -2304 ) (2048 -6144 -2048 ) (2048 -5120 -2048 ) (2048 -5120 -2304 ) 
4 239 243 (2048 -5120 -2048 ) (2048 -5120 3072 ) (1024 -5120 3072 ) (1024 -5120 -2048 ) 
4 239 241 (1024 -4096 3072 ) (1024 -4096 -2048 ) (1024 -5120 -2048 ) (1024 -5120 3072 ) 
4 239 240 (2048 -5120 -2048 ) (1024 -5120 -2048 ) (1024 -4096 -2048 ) (2048 -4096 -2048 ) 
4 240 244 (2048 -5120 -2304 ) (2048 -5120 -2048 ) (1024 -5120 -2048 ) (1024 -5120 -2304 ) 
4 240 242 (1024 -4096 -2048 ) (1024 -4096 -2304 ) (1024 -5120 -2304 ) (1024 -5120 -2048 ) 
4 241 305 (0 -5120 -2048 ) (0 -5120 3072 ) (0 -4096 3072 ) (0 -4096 -2048 ) 
4 241 245 (1024 -5120 -2048 ) (1024 -5120 3072 ) (0 -5120 3072 ) (0 -5120 -2048 ) 
4 241 242 (1024 -4096 -2048 ) (1024 -5120 -2048 ) (0 -5120 -2048 ) (0 -4096 -2048 ) 
4 242 306 (0 -5120 -2304 ) (0 -5120 -2048 ) (0 -4096 -2048 ) (0 -4096 -2304 ) 
4 242 246 (1024 -5120 -2304 ) (1024 -5120 -2048 ) (0 -5120 -2048 ) (0 -5120 -2304 ) 
4 243 245 (1024 -5120 3072 ) (1024 -5120 -2048 ) (1024 -6144 -2048 ) (1024 -6144 3072 ) 
4 243 244 (1024 -5120 -2048 ) (2048 -5120 -2048 ) (2048 -6144 -2048 ) (1024 -6144 -2048 ) 
4 244 246 (1024 -5120 -2048 ) (1024 -5120 -2304 ) (1024 -6144 -2304 ) (1024 -6144 -2048 ) 
4 245 309 (0 -6144 -2048 ) (0 -6144 3072 ) (0 -5120 3072 ) (0 -5120 -2048 ) 
4 245 246 (1024 -5120 -2048 ) (1024 -6144 -2048 ) (0 -6144 -2048 ) (0 -5120 -2048 ) 
4 246 310 (0 -6144 -2304 ) (0 -6144 -2048 ) (0 -5120 -2048 ) (0 -5120 -2304 ) 
4 247 256 (0 -1024 -128 ) (0 -1024 3072 ) (-1024 -1024 3072 ) (-1024 -1024 -128 ) 
4 247 252 (-1024 0 3072 ) (-1024 0 -128 ) (-1024 -1024 -128 ) (-1024 -1024 3072 ) 
4 248 257 (0 -1024 -2048 ) (0 -1024 -256 ) (-896 -1024 -256 ) (-896 -1024 -2048 ) 
4 248 251 (0 -1024 -2048 ) (-896 -1024 -2048 ) (-896 0 -2048 ) (0 0 -2048 ) 
4 248 250 (-896 -896 -2048 ) (-896 -1024 -2048 ) (-896 -1024 -1152 ) (-896 -896 -1152 ) 
4 248 249 (-896 0 -2048 ) (-896 -896 -2048 ) (-896 -896 -256 ) (-896 0 -256 ) 
4 249 253 (-1024 0 -256 ) (-1024 0 -2048 ) (-1024 -896 -2048 ) (-1024 -896 -256 ) 
4 249 251 (-1024 -896 -2048 ) (-1024 0 -2048 ) (-896 0 -2048 ) (-896 -896 -2048 ) 
4 249 250 (-1024 -896 -2048 ) (-896 -896 -2048 ) (-896 -896 -1152 ) (-1024 -896 -1152 ) 
4 250 257 (-1024 -1024 -1152 ) (-1024 -1024 -2048 ) (-896 -1024 -2048 ) (-896 -1024 -1152 ) 
4 250 253 (-1024 -896 -2048 ) (-1024 -1024 -2048 ) (-1024 -1024 -1152 ) (-1024 -896 -1152 ) 
4 250 251 (-896 -1024 -2048 ) (-1024 -1024 -2048 ) (-1024 -896 -2048 ) (-896 -896 -2048 ) 
4 251 259 (0 -1024 -2304 ) (0 -1024 -2048 ) (-1024 -1024 -2048 ) (-1024 -1024 -2304 ) 
4 251 255 (-1024 0 -2048 ) (-1024 0 -2304 ) (-1024 -1024 -2304 ) (-1024 -1024 -2048 ) 
4 252 265 (-2048 0 3072 ) (-2048 0 -128 ) (-2048 -1024 -128 ) (-2048 -1024 3072 ) 
4 252 260 (-1024 -1024 -128 ) (-1024 -1024 3072 ) (-2048 -1024 3072 ) (-2048 -1024 -128 ) 
4 252 254 (-1536 -1024 -128 ) (-2048 -1024 -128 ) (-2048 0 -128 ) (-1536 0 -128 ) 
4 253 261 (-1024 -1024 -2048 ) (-1024 -1024 -256 ) (-1536 -1024 -256 ) (-1536 -1024 -2048 ) 
4 253 255 (-1536 0 -2048 ) (-1024 0 -2048 ) (-1024 -1024 -2048 ) (-1536 -1024 -2048 ) 
4 253 254 (-1536 0 -2048 ) (-1536 -1024 -2048 ) (-1536 -1024 -256 ) (-1536 0 -256 ) 
4 254 265 (-2048 0 -128 ) (-2048 0 -2048 ) (-2048 -1024 -2048 ) (-2048 -1024 -128 ) 
4 254 263 (-1536 -1024 -128 ) (-2048 -1024 -128 ) (-2048 -1024 -2048 ) (-1536 -1024 -2048 ) 
4 254 255 (-2048 0 -2048 ) (-1536 0 -2048 ) (-1536 -1024 -2048 ) (-2048 -1024 -2048 ) 
4 255 266 (-2048 0 -2048 ) (-2048 0 -2304 ) (-2048 -1024 -2304 ) (-2048 -1024 -2048 ) 
4 255 264 (-1024 -1024 -2304 ) (-1024 -1024 -2048 ) (-2048 -1024 -2048 ) (-2048 -1024 -2304 ) 
4 256 273 (0 -2048 -128 ) (0 -2048 3072 ) (-1024 -2048 3072 ) (-1024 -2048 -128 ) 
4 256 260 (-1024 -1024 3072 ) (-1024 -1024 -128 ) (-1024 -2048 -128 ) (-1024 -2048 3072 ) 
4 256 258 (-1024 -2048 -128 ) (-1024 -1536 -128 ) (0 -1536 -128 ) (0 -2048 -128 ) 
4 257 261 (-1024 -1024 -256 ) (-1024 -1024 -2048 ) (-1024 -1536 -2048 ) (-1024 -1536 -256 ) 
4 257 259 (-1024 -1536 -2048 ) (-1024 -1024 -2048 ) (0 -1024 -2048 ) (0 -1536 -2048 ) 
4 257 258 (-1024 -1536 -2048 ) (0 -1536 -2048 ) (0 -1536 -256 ) (-1024 -1536 -256 ) 
4 258 273 (0 -2048 -2048 ) (0 -2048 -128 ) (-1024 -2048 -128 ) (-1024 -2048 -2048 ) 
4 258 262 (-1024 -1536 -2048 ) (-1024 -2048 -2048 ) (-1024 -2048 -128 ) (-1024 -1536 -128 ) 
4 258 259 (0 -2048 -2048 ) (-1024 -2048 -2048 ) (-1024 -1536 -2048 ) (0 -1536 -2048 ) 
4 259 274 (0 -2048 -2304 ) (0 -2048 -2048 ) (-1024 -2048 -2048 ) (-1024 -2048 -2304 ) 
4 259 264 (-1024 -1024 -2048 ) (-1024 -1024 -2304 ) (-1024 -2048 -2304 ) (-1024 -2048 -2048 ) 
4 260 275 (-1024 -2048 -128 ) (-1024 -2048 3072 ) (-2048 -2048 3072 ) (-2048 -2048 -128 ) 
4 260 269 (-2048 -2048 -128 ) (-2048 -2048 3072 ) (-2048 -1024 3072 ) (-2048 -1024 -128 ) 
4 260 262 (-1024 -2048 -128 ) (-1536 -2048 -128 ) (-1536 -1536 -128 ) (-1024 -1536 -128 ) 
4 260 263 (-1536 -2048 -128 ) (-2048 -2048 -128 ) (-2048 -1024 -128 ) (-1536 -1024 -128 ) 
4 261 264 (-1024 -1024 -2048 ) (-1024 -1536 -2048 ) (-1536 -1536 -2048 ) (-1536 -1024 -2048 ) 
4 261 262 (-1536 -1536 -256 ) (-1536 -1536 -2048 ) (-1024 -1536 -2048 ) (-1024 -1536 -256 ) 
4 261 263 (-1536 -1024 -2048 ) (-1536 -1536 -2048 ) (-1536 -1536 -256 ) (-1536 -1024 -256 ) 
4 262 275 (-1024 -2048 -2048 ) (-1024 -2048 -128 ) (-1536 -2048 -128 ) (-1536 -2048 -2048 ) 
4 262 264 (-1024 -1536 -2048 ) (-1024 -2048 -2048 ) (-1536 -2048 -2048 ) (-1536 -1536 -2048 ) 
4 262 263 (-1536 -1536 -2048 ) (-1536 -2048 -2048 ) (-1536 -2048 -128 ) (-1536 -1536 -128 ) 
4 263 275 (-1536 -2048 -128 ) (-2048 -2048 -128 ) (-2048 -2048 -2048 ) (-1536 -2048 -2048 ) 
4 263 269 (-2048 -2048 -2048 ) (-2048 -2048 -128 ) (-2048 -1024 -128 ) (-2048 -1024 -2048 ) 
4 263 264 (-1536 -2048 -2048 ) (-2048 -2048 -2048 ) (-2048 -1024 -2048 ) (-1536 -1024 -2048 ) 
4 264 276 (-1024 -2048 -2304 ) (-1024 -2048 -2048 ) (-2048 -2048 -2048 ) (-2048 -2048 -2304 ) 
4 264 270 (-2048 -2048 -2304 ) (-2048 -2048 -2048 ) (-2048 -1024 -2048 ) (-2048 -1024 -2304 ) 
4 265 269 (-2048 -1024 -2048 ) (-2048 -1024 3072 ) (-3072 -1024 3072 ) (-3072 -1024 -2048 ) 
4 265 267 (-3072 0 3072 ) (-3072 0 -2048 ) (-3072 -1024 -2048 ) (-3072 -1024 3072 ) 
4 265 266 (-2048 -1024 -2048 ) (-3072 -1024 -2048 ) (-3072 0 -2048 ) (-2048 0 -2048 ) 
4 266 270 (-2048 -1024 -2304 ) (-2048 -1024 -2048 ) (-3072 -1024 -2048 ) (-3072 -1024 -2304 ) 
4 266 268 (-3072 0 -2048 ) (-3072 0 -2304 ) (-3072 -1024 -2304 ) (-3072 -1024 -2048 ) 
4 267 289 (-4096 0 3072 ) (-4096 0 -2048 ) (-4096 -1024 -2048 ) (-4096 -1024 3072 ) 
4 267 271 (-3072 -1024 -2048 ) (-3072 -1024 3072 ) (-4096 -1024 3072 ) (-4096 -1024 -2048 ) 
4 267 268 (-4096 0 -2048 ) (-3072 0 -2048 ) (-3072 -1024 -2048 ) (-4096 -1024 -2048 ) 
4 268 290 (-4096 0 -2048 ) (-4096 0 -2304 ) (-4096 -1024 -2304 ) (-4096 -1024 -2048 ) 
4 268 272 (-3072 -1024 -2304 ) (-3072 -1024 -2048 ) (-4096 -1024 -2048 ) (-4096 -1024 -2304 ) 
4 269 281 (-2048 -2048 -2048 ) (-2048 -2048 3072 ) (-3072 -2048 3072 ) (-3072 -2048 -2048 ) 
4 269 271 (-3072 -1024 3072 ) (-3072 -1024 -2048 ) (-3072 -2048 -2048 ) (-3072 -2048 3072 ) 
4 269 270 (-3072 -1024 -2048 ) (-2048 -1024 -2048 ) (-2048 -2048 -2048 ) (-3072 -2048 -2048 ) 
4 270 282 (-2048 -2048 -2304 ) (-2048 -2048 -2048 ) (-3072 -2048 -2048 ) (-3072 -2048 -2304 ) 
4 270 272 (-3072 -1024 -2048 ) (-3072 -1024 -2304 ) (-3072 -2048 -2304 ) (-3072 -2048 -2048 ) 
4 271 293 (-4096 -2048 -2048 ) (-4096 -2048 3072 ) (-4096 -1024 3072 ) (-4096 -1024 -2048 ) 
4 271 283 (-3072 -2048 -2048 ) (-3072 -2048 3072 ) (-4096 -2048 3072 ) (-4096 -2048 -2048 ) 
4 271 272 (-3072 -1024 -2048 ) (-3072 -2048 -2048 ) (-4096 -2048 -2048 ) (-4096 -1024 -2048 ) 
4 272 294 (-4096 -2048 -2304 ) (-4096 -2048 -2048 ) (-4096 -1024 -2048 ) (-4096 -1024 -2304 ) 
4 272 284 (-3072 -2048 -2304 ) (-3072 -2048 -2048 ) (-4096 -2048 -2048 ) (-4096 -2048 -2304 ) 
4 273 277 (0 -3072 -2048 ) (0 -3072 3072 ) (-1024 -3072 3072 ) (-1024 -3072 -2048 ) 
4 273 275 (-1024 -2048 3072 ) (-1024 -2048 -2048 ) (-1024 -3072 -2048 ) (-1024 -3072 3072 ) 
4 273 274 (0 -3072 -2048 ) (-1024 -3072 -2048 ) (-1024 -2048 -2048 ) (0 -2048 -2048 ) 
4 274 278 (0 -3072 -2304 ) (0 -3072 -2048 ) (-1024 -3072 -2048 ) (-1024 -3072 -2304 ) 
4 274 276 (-1024 -2048 -2048 ) (-1024 -2048 -2304 ) (-1024 -3072 -2304 ) (-1024 -3072 -2048 ) 
4 275 281 (-2048 -2048 3072 ) (-2048 -2048 -2048 ) (-2048 -3072 -2048 ) (-2048 -3072 3072 ) 
4 275 279 (-1024 -3072 -2048 ) (-1024 -3072 3072 ) (-2048 -3072 3072 ) (-2048 -3072 -2048 ) 
4 275 276 (-2048 -2048 -2048 ) (-1024 -2048 -2048 ) (-1024 -3072 -2048 ) (-2048 -3072 -2048 ) 
4 276 282 (-2048 -2048 -2048 ) (-2048 -2048 -2304 ) (-2048 -3072 -2304 ) (-2048 -3072 -2048 ) 
4 276 280 (-1024 -3072 -2304 ) (-1024 -3072 -2048 ) (-2048 -3072 -2048 ) (-2048 -3072 -2304 ) 
4 277 305 (0 -4096 -2048 ) (0 -4096 3072 ) (-1024 -4096 3072 ) (-1024 -4096 -2048 ) 
4 277 279 (-1024 -3072 3072 ) (-1024 -3072 -2048 ) (-1024 -4096 -2048 ) (-1024 -4096 3072 ) 
4 277 278 (0 -4096 -2048 ) (-1024 -4096 -2048 ) (-1024 -3072 -2048 ) (0 -3072 -2048 ) 
4 278 306 (0 -4096 -2304 ) (0 -4096 -2048 ) (-1024 -4096 -2048 ) (-1024 -4096 -2304 ) 
4 278 280 (-1024 -3072 -2048 ) (-1024 -3072 -2304 ) (-1024 -4096 -2304 ) (-1024 -4096 -2048 ) 
4 279 307 (-1024 -4096 -2048 ) (-1024 -4096 3072 ) (-2048 -4096 3072 ) (-2048 -4096 -2048 ) 
4 279 285 (-2048 -4096 -2048 ) (-2048 -4096 3072 ) (-2048 -3072 3072 ) (-2048 -3072 -2048 ) 
4 279 280 (-1024 -3072 -2048 ) (-1024 -4096 -2048 ) (-2048 -4096 -2048 ) (-2048 -3072 -2048 ) 
4 280 308 (-1024 -4096 -2304 ) (-1024 -4096 -2048 ) (-2048 -4096 -2048 ) (-2048 -4096 -2304 ) 
4 280 286 (-2048 -4096 -2304 ) (-2048 -4096 -2048 ) (-2048 -3072 -2048 ) (-2048 -3072 -2304 ) 
4 281 285 (-2048 -3072 -2048 ) (-2048 -3072 3072 ) (-3072 -3072 3072 ) (-3072 -3072 -2048 ) 
4 281 283 (-3072 -2048 3072 ) (-3072 -2048 -2048 ) (-3072 -3072 -2048 ) (-3072 -3072 3072 ) 
4 281 282 (-2048 -3072 -2048 ) (-3072 -3072 -2048 ) (-3072 -2048 -2048 ) (-2048 -2048 -2048 ) 
4 282 286 (-2048 -3072 -2304 ) (-2048 -3072 -2048 ) (-3072 -3072 -2048 ) (-3072 -3072 -2304 ) 
4 282 284 (-3072 -2048 -2048 ) (-3072 -2048 -2304 ) (-3072 -3072 -2304 ) (-3072 -3072 -2048 ) 
4 283 297 (-4096 -3072 -2048 ) (-4096 -3072 3072 ) (-4096 -2048 3072 ) (-4096 -2048 -2048 ) 
4 283 287 (-3072 -3072 -2048 ) (-3072 -3072 3072 ) (-4096 -3072 3072 ) (-4096 -3072 -2048 ) 
4 283 284 (-3072 -2048 -2048 ) (-3072 -3072 -2048 ) (-4096 -3072 -2048 ) (-4096 -2048 -2048 ) 
4 284 298 (-4096 -3072 -2304 ) (-4096 -3072 -2048 ) (-4096 -2048 -2048 ) (-4096 -2048 -2304 ) 
4 284 288 (-3072 -3072 -2304 ) (-3072 -3072 -2048 ) (-4096 -3072 -2048 ) (-4096 -3072 -2304 ) 
4 285 313 (-2048 -4096 -2048 ) (-2048 -4096 3072 ) (-3072 -4096 3072 ) (-3072 -4096 -2048 ) 
4 285 287 (-3072 -3072 3072 ) (-3072 -3072 -2048 ) (-3072 -4096 -2048 ) (-3072 -4096 3072 ) 
4 285 286 (-3072 -3072 -2048 ) (-2048 -3072 -2048 ) (-2048 -4096 -2048 ) (-3072 -4096 -2048 ) 
4 286 314 (-2048 -4096 -2304 ) (-2048 -4096 -2048 ) (-3072 -4096 -2048 ) (-3072 -4096 -2304 ) 
4 286 288 (-3072 -3072 -2048 ) (-3072 -3072 -2304 ) (-3072 -4096 -2304 ) (-3072 -4096 -2048 ) 
4 287 315 (-3072 -4096 -2048 ) (-3072 -4096 3072 ) (-4096 -4096 3072 ) (-4096 -4096 -2048 ) 
4 287 301 (-4096 -4096 -2048 ) (-4096 -4096 3072 ) (-4096 -3072 3072 ) (-4096 -3072 -2048 ) 
4 287 288 (-3072 -3072 -2048 ) (-3072 -4096 -2048 ) (-4096 -4096 -2048 ) (-4096 -3072 -2048 ) 
4 288 316 (-3072 -4096 -2304 ) (-3072 -4096 -2048 ) (-4096 -4096 -2048 ) (-4096 -4096 -2304 ) 
4 288 302 (-4096 -4096 -2304 ) (-4096 -4096 -2048 ) (-4096 -3072 -2048 ) (-4096 -3072 -2304 ) 
4 289 293 (-4096 -1024 -2048 ) (-4096 -1024 3072 ) (-5120 -1024 3072 ) (-5120 -1024 -2048 ) 
4 289 291 (-5120 0 3072 ) (-5120 0 -2048 ) (-5120 -1024 -2048 ) (-5120 -1024 3072 ) 
4 289 290 (-4096 -1024 -2048 ) (-5120 -1024 -2048 ) (-5120 0 -2048 ) (-4096 0 -2048 ) 
4 290 294 (-4096 -1024 -2304 ) (-4096 -1024 -2048 ) (-5120 -1024 -2048 ) (-5120 -1024 -2304 ) 
4 290 292 (-5120 0 -2048 ) (-5120 0 -2304 ) (-5120 -1024 -2304 ) (-5120 -1024 -2048 ) 
4 291 295 (-5120 -1024 -2048 ) (-5120 -1024 3072 ) (-6144 -1024 3072 ) (-6144 -1024 -2048 ) 
4 291 292 (-6144 0 -2048 ) (-5120 0 -2048 ) (-5120 -1024 -2048 ) (-6144 -1024 -2048 ) 
4 292 296 (-5120 -1024 -2304 ) (-5120 -1024 -2048 ) (-6144 -1024 -2048 ) (-6144 -1024 -2304 ) 
4 293 297 (-4096 -2048 -2048 ) (-4096 -2048 3072 ) (-5120 -2048 3072 ) (-5120 -2048 -2048 ) 
4 293 295 (-5120 -1024 3072 ) (-5120 -1024 -2048 ) (-5120 -2048 -2048 ) (-5120 -2048 3072 ) 
4 293 294 (-4096 -2048 -2048 ) (-5120 -2048 -2048 ) (-5120 -1024 -2048 ) (-4096 -1024 -2048 ) 
4 294 298 (-4096 -2048 -2304 ) (-4096 -2048 -2048 ) (-5120 -2048 -2048 ) (-5120 -2048 -2304 ) 
4 294 296 (-5120 -1024 -2048 ) (-5120 -1024 -2304 ) (-5120 -2048 -2304 ) (-5120 -2048 -2048 ) 
4 295 299 (-5120 -2048 -2048 ) (-5120 -2048 3072 ) (-6144 -2048 3072 ) (-6144 -2048 -2048 ) 
4 295 296 (-5120 -1024 -2048 ) (-5120 -2048 -2048 ) (-6144 -2048 -2048 ) (-6144 -1024 -2048 ) 
4 296 300 (-5120 -2048 -2304 ) (-5120 -2048 -2048 ) (-6144 -2048 -2048 ) (-6144 -2048 -2304 ) 
4 297 301 (-4096 -3072 -2048 ) (-4096 -3072 3072 ) (-5120 -3072 3072 ) (-5120 -3072 -2048 ) 
4 297 299 (-5120 -2048 3072 ) (-5120 -2048 -2048 ) (-5120 -3072 -2048 ) (-5120 -3072 3072 ) 
4 297 298 (-4096 -3072 -2048 ) (-5120 -3072 -2048 ) (-5120 -2048 -2048 ) (-4096 -2048 -2048 ) 
4 298 302 (-4096 -3072 -2304 ) (-4096 -3072 -2048 ) (-5120 -3072 -2048 ) (-5120 -3072 -2304 ) 
4 298 300 (-5120 -2048 -2048 ) (-5120 -2048 -2304 ) (-5120 -3072 -2304 ) (-5120 -3072 -2048 ) 
4 299 303 (-5120 -3072 -2048 ) (-5120 -3072 3072 ) (-6144 -3072 3072 ) (-6144 -3072 -2048 ) 
4 299 300 (-6144 -2048 -2048 ) (-5120 -2048 -2048 ) (-5120 -3072 -2048 ) (-6144 -3072 -2048 ) 
4 300 304 (-5120 -3072 -2304 ) (-5120 -3072 -2048 ) (-6144 -3072 -2048 ) (-6144 -3072 -2304 ) 
4 301 321 (-4096 -4096 -2048 ) (-4096 -4096 3072 ) (-5120 -4096 3072 ) (-5120 -4096 -2048 ) 
4 301 303 (-5120 -3072 3072 ) (-5120 -3072 -2048 ) (-5120 -4096 -2048 ) (-5120 -4096 3072 ) 
4 301 302 (-5120 -3072 -2048 ) (-4096 -3072 -2048 ) (-4096 -4096 -2048 ) (-5120 -4096 -2048 ) 
4 302 322 (-4096 -4096 -2304 ) (-4096 -4096 -2048 ) (-5120 -4096 -2048 ) (-5120 -4096 -2304 ) 
4 302 304 (-5120 -3072 -2048 ) (-5120 -3072 -2304 ) (-5120 -4096 -2304 ) (-5120 -4096 -2048 ) 
4 303 323 (-5120 -4096 -2048 ) (-5120 -4096 3072 ) (-6144 -4096 3072 ) (-6144 -4096 -2048 ) 
4 303 304 (-5120 -3072 -2048 ) (-5120 -4096 -2048 ) (-6144 -4096 -2048 ) (-6144 -3072 -2048 ) 
4 304 324 (-5120 -4096 -2304 ) (-5120 -4096 -2048 ) (-6144 -4096 -2048 ) (-6144 -4096 -2304 ) 
4 305 309 (0 -5120 -2048 ) (0 -5120 3072 ) (-1024 -5120 3072 ) (-1024 -5120 -2048 ) 
4 305 307 (-1024 -4096 3072 ) (-1024 -4096 -2048 ) (-1024 -5120 -2048 ) (-1024 -5120 3072 ) 
4 305 306 (0 -5120 -2048 ) (-1024 -5120 -2048 ) (-1024 -4096 -2048 ) (0 -4096 -2048 ) 
4 306 310 (0 -5120 -2304 ) (0 -5120 -2048 ) (-1024 -5120 -2048 ) (-1024 -5120 -2304 ) 
4 306 308 (-1024 -4096 -2048 ) (-1024 -4096 -2304 ) (-1024 -5120 -2304 ) (-1024 -5120 -2048 ) 
4 307 313 (-2048 -4096 3072 ) (-2048 -4096 -2048 ) (-2048 -5120 -2048 ) (-2048 -5120 3072 ) 
4 307 311 (-1024 -5120 -2048 ) (-1024 -5120 3072 ) (-2048 -5120 3072 ) (-2048 -5120 -2048 ) 
4 307 308 (-2048 -4096 -2048 ) (-1024 -4096 -2048 ) (-1024 -5120 -2048 ) (-2048 -5120 -2048 ) 
4 308 314 (-2048 -4096 -2048 ) (-2048 -4096 -2304 ) (-2048 -5120 -2304 ) (-2048 -5120 -2048 ) 
4 308 312 (-1024 -5120 -2304 ) (-1024 -5120 -2048 ) (-2048 -5120 -2048 ) (-2048 -5120 -2304 ) 
4 309 311 (-1024 -5120 3072 ) (-1024 -5120 -2048 ) (-1024 -6144 -2048 ) (-1024 -6144 3072 ) 
4 309 310 (0 -6144 -2048 ) (-1024 -6144 -2048 ) (-1024 -5120 -2048 ) (0 -5120 -2048 ) 
4 310 312 (-1024 -5120 -2048 ) (-1024 -5120 -2304 ) (-1024 -6144 -2304 ) (-1024 -6144 -2048 ) 
4 311 317 (-2048 -6144 -2048 ) (-2048 -6144 3072 ) (-2048 -5120 3072 ) (-2048 -5120 -2048 ) 
4 311 312 (-1024 -5120 -2048 ) (-1024 -6144 -2048 ) (-2048 -6144 -2048 ) (-2048 -5120 -2048 ) 
4 312 318 (-2048 -6144 -2304 ) (-2048 -6144 -2048 ) (-2048 -5120 -2048 ) (-2048 -5120 -2304 ) 
4 313 317 (-2048 -5120 -2048 ) (-2048 -5120 3072 ) (-3072 -5120 3072 ) (-3072 -5120 -2048 ) 
4 313 315 (-3072 -4096 3072 ) (-3072 -4096 -2048 ) (-3072 -5120 -2048 ) (-3072 -5120 3072 ) 
4 313 314 (-2048 -5120 -2048 ) (-3072 -5120 -2048 ) (-3072 -4096 -2048 ) (-2048 -4096 -2048 ) 
4 314 318 (-2048 -5120 -2304 ) (-2048 -5120 -2048 ) (-3072 -5120 -2048 ) (-3072 -5120 -2304 ) 
4 314 316 (-3072 -4096 -2048 ) (-3072 -4096 -2304 ) (-3072 -5120 -2304 ) (-3072 -5120 -2048 ) 
4 315 321 (-4096 -4096 3072 ) (-4096 -4096 -2048 ) (-4096 -5120 -2048 ) (-4096 -5120 3072 ) 
4 315 319 (-3072 -5120 -2048 ) (-3072 -5120 3072 ) (-4096 -5120 3072 ) (-4096 -5120 -2048 ) 
4 315 316 (-4096 -4096 -2048 ) (-3072 -4096 -2048 ) (-3072 -5120 -2048 ) (-4096 -5120 -2048 ) 
4 316 322 (-4096 -4096 -2048 ) (-4096 -4096 -2304 ) (-4096 -5120 -2304 ) (-4096 -5120 -2048 ) 
4 316 320 (-3072 -5120 -2304 ) (-3072 -5120 -2048 ) (-4096 -5120 -2048 ) (-4096 -5120 -2304 ) 
4 317 319 (-3072 -5120 3072 ) (-3072 -5120 -2048 ) (-3072 -6144 -2048 ) (-3072 -6144 3072 ) 
4 317 318 (-3072 -5120 -2048 ) (-2048 -5120 -2048 ) (-2048 -6144 -2048 ) (-3072 -6144 -2048 ) 
4 318 320 (-3072 -5120 -2048 ) (-3072 -5120 -2304 ) (-3072 -6144 -2304 ) (-3072 -6144 -2048 ) 
4 319 325 (-4096 -6144 -2048 ) (-4096 -6144 3072 ) (-4096 -5120 3072 ) (-4096 -5120 -2048 ) 
4 319 320 (-3072 -5120 -2048 ) (-3072 -6144 -2048 ) (-4096 -6144 -2048 ) (-4096 -5120 -2048 ) 
4 320 326 (-4096 -6144 -2304 ) (-4096 -6144 -2048 ) (-4096 -5120 -2048 ) (-4096 -5120 -2304 ) 
4 321 325 (-4096 -5120 -2048 ) (-4096 -5120 3072 ) (-5120 -5120 3072 ) (-5120 -5120 -2048 ) 
4 321 323 (-5120 -4096 3072 ) (-5120 -4096 -2048 ) (-5120 -5120 -2048 ) (-5120 -5120 3072 ) 
4 321 322 (-4096 -5120 -2048 ) (-5120 -5120 -2048 ) (-5120 -4096 -2048 ) (-4096 -4096 -2048 ) 
4 322 326 (-4096 -5120 -2304 ) (-4096 -5120 -2048 ) (-5120 -5120 -2048 ) (-5120 -5120 -2304 ) 
4 322 324 (-5120 -4096 -2048 ) (-5120 -4096 -2304 ) (-5120 -5120 -2304 ) (-5120 -5120 -2048 ) 
4 323 327 (-5120 -5120 -2048 ) (-5120 -5120 3072 ) (-6144 -5120 3072 ) (-6144 -5120 -2048 ) 
4 323 324 (-6144 -4096 -2048 ) (-5120 -4096 -2048 ) (-5120 -5120 -2048 ) (-6144 -5120 -2048 ) 
4 324 328 (-5120 -5120 -2304 ) (-5120 -5120 -2048 ) (-6144 -5120 -2048 ) (-6144 -5120 -2304 ) 
4 325 327 (-5120 -5120 3072 ) (-5120 -5120 -2048 ) (-5120 -6144 -2048 ) (-5120 -6144 3072 ) 
4 325 326 (-4096 -6144 -2048 ) (-5120 -6144 -2048 ) (-5120 -5120 -2048 ) (-4096 -5120 -2048 ) 
4 326 328 (-5120 -5120 -2048 ) (-5120 -5120 -2304 ) (-5120 -6144 -2304 ) (-5120 -6144 -2048 ) 
4 327 328 (-5120 -5120 -2048 ) (-5120 -6144 -2048 ) (-6144 -6144 -2048 ) (-6144 -5120 -2048 ) 
